Log file open, 02/09/18 09:35:58
LogInit:Display: Running engine for game: PeterIsTheCaptain
LogPlatformFile: Not using cached read wrapper
LogInit:Display: RandInit(-769467267) SRandInit(-769467267).
LogTaskGraph: Started task graph with 5 named threads and 8 total threads with 1 sets of task threads.
LogStats: Stats thread started at 0.748584
LogInit: Using libcurl 7.47.1
LogInit:  - built for x86_64-pc-win32
LogInit:  - supports SSL with OpenSSL/1.0.2g
LogInit:  - supports HTTP deflate (compression) using libz 1.2.8
LogInit:  - other features:
LogInit:      CURL_VERSION_SSL
LogInit:      CURL_VERSION_LIBZ
LogInit:      CURL_VERSION_IPV6
LogInit:      CURL_VERSION_ASYNCHDNS
LogInit:      CURL_VERSION_LARGEFILE
LogInit:      CURL_VERSION_IDN
LogInit:  CurlRequestOptions (configurable via config and command line):
LogInit:  - bVerifyPeer = false  - Libcurl will NOT verify peer certificate
LogInit:  - bUseHttpProxy = false  - Libcurl will NOT use HTTP proxy
LogInit:  - bDontReuseConnections = false  - Libcurl will reuse connections
LogInit:  - CertBundlePath = nullptr  - Libcurl will use whatever was configured at build time.
LogInit: Build: ++UE4+Release-4.16-CL-3561208
LogInit: Engine Version: 4.16.3-3561208+++UE4+Release-4.16
LogInit: Compatible Engine Version: 4.16.0-3452394+++UE4+Release-4.16
LogInit: Net CL: 3452394
LogDevObjectVersion: Number of dev versions registered: 16
LogDevObjectVersion:   Dev-Blueprints (B0D832E4-1F89-4F0D-ACCF-7EB736FD4AA2): 9
LogDevObjectVersion:   Dev-Build (E1C64328-A22C-4D53-A36C-8E866417BD8C): 0
LogDevObjectVersion:   Dev-Core (375EC13C-06E4-48FB-B500-84F0262A717E): 2
LogDevObjectVersion:   Dev-Editor (E4B068ED-F494-42E9-A231-DA0B2E46BB41): 17
LogDevObjectVersion:   Dev-Framework (CFFC743F-43B0-4480-9391-14DF171D2073): 23
LogDevObjectVersion:   Dev-Mobile (B02B49B5-BB20-44E9-A304-32B752E40360): 0
LogDevObjectVersion:   Dev-Networking (A4E4105C-59A1-49B5-A7C5-40C4547EDFEE): 0
LogDevObjectVersion:   Dev-Online (39C831C9-5AE6-47DC-9A44-9C173E1C8E7C): 0
LogDevObjectVersion:   Dev-Physics (78F01B33-EBEA-4F98-B9B4-84EACCB95AA2): 0
LogDevObjectVersion:   Dev-Platform (6631380F-2D4D-43E0-8009-CF276956A95A): 0
LogDevObjectVersion:   Dev-Rendering (12F88B9F-8875-4AFC-A67C-D90C383ABD29): 15
LogDevObjectVersion:   Dev-Sequencer (7B5AE74C-D270-4C10-A958-57980B212A5A): 4
LogDevObjectVersion:   Dev-VR (D7296918-1DD6-4BDD-9DE2-64A83CC13884): 0
LogDevObjectVersion:   Dev-LoadTimes (C2A15278-BFE7-4AFE-6C17-90FF531DF755): 1
LogDevObjectVersion:   Private-Geometry (6EACA3D4-40EC-4CC1-B786-8BED09428FC5): 1
LogDevObjectVersion:   Dev-AnimPhys (29E575DD-E0A3-4627-9D10-D276232CDCEA): 3
LogInit: Compiled (64-bit): Jul 28 2017 11:49:47
LogInit: Compiled with Visual C++: 19.00.24215.01
LogInit: Build Configuration: Development
LogInit: Branch Name: ++UE4+Release-4.16
LogInit: Command line:  
LogInit: Base directory: C:/Program Files (x86)/Epic Games/UE_4.16/Engine/Binaries/Win64/
LogInit: Installed Engine Build: 1
LogInit: Presizing for max 8388607 objects, including 0 objects not considered by GC, pre-allocating 0 bytes for permanent pool.
LogInit: Object subsystem initialized
[2018.02.09-09.35.59:232][  0]LogInit: Selected Device Profile: [Windows]
[2018.02.09-09.35.59:232][  0]LogInit: Applying CVar settings loaded from the selected device profile: [Windows]
[2018.02.09-09.35.59:264][  0]LogInit: Computer: TRJ208-07
[2018.02.09-09.35.59:264][  0]LogInit: User: 17062683
[2018.02.09-09.35.59:264][  0]LogInit: CPU Page size=4096, Cores=4
[2018.02.09-09.35.59:264][  0]LogInit: High frequency timer resolution =3.507685 MHz
[2018.02.09-09.35.59:264][  0]LogMemory: Memory total: Physical=31.8GB (32GB approx)
[2018.02.09-09.35.59:264][  0]LogMemory: Platform Memory Stats for Windows
[2018.02.09-09.35.59:264][  0]LogMemory: Process Physical Memory: 275.42 MB used, 275.42 MB peak
[2018.02.09-09.35.59:264][  0]LogMemory: Process Virtual Memory: 263.90 MB used, 263.90 MB peak
[2018.02.09-09.35.59:264][  0]LogMemory: Physical Memory: 5083.05 MB used,  27525.68 MB free, 32608.73 MB total
[2018.02.09-09.35.59:264][  0]LogMemory: Virtual Memory: 622.65 MB used,  27525.68 MB free, 8388608.00 MB total
[2018.02.09-09.35.59:439][  0]LogInit: Using OS detected language (en-GB).
[2018.02.09-09.35.59:439][  0]LogInit: Using OS detected locale (en-GB).
[2018.02.09-09.35.59:449][  0]LogTextLocalizationManager: No specific localization for 'en-GB' exists, so the 'en' localization will be used.
[2018.02.09-09.36.00:408][  0]LogD3D11RHI: D3D11 adapters:
[2018.02.09-09.36.00:429][  0]LogD3D11RHI:    0. 'NVIDIA GeForce GTX 970' (Feature Level 11_0)
[2018.02.09-09.36.00:429][  0]LogD3D11RHI:       4007/0/16048 MB DedicatedVideo/DedicatedSystem/SharedSystem, Outputs:1, VendorId:0x10de
[2018.02.09-09.36.00:466][  0]LogD3D11RHI:    1. 'Intel(R) HD Graphics 4600' (Feature Level 11_0)
[2018.02.09-09.36.00:466][  0]LogD3D11RHI:       192/0/1632 MB DedicatedVideo/DedicatedSystem/SharedSystem, Outputs:0, VendorId:0x8086
[2018.02.09-09.36.00:466][  0]LogD3D11RHI: Chosen D3D11 Adapter: 0
[2018.02.09-09.36.00:471][  0]LogD3D11RHI: Creating new Direct3DDevice
[2018.02.09-09.36.00:471][  0]LogD3D11RHI:     GPU DeviceId: 0x13c2 (for the marketing name, search the web for "GPU Device Id")
[2018.02.09-09.36.00:471][  0]LogWindows: EnumDisplayDevices:
[2018.02.09-09.36.00:471][  0]LogWindows:    0. 'NVIDIA GeForce GTX 970' (P:1 D:1)
[2018.02.09-09.36.00:471][  0]LogWindows:    1. 'NVIDIA GeForce GTX 970' (P:0 D:0)
[2018.02.09-09.36.00:471][  0]LogWindows:    2. 'NVIDIA GeForce GTX 970' (P:0 D:0)
[2018.02.09-09.36.00:471][  0]LogWindows:    3. 'NVIDIA GeForce GTX 970' (P:0 D:0)
[2018.02.09-09.36.00:472][  0]LogWindows:    4. 'Intel(R) HD Graphics 4600' (P:0 D:0)
[2018.02.09-09.36.00:472][  0]LogWindows:    5. 'Intel(R) HD Graphics 4600' (P:0 D:0)
[2018.02.09-09.36.00:472][  0]LogWindows:    6. 'Intel(R) HD Graphics 4600' (P:0 D:0)
[2018.02.09-09.36.00:472][  0]LogWindows:    7. 'RDPDD Chained DD' (P:0 D:0)
[2018.02.09-09.36.00:472][  0]LogWindows:    8. 'RDP Encoder Mirror Driver' (P:0 D:0)
[2018.02.09-09.36.00:472][  0]LogWindows:    9. 'RDP Reflector Display Driver' (P:0 D:0)
[2018.02.09-09.36.00:472][  0]LogWindows: DebugString: PrimaryIsNotTheChoosenAdapter PrimaryIsNotTheChoosenAdapter PrimaryIsNotTheChoosenAdapter GetVideoDriverDetailsInvalid PrimaryIsNotTheChoosenAdapter GetVideoDriverDetailsInvalid PrimaryIsNotTheChoosenAdapter GetVideoDriverDetailsInvalid PrimaryIsNotTheChoosenAdapter FoundDriverCount:4 
[2018.02.09-09.36.00:472][  0]LogD3D11RHI:     Adapter Name: NVIDIA GeForce GTX 970
[2018.02.09-09.36.00:472][  0]LogD3D11RHI:   Driver Version: 384.94 (internal:22.21.13.8494, unified:384.94)
[2018.02.09-09.36.00:472][  0]LogD3D11RHI:      Driver Date: 7-18-2017
[2018.02.09-09.36.00:472][  0]LogRHI: Texture pool is 1361 MB (70% of 1945 MB)
[2018.02.09-09.36.00:483][  0]LogD3D11RHI: Async texture creation enabled
[2018.02.09-09.36.00:516][  0]LogD3D11RHI: GPU Timing Frequency: 1000.000000 (Debug: 2 2)
[2018.02.09-09.36.00:524][  0]LogShaderCompilers: Guid format shader working directory is -14 characters bigger than the processId version (F:/My Documents/GitHub/Group-E-Ass2-Game/PeterIsTheCaptain V0.2/Intermediate/Shaders/WorkingDirectory/2264/).
[2018.02.09-09.36.00:524][  0]LogShaderCompilers: Cleaned the shader compiler working directory 'C:/Users/17062683/AppData/Local/Temp/UnrealShaderWorkingDir/668DD8EB40B07589453BBE9060AEF283/'.
[2018.02.09-09.36.00:525][  0]LogShaderCompilers:Display: Using Local Shader Compiler.
[2018.02.09-09.36.02:263][  0]LogTemp:Display: Loaded TP AllDesktopTargetPlatform
[2018.02.09-09.36.02:300][  0]LogTemp:Display: Loaded TP MacClientTargetPlatform
[2018.02.09-09.36.02:338][  0]LogTemp:Display: Loaded TP MacNoEditorTargetPlatform
[2018.02.09-09.36.02:377][  0]LogTemp:Display: Loaded TP MacServerTargetPlatform
[2018.02.09-09.36.02:419][  0]LogTemp:Display: Loaded TP MacTargetPlatform
[2018.02.09-09.36.02:465][  0]LogTemp:Display: Loaded TP WindowsClientTargetPlatform
[2018.02.09-09.36.02:503][  0]LogTemp:Display: Loaded TP WindowsNoEditorTargetPlatform
[2018.02.09-09.36.02:550][  0]LogTemp:Display: Loaded TP WindowsServerTargetPlatform
[2018.02.09-09.36.02:582][  0]LogTemp:Display: Loaded TP WindowsTargetPlatform
[2018.02.09-09.36.02:618][  0]LogTemp:Display: Loaded TP AndroidTargetPlatform
[2018.02.09-09.36.02:655][  0]LogTemp:Display: Loaded TP Android_ASTCTargetPlatform
[2018.02.09-09.36.02:692][  0]LogTemp:Display: Loaded TP Android_ATCTargetPlatform
[2018.02.09-09.36.02:732][  0]LogTemp:Display: Loaded TP Android_DXTTargetPlatform
[2018.02.09-09.36.02:773][  0]LogTemp:Display: Loaded TP Android_ETC1TargetPlatform
[2018.02.09-09.36.02:811][  0]LogTemp:Display: Loaded TP Android_ETC2TargetPlatform
[2018.02.09-09.36.02:884][  0]LogTemp:Display: Loaded TP Android_MultiTargetPlatform
[2018.02.09-09.36.02:884][  0]LogTemp:Display: Loaded TP Android_PVRTCTargetPlatform
[2018.02.09-09.36.02:910][  0]LogTemp:Display: Loaded TP HTML5TargetPlatform
[2018.02.09-09.36.02:986][  0]LogTemp:Display: Loaded TP IOSTargetPlatform
[2018.02.09-09.36.03:010][  0]LogTemp:Display: Loaded TP TVOSTargetPlatform
[2018.02.09-09.36.03:046][  0]LogTemp:Display: Loaded TP LinuxClientTargetPlatform
[2018.02.09-09.36.03:083][  0]LogTemp:Display: Loaded TP LinuxNoEditorTargetPlatform
[2018.02.09-09.36.03:123][  0]LogTemp:Display: Loaded TP LinuxServerTargetPlatform
[2018.02.09-09.36.03:167][  0]LogTemp:Display: Loaded TP LinuxTargetPlatform
[2018.02.09-09.36.03:167][  0]LogTargetPlatformManager:Display: Building Assets For Windows
[2018.02.09-09.36.03:557][  0]LogDerivedDataCache:Display: Max Cache Size: 512 MB
[2018.02.09-09.36.03:558][  0]LogDerivedDataCache:Display: Starting with empty Boot cache
[2018.02.09-09.36.03:558][  0]LogDerivedDataCache: FDerivedDataBackendGraph:  Pak pak cache file F:/My Documents/GitHub/Group-E-Ass2-Game/PeterIsTheCaptain V0.2/DerivedDataCache/DDC.ddp not found, will not use a pak cache.
[2018.02.09-09.36.03:558][  0]LogDerivedDataCache: Unable to find inner node Pak for hierarchical cache Hierarchy.
[2018.02.09-09.36.03:558][  0]LogDerivedDataCache: FDerivedDataBackendGraph:  CompressedPak pak cache file F:/My Documents/GitHub/Group-E-Ass2-Game/PeterIsTheCaptain V0.2/DerivedDataCache/Compressed.ddp not found, will not use a pak cache.
[2018.02.09-09.36.03:558][  0]LogDerivedDataCache: Unable to find inner node CompressedPak for hierarchical cache Hierarchy.
[2018.02.09-09.36.03:579][  0]LogDerivedDataCache:Display: Pak cache opened for reading ../../../Engine/DerivedDataCache/Compressed.ddp.
[2018.02.09-09.36.03:590][  0]LogDerivedDataCache: Using Local data cache path C:/Users/17062683/AppData/Local/UnrealEngine/Common/DerivedDataCache: Writable
[2018.02.09-09.36.03:614][  0]LogMaterial: Verifying Global Shaders for PCD3D_SM5
[2018.02.09-09.36.03:620][  0]LogSlate: Using Freetype 2.6.0
[2018.02.09-09.36.03:625][  0]LogSlate: SlateFontCache - WITH_FREETYPE: 1, WITH_HARFBUZZ: 1
[2018.02.09-09.36.03:625][  0]LogSlate: SlateFontCache - WITH_FREETYPE: 1, WITH_HARFBUZZ: 1
[2018.02.09-09.36.04:319][  0]LogInit: Selected Device Profile: [Windows]
[2018.02.09-09.36.04:329][  0]LogContentStreaming: Texture pool size is 0.00 MB
[2018.02.09-09.36.04:624][  0]LogMeshUtilities: Using QuadricMeshReduction for automatic static mesh reduction
[2018.02.09-09.36.04:668][  0]LogSimplygon: Simplygon DLL not present - disabling.
[2018.02.09-09.36.04:703][  0]LogMeshUtilities: Using SimplygonSwarm for distributed automatic mesh merging
[2018.02.09-09.36.04:703][  0]LogMeshUtilities: No automatic skeletal mesh reduction module available
[2018.02.09-09.36.04:703][  0]LogMeshUtilities: No automatic mesh merging module available
[2018.02.09-09.36.05:697][  0]LogNetVersion: PeterIsTheCaptain , NetCL: 3452394, EngineNetVer: 2, GameNetVer: 0 (Checksum: 1858553666)
[2018.02.09-09.36.05:777][  0]LogAssetRegistry: FAssetRegistry took 0.0274 seconds to start up
[2018.02.09-09.36.05:879][  0]LogPackageLocalizationCache: Processed 4 localized package path(s) for 2 prioritized culture(s) in 0.085598 seconds
[2018.02.09-09.36.05:884][  0]LogUObjectArray: 34194 objects as part of root set at end of initial load.
[2018.02.09-09.36.05:884][  0]LogUObjectAllocator: 7260416 out of 0 bytes used by permanent object pool.
[2018.02.09-09.36.05:884][  0]LogUObjectArray: CloseDisregardForGC: 0/0 objects in disregard for GC pool
[2018.02.09-09.36.05:929][  0]LogInit: WinSock: version 1.1 (2.2), MaxSocks=32767, MaxUdp=65467
[2018.02.09-09.36.09:131][  0]LogTcpMessaging: Initializing TcpMessaging bridge
[2018.02.09-09.36.09:163][  0]LogUdpMessaging: Initializing bridge on interface 0.0.0.0:0 to multicast group 230.0.0.1:6666.
[2018.02.09-09.36.09:163][  0]LogDirectoryWatcher: A directory notification failed for 'F:/My Documents/GitHub/Group-E-Ass2-Game/PeterIsTheCaptain V0.2/Content/' because it was empty or there was a buffer overflow. Attemping another request...
[2018.02.09-09.36.09:659][  0]LogMaterial: Uniform references updated for custom material expression Custom.
[2018.02.09-09.36.10:011][  0]SourceControl: Info Source control is disabled
[2018.02.09-09.36.10:136][  0]SourceControl: Info Source control is disabled
[2018.02.09-09.36.10:178][  0]SourceControl: Info Source control is disabled
[2018.02.09-09.36.10:213][  0]SourceControl: Info Source control is disabled
[2018.02.09-09.36.10:751][  0]LogAndroidPermission: UAndroidPermissionCallbackProxy::GetInstance
[2018.02.09-09.36.11:196][  0]LogEngine: Initializing Engine...
[2018.02.09-09.36.11:198][  0]LogHMD: Failed to initialize OpenVR with code 110
[2018.02.09-09.36.11:557][  0]LogStats: UGameplayTagsManager::ConstructGameplayTagTree: Construct from data asset -  0.000 s
[2018.02.09-09.36.11:557][  0]LogStats: UGameplayTagsManager::ConstructGameplayTagTree: GameplayTagTreeChangedEvent.Broadcast -  0.000 s
[2018.02.09-09.36.11:675][  0]LogAIModule: Creating AISystem for world Untitled
[2018.02.09-09.36.11:692][  0]LogInit: XAudio2 using 'Speakers (Realtek High Definition Audio)' : 2 channels at 48 kHz using 32 bits per sample (channel mask 0x3)
[2018.02.09-09.36.11:712][  0]LogInit: FAudioDevice initialized.
[2018.02.09-09.36.11:740][  0]LogDerivedDataCache: Saved boot cache 0.03s 90MB C:/Users/17062683/AppData/Local/UnrealEngine/4.16/DerivedDataCache/Boot.ddc.
[2018.02.09-09.36.11:749][  0]LogInit: Texture streaming: Enabled
[2018.02.09-09.36.11:819][  0]LogEngineSessionManager: EngineSessionManager initialized
[2018.02.09-09.36.12:015][  0]LogInit: Transaction tracking system initialized
[2018.02.09-09.36.12:280][  0]BlueprintLog: New page: Editor Load
[2018.02.09-09.36.13:114][  0]LocalizationService: Info Localization service is disabled
[2018.02.09-09.36.13:689][  0]LogConsoleResponse:Display: 
[2018.02.09-09.36.13:863][  0]LogCook:Display: Max memory allowance for cook 16384mb min free memory 0mb
[2018.02.09-09.36.13:863][  0]LogCook:Display: Mobile HDR setting 1
[2018.02.09-09.36.14:200][  0]LogFileCache: Scanning file cache for directory 'F:/My Documents/GitHub/Group-E-Ass2-Game/PeterIsTheCaptain V0.2/Content/' took 0.04s
[2018.02.09-09.36.14:762][  0]SourceControl: Info Source control is disabled
[2018.02.09-09.36.14:764][  0]Cmd: MAP LOAD FILE="../../../Engine/Content/Maps/Templates/Template_Default.umap" TEMPLATE=1 SHOWPROGRESS=1 FEATURELEVEL=3
[2018.02.09-09.36.14:766][  0]LightingResults: New page: Lighting Build
[2018.02.09-09.36.14:801][  0]MapCheck: New page: Map Check
[2018.02.09-09.36.14:801][  0]LightingResults: New page: Lighting Build
[2018.02.09-09.36.15:065][  0]LogAIModule: Creating AISystem for world Untitled_1
[2018.02.09-09.36.15:069][  0]LogActorComponent: RegisterComponentWithWorld: (/Temp/Untitled_1.Untitled_1:PersistentLevel.WorldSettings_1.StaticMeshComponent0) Trying to register component with IsPendingKill() == true. Aborting.
[2018.02.09-09.36.15:100][  0]LogEditorServer: Finished looking for orphan Actors (0.000 secs)
[2018.02.09-09.36.15:121][  0]Cmd: MAP CHECKDEP NOCLEARLOG
[2018.02.09-09.36.15:164][  0]MapCheck: Info Map check complete: 0 Error(s), 0 Warning(s), took 43.615ms to complete.
[2018.02.09-09.36.15:165][  0]LogFileHelpers: Loading map 'Template_Default' took 0.402
[2018.02.09-09.36.15:357][  0]LogCollectionManager: Loaded 0 collections in 0.002416 seconds
[2018.02.09-09.36.15:454][  0]LogFileCache: Scanning file cache for directory 'F:/My Documents/GitHub/Group-E-Ass2-Game/PeterIsTheCaptain V0.2/Saved/Collections/' took 0.01s
[2018.02.09-09.36.15:454][  0]LogFileCache: Scanning file cache for directory 'F:/My Documents/GitHub/Group-E-Ass2-Game/PeterIsTheCaptain V0.2/Content/Developers/17062683/Collections/' took 0.01s
[2018.02.09-09.36.15:454][  0]LogFileCache: Scanning file cache for directory 'F:/My Documents/GitHub/Group-E-Ass2-Game/PeterIsTheCaptain V0.2/Content/Collections/' took 0.01s
[2018.02.09-09.36.15:454][  0]LogCollectionManager: Rebuilt the GUID cache for 0 collections in 0.000001 seconds
[2018.02.09-09.36.15:468][  0]LogContentBrowser: Native class hierarchy populated in 0.0123 seconds. Added 2329 classes and 491 folders.
[2018.02.09-09.36.15:529][  0]LogContentBrowser: Native class hierarchy updated for 'WidgetCarousel' in 0.0006 seconds. Added 0 classes and 0 folders.
[2018.02.09-09.36.15:671][  0]LogContentBrowser: Native class hierarchy updated for 'AddContentDialog' in 0.0007 seconds. Added 0 classes and 0 folders.
[2018.02.09-09.36.15:716][  0]LogContentBrowser: Native class hierarchy updated for 'SceneOutliner' in 0.0008 seconds. Added 1 classes and 2 folders.
[2018.02.09-09.36.15:804][  0]LogCrashTracker: Crashtracker disabled due to settings.
[2018.02.09-09.36.15:913][  0]LogContentBrowser: Native class hierarchy updated for 'HierarchicalLODOutliner' in 0.0006 seconds. Added 1 classes and 2 folders.
[2018.02.09-09.36.15:913][  0]LogLoad: (Engine Initialization) Total time: 19.61 seconds
[2018.02.09-09.36.15:913][  0]LogLoad: (Engine Initialization) Total Blueprint compile time: 0.10 seconds
[2018.02.09-09.36.15:913][  0]LogExternalProfiler: Found external profiler: VSPerf
[2018.02.09-09.36.15:913][  0]LogExternalProfiler: Using external profiler: VSPerf
[2018.02.09-09.36.16:253][  0]LogOcInput: OculusInput pre-init called
[2018.02.09-09.36.16:253][  0]LogHMD: Starting GearVRController plugin
[2018.02.09-09.36.16:271][  0]LogDirectoryWatcher: A directory notification failed for 'F:/My Documents/GitHub/Group-E-Ass2-Game/PeterIsTheCaptain V0.2/Content/' because it was empty or there was a buffer overflow. Attemping another request...
[2018.02.09-09.36.16:272][  0]LogDirectoryWatcher: A directory notification failed for 'F:/My Documents/GitHub/Group-E-Ass2-Game/PeterIsTheCaptain V0.2/Content/', and we were unable to create a new request.
[2018.02.09-09.36.16:272][  0]LogDirectoryWatcher: A directory notification failed for 'F:/My Documents/GitHub/Group-E-Ass2-Game/PeterIsTheCaptain V0.2/Saved/Collections/' because it was empty or there was a buffer overflow. Attemping another request...
[2018.02.09-09.36.16:272][  0]LogDirectoryWatcher: A directory notification failed for 'F:/My Documents/GitHub/Group-E-Ass2-Game/PeterIsTheCaptain V0.2/Content/Developers/17062683/Collections/' because it was empty or there was a buffer overflow. Attemping another request...
[2018.02.09-09.36.16:272][  0]LogDirectoryWatcher: A directory notification failed for 'F:/My Documents/GitHub/Group-E-Ass2-Game/PeterIsTheCaptain V0.2/Content/Collections/' because it was empty or there was a buffer overflow. Attemping another request...
[2018.02.09-09.36.16:274][  0]LogContentStreaming: Texture pool size now 1000 MB
[2018.02.09-09.36.16:280][  0]LogSlate: Took 0.001878 seconds to synchronously load lazily loaded font '../../../Engine/Content/Slate/Fonts/Roboto-Regular.ttf' (155K)
[2018.02.09-09.36.16:285][  0]LogSlate: Took 0.001775 seconds to synchronously load lazily loaded font '../../../Engine/Content/Slate/Fonts/Roboto-Bold.ttf' (160K)
[2018.02.09-09.36.16:291][  0]LogSlate: Took 0.001223 seconds to synchronously load lazily loaded font '../../../Engine/Content/Editor/Slate/Fonts/FontAwesome.ttf' (139K)
[2018.02.09-09.36.16:395][  0]LogRenderer: Reallocating scene render targets to support 600x392 NumSamples 1 (Frame:1).
[2018.02.09-09.36.16:590][  1]LogAssetRegistry: Asset discovery search completed in 10.8334 seconds
[2018.02.09-09.36.16:592][  1]LogCollectionManager: Rebuilt the object cache for 0 collections in 0.000001 seconds (found 0 objects)
[2018.02.09-09.36.16:592][  1]LogCollectionManager: Fixed up redirectors for 0 collections in 0.000021 seconds (updated 0 objects)
[2018.02.09-09.36.16:592][  1]LogDirectoryWatcher: A directory notification failed for 'F:/My Documents/GitHub/Group-E-Ass2-Game/PeterIsTheCaptain V0.2/Content/Developers/17062683/Collections/' because it was empty or there was a buffer overflow. Attemping another request...
[2018.02.09-09.36.16:592][  1]LogDirectoryWatcher: A directory notification failed for 'F:/My Documents/GitHub/Group-E-Ass2-Game/PeterIsTheCaptain V0.2/Content/Developers/17062683/Collections/', and we were unable to create a new request.
[2018.02.09-09.36.16:592][  1]LogDirectoryWatcher: A directory notification failed for 'F:/My Documents/GitHub/Group-E-Ass2-Game/PeterIsTheCaptain V0.2/Content/Collections/' because it was empty or there was a buffer overflow. Attemping another request...
[2018.02.09-09.36.16:593][  1]LogDirectoryWatcher: A directory notification failed for 'F:/My Documents/GitHub/Group-E-Ass2-Game/PeterIsTheCaptain V0.2/Content/Collections/', and we were unable to create a new request.
[2018.02.09-09.36.16:593][  1]LogDirectoryWatcher: A directory notification failed for 'F:/My Documents/GitHub/Group-E-Ass2-Game/PeterIsTheCaptain V0.2/Saved/Collections/' because it was empty or there was a buffer overflow. Attemping another request...
[2018.02.09-09.36.16:593][  1]LogDirectoryWatcher: A directory notification failed for 'F:/My Documents/GitHub/Group-E-Ass2-Game/PeterIsTheCaptain V0.2/Saved/Collections/', and we were unable to create a new request.
[2018.02.09-09.36.17:255][  3]LogSlate: Took 0.001762 seconds to synchronously load lazily loaded font '../../../Engine/Content/Slate/Fonts/Roboto-Light.ttf' (159K)
[2018.02.09-09.36.18:950][  9]LogSynthBenchmark:Display: FSynthBenchmark (V0.95):  requested WorkScale=5.00
[2018.02.09-09.36.18:950][  9]LogSynthBenchmark:Display: ===============
[2018.02.09-09.36.18:950][  9]LogSynthBenchmark:Display: Main Processor:
[2018.02.09-09.36.19:134][  9]LogSynthBenchmark:Display:          ... 0.018880 s/Run 'RayIntersect'
[2018.02.09-09.36.19:134][  9]LogSynthBenchmark:Display:          ... 0.017996 s/Run 'Fractal'
[2018.02.09-09.36.19:134][  9]LogSynthBenchmark:Display: 
[2018.02.09-09.36.19:134][  9]LogSynthBenchmark:Display:   CompiledTarget_x_Bits: 64
[2018.02.09-09.36.19:134][  9]LogSynthBenchmark:Display:   UE_BUILD_SHIPPING: 0
[2018.02.09-09.36.19:134][  9]LogSynthBenchmark:Display:   UE_BUILD_TEST: 0
[2018.02.09-09.36.19:134][  9]LogSynthBenchmark:Display:   UE_BUILD_DEBUG: 0
[2018.02.09-09.36.19:134][  9]LogSynthBenchmark:Display:   TotalPhysicalGBRam: 32
[2018.02.09-09.36.19:134][  9]LogSynthBenchmark:Display:   NumberOfCores (physical): 4
[2018.02.09-09.36.19:134][  9]LogSynthBenchmark:Display:   NumberOfCores (logical): 8
[2018.02.09-09.36.19:134][  9]LogSynthBenchmark:Display:   CPU Perf Index 0: 135.6 (weight 1.00)
[2018.02.09-09.36.19:134][  9]LogSynthBenchmark:Display:   CPU Perf Index 1: 158.9 (weight 1.50)
[2018.02.09-09.36.19:134][  9]LogSynthBenchmark:Display:  
[2018.02.09-09.36.19:134][  9]LogSynthBenchmark:Display: Graphics:
[2018.02.09-09.36.19:134][  9]LogSynthBenchmark:Display:   Adapter Name: 'NVIDIA GeForce GTX 970'
[2018.02.09-09.36.19:134][  9]LogSynthBenchmark:Display:   (On Optimus the name might be wrong, memory should be ok)
[2018.02.09-09.36.19:134][  9]LogSynthBenchmark:Display:   Vendor Id: 0x10DE
[2018.02.09-09.36.19:134][  9]LogSynthBenchmark:Display:   Device Id: 0x13C2
[2018.02.09-09.36.19:134][  9]LogSynthBenchmark:Display:   Device Revision: 0xA1
[2018.02.09-09.36.19:134][  9]LogSynthBenchmark:Display:   GPU Memory: 4008/0/16049 MB
[2018.02.09-09.36.19:191][  9]LogSynthBenchmark:Display:   GPU first test: 0.01s
[2018.02.09-09.36.19:191][  9]LogSynthBenchmark:Display:          ... 6.303 s/GigaPix, Confidence=100% 'ALUHeavyNoise' (likely to be very inaccurate)
[2018.02.09-09.36.19:191][  9]LogSynthBenchmark:Display:          ... 5.700 s/GigaPix, Confidence=89% 'TexHeavy' (likely to be very inaccurate)
[2018.02.09-09.36.19:191][  9]LogSynthBenchmark:Display:          ... 4.503 s/GigaPix, Confidence=100% 'DepTexHeavy' (likely to be very inaccurate)
[2018.02.09-09.36.19:191][  9]LogSynthBenchmark:Display:          ... 20.280 s/GigaPix, Confidence=100% 'FillOnly' (likely to be very inaccurate)
[2018.02.09-09.36.19:191][  9]LogSynthBenchmark:Display:          ... 0.744 s/GigaPix, Confidence=100% 'Bandwidth' (likely to be very inaccurate)
[2018.02.09-09.36.19:191][  9]LogSynthBenchmark:Display:          ... 7.218 s/GigaVert, Confidence=70% 'VertThroughPut1' (likely to be very inaccurate)
[2018.02.09-09.36.19:191][  9]LogSynthBenchmark:Display:          ... 5.215 s/GigaVert, Confidence=100% 'VertThroughPut2' (likely to be very inaccurate)
[2018.02.09-09.36.19:348][  9]LogSynthBenchmark:Display:   GPU second test: 0.12s
[2018.02.09-09.36.19:348][  9]LogSynthBenchmark:Display:          ... 8.572 s/GigaPix, Confidence=100% 'ALUHeavyNoise' (likely to be inaccurate)
[2018.02.09-09.36.19:348][  9]LogSynthBenchmark:Display:          ... 7.041 s/GigaPix, Confidence=89% 'TexHeavy' (likely to be inaccurate)
[2018.02.09-09.36.19:348][  9]LogSynthBenchmark:Display:          ... 6.306 s/GigaPix, Confidence=89% 'DepTexHeavy' (likely to be inaccurate)
[2018.02.09-09.36.19:348][  9]LogSynthBenchmark:Display:          ... 33.766 s/GigaPix, Confidence=100% 'FillOnly' (likely to be inaccurate)
[2018.02.09-09.36.19:348][  9]LogSynthBenchmark:Display:          ... 0.788 s/GigaPix, Confidence=100% 'Bandwidth' (likely to be inaccurate)
[2018.02.09-09.36.19:348][  9]LogSynthBenchmark:Display:          ... 3.476 s/GigaVert, Confidence=100% 'VertThroughPut1' (likely to be inaccurate)
[2018.02.09-09.36.19:348][  9]LogSynthBenchmark:Display:          ... 4.297 s/GigaVert, Confidence=100% 'VertThroughPut2' (likely to be inaccurate)
[2018.02.09-09.36.19:348][  9]LogSynthBenchmark:Display:   GPU Final Results:
[2018.02.09-09.36.19:348][  9]LogSynthBenchmark:Display:          ... 8.572 s/GigaPix, Confidence=100% 'ALUHeavyNoise'
[2018.02.09-09.36.19:348][  9]LogSynthBenchmark:Display:          ... 7.041 s/GigaPix, Confidence=89% 'TexHeavy'
[2018.02.09-09.36.19:348][  9]LogSynthBenchmark:Display:          ... 6.306 s/GigaPix, Confidence=89% 'DepTexHeavy'
[2018.02.09-09.36.19:348][  9]LogSynthBenchmark:Display:          ... 33.766 s/GigaPix, Confidence=100% 'FillOnly'
[2018.02.09-09.36.19:348][  9]LogSynthBenchmark:Display:          ... 0.788 s/GigaPix, Confidence=100% 'Bandwidth'
[2018.02.09-09.36.19:348][  9]LogSynthBenchmark:Display:          ... 3.476 s/GigaVert, Confidence=100% 'VertThroughPut1'
[2018.02.09-09.36.19:348][  9]LogSynthBenchmark:Display:          ... 4.297 s/GigaVert, Confidence=100% 'VertThroughPut2'
[2018.02.09-09.36.19:348][  9]LogSynthBenchmark:Display: 
[2018.02.09-09.36.19:348][  9]LogSynthBenchmark:Display:   GPU Perf Index 0: 186.3 (weight 1.00)
[2018.02.09-09.36.19:348][  9]LogSynthBenchmark:Display:   GPU Perf Index 1: 94.5 (weight 0.10)
[2018.02.09-09.36.19:348][  9]LogSynthBenchmark:Display:   GPU Perf Index 2: 163.9 (weight 0.10)
[2018.02.09-09.36.19:348][  9]LogSynthBenchmark:Display:   GPU Perf Index 3: 132.6 (weight 3.00)
[2018.02.09-09.36.19:348][  9]LogSynthBenchmark:Display:   GPU Perf Index 4: 73.5 (weight 1.00)
[2018.02.09-09.36.19:348][  9]LogSynthBenchmark:Display:   GPU Perf Index 5: 226.1 (weight 0.00)
[2018.02.09-09.36.19:348][  9]LogSynthBenchmark:Display:   GPU Perf Index 6: 243.2 (weight 0.00)
[2018.02.09-09.36.19:348][  9]LogSynthBenchmark:Display:   CPUIndex: 149.6
[2018.02.09-09.36.19:348][  9]LogSynthBenchmark:Display:   GPUIndex: 131.4
[2018.02.09-09.36.19:348][  9]LogSynthBenchmark:Display: 
[2018.02.09-09.36.19:348][  9]LogSynthBenchmark:Display:          ... Total Time: 0.398645 sec
[2018.02.09-09.36.19:466][  9]LogWindows: FWindowsPlatformSurvey::TickSurveyHardware() WinSAT assessment state is out-of-date. Unable to examine some hardware metrics. Run the Windows Experience Index Assessment.
[2018.02.09-09.36.20:500][ 12]LogSlate: Took 0.000128 seconds to synchronously load lazily loaded font '../../../Engine/Content/Slate/Fonts/Roboto-Light.ttf' (159K)
[2018.02.09-09.38.12:792][534]LogRenderer: Reallocating scene render targets to support 1208x576 NumSamples 1 (Frame:182).
[2018.02.09-09.38.15:852][884]LogSlate: Took 0.000109 seconds to synchronously load lazily loaded font '../../../Engine/Content/Slate/Fonts/Roboto-Light.ttf' (159K)
[2018.02.09-09.38.16:187][884]LogTexture:Display: Building textures: Goner (BGRA8, 217X203)
[2018.02.09-09.38.16:193][884]LogTexture:Display: Building textures: 35410823-7f389c70-020e-11e8-933d-b16eef11cc1b (BGRA8, 102X102)
[2018.02.09-09.38.16:195][884]LogTexture:Display: Building textures: 35410813-784da202-020e-11e8-91ab-5630b86c71bb (BGRA8, 283X266)
[2018.02.09-09.38.16:201][884]LogTexture:Display: Building textures: 35410807-718bb6ac-020e-11e8-96fa-e1d1feafdff5 (BGRA8, 333X158)
[2018.02.09-09.38.16:210][884]LogTexture:Display: Building textures: HQ_Lightmap0_3 (AutoDXT, 64X64)
[2018.02.09-09.38.16:213][884]LogTexture:Display: Building textures: HQ_Lightmap1_1 (AutoDXT, 512X512)
[2018.02.09-09.38.16:237][884]LogTexture:Display: Building textures: HQ_Lightmap1_2 (AutoDXT, 256X256)
[2018.02.09-09.38.16:249][884]LogTexture:Display: Building textures: LQ_Lightmap_0_3 (DXT1, 64X64)
[2018.02.09-09.38.16:252][884]LogTexture:Display: Building textures: LQ_Lightmap_1_1 (DXT1, 512X512)
[2018.02.09-09.38.16:261][884]LogTexture:Display: Building textures: LQ_Lightmap_1_2 (DXT1, 256X256)
[2018.02.09-09.38.16:264][884]LogTexture:Display: Building textures: ShadowMapTexture2D_0 (G8, 512X32)
[2018.02.09-09.38.16:265][884]LogTexture:Display: Building textures: ShadowMapTexture2D_1 (G8, 256X128)
[2018.02.09-09.38.16:266][884]LogTexture:Display: Building textures: ShadowMapTexture2D_2 (G8, 32X32)
[2018.02.09-09.38.16:266][884]LogAIModule: Creating AISystem for world NewMap
[2018.02.09-09.38.16:287][884]Cmd: MAP LOAD FILE="F:/My Documents/GitHub/Group-E-Ass2-Game/PeterIsTheCaptain V0.2/Content/Maps/NewMap.umap" TEMPLATE=0 SHOWPROGRESS=1 FEATURELEVEL=3
[2018.02.09-09.38.16:287][884]LightingResults: New page: Lighting Build
[2018.02.09-09.38.16:287][884]LoadErrors: New page: Loading map: NewMap.umap
[2018.02.09-09.38.16:287][884]MapCheck: New page: Map Check
[2018.02.09-09.38.16:287][884]LightingResults: New page: Lighting Build
[2018.02.09-09.38.16:303][884]LogEditorServer: Finished looking for orphan Actors (0.000 secs)
[2018.02.09-09.38.16:332][884]Cmd: MAP CHECKDEP NOCLEARLOG
[2018.02.09-09.38.16:363][884]MapCheck: Info Map check complete: 0 Error(s), 0 Warning(s), took 30.412ms to complete.
[2018.02.09-09.38.16:363][884]LogFileHelpers: Loading map 'NewMap' took 0.077
[2018.02.09-09.38.17:052][961]LogTemp: Repeting last play command: Selected Viewport
[2018.02.09-09.38.17:121][961]LogPlayLevel: PlayLevel: No blueprints needed recompiling
[2018.02.09-09.38.17:122][961]PIE: New page: PIE session: NewMap (9 Feb 2018 09:38:17)
[2018.02.09-09.38.17:122][961]LogPlayLevel: Creating play world package: /Game/Maps/UEDPIE_0_NewMap
[2018.02.09-09.38.17:139][961]LogPlayLevel: PIE: StaticDuplicateObject took: (0.016389s)
[2018.02.09-09.38.17:139][961]LogAIModule: Creating AISystem for world NewMap
[2018.02.09-09.38.17:139][961]LogPlayLevel: PIE: World Init took: (0.000566s)
[2018.02.09-09.38.17:139][961]LogPlayLevel: PIE: Created PIE world by copying editor world from /Game/Maps/NewMap.NewMap to /Game/Maps/UEDPIE_0_NewMap.NewMap (0.017128s)
[2018.02.09-09.38.17:148][961]LogInit: XAudio2 using 'Speakers (Realtek High Definition Audio)' : 2 channels at 48 kHz using 32 bits per sample (channel mask 0x3)
[2018.02.09-09.38.17:155][961]LogInit: FAudioDevice initialized.
[2018.02.09-09.38.17:225][961]LogLoad: Game class is 'Game_Mode_1_C'
[2018.02.09-09.38.17:228][961]LogWorld: Bringing World /Game/Maps/UEDPIE_0_NewMap.NewMap up for play (max tick rate 0) at 2018.02.09-09.38.17
[2018.02.09-09.38.17:233][961]LogWorld: Bringing up level for play took: 0.005459
[2018.02.09-09.38.17:282][961]LogContentBrowser: Native class hierarchy updated for 'MovieSceneCapture' in 0.0008 seconds. Added 11 classes and 0 folders.
[2018.02.09-09.38.17:282][961]LogGameMode:Display: Match State Changed from EnteringMap to WaitingToStart
[2018.02.09-09.38.17:282][961]LogGameState: Match State Changed from EnteringMap to WaitingToStart
[2018.02.09-09.38.17:282][961]LogGameMode:Display: Match State Changed from WaitingToStart to InProgress
[2018.02.09-09.38.17:287][961]LogGameState: Match State Changed from WaitingToStart to InProgress
[2018.02.09-09.38.17:287][961]PIE: Info Play in editor start time for /Game/Maps/UEDPIE_0_NewMap -0.181
[2018.02.09-09.38.26:483][ 33]LogTemp: Repeting last play command: Selected Viewport
[2018.02.09-09.38.26:496][ 33]LogPlayLevel: PlayLevel: No blueprints needed recompiling
[2018.02.09-09.38.26:496][ 33]PIE: New page: PIE session: NewMap (9 Feb 2018 09:38:26)
[2018.02.09-09.38.26:496][ 33]LogPlayLevel: Creating play world package: /Game/Maps/UEDPIE_0_NewMap
[2018.02.09-09.38.26:510][ 33]LogPlayLevel: PIE: StaticDuplicateObject took: (0.013732s)
[2018.02.09-09.38.26:510][ 33]LogAIModule: Creating AISystem for world NewMap
[2018.02.09-09.38.26:510][ 33]LogPlayLevel: PIE: World Init took: (0.000559s)
[2018.02.09-09.38.26:510][ 33]LogPlayLevel: PIE: Created PIE world by copying editor world from /Game/Maps/NewMap.NewMap to /Game/Maps/UEDPIE_0_NewMap.NewMap (0.014441s)
[2018.02.09-09.38.26:521][ 33]LogInit: XAudio2 using 'Speakers (Realtek High Definition Audio)' : 2 channels at 48 kHz using 32 bits per sample (channel mask 0x3)
[2018.02.09-09.38.26:530][ 33]LogInit: FAudioDevice initialized.
[2018.02.09-09.38.26:558][ 33]LogLoad: Game class is 'Game_Mode_1_C'
[2018.02.09-09.38.26:560][ 33]LogWorld: Bringing World /Game/Maps/UEDPIE_0_NewMap.NewMap up for play (max tick rate 0) at 2018.02.09-09.38.26
[2018.02.09-09.38.26:561][ 33]LogWorld: Bringing up level for play took: 0.001634
[2018.02.09-09.38.26:561][ 33]LogGameMode:Display: Match State Changed from EnteringMap to WaitingToStart
[2018.02.09-09.38.26:561][ 33]LogGameState: Match State Changed from EnteringMap to WaitingToStart
[2018.02.09-09.38.26:561][ 33]LogGameMode:Display: Match State Changed from WaitingToStart to InProgress
[2018.02.09-09.38.26:562][ 33]LogGameState: Match State Changed from WaitingToStart to InProgress
[2018.02.09-09.38.26:562][ 33]PIE: Info Play in editor start time for /Game/Maps/UEDPIE_0_NewMap -0.905
[2018.02.09-09.38.31:991][671]LogEditorViewport: Clicking on Actor (LMB): StaticMeshActor (Floor)
[2018.02.09-09.38.32:544][719]LogEditorViewport: Clicking on Actor (LMB): PlayerStart (Player Start)
[2018.02.09-09.38.33:745][856]LogNavigationPoint: PostEditMove Clear paths rebuilt
[2018.02.09-09.38.34:701][967]LogEditorViewport: Clicking on Actor (LMB): PlayerStart (PlayerStart)
[2018.02.09-09.38.35:387][ 45]Cmd: DELETE
[2018.02.09-09.38.35:387][ 45]Cmd: ACTOR DELETE
[2018.02.09-09.38.35:390][ 45]LogEditorActor: Deleted Actor: PlayerStart
[2018.02.09-09.38.35:400][ 45]LogEditorActor: Deleted 1 Actors (0.011 secs)
[2018.02.09-09.38.36:371][161]LogTemp: Repeting last play command: Selected Viewport
[2018.02.09-09.38.36:384][161]LogPlayLevel: PlayLevel: No blueprints needed recompiling
[2018.02.09-09.38.36:384][161]PIE: New page: PIE session: NewMap (9 Feb 2018 09:38:36)
[2018.02.09-09.38.36:384][161]LogPlayLevel: Creating play world package: /Game/Maps/UEDPIE_0_NewMap
[2018.02.09-09.38.36:399][161]LogPlayLevel: PIE: StaticDuplicateObject took: (0.015230s)
[2018.02.09-09.38.36:399][161]LogAIModule: Creating AISystem for world NewMap
[2018.02.09-09.38.36:400][161]LogPlayLevel: PIE: World Init took: (0.000504s)
[2018.02.09-09.38.36:400][161]LogPlayLevel: PIE: Created PIE world by copying editor world from /Game/Maps/NewMap.NewMap to /Game/Maps/UEDPIE_0_NewMap.NewMap (0.015885s)
[2018.02.09-09.38.36:408][161]LogInit: XAudio2 using 'Speakers (Realtek High Definition Audio)' : 2 channels at 48 kHz using 32 bits per sample (channel mask 0x3)
[2018.02.09-09.38.36:414][161]LogInit: FAudioDevice initialized.
[2018.02.09-09.38.36:442][161]LogLoad: Game class is 'Game_Mode_1_C'
[2018.02.09-09.38.36:444][161]LogWorld: Bringing World /Game/Maps/UEDPIE_0_NewMap.NewMap up for play (max tick rate 0) at 2018.02.09-09.38.36
[2018.02.09-09.38.36:444][161]LogWorld: Bringing up level for play took: 0.001305
[2018.02.09-09.38.36:445][161]LogGameMode:Display: Match State Changed from EnteringMap to WaitingToStart
[2018.02.09-09.38.36:445][161]LogGameState: Match State Changed from EnteringMap to WaitingToStart
[2018.02.09-09.38.36:445][161]LogGameMode:Display: Match State Changed from WaitingToStart to InProgress
[2018.02.09-09.38.36:446][161]LogGameState: Match State Changed from WaitingToStart to InProgress
[2018.02.09-09.38.36:446][161]PIE: Info Play in editor start time for /Game/Maps/UEDPIE_0_NewMap 0.978
[2018.02.09-09.38.44:012][ 53]LogTemp: Repeting last play command: Selected Viewport
[2018.02.09-09.38.44:027][ 53]LogPlayLevel: PlayLevel: No blueprints needed recompiling
[2018.02.09-09.38.44:027][ 53]PIE: New page: PIE session: NewMap (9 Feb 2018 09:38:44)
[2018.02.09-09.38.44:028][ 53]LogPlayLevel: Creating play world package: /Game/Maps/UEDPIE_0_NewMap
[2018.02.09-09.38.44:041][ 53]LogPlayLevel: PIE: StaticDuplicateObject took: (0.013637s)
[2018.02.09-09.38.44:042][ 53]LogAIModule: Creating AISystem for world NewMap
[2018.02.09-09.38.44:042][ 53]LogPlayLevel: PIE: World Init took: (0.000512s)
[2018.02.09-09.38.44:042][ 53]LogPlayLevel: PIE: Created PIE world by copying editor world from /Game/Maps/NewMap.NewMap to /Game/Maps/UEDPIE_0_NewMap.NewMap (0.014315s)
[2018.02.09-09.38.44:051][ 53]LogInit: XAudio2 using 'Speakers (Realtek High Definition Audio)' : 2 channels at 48 kHz using 32 bits per sample (channel mask 0x3)
[2018.02.09-09.38.44:058][ 53]LogInit: FAudioDevice initialized.
[2018.02.09-09.38.44:085][ 53]LogLoad: Game class is 'Game_Mode_1_C'
[2018.02.09-09.38.44:088][ 53]LogWorld: Bringing World /Game/Maps/UEDPIE_0_NewMap.NewMap up for play (max tick rate 0) at 2018.02.09-09.38.44
[2018.02.09-09.38.44:089][ 53]LogWorld: Bringing up level for play took: 0.002339
[2018.02.09-09.38.44:089][ 53]LogGameMode:Display: Match State Changed from EnteringMap to WaitingToStart
[2018.02.09-09.38.44:089][ 53]LogGameState: Match State Changed from EnteringMap to WaitingToStart
[2018.02.09-09.38.44:089][ 53]LogGameMode:Display: Match State Changed from WaitingToStart to InProgress
[2018.02.09-09.38.44:090][ 53]LogGameState: Match State Changed from WaitingToStart to InProgress
[2018.02.09-09.38.44:090][ 53]PIE: Info Play in editor start time for /Game/Maps/UEDPIE_0_NewMap 0.623
[2018.02.09-09.38.51:333][865]LogContentBrowser: Native class hierarchy updated for 'BlueprintGraph' in 0.0012 seconds. Added 112 classes and 0 folders.
[2018.02.09-09.38.51:835][865]LogSlate: Took 0.000094 seconds to synchronously load lazily loaded font '../../../Engine/Content/Slate/Fonts/Roboto-Regular.ttf' (155K)
[2018.02.09-09.38.54:008][ 75]LogSlate: Took 0.001576 seconds to synchronously load lazily loaded font '../../../Engine/Content/Editor/Slate/Fonts/Roboto-BoldCondensed.ttf' (158K)
[2018.02.09-09.38.54:090][ 76]LogSlate: Took 0.001655 seconds to synchronously load lazily loaded font '../../../Engine/Content/Editor/Slate/Fonts/Roboto-Italic.ttf' (157K)
[2018.02.09-09.39.12:522][254]Cmd: OBJ SAVEPACKAGE PACKAGE="/Game/Blueprints/Main_Character" FILE="F:/My Documents/GitHub/Group-E-Ass2-Game/PeterIsTheCaptain V0.2/Content/Blueprints/Main_Character.uasset" SILENT=true
[2018.02.09-09.39.12:675][254]LogSavePackage: Save=98.95ms
[2018.02.09-09.39.12:675][254]LogSavePackage: Moving 'F:/My Documents/GitHub/Group-E-Ass2-Game/PeterIsTheCaptain V0.2/Saved/Main_CharacterE605AD184AABBDA5450F078DE8B41DB4.tmp' to 'F:/My Documents/GitHub/Group-E-Ass2-Game/PeterIsTheCaptain V0.2/Content/Blueprints/Main_Character.uasset'
[2018.02.09-09.39.12:683][254]LogSavePackage:Display: Finished SavePackage F:/My Documents/GitHub/Group-E-Ass2-Game/PeterIsTheCaptain V0.2/Content/Blueprints/Main_Character.uasset
[2018.02.09-09.39.12:727][254]Cmd: OBJ SAVEPACKAGE PACKAGE="/Game/Maps/NewMap" FILE="F:/My Documents/GitHub/Group-E-Ass2-Game/PeterIsTheCaptain V0.2/Content/Maps/NewMap.umap" SILENT=true AUTOSAVING=false KEEPDIRTY=false
[2018.02.09-09.39.14:477][254]LogSavePackage: Save=1706.92ms
[2018.02.09-09.39.14:477][254]LogSavePackage: Moving 'F:/My Documents/GitHub/Group-E-Ass2-Game/PeterIsTheCaptain V0.2/Saved/NewMap871FB6F94198D91EFEE01F8FCCC35578.tmp' to 'F:/My Documents/GitHub/Group-E-Ass2-Game/PeterIsTheCaptain V0.2/Content/Maps/NewMap.umap'
[2018.02.09-09.39.14:484][254]LogSavePackage:Display: Finished SavePackage F:/My Documents/GitHub/Group-E-Ass2-Game/PeterIsTheCaptain V0.2/Content/Maps/NewMap.umap
[2018.02.09-09.39.14:505][254]LogFileHelpers: Saving map 'NewMap' took 1.819
[2018.02.09-09.39.14:778][255]Cmd: QUIT_EDITOR
[2018.02.09-09.39.14:809][255]LogExit: Preparing to exit.
[2018.02.09-09.39.15:308][255]LogExit: Editor shut down
[2018.02.09-09.39.15:309][255]LogExit: Transaction tracking system shut down
[2018.02.09-09.39.15:430][255]LogObj: Freed 0b from 0 cluster array pools.
[2018.02.09-09.39.15:430][255]LogExit: Object subsystem successfully closed.
[2018.02.09-09.39.15:451][255]LogD3D11RHI: Shutdown
[2018.02.09-09.39.15:451][255]LogD3D11RHI: CleanupD3DDevice
[2018.02.09-09.39.15:506][255]LogD3D11RHI: ~FD3D11DynamicRHI
[2018.02.09-09.39.15:523][255]LogModuleManager: Shutting down and abandoning module BlueprintGraph (532)
[2018.02.09-09.39.15:523][255]LogModuleManager: Shutting down and abandoning module BlueprintProfiler (530)
[2018.02.09-09.39.15:524][255]LogModuleManager: Shutting down and abandoning module MovieSceneCapture (528)
[2018.02.09-09.39.15:524][255]LogModuleManager: Shutting down and abandoning module SynthBenchmark (526)
[2018.02.09-09.39.15:524][255]LogModuleManager: Shutting down and abandoning module HierarchicalLODOutliner (524)
[2018.02.09-09.39.15:524][255]LogModuleManager: Shutting down and abandoning module CrashTracker (522)
[2018.02.09-09.39.15:524][255]LogModuleManager: Shutting down and abandoning module SceneOutliner (520)
[2018.02.09-09.39.15:524][255]LogModuleManager: Shutting down and abandoning module AddContentDialog (518)
[2018.02.09-09.39.15:524][255]LogDirectoryWatcher: A directory notification for 'C:/Program Files (x86)/Epic Games/UE_4.16/FeaturePacks/' was aborted.
[2018.02.09-09.39.15:525][255]LogModuleManager: Shutting down and abandoning module WidgetCarousel (517)
[2018.02.09-09.39.15:525][255]LogModuleManager: Shutting down and abandoning module EditorWidgets (514)
[2018.02.09-09.39.15:525][255]LogModuleManager: Shutting down and abandoning module CollectionManager (512)
[2018.02.09-09.39.15:525][255]LogModuleManager: Shutting down and abandoning module StatsViewer (510)
[2018.02.09-09.39.15:525][255]LogModuleManager: Shutting down and abandoning module FoliageEdit (508)
[2018.02.09-09.39.15:525][255]LogModuleManager: Shutting down and abandoning module LandscapeEditor (506)
[2018.02.09-09.39.15:526][255]LogModuleManager: Shutting down and abandoning module MeshPaintMode (504)
[2018.02.09-09.39.15:526][255]LogModuleManager: Shutting down and abandoning module SceneDepthPickerMode (502)
[2018.02.09-09.39.15:526][255]LogModuleManager: Shutting down and abandoning module ActorPickerMode (500)
[2018.02.09-09.39.15:526][255]LogModuleManager: Shutting down and abandoning module GeometryMode (498)
[2018.02.09-09.39.15:526][255]LogModuleManager: Shutting down and abandoning module TextureAlignMode (496)
[2018.02.09-09.39.15:526][255]LogModuleManager: Shutting down and abandoning module BspMode (494)
[2018.02.09-09.39.15:526][255]LogModuleManager: Shutting down and abandoning module HardwareSurvey (492)
[2018.02.09-09.39.15:526][255]LogModuleManager: Shutting down and abandoning module SequenceRecorderSections (490)
[2018.02.09-09.39.15:526][255]LogModuleManager: Shutting down and abandoning module AutomationWorker (488)
[2018.02.09-09.39.15:526][255]LogModuleManager: Shutting down and abandoning module MatineeToLevelSequence (486)
[2018.02.09-09.39.15:526][255]LogModuleManager: Shutting down and abandoning module LevelSequenceEditor (484)
[2018.02.09-09.39.15:526][255]LogModuleManager: Shutting down and abandoning module PlacementMode (483)
[2018.02.09-09.39.15:526][255]LogModuleManager: Shutting down and abandoning module WmfMediaFactory (480)
[2018.02.09-09.39.15:526][255]LogModuleManager: Shutting down and abandoning module WmfMediaEditor (478)
[2018.02.09-09.39.15:526][255]LogModuleManager: Shutting down and abandoning module AvfMediaFactory (476)
[2018.02.09-09.39.15:526][255]LogModuleManager: Shutting down and abandoning module AvfMediaEditor (474)
[2018.02.09-09.39.15:526][255]LogModuleManager: Shutting down and abandoning module AndroidMediaFactory (472)
[2018.02.09-09.39.15:526][255]LogModuleManager: Shutting down and abandoning module Media (471)
[2018.02.09-09.39.15:526][255]LogModuleManager: Shutting down and abandoning module AndroidMediaEditor (468)
[2018.02.09-09.39.15:526][255]LogModuleManager: Shutting down and abandoning module CharacterAI (466)
[2018.02.09-09.39.15:526][255]LogModuleManager: Shutting down and abandoning module AudioCapture (464)
[2018.02.09-09.39.15:526][255]LogModuleManager: Shutting down and abandoning module SequenceRecorder (463)
[2018.02.09-09.39.15:527][255]LogModuleManager: Shutting down and abandoning module SmartSnapping (460)
[2018.02.09-09.39.15:527][255]LogModuleManager: Shutting down and abandoning module SessionServices (458)
[2018.02.09-09.39.15:527][255]LogModuleManager: Shutting down and abandoning module ViewportSnapping (456)
[2018.02.09-09.39.15:527][255]LogModuleManager: Shutting down and abandoning module ViewportInteraction (454)
[2018.02.09-09.39.15:527][255]LogModuleManager: Shutting down and abandoning module ClothPainter (452)
[2018.02.09-09.39.15:528][255]LogModuleManager: Shutting down and abandoning module LogVisualizer (450)
[2018.02.09-09.39.15:528][255]LogModuleManager: Shutting down and abandoning module IntroTutorials (448)
[2018.02.09-09.39.15:528][255]LogModuleManager: Shutting down and abandoning module GameProjectGeneration (447)
[2018.02.09-09.39.15:529][255]LogModuleManager: Shutting down and abandoning module EditorLiveStreaming (444)
[2018.02.09-09.39.15:529][255]LogModuleManager: Shutting down and abandoning module IOSPlatformEditor (442)
[2018.02.09-09.39.15:529][255]LogModuleManager: Shutting down and abandoning module HTML5PlatformEditor (440)
[2018.02.09-09.39.15:529][255]LogModuleManager: Shutting down and abandoning module AndroidPlatformEditor (438)
[2018.02.09-09.39.15:529][255]LogModuleManager: Shutting down and abandoning module AndroidDeviceDetection (437)
[2018.02.09-09.39.16:384][255]LogModuleManager: Shutting down and abandoning module IOSRuntimeSettings (434)
[2018.02.09-09.39.16:384][255]LogModuleManager: Shutting down and abandoning module AndroidRuntimeSettings (432)
[2018.02.09-09.39.16:384][255]LogModuleManager: Shutting down and abandoning module InputBindingEditor (430)
[2018.02.09-09.39.16:384][255]LogModuleManager: Shutting down and abandoning module MergeActors (428)
[2018.02.09-09.39.16:385][255]LogModuleManager: Shutting down and abandoning module SizeMap (426)
[2018.02.09-09.39.16:385][255]LogModuleManager: Shutting down and abandoning module TreeMap (424)
[2018.02.09-09.39.16:386][255]LogModuleManager: Shutting down and abandoning module ReferenceViewer (422)
[2018.02.09-09.39.16:386][255]LogModuleManager: Shutting down and abandoning module LocalizationDashboard (420)
[2018.02.09-09.39.16:386][255]LogModuleManager: Shutting down and abandoning module LocalizationService (419)
[2018.02.09-09.39.16:386][255]LogModuleManager: Shutting down and abandoning module HardwareTargeting (416)
[2018.02.09-09.39.16:386][255]LogModuleManager: Shutting down and abandoning module DeviceProfileEditor (414)
[2018.02.09-09.39.16:387][255]LogModuleManager: Shutting down and abandoning module UndoHistory (412)
[2018.02.09-09.39.16:387][255]LogModuleManager: Shutting down and abandoning module UserFeedback (410)
[2018.02.09-09.39.16:387][255]LogModuleManager: Shutting down and abandoning module XmlParser (408)
[2018.02.09-09.39.16:387][255]LogModuleManager: Shutting down and abandoning module Blutility (406)
[2018.02.09-09.39.16:387][255]LogModuleManager: Shutting down and abandoning module ProjectSettingsViewer (404)
[2018.02.09-09.39.16:387][255]LogModuleManager: Shutting down and abandoning module ProjectTargetPlatformEditor (403)
[2018.02.09-09.39.16:387][255]LogModuleManager: Shutting down and abandoning module EditorSettingsViewer (400)
[2018.02.09-09.39.16:387][255]LogModuleManager: Shutting down and abandoning module SettingsEditor (398)
[2018.02.09-09.39.16:387][255]LogModuleManager: Shutting down and abandoning module ProjectLauncher (396)
[2018.02.09-09.39.16:388][255]LogModuleManager: Shutting down and abandoning module SessionFrontend (394)
[2018.02.09-09.39.16:388][255]LogModuleManager: Shutting down and abandoning module ProfilerClient (392)
[2018.02.09-09.39.16:389][255]LogModuleManager: Shutting down and abandoning module DeviceManager (390)
[2018.02.09-09.39.16:389][255]LogModuleManager: Shutting down and abandoning module TargetDeviceServices (389)
[2018.02.09-09.39.16:440][255]LogModuleManager: Shutting down and abandoning module AutomationController (386)
[2018.02.09-09.39.16:440][255]LogModuleManager: Shutting down and abandoning module AutomationWindow (384)
[2018.02.09-09.39.16:440][255]LogModuleManager: Shutting down and abandoning module Layers (382)
[2018.02.09-09.39.16:442][255]LogModuleManager: Shutting down and abandoning module ComponentVisualizers (380)
[2018.02.09-09.39.16:442][255]LogModuleManager: Shutting down and abandoning module DetailCustomizations (378)
[2018.02.09-09.39.16:442][255]LogModuleManager: Shutting down and abandoning module PackagesDialog (376)
[2018.02.09-09.39.16:442][255]LogModuleManager: Shutting down and abandoning module Persona (374)
[2018.02.09-09.39.16:442][255]LogModuleManager: Shutting down and abandoning module AdvancedPreviewScene (373)
[2018.02.09-09.39.16:442][255]LogModuleManager: Shutting down and abandoning module AnimGraph (371)
[2018.02.09-09.39.16:442][255]LogModuleManager: Shutting down and abandoning module Kismet (368)
[2018.02.09-09.39.16:448][255]LogModuleManager: Shutting down and abandoning module ClassViewer (366)
[2018.02.09-09.39.16:448][255]LogModuleManager: Shutting down and abandoning module Toolbox (364)
[2018.02.09-09.39.16:448][255]LogModuleManager: Shutting down and abandoning module ModuleUI (362)
[2018.02.09-09.39.16:449][255]LogModuleManager: Shutting down and abandoning module MovieSceneTools (360)
[2018.02.09-09.39.16:449][255]LogModuleManager: Shutting down and abandoning module OutputLog (358)
[2018.02.09-09.39.16:449][255]LogModuleManager: Shutting down and abandoning module GammaUI (356)
[2018.02.09-09.39.16:450][255]LogModuleManager: Shutting down and abandoning module Documentation (354)
[2018.02.09-09.39.16:450][255]LogModuleManager: Shutting down and abandoning module MovieSceneTracks (352)
[2018.02.09-09.39.16:450][255]LogModuleManager: Shutting down and abandoning module MovieScene (350)
[2018.02.09-09.39.16:450][255]LogModuleManager: Shutting down and abandoning module Niagara (348)
[2018.02.09-09.39.16:450][255]LogModuleManager: Shutting down and abandoning module NiagaraEditor (347)
[2018.02.09-09.39.16:450][255]LogModuleManager: Shutting down and abandoning module StreamingPauseRendering (344)
[2018.02.09-09.39.16:450][255]LogModuleManager: Shutting down and abandoning module AnalyticsET (342)
[2018.02.09-09.39.16:450][255]LogModuleManager: Shutting down and abandoning module PortalServices (340)
[2018.02.09-09.39.16:450][255]LogModuleManager: Shutting down and abandoning module PortalRpc (338)
[2018.02.09-09.39.16:450][255]LogModuleManager: Shutting down and abandoning module MessagingRpc (336)
[2018.02.09-09.39.16:450][255]LogModuleManager: Shutting down and abandoning module AIModule (334)
[2018.02.09-09.39.16:451][255]LogModuleManager: Shutting down and abandoning module GameplayDebugger (333)
[2018.02.09-09.39.16:451][255]LogModuleManager: Shutting down and abandoning module AITestSuite (331)
[2018.02.09-09.39.16:451][255]LogModuleManager: Shutting down and abandoning module ProfilerService (328)
[2018.02.09-09.39.16:671][255]LogModuleManager: Shutting down and abandoning module TaskGraph (326)
[2018.02.09-09.39.16:671][255]LogModuleManager: Shutting down and abandoning module SteamVRController (324)
[2018.02.09-09.39.16:671][255]LogModuleManager: Shutting down and abandoning module SteamVR (322)
[2018.02.09-09.39.16:671][255]LogModuleManager: Shutting down and abandoning module ProceduralMeshComponentEditor (320)
[2018.02.09-09.39.16:671][255]LogModuleManager: Shutting down and abandoning module ProceduralMeshComponent (318)
[2018.02.09-09.39.16:671][255]LogModuleManager: Shutting down and abandoning module OculusLibrary (316)
[2018.02.09-09.39.16:671][255]LogModuleManager: Shutting down and abandoning module OculusInput (314)
[2018.02.09-09.39.16:671][255]LogModuleManager: Shutting down and abandoning module MobilePatchingUtils (312)
[2018.02.09-09.39.16:671][255]LogModuleManager: Shutting down and abandoning module CustomMeshComponent (310)
[2018.02.09-09.39.16:671][255]LogModuleManager: Shutting down and abandoning module CableComponent (308)
[2018.02.09-09.39.16:671][255]LogModuleManager: Shutting down and abandoning module ArchVisCharacter (306)
[2018.02.09-09.39.16:671][255]LogModuleManager: Shutting down and abandoning module AndroidPermission (304)
[2018.02.09-09.39.16:671][255]LogModuleManager: Shutting down and abandoning module MediaPlayerEditor (300)
[2018.02.09-09.39.16:672][255]LogModuleManager: Shutting down and abandoning module HTML5Networking (298)
[2018.02.09-09.39.16:672][255]LogModuleManager: Shutting down and abandoning module AlembicImporter (296)
[2018.02.09-09.39.16:672][255]LogModuleManager: Shutting down and abandoning module AlembicLibrary (295)
[2018.02.09-09.39.16:672][255]LogModuleManager: Shutting down and abandoning module GeometryCache (294)
[2018.02.09-09.39.16:672][255]LogModuleManager: Shutting down and abandoning module GeometryCacheEd (293)
[2018.02.09-09.39.16:672][255]LogModuleManager: Shutting down and abandoning module SuperSearchEditor (288)
[2018.02.09-09.39.16:672][255]LogModuleManager: Shutting down and abandoning module SuperSearch (287)
[2018.02.09-09.39.16:672][255]LogModuleManager: Shutting down and abandoning module SpeedTreeImporter (284)
[2018.02.09-09.39.16:672][255]LogModuleManager: Shutting down and abandoning module PluginBrowser (282)
[2018.02.09-09.39.16:672][255]LogModuleManager: Shutting down and abandoning module MobileLauncherProfileWizard (280)
[2018.02.09-09.39.16:672][255]LogModuleManager: Shutting down and abandoning module VisualStudioSourceCodeAccess (278)
[2018.02.09-09.39.16:672][255]LogModuleManager: Shutting down and abandoning module DesktopPlatform (277)
[2018.02.09-09.39.16:672][255]LogModuleManager: Shutting down and abandoning module UObjectPlugin (274)
[2018.02.09-09.39.16:672][255]LogModuleManager: Shutting down and abandoning module SubversionSourceControl (272)
[2018.02.09-09.39.16:672][255]LogModuleManager: Shutting down and abandoning module PerforceSourceControl (270)
[2018.02.09-09.39.16:672][255]LogModuleManager: Shutting down and abandoning module GitSourceControl (268)
[2018.02.09-09.39.16:672][255]LogModuleManager: Shutting down and abandoning module SourceControl (267)
[2018.02.09-09.39.16:673][255]LogModuleManager: Shutting down and abandoning module LightPropagationVolumeEditor (264)
[2018.02.09-09.39.16:673][255]LogModuleManager: Shutting down and abandoning module PaperTiledImporter (262)
[2018.02.09-09.39.16:673][255]LogModuleManager: Shutting down and abandoning module PaperSpriteSheetImporter (260)
[2018.02.09-09.39.16:673][255]LogModuleManager: Shutting down and abandoning module Paper2DEditor (258)
[2018.02.09-09.39.16:673][255]LogModuleManager: Shutting down and abandoning module MeshPaint (257)
[2018.02.09-09.39.16:673][255]LogModuleManager: Shutting down and abandoning module LevelEditor (255)
[2018.02.09-09.39.16:673][255]LogModuleManager: Shutting down and abandoning module PixelInspectorModule (254)
[2018.02.09-09.39.16:673][255]LogModuleManager: Shutting down and abandoning module MainFrame (252)
[2018.02.09-09.39.16:673][255]LogModuleManager: Shutting down and abandoning module HotReload (251)
[2018.02.09-09.39.16:674][255]LogModuleManager: Shutting down and abandoning module PhysXVehiclesEditor (246)
[2018.02.09-09.39.16:674][255]LogModuleManager: Shutting down and abandoning module PhysXVehicles (244)
[2018.02.09-09.39.16:674][255]LogModuleManager: Shutting down and abandoning module LocationServicesBPLibrary (242)
[2018.02.09-09.39.16:674][255]LogModuleManager: Shutting down and abandoning module ImmediatePhysicsEditor (240)
[2018.02.09-09.39.16:674][255]LogModuleManager: Shutting down and abandoning module ImmediatePhysics (238)
[2018.02.09-09.39.16:674][255]LogModuleManager: Shutting down and abandoning module UdpMessaging (236)
[2018.02.09-09.39.16:774][255]LogModuleManager: Shutting down and abandoning module TcpMessaging (234)
[2018.02.09-09.39.16:874][255]LogModuleManager: Shutting down and abandoning module GameplayTagsEditor (232)
[2018.02.09-09.39.16:875][255]LogModuleManager: Shutting down and abandoning module FacialAnimationEditor (230)
[2018.02.09-09.39.16:875][255]LogModuleManager: Shutting down and abandoning module FacialAnimation (228)
[2018.02.09-09.39.16:875][255]LogModuleManager: Shutting down and abandoning module AssetManagerEditor (226)
[2018.02.09-09.39.16:876][255]LogModuleManager: Shutting down and abandoning module GraphEditor (225)
[2018.02.09-09.39.16:876][255]LogModuleManager: Shutting down and abandoning module ContentBrowser (223)
[2018.02.09-09.39.16:878][255]LogModuleManager: Shutting down and abandoning module LightPropagationVolumeRuntime (220)
[2018.02.09-09.39.16:878][255]LogModuleManager: Shutting down and abandoning module Paper2D (218)
[2018.02.09-09.39.16:878][255]LogModuleManager: Shutting down and abandoning module WindowsMoviePlayer (216)
[2018.02.09-09.39.16:878][255]LogModuleManager: Shutting down and abandoning module WmfMedia (214)
[2018.02.09-09.39.16:878][255]LogModuleManager: Shutting down and abandoning module ClothingSystemEditor (212)
[2018.02.09-09.39.16:878][255]LogModuleManager: Shutting down and abandoning module ClothingSystemRuntime (210)
[2018.02.09-09.39.16:879][255]LogModuleManager: Shutting down and abandoning module MediaAssets (208)
[2018.02.09-09.39.16:879][255]LogModuleManager: Shutting down and abandoning module GameLiveStreaming (206)
[2018.02.09-09.39.16:879][255]LogModuleManager: Shutting down and abandoning module VREditor (204)
[2018.02.09-09.39.16:879][255]LogModuleManager: Shutting down and abandoning module StringTableEditor (202)
[2018.02.09-09.39.16:879][255]LogModuleManager: Shutting down and abandoning module GameplayTasksEditor (200)
[2018.02.09-09.39.16:879][255]LogModuleManager: Shutting down and abandoning module BehaviorTreeEditor (198)
[2018.02.09-09.39.16:880][255]LogModuleManager: Shutting down and abandoning module FunctionalTesting (196)
[2018.02.09-09.39.16:880][255]LogModuleManager: Shutting down and abandoning module CollisionAnalyzer (194)
[2018.02.09-09.39.16:880][255]LogModuleManager: Shutting down and abandoning module UMG (192)
[2018.02.09-09.39.16:880][255]LogModuleManager: Shutting down and abandoning module UMGEditor (191)
[2018.02.09-09.39.16:881][255]LogModuleManager: Shutting down and abandoning module Sequencer (190)
[2018.02.09-09.39.16:882][255]LogModuleManager: Shutting down and abandoning module AssetTools (188)
[2018.02.09-09.39.16:883][255]LogModuleManager: Shutting down and abandoning module MessageLog (187)
[2018.02.09-09.39.16:883][255]LogModuleManager: Shutting down and abandoning module WorkspaceMenuStructure (186)
[2018.02.09-09.39.16:883][255]LogModuleManager: Shutting down and abandoning module SlateReflector (180)
[2018.02.09-09.39.16:884][255]LogModuleManager: Shutting down and abandoning module Slate (178)
[2018.02.09-09.39.16:884][255]LogModuleManager: Shutting down and abandoning module EditorStyle (176)
[2018.02.09-09.39.16:886][255]LogModuleManager: Shutting down and abandoning module SourceCodeAccess (174)
[2018.02.09-09.39.16:886][255]LogModuleManager: Shutting down and abandoning module HeadMountedDisplay (172)
[2018.02.09-09.39.16:886][255]LogModuleManager: Shutting down and abandoning module XAudio2 (170)
[2018.02.09-09.39.16:886][255]LogModuleManager: Shutting down and abandoning module Networking (168)
[2018.02.09-09.39.16:886][255]LogModuleManager: Shutting down and abandoning module Core (164)
[2018.02.09-09.39.16:886][255]LogModuleManager: Shutting down and abandoning module AssetRegistry (162)
[2018.02.09-09.39.17:207][255]LogDirectoryWatcher: A directory notification for '../../../Engine/Content/' was aborted.
[2018.02.09-09.39.17:208][255]LogDirectoryWatcher: A directory notification for '../../../Engine/Plugins/2D/Paper2D/Content/' was aborted.
[2018.02.09-09.39.17:208][255]LogDirectoryWatcher: A directory notification for '../../../Engine/Plugins/Runtime/GearVR/Content/' was aborted.
[2018.02.09-09.39.17:210][255]LogModuleManager: Shutting down and abandoning module DirectoryWatcher (161)
[2018.02.09-09.39.17:210][255]LogModuleManager: Shutting down and abandoning module KismetCompiler (158)
[2018.02.09-09.39.17:210][255]LogModuleManager: Shutting down and abandoning module PhysXFormats (156)
[2018.02.09-09.39.17:210][255]LogModuleManager: Shutting down and abandoning module MeshUtilities (154)
[2018.02.09-09.39.17:210][255]LogModuleManager: Shutting down and abandoning module SimplygonSwarm (153)
[2018.02.09-09.39.17:210][255]LogModuleManager: Shutting down and abandoning module SimplygonMeshReduction (151)
[2018.02.09-09.39.17:210][255]LogModuleManager: Shutting down and abandoning module QuadricMeshReduction (149)
[2018.02.09-09.39.17:210][255]LogModuleManager: Shutting down and abandoning module LevelSequence (146)
[2018.02.09-09.39.17:210][255]LogModuleManager: Shutting down and abandoning module DerivedDataCache (144)
[2018.02.09-09.39.17:246][255]LogDerivedDataCache: Shutdown
[2018.02.09-09.39.17:246][255]LogModuleManager: Shutting down and abandoning module TargetPlatform (142)
[2018.02.09-09.39.17:246][255]LogModuleManager: Shutting down and abandoning module VulkanShaderFormat (141)
[2018.02.09-09.39.17:246][255]LogModuleManager: Shutting down and abandoning module ShaderFormatVectorVM (139)
[2018.02.09-09.39.17:247][255]LogModuleManager: Shutting down and abandoning module ShaderFormatOpenGL (137)
[2018.02.09-09.39.17:247][255]LogModuleManager: Shutting down and abandoning module ShaderFormatD3D (135)
[2018.02.09-09.39.17:247][255]LogModuleManager: Shutting down and abandoning module MetalShaderFormat (133)
[2018.02.09-09.39.17:248][255]LogModuleManager: Shutting down and abandoning module TextureFormatUncompressed (131)
[2018.02.09-09.39.17:248][255]LogModuleManager: Shutting down and abandoning module TextureFormatPVR (129)
[2018.02.09-09.39.17:248][255]LogModuleManager: Shutting down and abandoning module TextureFormatDXT (127)
[2018.02.09-09.39.17:248][255]LogModuleManager: Shutting down and abandoning module TextureFormatIntelISPCTexComp (125)
[2018.02.09-09.39.17:248][255]LogModuleManager: Shutting down and abandoning module TextureFormatASTC (123)
[2018.02.09-09.39.17:248][255]LogModuleManager: Shutting down and abandoning module ImageWrapper (122)
[2018.02.09-09.39.17:248][255]LogModuleManager: Shutting down and abandoning module TextureFormatAndroid (119)
[2018.02.09-09.39.17:248][255]LogModuleManager: Shutting down and abandoning module AudioFormatOpus (117)
[2018.02.09-09.39.17:248][255]LogModuleManager: Shutting down and abandoning module AudioFormatOgg (115)
[2018.02.09-09.39.17:248][255]LogModuleManager: Shutting down and abandoning module AudioFormatADPCM (113)
[2018.02.09-09.39.17:248][255]LogModuleManager: Shutting down and abandoning module LinuxTargetPlatform (111)
[2018.02.09-09.39.17:248][255]LogModuleManager: Shutting down and abandoning module LinuxServerTargetPlatform (109)
[2018.02.09-09.39.17:248][255]LogModuleManager: Shutting down and abandoning module LinuxNoEditorTargetPlatform (107)
[2018.02.09-09.39.17:248][255]LogModuleManager: Shutting down and abandoning module LinuxClientTargetPlatform (105)
[2018.02.09-09.39.17:248][255]LogModuleManager: Shutting down and abandoning module TVOSTargetPlatform (103)
[2018.02.09-09.39.17:248][255]LogModuleManager: Shutting down and abandoning module Messaging (101)
[2018.02.09-09.39.17:248][255]LogModuleManager: Shutting down and abandoning module IOSTargetPlatform (99)
[2018.02.09-09.39.17:248][255]LogModuleManager: Shutting down and abandoning module HTML5TargetPlatform (97)
[2018.02.09-09.39.17:248][255]LogModuleManager: Shutting down and abandoning module Android_PVRTCTargetPlatform (95)
[2018.02.09-09.39.17:248][255]LogModuleManager: Shutting down and abandoning module Android_MultiTargetPlatform (93)
[2018.02.09-09.39.17:248][255]LogModuleManager: Shutting down and abandoning module Android_ETC2TargetPlatform (91)
[2018.02.09-09.39.17:248][255]LogModuleManager: Shutting down and abandoning module Android_ETC1TargetPlatform (89)
[2018.02.09-09.39.17:248][255]LogModuleManager: Shutting down and abandoning module Android_DXTTargetPlatform (87)
[2018.02.09-09.39.17:249][255]LogModuleManager: Shutting down and abandoning module Android_ATCTargetPlatform (85)
[2018.02.09-09.39.17:249][255]LogModuleManager: Shutting down and abandoning module Android_ASTCTargetPlatform (83)
[2018.02.09-09.39.17:249][255]LogModuleManager: Shutting down and abandoning module AndroidTargetPlatform (81)
[2018.02.09-09.39.17:249][255]LogModuleManager: Shutting down and abandoning module WindowsTargetPlatform (79)
[2018.02.09-09.39.17:249][255]LogModuleManager: Shutting down and abandoning module WindowsServerTargetPlatform (77)
[2018.02.09-09.39.17:249][255]LogModuleManager: Shutting down and abandoning module WindowsNoEditorTargetPlatform (75)
[2018.02.09-09.39.17:249][255]LogModuleManager: Shutting down and abandoning module WindowsClientTargetPlatform (73)
[2018.02.09-09.39.17:249][255]LogModuleManager: Shutting down and abandoning module MacTargetPlatform (71)
[2018.02.09-09.39.17:249][255]LogModuleManager: Shutting down and abandoning module MacServerTargetPlatform (69)
[2018.02.09-09.39.17:249][255]LogModuleManager: Shutting down and abandoning module MacNoEditorTargetPlatform (67)
[2018.02.09-09.39.17:249][255]LogModuleManager: Shutting down and abandoning module MacClientTargetPlatform (65)
[2018.02.09-09.39.17:249][255]LogModuleManager: Shutting down and abandoning module AllDesktopTargetPlatform (63)
[2018.02.09-09.39.17:249][255]LogModuleManager: Shutting down and abandoning module InputCore (60)
[2018.02.09-09.39.17:249][255]LogModuleManager: Shutting down and abandoning module Settings (58)
[2018.02.09-09.39.17:249][255]LogModuleManager: Shutting down and abandoning module OculusRift (56)
[2018.02.09-09.39.17:249][255]LogModuleManager: Shutting down and abandoning module GearVRController (54)
[2018.02.09-09.39.17:249][255]LogModuleManager: Shutting down and abandoning module GearVR (52)
[2018.02.09-09.39.17:249][255]LogModuleManager: Shutting down and abandoning module ExampleDeviceProfileSelector (50)
[2018.02.09-09.39.17:249][255]LogModuleManager: Shutting down and abandoning module OnlineBlueprintSupport (48)
[2018.02.09-09.39.17:249][255]LogModuleManager: Shutting down and abandoning module OnlineSubsystem (44)
[2018.02.09-09.39.17:249][255]LogOnline:Display: Unloading online subsystem: NULL
[2018.02.09-09.39.17:249][255]LogModuleManager: Shutting down and abandoning module XMPP (43)
[2018.02.09-09.39.17:250][255]LogModuleManager: Shutting down and abandoning module HTTP (41)
[2018.02.09-09.39.17:250][255]LogHttp:Display: Http module shutting down, but needs to wait on 1 outstanding Http requests:
[2018.02.09-09.39.17:250][255]LogHttp:Display: 	verb=[POST] url=[https://datarouter.ol.epicgames.com/datarouter/api/v1/public/data?SessionID=%7B4B2BD02B-460A-FAD5-CEC8-778C6156126F%7D&AppID=UEEditor.Rocket.Release&AppVersion=4.16.3-3561208%2B%2B%2BUE4%2BRelease-4.16&UserID=ee10dc6844ab69a333286db4ac57c10d%7C%7Cf2eaebd3-5d71-4529-9362-09330573cf79&AppEnvironment=datacollector-binary&UploadType=eteventstream] status=Processing
[2018.02.09-09.39.17:251][255]LogModuleManager: Shutting down and abandoning module SSL (40)
[2018.02.09-09.39.17:252][255]LogModuleManager: Shutting down and abandoning module HTTPChunkInstaller (36)
[2018.02.09-09.39.17:253][255]LogModuleManager: Shutting down and abandoning module AnimationModifiers (34)
[2018.02.09-09.39.17:253][255]LogModuleManager: Shutting down and abandoning module PropertyEditor (33)
[2018.02.09-09.39.17:253][255]LogModuleManager: Shutting down and abandoning module AudioEditor (30)
[2018.02.09-09.39.17:253][255]LogModuleManager: Shutting down and abandoning module TextureCompressor (28)
[2018.02.09-09.39.17:253][255]LogModuleManager: Shutting down and abandoning module ShaderCore (26)
[2018.02.09-09.39.17:253][255]LogModuleManager: Shutting down and abandoning module Landscape (24)
[2018.02.09-09.39.17:253][255]LogModuleManager: Shutting down and abandoning module SlateRHIRenderer (22)
[2018.02.09-09.39.17:254][255]LogModuleManager: Shutting down and abandoning module OpenGLDrv (20)
[2018.02.09-09.39.17:255][255]LogModuleManager: Shutting down and abandoning module D3D11RHI (18)
[2018.02.09-09.39.17:255][255]LogModuleManager: Shutting down and abandoning module AnimGraphRuntime (16)
[2018.02.09-09.39.17:255][255]LogModuleManager: Shutting down and abandoning module Renderer (14)
[2018.02.09-09.39.17:255][255]LogModuleManager: Shutting down and abandoning module Engine (12)
[2018.02.09-09.39.17:255][255]LogModuleManager: Shutting down and abandoning module CoreUObject (10)
[2018.02.09-09.39.17:255][255]LogModuleManager: Shutting down and abandoning module NetworkFile (8)
[2018.02.09-09.39.17:255][255]LogModuleManager: Shutting down and abandoning module StreamingFile (6)
[2018.02.09-09.39.17:255][255]LogModuleManager: Shutting down and abandoning module SandboxFile (4)
[2018.02.09-09.39.17:255][255]LogModuleManager: Shutting down and abandoning module PakFile (2)
[2018.02.09-09.39.17:256][255]LogExit: Exiting.
[2018.02.09-09.39.17:271][255]Log file closed, 02/09/18 09:39:17
