Log file open, 02/07/18 17:29:02
LogInit:Display: Running engine for game: PeterIsTheCaptain
LogPlatformFile: Not using cached read wrapper
LogInit:Display: RandInit(272930101) SRandInit(272930101).
LogTaskGraph: Started task graph with 5 named threads and 10 total threads with 1 sets of task threads.
LogStats: Stats thread started at 0.095076
LogInit: Using libcurl 7.47.1
LogInit:  - built for x86_64-pc-win32
LogInit:  - supports SSL with OpenSSL/1.0.2g
LogInit:  - supports HTTP deflate (compression) using libz 1.2.8
LogInit:  - other features:
LogInit:      CURL_VERSION_SSL
LogInit:      CURL_VERSION_LIBZ
LogInit:      CURL_VERSION_IPV6
LogInit:      CURL_VERSION_ASYNCHDNS
LogInit:      CURL_VERSION_LARGEFILE
LogInit:      CURL_VERSION_IDN
LogInit:  CurlRequestOptions (configurable via config and command line):
LogInit:  - bVerifyPeer = false  - Libcurl will NOT verify peer certificate
LogInit:  - bUseHttpProxy = false  - Libcurl will NOT use HTTP proxy
LogInit:  - bDontReuseConnections = false  - Libcurl will reuse connections
LogInit:  - CertBundlePath = nullptr  - Libcurl will use whatever was configured at build time.
LogInit: Build: ++UE4+Release-4.16-CL-3561208
LogInit: Engine Version: 4.16.3-3561208+++UE4+Release-4.16
LogInit: Compatible Engine Version: 4.16.0-3452394+++UE4+Release-4.16
LogInit: Net CL: 3452394
LogDevObjectVersion: Number of dev versions registered: 16
LogDevObjectVersion:   Dev-Blueprints (B0D832E4-1F89-4F0D-ACCF-7EB736FD4AA2): 9
LogDevObjectVersion:   Dev-Build (E1C64328-A22C-4D53-A36C-8E866417BD8C): 0
LogDevObjectVersion:   Dev-Core (375EC13C-06E4-48FB-B500-84F0262A717E): 2
LogDevObjectVersion:   Dev-Editor (E4B068ED-F494-42E9-A231-DA0B2E46BB41): 17
LogDevObjectVersion:   Dev-Framework (CFFC743F-43B0-4480-9391-14DF171D2073): 23
LogDevObjectVersion:   Dev-Mobile (B02B49B5-BB20-44E9-A304-32B752E40360): 0
LogDevObjectVersion:   Dev-Networking (A4E4105C-59A1-49B5-A7C5-40C4547EDFEE): 0
LogDevObjectVersion:   Dev-Online (39C831C9-5AE6-47DC-9A44-9C173E1C8E7C): 0
LogDevObjectVersion:   Dev-Physics (78F01B33-EBEA-4F98-B9B4-84EACCB95AA2): 0
LogDevObjectVersion:   Dev-Platform (6631380F-2D4D-43E0-8009-CF276956A95A): 0
LogDevObjectVersion:   Dev-Rendering (12F88B9F-8875-4AFC-A67C-D90C383ABD29): 15
LogDevObjectVersion:   Dev-Sequencer (7B5AE74C-D270-4C10-A958-57980B212A5A): 4
LogDevObjectVersion:   Dev-VR (D7296918-1DD6-4BDD-9DE2-64A83CC13884): 0
LogDevObjectVersion:   Dev-LoadTimes (C2A15278-BFE7-4AFE-6C17-90FF531DF755): 1
LogDevObjectVersion:   Private-Geometry (6EACA3D4-40EC-4CC1-B786-8BED09428FC5): 1
LogDevObjectVersion:   Dev-AnimPhys (29E575DD-E0A3-4627-9D10-D276232CDCEA): 3
LogInit: Compiled (64-bit): Jul 28 2017 11:49:47
LogInit: Compiled with Visual C++: 19.00.24215.01
LogInit: Build Configuration: Development
LogInit: Branch Name: ++UE4+Release-4.16
LogInit: Command line:  
LogInit: Base directory: D:/Unreal Engine/UE_4.16/Engine/Binaries/Win64/
LogInit: Installed Engine Build: 1
LogInit: Presizing for max 8388607 objects, including 0 objects not considered by GC, pre-allocating 0 bytes for permanent pool.
LogInit: Object subsystem initialized
[2018.02.07-17.29.02:340][  0]LogInit: Selected Device Profile: [Windows]
[2018.02.07-17.29.02:340][  0]LogInit: Applying CVar settings loaded from the selected device profile: [Windows]
[2018.02.07-17.29.02:347][  0]LogInit: Computer: DESKTOP-HPDLR00
[2018.02.07-17.29.02:347][  0]LogInit: User: MikeyTBS
[2018.02.07-17.29.02:347][  0]LogInit: CPU Page size=4096, Cores=6
[2018.02.07-17.29.02:347][  0]LogInit: High frequency timer resolution =3.609379 MHz
[2018.02.07-17.29.02:347][  0]LogMemory: Memory total: Physical=15.9GB (16GB approx)
[2018.02.07-17.29.02:347][  0]LogMemory: Platform Memory Stats for Windows
[2018.02.07-17.29.02:347][  0]LogMemory: Process Physical Memory: 275.12 MB used, 275.12 MB peak
[2018.02.07-17.29.02:347][  0]LogMemory: Process Virtual Memory: 267.12 MB used, 267.12 MB peak
[2018.02.07-17.29.02:347][  0]LogMemory: Physical Memory: 4724.11 MB used,  11600.05 MB free, 16324.16 MB total
[2018.02.07-17.29.02:347][  0]LogMemory: Virtual Memory: 681.25 MB used,  11600.05 MB free, 134217728.00 MB total
[2018.02.07-17.29.02:383][  0]LogInit: Using OS detected language (en-GB).
[2018.02.07-17.29.02:383][  0]LogInit: Using OS detected locale (en-GB).
[2018.02.07-17.29.02:385][  0]LogTextLocalizationManager: No specific localization for 'en-GB' exists, so the 'en' localization will be used.
[2018.02.07-17.29.02:994][  0]LogD3D11RHI: D3D11 adapters:
[2018.02.07-17.29.03:037][  0]LogD3D11RHI:    0. 'NVIDIA GeForce GTX 1060 6GB' (Feature Level 11_0)
[2018.02.07-17.29.03:037][  0]LogD3D11RHI:       6061/0/8162 MB DedicatedVideo/DedicatedSystem/SharedSystem, Outputs:1, VendorId:0x10de
[2018.02.07-17.29.03:038][  0]LogD3D11RHI:    1. 'Microsoft Basic Render Driver' (Feature Level 11_0)
[2018.02.07-17.29.03:038][  0]LogD3D11RHI:       0/0/8162 MB DedicatedVideo/DedicatedSystem/SharedSystem, Outputs:0, VendorId:0x1414
[2018.02.07-17.29.03:038][  0]LogD3D11RHI: Chosen D3D11 Adapter: 0
[2018.02.07-17.29.03:042][  0]LogD3D11RHI: Creating new Direct3DDevice
[2018.02.07-17.29.03:042][  0]LogD3D11RHI:     GPU DeviceId: 0x1c03 (for the marketing name, search the web for "GPU Device Id")
[2018.02.07-17.29.03:042][  0]LogWindows: EnumDisplayDevices:
[2018.02.07-17.29.03:043][  0]LogWindows:    0. 'NVIDIA GeForce GTX 1060 6GB' (P:1 D:1)
[2018.02.07-17.29.03:043][  0]LogWindows:    1. 'NVIDIA GeForce GTX 1060 6GB' (P:0 D:0)
[2018.02.07-17.29.03:043][  0]LogWindows:    2. 'NVIDIA GeForce GTX 1060 6GB' (P:0 D:0)
[2018.02.07-17.29.03:043][  0]LogWindows:    3. 'NVIDIA GeForce GTX 1060 6GB' (P:0 D:0)
[2018.02.07-17.29.03:043][  0]LogWindows: DebugString: GetVideoDriverDetailsInvalid PrimaryIsNotTheChoosenAdapter GetVideoDriverDetailsInvalid PrimaryIsNotTheChoosenAdapter GetVideoDriverDetailsInvalid PrimaryIsNotTheChoosenAdapter GetVideoDriverDetailsInvalid PrimaryIsNotTheChoosenAdapter FoundDriverCount:0 
[2018.02.07-17.29.03:043][  0]LogD3D11RHI:     Adapter Name: NVIDIA GeForce GTX 1060 6GB
[2018.02.07-17.29.03:043][  0]LogD3D11RHI:   Driver Version: Unknown (internal:Unknown, unified:Unknown)
[2018.02.07-17.29.03:043][  0]LogD3D11RHI:      Driver Date: Unknown
[2018.02.07-17.29.03:043][  0]LogRHI: Texture pool is 1361 MB (70% of 1945 MB)
[2018.02.07-17.29.03:061][  0]LogD3D11RHI: Async texture creation enabled
[2018.02.07-17.29.03:070][  0]LogD3D11RHI: GPU Timing Frequency: 1000.000000 (Debug: 2 1)
[2018.02.07-17.29.03:118][  0]LogShaderCompilers: Guid format shader working directory is -27 characters bigger than the processId version (C:/Users/MikeyTBS/Documents/GitHub/Group-E-Ass2-Game/PeterIsTheCaptain V0.2/Intermediate/Shaders/WorkingDirectory/11360/).
[2018.02.07-17.29.03:118][  0]LogShaderCompilers: Cleaned the shader compiler working directory 'C:/Users/MikeyTBS/AppData/Local/Temp/UnrealShaderWorkingDir/F69A73254AC3D1002C01BA97099DA3BD/'.
[2018.02.07-17.29.03:118][  0]LogShaderCompilers:Display: Using Local Shader Compiler.
[2018.02.07-17.29.03:849][  0]LogTemp:Display: Loaded TP AllDesktopTargetPlatform
[2018.02.07-17.29.03:877][  0]LogTemp:Display: Loaded TP MacClientTargetPlatform
[2018.02.07-17.29.03:905][  0]LogTemp:Display: Loaded TP MacNoEditorTargetPlatform
[2018.02.07-17.29.03:933][  0]LogTemp:Display: Loaded TP MacServerTargetPlatform
[2018.02.07-17.29.03:962][  0]LogTemp:Display: Loaded TP MacTargetPlatform
[2018.02.07-17.29.03:991][  0]LogTemp:Display: Loaded TP WindowsClientTargetPlatform
[2018.02.07-17.29.04:019][  0]LogTemp:Display: Loaded TP WindowsNoEditorTargetPlatform
[2018.02.07-17.29.04:048][  0]LogTemp:Display: Loaded TP WindowsServerTargetPlatform
[2018.02.07-17.29.04:072][  0]LogTemp:Display: Loaded TP WindowsTargetPlatform
[2018.02.07-17.29.04:100][  0]LogTemp:Display: Loaded TP AndroidTargetPlatform
[2018.02.07-17.29.04:128][  0]LogTemp:Display: Loaded TP Android_ASTCTargetPlatform
[2018.02.07-17.29.04:156][  0]LogTemp:Display: Loaded TP Android_ATCTargetPlatform
[2018.02.07-17.29.04:185][  0]LogTemp:Display: Loaded TP Android_DXTTargetPlatform
[2018.02.07-17.29.04:212][  0]LogTemp:Display: Loaded TP Android_ETC1TargetPlatform
[2018.02.07-17.29.04:240][  0]LogTemp:Display: Loaded TP Android_ETC2TargetPlatform
[2018.02.07-17.29.04:303][  0]LogTemp:Display: Loaded TP Android_MultiTargetPlatform
[2018.02.07-17.29.04:303][  0]LogTemp:Display: Loaded TP Android_PVRTCTargetPlatform
[2018.02.07-17.29.04:324][  0]LogTemp:Display: Loaded TP HTML5TargetPlatform
[2018.02.07-17.29.04:384][  0]LogTemp:Display: Loaded TP IOSTargetPlatform
[2018.02.07-17.29.04:404][  0]LogTemp:Display: Loaded TP TVOSTargetPlatform
[2018.02.07-17.29.04:436][  0]LogTemp:Display: Loaded TP LinuxClientTargetPlatform
[2018.02.07-17.29.04:468][  0]LogTemp:Display: Loaded TP LinuxNoEditorTargetPlatform
[2018.02.07-17.29.04:496][  0]LogTemp:Display: Loaded TP LinuxServerTargetPlatform
[2018.02.07-17.29.04:524][  0]LogTemp:Display: Loaded TP LinuxTargetPlatform
[2018.02.07-17.29.04:524][  0]LogTargetPlatformManager:Display: Building Assets For Windows
[2018.02.07-17.29.04:773][  0]LogDerivedDataCache:Display: Max Cache Size: 512 MB
[2018.02.07-17.29.04:831][  0]LogDerivedDataCache: Loaded boot cache 0.06s 90MB C:/Users/MikeyTBS/AppData/Local/UnrealEngine/4.16/DerivedDataCache/Boot.ddc.
[2018.02.07-17.29.04:831][  0]LogDerivedDataCache:Display: Loaded Boot cache: C:/Users/MikeyTBS/AppData/Local/UnrealEngine/4.16/DerivedDataCache/Boot.ddc
[2018.02.07-17.29.04:831][  0]LogDerivedDataCache: FDerivedDataBackendGraph:  Pak pak cache file C:/Users/MikeyTBS/Documents/GitHub/Group-E-Ass2-Game/PeterIsTheCaptain V0.2/DerivedDataCache/DDC.ddp not found, will not use a pak cache.
[2018.02.07-17.29.04:831][  0]LogDerivedDataCache: Unable to find inner node Pak for hierarchical cache Hierarchy.
[2018.02.07-17.29.04:831][  0]LogDerivedDataCache: FDerivedDataBackendGraph:  CompressedPak pak cache file C:/Users/MikeyTBS/Documents/GitHub/Group-E-Ass2-Game/PeterIsTheCaptain V0.2/DerivedDataCache/Compressed.ddp not found, will not use a pak cache.
[2018.02.07-17.29.04:831][  0]LogDerivedDataCache: Unable to find inner node CompressedPak for hierarchical cache Hierarchy.
[2018.02.07-17.29.04:843][  0]LogDerivedDataCache:Display: Pak cache opened for reading ../../../Engine/DerivedDataCache/Compressed.ddp.
[2018.02.07-17.29.04:854][  0]LogDerivedDataCache: Using Local data cache path C:/Users/MikeyTBS/AppData/Local/UnrealEngine/Common/DerivedDataCache: Writable
[2018.02.07-17.29.04:861][  0]LogMaterial: Verifying Global Shaders for PCD3D_SM5
[2018.02.07-17.29.04:861][  0]LogSlate: Using Freetype 2.6.0
[2018.02.07-17.29.04:861][  0]LogSlate: SlateFontCache - WITH_FREETYPE: 1, WITH_HARFBUZZ: 1
[2018.02.07-17.29.04:861][  0]LogSlate: SlateFontCache - WITH_FREETYPE: 1, WITH_HARFBUZZ: 1
[2018.02.07-17.29.05:075][  0]LogInit: Selected Device Profile: [Windows]
[2018.02.07-17.29.05:116][  0]LogContentStreaming: Texture pool size is 0.00 MB
[2018.02.07-17.29.05:213][  0]LogMeshUtilities: Using QuadricMeshReduction for automatic static mesh reduction
[2018.02.07-17.29.05:236][  0]LogSimplygon: Simplygon DLL not present - disabling.
[2018.02.07-17.29.05:260][  0]LogMeshUtilities: Using SimplygonSwarm for distributed automatic mesh merging
[2018.02.07-17.29.05:260][  0]LogMeshUtilities: No automatic skeletal mesh reduction module available
[2018.02.07-17.29.05:260][  0]LogMeshUtilities: No automatic mesh merging module available
[2018.02.07-17.29.05:574][  0]LogNetVersion: PeterIsTheCaptain , NetCL: 3452394, EngineNetVer: 2, GameNetVer: 0 (Checksum: 1858553666)
[2018.02.07-17.29.05:618][  0]LogAssetRegistry: FAssetRegistry took 0.0242 seconds to start up
[2018.02.07-17.29.05:652][  0]LogPackageLocalizationCache: Processed 4 localized package path(s) for 2 prioritized culture(s) in 0.023766 seconds
[2018.02.07-17.29.05:656][  0]LogUObjectArray: 34194 objects as part of root set at end of initial load.
[2018.02.07-17.29.05:656][  0]LogUObjectAllocator: 7260424 out of 0 bytes used by permanent object pool.
[2018.02.07-17.29.05:656][  0]LogUObjectArray: CloseDisregardForGC: 0/0 objects in disregard for GC pool
[2018.02.07-17.29.05:688][  0]LogInit: WinSock: version 1.1 (2.2), MaxSocks=32767, MaxUdp=65467
[2018.02.07-17.29.07:087][  0]LogTcpMessaging: Initializing TcpMessaging bridge
[2018.02.07-17.29.07:112][  0]LogUdpMessaging: Initializing bridge on interface 0.0.0.0:0 to multicast group 230.0.0.1:6666.
[2018.02.07-17.29.07:410][  0]LogMaterial: Uniform references updated for custom material expression Custom.
[2018.02.07-17.29.07:628][  0]SourceControl: Info Source control is disabled
[2018.02.07-17.29.07:629][  0]SourceControl: Info Source control is disabled
[2018.02.07-17.29.07:653][  0]SourceControl: Info Source control is disabled
[2018.02.07-17.29.07:678][  0]SourceControl: Info Source control is disabled
[2018.02.07-17.29.08:026][  0]LogAndroidPermission: UAndroidPermissionCallbackProxy::GetInstance
[2018.02.07-17.29.08:346][  0]LogEngine: Initializing Engine...
[2018.02.07-17.29.08:347][  0]LogHMD: Failed to initialize OpenVR with code 110
[2018.02.07-17.29.08:471][  0]LogStats: UGameplayTagsManager::ConstructGameplayTagTree: Construct from data asset -  0.000 s
[2018.02.07-17.29.08:471][  0]LogStats: UGameplayTagsManager::ConstructGameplayTagTree: GameplayTagTreeChangedEvent.Broadcast -  0.000 s
[2018.02.07-17.29.08:539][  0]LogAIModule: Creating AISystem for world Untitled
[2018.02.07-17.29.08:545][  0]LogInit: XAudio2 using 'Speakers (High Definition Audio Device)' : 2 channels at 48 kHz using 16 bits per sample (channel mask 0x3)
[2018.02.07-17.29.08:552][  0]LogInit: FAudioDevice initialized.
[2018.02.07-17.29.08:585][  0]LogDerivedDataCache: Saved boot cache 0.03s 90MB C:/Users/MikeyTBS/AppData/Local/UnrealEngine/4.16/DerivedDataCache/Boot.ddc.
[2018.02.07-17.29.08:591][  0]LogInit: Texture streaming: Enabled
[2018.02.07-17.29.08:639][  0]LogEngineSessionManager: EngineSessionManager initialized
[2018.02.07-17.29.08:754][  0]LogInit: Transaction tracking system initialized
[2018.02.07-17.29.08:913][  0]BlueprintLog: New page: Editor Load
[2018.02.07-17.29.09:391][  0]LocalizationService: Info Localization service is disabled
[2018.02.07-17.29.09:746][  0]LogConsoleResponse:Display: 
[2018.02.07-17.29.09:836][  0]LogCook:Display: Max memory allowance for cook 16384mb min free memory 0mb
[2018.02.07-17.29.09:836][  0]LogCook:Display: Mobile HDR setting 1
[2018.02.07-17.29.09:908][  0]LogFileCache: Scanning file cache for directory 'C:/Users/MikeyTBS/Documents/GitHub/Group-E-Ass2-Game/PeterIsTheCaptain V0.2/Content/' took 0.01s
[2018.02.07-17.29.10:356][  0]SourceControl: Info Source control is disabled
[2018.02.07-17.29.10:356][  0]Cmd: MAP LOAD FILE="../../../Engine/Content/Maps/Templates/Template_Default.umap" TEMPLATE=1 SHOWPROGRESS=1 FEATURELEVEL=3
[2018.02.07-17.29.10:356][  0]LightingResults: New page: Lighting Build
[2018.02.07-17.29.10:378][  0]MapCheck: New page: Map Check
[2018.02.07-17.29.10:378][  0]LightingResults: New page: Lighting Build
[2018.02.07-17.29.10:509][  0]LogAIModule: Creating AISystem for world Untitled_1
[2018.02.07-17.29.10:509][  0]LogActorComponent: RegisterComponentWithWorld: (/Temp/Untitled_1.Untitled_1:PersistentLevel.WorldSettings_1.StaticMeshComponent0) Trying to register component with IsPendingKill() == true. Aborting.
[2018.02.07-17.29.10:512][  0]LogEditorServer: Finished looking for orphan Actors (0.000 secs)
[2018.02.07-17.29.10:522][  0]Cmd: MAP CHECKDEP NOCLEARLOG
[2018.02.07-17.29.10:545][  0]MapCheck: Info Map check complete: 0 Error(s), 0 Warning(s), took 23.503ms to complete.
[2018.02.07-17.29.10:545][  0]LogFileHelpers: Loading map 'Template_Default' took 0.189
[2018.02.07-17.29.10:644][  0]LogCollectionManager: Loaded 0 collections in 0.000619 seconds
[2018.02.07-17.29.10:700][  0]LogFileCache: Scanning file cache for directory 'C:/Users/MikeyTBS/Documents/GitHub/Group-E-Ass2-Game/PeterIsTheCaptain V0.2/Saved/Collections/' took 0.01s
[2018.02.07-17.29.10:700][  0]LogFileCache: Scanning file cache for directory 'C:/Users/MikeyTBS/Documents/GitHub/Group-E-Ass2-Game/PeterIsTheCaptain V0.2/Content/Developers/MikeyTBS/Collections/' took 0.01s
[2018.02.07-17.29.10:700][  0]LogFileCache: Scanning file cache for directory 'C:/Users/MikeyTBS/Documents/GitHub/Group-E-Ass2-Game/PeterIsTheCaptain V0.2/Content/Collections/' took 0.01s
[2018.02.07-17.29.10:700][  0]LogCollectionManager: Rebuilt the GUID cache for 0 collections in 0.000002 seconds
[2018.02.07-17.29.10:707][  0]LogContentBrowser: Native class hierarchy populated in 0.0064 seconds. Added 2329 classes and 491 folders.
[2018.02.07-17.29.10:741][  0]LogContentBrowser: Native class hierarchy updated for 'WidgetCarousel' in 0.0004 seconds. Added 0 classes and 0 folders.
[2018.02.07-17.29.10:764][  0]LogContentBrowser: Native class hierarchy updated for 'AddContentDialog' in 0.0004 seconds. Added 0 classes and 0 folders.
[2018.02.07-17.29.10:787][  0]LogContentBrowser: Native class hierarchy updated for 'SceneOutliner' in 0.0004 seconds. Added 1 classes and 2 folders.
[2018.02.07-17.29.10:836][  0]LogCrashTracker: Crashtracker disabled due to settings.
[2018.02.07-17.29.10:840][  0]LogUObjectGlobals:Warning: Failed to find object 'Class None.'
[2018.02.07-17.29.10:885][  0]LogContentBrowser: Native class hierarchy updated for 'HierarchicalLODOutliner' in 0.0004 seconds. Added 1 classes and 2 folders.
[2018.02.07-17.29.10:885][  0]LogLoad: (Engine Initialization) Total time: 9.58 seconds
[2018.02.07-17.29.10:885][  0]LogLoad: (Engine Initialization) Total Blueprint compile time: 0.05 seconds
[2018.02.07-17.29.10:885][  0]LogExternalProfiler: Found external profiler: VSPerf
[2018.02.07-17.29.10:885][  0]LogExternalProfiler: Using external profiler: VSPerf
[2018.02.07-17.29.11:224][  0]LogOcInput: OculusInput pre-init called
[2018.02.07-17.29.11:224][  0]LogHMD: Starting GearVRController plugin
[2018.02.07-17.29.11:235][  0]LogAssetRegistry: Asset discovery search completed in 5.6383 seconds
[2018.02.07-17.29.11:236][  0]LogCollectionManager: Rebuilt the object cache for 0 collections in 0.000001 seconds (found 0 objects)
[2018.02.07-17.29.11:236][  0]LogCollectionManager: Fixed up redirectors for 0 collections in 0.000019 seconds (updated 0 objects)
[2018.02.07-17.29.11:237][  0]LogContentStreaming: Texture pool size now 1000 MB
[2018.02.07-17.29.11:244][  0]LogSlate: Took 0.000154 seconds to synchronously load lazily loaded font '../../../Engine/Content/Slate/Fonts/Roboto-Regular.ttf' (155K)
[2018.02.07-17.29.11:245][  0]LogSlate: Took 0.000091 seconds to synchronously load lazily loaded font '../../../Engine/Content/Slate/Fonts/Roboto-Bold.ttf' (160K)
[2018.02.07-17.29.11:248][  0]LogSlate: Took 0.000090 seconds to synchronously load lazily loaded font '../../../Engine/Content/Editor/Slate/Fonts/FontAwesome.ttf' (139K)
[2018.02.07-17.29.11:316][  0]LogSlate: Took 0.000095 seconds to synchronously load lazily loaded font '../../../Engine/Content/Slate/Fonts/Roboto-Light.ttf' (159K)
[2018.02.07-17.29.11:573][  2]LogRenderer: Reallocating scene render targets to support 588x404 NumSamples 1 (Frame:1).
[2018.02.07-17.29.22:739][133]LogSlate: Took 0.000103 seconds to synchronously load lazily loaded font '../../../Engine/Content/Slate/Fonts/Roboto-Light.ttf' (159K)
[2018.02.07-17.29.22:811][133]LogAIModule: Creating AISystem for world NewMap
[2018.02.07-17.29.22:822][133]Cmd: MAP LOAD FILE="C:/Users/MikeyTBS/Documents/GitHub/Group-E-Ass2-Game/PeterIsTheCaptain V0.2/Content/Maps/NewMap.umap" TEMPLATE=0 SHOWPROGRESS=1 FEATURELEVEL=3
[2018.02.07-17.29.22:822][133]LightingResults: New page: Lighting Build
[2018.02.07-17.29.22:822][133]LoadErrors: New page: Loading map: NewMap.umap
[2018.02.07-17.29.22:822][133]MapCheck: New page: Map Check
[2018.02.07-17.29.22:823][133]LightingResults: New page: Lighting Build
[2018.02.07-17.29.22:872][133]LogEditorServer: Finished looking for orphan Actors (0.000 secs)
[2018.02.07-17.29.22:896][133]Cmd: MAP CHECKDEP NOCLEARLOG
[2018.02.07-17.29.22:921][133]MapCheck: Info Map check complete: 0 Error(s), 0 Warning(s), took 25.537ms to complete.
[2018.02.07-17.29.22:921][133]LogFileHelpers: Loading map 'NewMap' took 0.100
[2018.02.07-17.29.25:187][403]LogTemp: Repeting last play command: Selected Viewport
[2018.02.07-17.29.25:207][403]LogBlueprintUserMessages: Early PlayInEditor Detection: Level '/Game/Maps/NewMap.NewMap:PersistentLevel' has LevelScriptBlueprint '/Game/Maps/NewMap.NewMap:PersistentLevel.NewMap' with GeneratedClass '/Game/Maps/NewMap.NewMap_C' with ClassGeneratedBy '/Game/Maps/NewMap.NewMap:PersistentLevel.NewMap'
[2018.02.07-17.29.25:207][403]LogPlayLevel: PlayLevel: No blueprints needed recompiling
[2018.02.07-17.29.25:207][403]PIE: New page: PIE session: NewMap (7 Feb 2018 17:29:25)
[2018.02.07-17.29.25:207][403]LogPlayLevel: Creating play world package: /Game/Maps/UEDPIE_0_NewMap
[2018.02.07-17.29.25:219][403]LogPlayLevel: PIE: StaticDuplicateObject took: (0.011414s)
[2018.02.07-17.29.25:220][403]LogAIModule: Creating AISystem for world NewMap
[2018.02.07-17.29.25:220][403]LogPlayLevel: PIE: World Init took: (0.000451s)
[2018.02.07-17.29.25:220][403]LogPlayLevel: PIE: Created PIE world by copying editor world from /Game/Maps/NewMap.NewMap to /Game/Maps/UEDPIE_0_NewMap.NewMap (0.012010s)
[2018.02.07-17.29.25:230][403]LogInit: XAudio2 using 'Speakers (High Definition Audio Device)' : 2 channels at 48 kHz using 16 bits per sample (channel mask 0x3)
[2018.02.07-17.29.25:234][403]LogInit: FAudioDevice initialized.
[2018.02.07-17.29.25:292][403]LogLoad: Game class is 'Game_Mode_1_C'
[2018.02.07-17.29.25:294][403]LogWorld: Bringing World /Game/Maps/UEDPIE_0_NewMap.NewMap up for play (max tick rate 0) at 2018.02.07-17.29.25
[2018.02.07-17.29.25:295][403]LogWorld: Bringing up level for play took: 0.001283
[2018.02.07-17.29.25:317][403]LogContentBrowser: Native class hierarchy updated for 'MovieSceneCapture' in 0.0004 seconds. Added 11 classes and 0 folders.
[2018.02.07-17.29.25:317][403]LogGameMode:Display: Match State Changed from EnteringMap to WaitingToStart
[2018.02.07-17.29.25:317][403]LogGameState: Match State Changed from EnteringMap to WaitingToStart
[2018.02.07-17.29.25:317][403]LogGameMode:Display: Match State Changed from WaitingToStart to InProgress
[2018.02.07-17.29.25:318][403]LogGameState: Match State Changed from WaitingToStart to InProgress
[2018.02.07-17.29.25:318][403]PIE: Info Play in editor start time for /Game/Maps/UEDPIE_0_NewMap 0.257
[2018.02.07-17.29.25:318][403]LogBlueprintUserMessages: Late PlayInEditor Detection: Level '/Game/Maps/NewMap.NewMap:PersistentLevel' has LevelScriptBlueprint '/Game/Maps/NewMap.NewMap:PersistentLevel.NewMap' with GeneratedClass '/Game/Maps/NewMap.NewMap_C' with ClassGeneratedBy '/Game/Maps/NewMap.NewMap:PersistentLevel.NewMap'
[2018.02.07-17.29.26:176][505]LogBlueprintUserMessages: Early EndPlayMap Detection: Level '/Game/Maps/NewMap.NewMap:PersistentLevel' has LevelScriptBlueprint '/Game/Maps/NewMap.NewMap:PersistentLevel.NewMap' with GeneratedClass '/Game/Maps/NewMap.NewMap_C' with ClassGeneratedBy '/Game/Maps/NewMap.NewMap:PersistentLevel.NewMap'
[2018.02.07-17.29.26:202][505]LogBlueprintUserMessages: Late EndPlayMap Detection: Level '/Game/Maps/NewMap.NewMap:PersistentLevel' has LevelScriptBlueprint '/Game/Maps/NewMap.NewMap:PersistentLevel.NewMap' with GeneratedClass '/Game/Maps/NewMap.NewMap_C' with ClassGeneratedBy '/Game/Maps/NewMap.NewMap:PersistentLevel.NewMap'
[2018.02.07-17.29.27:484][653]LogRenderer: Reallocating scene render targets to support 1120x576 NumSamples 1 (Frame:330).
[2018.02.07-17.29.31:707][130]LogContentBrowser: Native class hierarchy updated for 'BlueprintGraph' in 0.0006 seconds. Added 112 classes and 0 folders.
[2018.02.07-17.29.32:094][130]LogSlate: Took 0.000098 seconds to synchronously load lazily loaded font '../../../Engine/Content/Slate/Fonts/Roboto-Regular.ttf' (155K)
[2018.02.07-17.29.37:765][782]LogSlate: Took 0.000134 seconds to synchronously load lazily loaded font '../../../Engine/Content/Editor/Slate/Fonts/Roboto-BoldCondensed.ttf' (158K)
[2018.02.07-17.29.37:821][783]LogSlate: Took 0.000131 seconds to synchronously load lazily loaded font '../../../Engine/Content/Editor/Slate/Fonts/Roboto-Italic.ttf' (157K)
[2018.02.07-17.30.07:879][350]LogEditorViewport: Clicking on Actor (LMB): PlayerStart (PlayerStart)
[2018.02.07-17.30.09:142][499]LogNavigationPoint: PostEditMove Clear paths rebuilt
[2018.02.07-17.30.09:716][567]LogTemp: Repeting last play command: Selected Viewport
[2018.02.07-17.30.09:735][567]LogBlueprintUserMessages: Early PlayInEditor Detection: Level '/Game/Maps/NewMap.NewMap:PersistentLevel' has LevelScriptBlueprint '/Game/Maps/NewMap.NewMap:PersistentLevel.NewMap' with GeneratedClass '/Game/Maps/NewMap.NewMap_C' with ClassGeneratedBy '/Game/Maps/NewMap.NewMap:PersistentLevel.NewMap'
[2018.02.07-17.30.09:735][567]BlueprintLog: New page: Pre-Play auto-recompile
[2018.02.07-17.30.09:735][567]LogPlayLevel: [PlayLevel] Compiling Main_Character before play...
[2018.02.07-17.30.09:810][567]LogPlayLevel: PlayLevel: Blueprint regeneration took 74 ms (1 blueprints)
[2018.02.07-17.30.09:810][567]PIE: New page: PIE session: NewMap (7 Feb 2018 17:30:09)
[2018.02.07-17.30.09:810][567]LogPlayLevel: Creating play world package: /Game/Maps/UEDPIE_0_NewMap
[2018.02.07-17.30.09:821][567]LogPlayLevel: PIE: StaticDuplicateObject took: (0.010771s)
[2018.02.07-17.30.09:821][567]LogAIModule: Creating AISystem for world NewMap
[2018.02.07-17.30.09:821][567]LogPlayLevel: PIE: World Init took: (0.000416s)
[2018.02.07-17.30.09:822][567]LogPlayLevel: PIE: Created PIE world by copying editor world from /Game/Maps/NewMap.NewMap to /Game/Maps/UEDPIE_0_NewMap.NewMap (0.011319s)
[2018.02.07-17.30.09:836][567]LogInit: XAudio2 using 'Speakers (High Definition Audio Device)' : 2 channels at 48 kHz using 16 bits per sample (channel mask 0x3)
[2018.02.07-17.30.09:844][567]LogInit: FAudioDevice initialized.
[2018.02.07-17.30.09:878][567]LogLoad: Game class is 'Game_Mode_1_C'
[2018.02.07-17.30.09:881][567]LogWorld: Bringing World /Game/Maps/UEDPIE_0_NewMap.NewMap up for play (max tick rate 0) at 2018.02.07-17.30.09
[2018.02.07-17.30.09:882][567]LogWorld: Bringing up level for play took: 0.001925
[2018.02.07-17.30.09:883][567]LogGameMode:Display: Match State Changed from EnteringMap to WaitingToStart
[2018.02.07-17.30.09:883][567]LogGameState: Match State Changed from EnteringMap to WaitingToStart
[2018.02.07-17.30.09:883][567]LogGameMode:Display: Match State Changed from WaitingToStart to InProgress
[2018.02.07-17.30.09:884][567]LogGameState: Match State Changed from WaitingToStart to InProgress
[2018.02.07-17.30.09:884][567]PIE: Info Play in editor start time for /Game/Maps/UEDPIE_0_NewMap 0.823
[2018.02.07-17.30.09:884][567]LogBlueprintUserMessages: Late PlayInEditor Detection: Level '/Game/Maps/NewMap.NewMap:PersistentLevel' has LevelScriptBlueprint '/Game/Maps/NewMap.NewMap:PersistentLevel.NewMap' with GeneratedClass '/Game/Maps/NewMap.NewMap_C' with ClassGeneratedBy '/Game/Maps/NewMap.NewMap:PersistentLevel.NewMap'
[2018.02.07-17.30.19:247][689]LogBlueprintUserMessages: Early EndPlayMap Detection: Level '/Game/Maps/NewMap.NewMap:PersistentLevel' has LevelScriptBlueprint '/Game/Maps/NewMap.NewMap:PersistentLevel.NewMap' with GeneratedClass '/Game/Maps/NewMap.NewMap_C' with ClassGeneratedBy '/Game/Maps/NewMap.NewMap:PersistentLevel.NewMap'
[2018.02.07-17.30.19:277][689]LogBlueprintUserMessages: Late EndPlayMap Detection: Level '/Game/Maps/NewMap.NewMap:PersistentLevel' has LevelScriptBlueprint '/Game/Maps/NewMap.NewMap:PersistentLevel.NewMap' with GeneratedClass '/Game/Maps/NewMap.NewMap_C' with ClassGeneratedBy '/Game/Maps/NewMap.NewMap:PersistentLevel.NewMap'
[2018.02.07-17.30.20:411][820]LogEditorViewport: Clicking on Actor (context menu): PaperSpriteActor (35410813-784da202-020e-11e8-91ab-5630b86c71bb_Sprite2)
[2018.02.07-17.30.21:645][952]LogEditorViewport: Clicking on Actor (context menu): StaticMeshActor (Floor)
[2018.02.07-17.30.22:632][ 65]LogEditorViewport: Clicking on Actor (context menu): StaticMeshActor (Floor)
[2018.02.07-17.30.23:327][147]LogEditorViewport: Clicking on Actor (LMB): StaticMeshActor (Floor)
[2018.02.07-17.30.23:710][192]LogEditorViewport: Clicking on Actor (LMB): StaticMeshActor (Floor)
[2018.02.07-17.30.24:426][277]LogEditorViewport: Clicking on Actor (context menu): StaticMeshActor (Floor)
[2018.02.07-17.30.25:731][432]LogEditorViewport: Clicking on Actor (LMB): StaticMeshActor (Floor)
[2018.02.07-17.30.26:298][499]LogEditorViewport: Clicking on Actor (LMB): PaperSpriteActor (35410813-784da202-020e-11e8-91ab-5630b86c71bb_Sprite2)
[2018.02.07-17.30.27:093][591]LogEditorViewport: Clicking on Actor (LMB): StaticMeshActor (Floor)
[2018.02.07-17.30.27:773][669]LogEditorViewport: Clicking on Actor (LMB): PaperSpriteActor (35410813-784da202-020e-11e8-91ab-5630b86c71bb_Sprite2)
[2018.02.07-17.30.30:079][940]LogEditorViewport: Clicking on Actor (LMB): StaticMeshActor (Floor)
[2018.02.07-17.31.09:845][646]LogEditorViewport: Clicking Background
[2018.02.07-17.31.10:525][727]LogTemp: Repeting last play command: Selected Viewport
[2018.02.07-17.31.10:538][727]LogBlueprintUserMessages: Early PlayInEditor Detection: Level '/Game/Maps/NewMap.NewMap:PersistentLevel' has LevelScriptBlueprint '/Game/Maps/NewMap.NewMap:PersistentLevel.NewMap' with GeneratedClass '/Game/Maps/NewMap.NewMap_C' with ClassGeneratedBy '/Game/Maps/NewMap.NewMap:PersistentLevel.NewMap'
[2018.02.07-17.31.10:538][727]LogPlayLevel: PlayLevel: No blueprints needed recompiling
[2018.02.07-17.31.10:538][727]PIE: New page: PIE session: NewMap (7 Feb 2018 17:31:10)
[2018.02.07-17.31.10:538][727]LogPlayLevel: Creating play world package: /Game/Maps/UEDPIE_0_NewMap
[2018.02.07-17.31.10:549][727]LogPlayLevel: PIE: StaticDuplicateObject took: (0.011079s)
[2018.02.07-17.31.10:550][727]LogAIModule: Creating AISystem for world NewMap
[2018.02.07-17.31.10:550][727]LogPlayLevel: PIE: World Init took: (0.000430s)
[2018.02.07-17.31.10:550][727]LogPlayLevel: PIE: Created PIE world by copying editor world from /Game/Maps/NewMap.NewMap to /Game/Maps/UEDPIE_0_NewMap.NewMap (0.011638s)
[2018.02.07-17.31.10:565][727]LogInit: XAudio2 using 'Speakers (High Definition Audio Device)' : 2 channels at 48 kHz using 16 bits per sample (channel mask 0x3)
[2018.02.07-17.31.10:569][727]LogInit: FAudioDevice initialized.
[2018.02.07-17.31.10:595][727]LogLoad: Game class is 'Game_Mode_1_C'
[2018.02.07-17.31.10:597][727]LogWorld: Bringing World /Game/Maps/UEDPIE_0_NewMap.NewMap up for play (max tick rate 0) at 2018.02.07-17.31.10
[2018.02.07-17.31.10:597][727]LogWorld: Bringing up level for play took: 0.001219
[2018.02.07-17.31.10:598][727]LogGameMode:Display: Match State Changed from EnteringMap to WaitingToStart
[2018.02.07-17.31.10:598][727]LogGameState: Match State Changed from EnteringMap to WaitingToStart
[2018.02.07-17.31.10:598][727]LogGameMode:Display: Match State Changed from WaitingToStart to InProgress
[2018.02.07-17.31.10:598][727]LogGameState: Match State Changed from WaitingToStart to InProgress
[2018.02.07-17.31.10:598][727]PIE: Info Play in editor start time for /Game/Maps/UEDPIE_0_NewMap -0.462
[2018.02.07-17.31.10:599][727]LogBlueprintUserMessages: Late PlayInEditor Detection: Level '/Game/Maps/NewMap.NewMap:PersistentLevel' has LevelScriptBlueprint '/Game/Maps/NewMap.NewMap:PersistentLevel.NewMap' with GeneratedClass '/Game/Maps/NewMap.NewMap_C' with ClassGeneratedBy '/Game/Maps/NewMap.NewMap:PersistentLevel.NewMap'
[2018.02.07-17.31.13:024][ 17]LogBlueprintUserMessages: Early EndPlayMap Detection: Level '/Game/Maps/NewMap.NewMap:PersistentLevel' has LevelScriptBlueprint '/Game/Maps/NewMap.NewMap:PersistentLevel.NewMap' with GeneratedClass '/Game/Maps/NewMap.NewMap_C' with ClassGeneratedBy '/Game/Maps/NewMap.NewMap:PersistentLevel.NewMap'
[2018.02.07-17.31.13:057][ 17]LogBlueprintUserMessages: Late EndPlayMap Detection: Level '/Game/Maps/NewMap.NewMap:PersistentLevel' has LevelScriptBlueprint '/Game/Maps/NewMap.NewMap:PersistentLevel.NewMap' with GeneratedClass '/Game/Maps/NewMap.NewMap_C' with ClassGeneratedBy '/Game/Maps/NewMap.NewMap:PersistentLevel.NewMap'
[2018.02.07-17.31.17:042][487]LogRenderer: Reallocating scene render targets to support 2300x712 NumSamples 1 (Frame:1).
[2018.02.07-17.31.33:508][442]LogTemp: Repeting last play command: Selected Viewport
[2018.02.07-17.31.33:520][442]LogBlueprintUserMessages: Early PlayInEditor Detection: Level '/Game/Maps/NewMap.NewMap:PersistentLevel' has LevelScriptBlueprint '/Game/Maps/NewMap.NewMap:PersistentLevel.NewMap' with GeneratedClass '/Game/Maps/NewMap.NewMap_C' with ClassGeneratedBy '/Game/Maps/NewMap.NewMap:PersistentLevel.NewMap'
[2018.02.07-17.31.33:520][442]BlueprintLog: New page: Pre-Play auto-recompile
[2018.02.07-17.31.33:520][442]LogPlayLevel: [PlayLevel] Compiling Main_Character before play...
[2018.02.07-17.31.33:596][442]LogPlayLevel: PlayLevel: Blueprint regeneration took 75 ms (1 blueprints)
[2018.02.07-17.31.33:596][442]PIE: New page: PIE session: NewMap (7 Feb 2018 17:31:33)
[2018.02.07-17.31.33:596][442]LogPlayLevel: Creating play world package: /Game/Maps/UEDPIE_0_NewMap
[2018.02.07-17.31.33:607][442]LogPlayLevel: PIE: StaticDuplicateObject took: (0.011196s)
[2018.02.07-17.31.33:608][442]LogAIModule: Creating AISystem for world NewMap
[2018.02.07-17.31.33:608][442]LogPlayLevel: PIE: World Init took: (0.000431s)
[2018.02.07-17.31.33:608][442]LogPlayLevel: PIE: Created PIE world by copying editor world from /Game/Maps/NewMap.NewMap to /Game/Maps/UEDPIE_0_NewMap.NewMap (0.011753s)
[2018.02.07-17.31.33:623][442]LogInit: XAudio2 using 'Speakers (High Definition Audio Device)' : 2 channels at 48 kHz using 16 bits per sample (channel mask 0x3)
[2018.02.07-17.31.33:627][442]LogInit: FAudioDevice initialized.
[2018.02.07-17.31.33:654][442]LogLoad: Game class is 'Game_Mode_1_C'
[2018.02.07-17.31.33:656][442]LogWorld: Bringing World /Game/Maps/UEDPIE_0_NewMap.NewMap up for play (max tick rate 0) at 2018.02.07-17.31.33
[2018.02.07-17.31.33:656][442]LogWorld: Bringing up level for play took: 0.001077
[2018.02.07-17.31.33:656][442]LogGameMode:Display: Match State Changed from EnteringMap to WaitingToStart
[2018.02.07-17.31.33:656][442]LogGameState: Match State Changed from EnteringMap to WaitingToStart
[2018.02.07-17.31.33:656][442]LogGameMode:Display: Match State Changed from WaitingToStart to InProgress
[2018.02.07-17.31.33:657][442]LogGameState: Match State Changed from WaitingToStart to InProgress
[2018.02.07-17.31.33:657][442]PIE: Info Play in editor start time for /Game/Maps/UEDPIE_0_NewMap 0.597
[2018.02.07-17.31.33:657][442]LogBlueprintUserMessages: Late PlayInEditor Detection: Level '/Game/Maps/NewMap.NewMap:PersistentLevel' has LevelScriptBlueprint '/Game/Maps/NewMap.NewMap:PersistentLevel.NewMap' with GeneratedClass '/Game/Maps/NewMap.NewMap_C' with ClassGeneratedBy '/Game/Maps/NewMap.NewMap:PersistentLevel.NewMap'
[2018.02.07-17.31.36:126][738]LogBlueprintUserMessages: Early EndPlayMap Detection: Level '/Game/Maps/NewMap.NewMap:PersistentLevel' has LevelScriptBlueprint '/Game/Maps/NewMap.NewMap:PersistentLevel.NewMap' with GeneratedClass '/Game/Maps/NewMap.NewMap_C' with ClassGeneratedBy '/Game/Maps/NewMap.NewMap:PersistentLevel.NewMap'
[2018.02.07-17.31.36:156][738]LogBlueprintUserMessages: Late EndPlayMap Detection: Level '/Game/Maps/NewMap.NewMap:PersistentLevel' has LevelScriptBlueprint '/Game/Maps/NewMap.NewMap:PersistentLevel.NewMap' with GeneratedClass '/Game/Maps/NewMap.NewMap_C' with ClassGeneratedBy '/Game/Maps/NewMap.NewMap:PersistentLevel.NewMap'
[2018.02.07-17.31.37:900][940]LogEditorViewport: Clicking on Actor (context menu): StaticMeshActor (Floor)
[2018.02.07-17.31.43:120][553]LogEditorViewport: Clicking Background
[2018.02.07-17.31.49:036][255]LogTemp: Repeting last play command: Selected Viewport
[2018.02.07-17.31.49:048][255]LogBlueprintUserMessages: Early PlayInEditor Detection: Level '/Game/Maps/NewMap.NewMap:PersistentLevel' has LevelScriptBlueprint '/Game/Maps/NewMap.NewMap:PersistentLevel.NewMap' with GeneratedClass '/Game/Maps/NewMap.NewMap_C' with ClassGeneratedBy '/Game/Maps/NewMap.NewMap:PersistentLevel.NewMap'
[2018.02.07-17.31.49:048][255]LogPlayLevel: PlayLevel: No blueprints needed recompiling
[2018.02.07-17.31.49:048][255]PIE: New page: PIE session: NewMap (7 Feb 2018 17:31:49)
[2018.02.07-17.31.49:048][255]LogPlayLevel: Creating play world package: /Game/Maps/UEDPIE_0_NewMap
[2018.02.07-17.31.49:059][255]LogPlayLevel: PIE: StaticDuplicateObject took: (0.011001s)
[2018.02.07-17.31.49:059][255]LogAIModule: Creating AISystem for world NewMap
[2018.02.07-17.31.49:060][255]LogPlayLevel: PIE: World Init took: (0.000423s)
[2018.02.07-17.31.49:060][255]LogPlayLevel: PIE: Created PIE world by copying editor world from /Game/Maps/NewMap.NewMap to /Game/Maps/UEDPIE_0_NewMap.NewMap (0.011552s)
[2018.02.07-17.31.49:075][255]LogInit: XAudio2 using 'Speakers (High Definition Audio Device)' : 2 channels at 48 kHz using 16 bits per sample (channel mask 0x3)
[2018.02.07-17.31.49:079][255]LogInit: FAudioDevice initialized.
[2018.02.07-17.31.49:109][255]LogLoad: Game class is 'Game_Mode_1_C'
[2018.02.07-17.31.49:110][255]LogWorld: Bringing World /Game/Maps/UEDPIE_0_NewMap.NewMap up for play (max tick rate 0) at 2018.02.07-17.31.49
[2018.02.07-17.31.49:110][255]LogWorld: Bringing up level for play took: 0.001080
[2018.02.07-17.31.49:111][255]LogGameMode:Display: Match State Changed from EnteringMap to WaitingToStart
[2018.02.07-17.31.49:111][255]LogGameState: Match State Changed from EnteringMap to WaitingToStart
[2018.02.07-17.31.49:111][255]LogGameMode:Display: Match State Changed from WaitingToStart to InProgress
[2018.02.07-17.31.49:111][255]LogGameState: Match State Changed from WaitingToStart to InProgress
[2018.02.07-17.31.49:111][255]PIE: Info Play in editor start time for /Game/Maps/UEDPIE_0_NewMap 0.051
[2018.02.07-17.31.49:112][255]LogBlueprintUserMessages: Late PlayInEditor Detection: Level '/Game/Maps/NewMap.NewMap:PersistentLevel' has LevelScriptBlueprint '/Game/Maps/NewMap.NewMap:PersistentLevel.NewMap' with GeneratedClass '/Game/Maps/NewMap.NewMap_C' with ClassGeneratedBy '/Game/Maps/NewMap.NewMap:PersistentLevel.NewMap'
[2018.02.07-17.31.51:500][541]LogBlueprintUserMessages: Early EndPlayMap Detection: Level '/Game/Maps/NewMap.NewMap:PersistentLevel' has LevelScriptBlueprint '/Game/Maps/NewMap.NewMap:PersistentLevel.NewMap' with GeneratedClass '/Game/Maps/NewMap.NewMap_C' with ClassGeneratedBy '/Game/Maps/NewMap.NewMap:PersistentLevel.NewMap'
[2018.02.07-17.31.51:537][541]LogBlueprintUserMessages: Late EndPlayMap Detection: Level '/Game/Maps/NewMap.NewMap:PersistentLevel' has LevelScriptBlueprint '/Game/Maps/NewMap.NewMap:PersistentLevel.NewMap' with GeneratedClass '/Game/Maps/NewMap.NewMap_C' with ClassGeneratedBy '/Game/Maps/NewMap.NewMap:PersistentLevel.NewMap'
[2018.02.07-17.31.53:497][765]Cmd: EDIT CUT
[2018.02.07-17.31.53:502][765]LogEditorActor: Deleted Actor: Brush
[2018.02.07-17.31.53:530][765]LogEditorActor: Deleted 1 Actors (0.028 secs)
[2018.02.07-17.31.54:559][888]Cmd: TRANSACTION UNDO
[2018.02.07-17.31.54:559][888]LogEditorTransaction: Undo Cut
[2018.02.07-17.31.54:592][888]LogSlate: Took 0.000127 seconds to synchronously load lazily loaded font '../../../Engine/Content/Slate/Fonts/Roboto-Light.ttf' (159K)
[2018.02.07-17.31.54:718][902]Cmd: TRANSACTION UNDO
[2018.02.07-17.31.54:718][902]LogEditorTransaction: Undo Select Brush Surface
[2018.02.07-17.31.54:881][918]Cmd: TRANSACTION UNDO
[2018.02.07-17.31.54:881][918]LogEditorTransaction: Undo Select Surfaces
[2018.02.07-17.31.55:031][933]Cmd: TRANSACTION UNDO
[2018.02.07-17.31.55:031][933]LogEditorTransaction: Undo Move Actors
[2018.02.07-17.31.55:186][947]Cmd: TRANSACTION UNDO
[2018.02.07-17.31.55:186][947]LogEditorTransaction: Undo Select Brush Surface
[2018.02.07-17.31.55:344][965]Cmd: TRANSACTION UNDO
[2018.02.07-17.31.55:344][965]LogEditorTransaction: Undo Clicking Background
[2018.02.07-17.31.55:517][984]Cmd: TRANSACTION UNDO
[2018.02.07-17.31.55:517][984]LogEditorTransaction: Undo Set actor scale
[2018.02.07-17.31.55:541][984]LogActorComponent: ~FComponentReregisterContext: (/Game/Maps/NewMap.NewMap:PersistentLevel.BoxBrush6.BrushComponent0) Component already registered.
[2018.02.07-17.31.55:679][996]Cmd: TRANSACTION UNDO
[2018.02.07-17.31.55:679][996]LogEditorTransaction: Undo Select Surfaces
[2018.02.07-17.31.55:857][ 14]Cmd: TRANSACTION UNDO
[2018.02.07-17.31.55:857][ 14]LogEditorTransaction: Undo Clicking on Actors (context menu)
[2018.02.07-17.31.56:020][ 30]Cmd: TRANSACTION UNDO
[2018.02.07-17.31.56:020][ 30]LogEditorTransaction: Undo Select Surfaces
[2018.02.07-17.31.56:194][ 50]Cmd: TRANSACTION UNDO
[2018.02.07-17.31.56:194][ 50]LogEditorTransaction: Undo Modify Component(s)
[2018.02.07-17.31.56:364][ 70]Cmd: TRANSACTION UNDO
[2018.02.07-17.31.56:364][ 70]LogEditorTransaction: Undo Modify Component(s)
[2018.02.07-17.31.56:532][ 90]Cmd: TRANSACTION UNDO
[2018.02.07-17.31.56:532][ 90]LogEditorTransaction: Undo Modify Component(s)
[2018.02.07-17.31.56:690][109]Cmd: TRANSACTION UNDO
[2018.02.07-17.31.56:690][109]LogEditorTransaction: Undo Clicking Background
[2018.02.07-17.31.56:865][128]Cmd: TRANSACTION UNDO
[2018.02.07-17.31.56:865][128]LogEditorTransaction: Undo Move Actors
[2018.02.07-17.31.56:877][128]LogActorComponent: ~FComponentReregisterContext: (/Game/Maps/NewMap.NewMap:PersistentLevel.BoxBrush3.BrushComponent0) Component already registered.
[2018.02.07-17.31.57:032][144]Cmd: TRANSACTION UNDO
[2018.02.07-17.31.57:032][144]LogEditorTransaction: Undo Set actor scale
[2018.02.07-17.31.57:047][144]LogActorComponent: ~FComponentReregisterContext: (/Game/Maps/NewMap.NewMap:PersistentLevel.BoxBrush6.BrushComponent0) Component already registered.
[2018.02.07-17.31.57:205][160]Cmd: TRANSACTION UNDO
[2018.02.07-17.31.57:205][160]LogEditorTransaction: Undo Select Surfaces
[2018.02.07-17.31.57:387][179]Cmd: TRANSACTION UNDO
[2018.02.07-17.31.57:387][179]LogEditorTransaction: Undo Move Actors
[2018.02.07-17.31.57:578][198]Cmd: TRANSACTION UNDO
[2018.02.07-17.31.57:578][198]LogEditorTransaction: Undo Set actor scale
[2018.02.07-17.31.57:593][198]LogActorComponent: ~FComponentReregisterContext: (/Game/Maps/NewMap.NewMap:PersistentLevel.BoxBrush6.BrushComponent0) Component already registered.
[2018.02.07-17.31.57:780][218]Cmd: TRANSACTION UNDO
[2018.02.07-17.31.57:780][218]LogEditorTransaction: Undo Set actor scale
[2018.02.07-17.31.57:795][218]LogActorComponent: ~FComponentReregisterContext: (/Game/Maps/NewMap.NewMap:PersistentLevel.BoxBrush6.BrushComponent0) Component already registered.
[2018.02.07-17.31.57:953][235]Cmd: TRANSACTION UNDO
[2018.02.07-17.31.57:953][235]LogEditorTransaction: Undo Set actor scale
[2018.02.07-17.31.57:968][235]LogActorComponent: ~FComponentReregisterContext: (/Game/Maps/NewMap.NewMap:PersistentLevel.BoxBrush6.BrushComponent0) Component already registered.
[2018.02.07-17.31.58:151][255]Cmd: TRANSACTION UNDO
[2018.02.07-17.31.58:151][255]LogEditorTransaction: Undo Set actor scale
[2018.02.07-17.31.58:166][255]LogActorComponent: ~FComponentReregisterContext: (/Game/Maps/NewMap.NewMap:PersistentLevel.BoxBrush6.BrushComponent0) Component already registered.
[2018.02.07-17.31.58:394][280]Cmd: TRANSACTION UNDO
[2018.02.07-17.31.58:394][280]LogEditorTransaction: Undo Select Brush Surface
[2018.02.07-17.32.25:182][102]Cmd: QUIT_EDITOR
[2018.02.07-17.32.25:634][102]LogWindowsTextInputMethodSystem:Display: IME system now deactivated.
[2018.02.07-17.32.25:649][102]LogExit: Preparing to exit.
[2018.02.07-17.32.26:344][102]LogExit: Editor shut down
[2018.02.07-17.32.26:347][102]LogExit: Transaction tracking system shut down
[2018.02.07-17.32.26:402][102]LogObj: Freed 0b from 0 cluster array pools.
[2018.02.07-17.32.26:402][102]LogExit: Object subsystem successfully closed.
[2018.02.07-17.32.26:418][102]LogD3D11RHI: Shutdown
[2018.02.07-17.32.26:418][102]LogD3D11RHI: CleanupD3DDevice
[2018.02.07-17.32.26:461][102]LogD3D11RHI: ~FD3D11DynamicRHI
[2018.02.07-17.32.26:467][102]LogModuleManager: Shutting down and abandoning module BlueprintGraph (530)
[2018.02.07-17.32.26:467][102]LogModuleManager: Shutting down and abandoning module BlueprintProfiler (528)
[2018.02.07-17.32.26:467][102]LogModuleManager: Shutting down and abandoning module MovieSceneCapture (526)
[2018.02.07-17.32.26:467][102]LogModuleManager: Shutting down and abandoning module HierarchicalLODOutliner (524)
[2018.02.07-17.32.26:467][102]LogModuleManager: Shutting down and abandoning module CrashTracker (522)
[2018.02.07-17.32.26:467][102]LogModuleManager: Shutting down and abandoning module SceneOutliner (520)
[2018.02.07-17.32.26:467][102]LogModuleManager: Shutting down and abandoning module AddContentDialog (518)
[2018.02.07-17.32.26:467][102]LogDirectoryWatcher: A directory notification for 'D:/Unreal Engine/UE_4.16/FeaturePacks/' was aborted.
[2018.02.07-17.32.26:468][102]LogModuleManager: Shutting down and abandoning module WidgetCarousel (517)
[2018.02.07-17.32.26:468][102]LogModuleManager: Shutting down and abandoning module EditorWidgets (514)
[2018.02.07-17.32.26:468][102]LogModuleManager: Shutting down and abandoning module CollectionManager (512)
[2018.02.07-17.32.26:468][102]LogDirectoryWatcher: A directory notification for 'C:/Users/MikeyTBS/Documents/GitHub/Group-E-Ass2-Game/PeterIsTheCaptain V0.2/Content/Collections/' was aborted.
[2018.02.07-17.32.26:468][102]LogDirectoryWatcher: A directory notification for 'C:/Users/MikeyTBS/Documents/GitHub/Group-E-Ass2-Game/PeterIsTheCaptain V0.2/Content/Developers/MikeyTBS/Collections/' was aborted.
[2018.02.07-17.32.26:468][102]LogDirectoryWatcher: A directory notification for 'C:/Users/MikeyTBS/Documents/GitHub/Group-E-Ass2-Game/PeterIsTheCaptain V0.2/Saved/Collections/' was aborted.
[2018.02.07-17.32.26:468][102]LogModuleManager: Shutting down and abandoning module StatsViewer (510)
[2018.02.07-17.32.26:468][102]LogModuleManager: Shutting down and abandoning module FoliageEdit (508)
[2018.02.07-17.32.26:468][102]LogModuleManager: Shutting down and abandoning module LandscapeEditor (506)
[2018.02.07-17.32.26:468][102]LogModuleManager: Shutting down and abandoning module MeshPaintMode (504)
[2018.02.07-17.32.26:468][102]LogModuleManager: Shutting down and abandoning module SceneDepthPickerMode (502)
[2018.02.07-17.32.26:468][102]LogModuleManager: Shutting down and abandoning module ActorPickerMode (500)
[2018.02.07-17.32.26:468][102]LogModuleManager: Shutting down and abandoning module GeometryMode (498)
[2018.02.07-17.32.26:468][102]LogModuleManager: Shutting down and abandoning module TextureAlignMode (496)
[2018.02.07-17.32.26:468][102]LogModuleManager: Shutting down and abandoning module BspMode (494)
[2018.02.07-17.32.26:468][102]LogModuleManager: Shutting down and abandoning module HardwareSurvey (492)
[2018.02.07-17.32.26:468][102]LogModuleManager: Shutting down and abandoning module SequenceRecorderSections (490)
[2018.02.07-17.32.26:468][102]LogModuleManager: Shutting down and abandoning module AutomationWorker (488)
[2018.02.07-17.32.26:468][102]LogModuleManager: Shutting down and abandoning module MatineeToLevelSequence (486)
[2018.02.07-17.32.26:468][102]LogModuleManager: Shutting down and abandoning module LevelSequenceEditor (484)
[2018.02.07-17.32.26:468][102]LogModuleManager: Shutting down and abandoning module PlacementMode (483)
[2018.02.07-17.32.26:468][102]LogModuleManager: Shutting down and abandoning module WmfMediaFactory (480)
[2018.02.07-17.32.26:468][102]LogModuleManager: Shutting down and abandoning module WmfMediaEditor (478)
[2018.02.07-17.32.26:468][102]LogModuleManager: Shutting down and abandoning module AvfMediaFactory (476)
[2018.02.07-17.32.26:468][102]LogModuleManager: Shutting down and abandoning module AvfMediaEditor (474)
[2018.02.07-17.32.26:468][102]LogModuleManager: Shutting down and abandoning module AndroidMediaFactory (472)
[2018.02.07-17.32.26:468][102]LogModuleManager: Shutting down and abandoning module Media (471)
[2018.02.07-17.32.26:468][102]LogModuleManager: Shutting down and abandoning module AndroidMediaEditor (468)
[2018.02.07-17.32.26:468][102]LogModuleManager: Shutting down and abandoning module CharacterAI (466)
[2018.02.07-17.32.26:468][102]LogModuleManager: Shutting down and abandoning module AudioCapture (464)
[2018.02.07-17.32.26:468][102]LogModuleManager: Shutting down and abandoning module SequenceRecorder (463)
[2018.02.07-17.32.26:468][102]LogModuleManager: Shutting down and abandoning module SmartSnapping (460)
[2018.02.07-17.32.26:468][102]LogModuleManager: Shutting down and abandoning module SessionServices (458)
[2018.02.07-17.32.26:468][102]LogModuleManager: Shutting down and abandoning module ViewportSnapping (456)
[2018.02.07-17.32.26:468][102]LogModuleManager: Shutting down and abandoning module ViewportInteraction (454)
[2018.02.07-17.32.26:468][102]LogModuleManager: Shutting down and abandoning module ClothPainter (452)
[2018.02.07-17.32.26:468][102]LogModuleManager: Shutting down and abandoning module LogVisualizer (450)
[2018.02.07-17.32.26:468][102]LogModuleManager: Shutting down and abandoning module IntroTutorials (448)
[2018.02.07-17.32.26:468][102]LogModuleManager: Shutting down and abandoning module GameProjectGeneration (447)
[2018.02.07-17.32.26:468][102]LogModuleManager: Shutting down and abandoning module EditorLiveStreaming (444)
[2018.02.07-17.32.26:468][102]LogModuleManager: Shutting down and abandoning module IOSPlatformEditor (442)
[2018.02.07-17.32.26:468][102]LogModuleManager: Shutting down and abandoning module HTML5PlatformEditor (440)
[2018.02.07-17.32.26:468][102]LogModuleManager: Shutting down and abandoning module AndroidPlatformEditor (438)
[2018.02.07-17.32.26:468][102]LogModuleManager: Shutting down and abandoning module AndroidDeviceDetection (437)
[2018.02.07-17.32.26:594][102]LogModuleManager: Shutting down and abandoning module IOSRuntimeSettings (434)
[2018.02.07-17.32.26:594][102]LogModuleManager: Shutting down and abandoning module AndroidRuntimeSettings (432)
[2018.02.07-17.32.26:594][102]LogModuleManager: Shutting down and abandoning module InputBindingEditor (430)
[2018.02.07-17.32.26:594][102]LogModuleManager: Shutting down and abandoning module MergeActors (428)
[2018.02.07-17.32.26:594][102]LogModuleManager: Shutting down and abandoning module SizeMap (426)
[2018.02.07-17.32.26:594][102]LogModuleManager: Shutting down and abandoning module TreeMap (424)
[2018.02.07-17.32.26:594][102]LogModuleManager: Shutting down and abandoning module ReferenceViewer (422)
[2018.02.07-17.32.26:594][102]LogModuleManager: Shutting down and abandoning module LocalizationDashboard (420)
[2018.02.07-17.32.26:595][102]LogModuleManager: Shutting down and abandoning module LocalizationService (419)
[2018.02.07-17.32.26:595][102]LogModuleManager: Shutting down and abandoning module HardwareTargeting (416)
[2018.02.07-17.32.26:595][102]LogModuleManager: Shutting down and abandoning module DeviceProfileEditor (414)
[2018.02.07-17.32.26:595][102]LogModuleManager: Shutting down and abandoning module UndoHistory (412)
[2018.02.07-17.32.26:595][102]LogModuleManager: Shutting down and abandoning module UserFeedback (410)
[2018.02.07-17.32.26:595][102]LogModuleManager: Shutting down and abandoning module XmlParser (408)
[2018.02.07-17.32.26:595][102]LogModuleManager: Shutting down and abandoning module Blutility (406)
[2018.02.07-17.32.26:595][102]LogModuleManager: Shutting down and abandoning module ProjectSettingsViewer (404)
[2018.02.07-17.32.26:595][102]LogModuleManager: Shutting down and abandoning module ProjectTargetPlatformEditor (403)
[2018.02.07-17.32.26:595][102]LogModuleManager: Shutting down and abandoning module EditorSettingsViewer (400)
[2018.02.07-17.32.26:595][102]LogModuleManager: Shutting down and abandoning module SettingsEditor (398)
[2018.02.07-17.32.26:595][102]LogModuleManager: Shutting down and abandoning module ProjectLauncher (396)
[2018.02.07-17.32.26:595][102]LogModuleManager: Shutting down and abandoning module SessionFrontend (394)
[2018.02.07-17.32.26:595][102]LogModuleManager: Shutting down and abandoning module ProfilerClient (392)
[2018.02.07-17.32.26:595][102]LogModuleManager: Shutting down and abandoning module DeviceManager (390)
[2018.02.07-17.32.26:595][102]LogModuleManager: Shutting down and abandoning module TargetDeviceServices (389)
[2018.02.07-17.32.26:638][102]LogModuleManager: Shutting down and abandoning module AutomationController (386)
[2018.02.07-17.32.26:638][102]LogModuleManager: Shutting down and abandoning module AutomationWindow (384)
[2018.02.07-17.32.26:638][102]LogModuleManager: Shutting down and abandoning module Layers (382)
[2018.02.07-17.32.26:638][102]LogModuleManager: Shutting down and abandoning module ComponentVisualizers (380)
[2018.02.07-17.32.26:638][102]LogModuleManager: Shutting down and abandoning module DetailCustomizations (378)
[2018.02.07-17.32.26:638][102]LogModuleManager: Shutting down and abandoning module PackagesDialog (376)
[2018.02.07-17.32.26:638][102]LogModuleManager: Shutting down and abandoning module Persona (374)
[2018.02.07-17.32.26:638][102]LogModuleManager: Shutting down and abandoning module AdvancedPreviewScene (373)
[2018.02.07-17.32.26:638][102]LogModuleManager: Shutting down and abandoning module AnimGraph (371)
[2018.02.07-17.32.26:638][102]LogModuleManager: Shutting down and abandoning module Kismet (368)
[2018.02.07-17.32.26:648][102]LogModuleManager: Shutting down and abandoning module ClassViewer (366)
[2018.02.07-17.32.26:648][102]LogModuleManager: Shutting down and abandoning module Toolbox (364)
[2018.02.07-17.32.26:648][102]LogModuleManager: Shutting down and abandoning module ModuleUI (362)
[2018.02.07-17.32.26:648][102]LogModuleManager: Shutting down and abandoning module MovieSceneTools (360)
[2018.02.07-17.32.26:648][102]LogModuleManager: Shutting down and abandoning module OutputLog (358)
[2018.02.07-17.32.26:648][102]LogModuleManager: Shutting down and abandoning module GammaUI (356)
[2018.02.07-17.32.26:648][102]LogModuleManager: Shutting down and abandoning module Documentation (354)
[2018.02.07-17.32.26:648][102]LogModuleManager: Shutting down and abandoning module MovieSceneTracks (352)
[2018.02.07-17.32.26:648][102]LogModuleManager: Shutting down and abandoning module MovieScene (350)
[2018.02.07-17.32.26:648][102]LogModuleManager: Shutting down and abandoning module Niagara (348)
[2018.02.07-17.32.26:648][102]LogModuleManager: Shutting down and abandoning module NiagaraEditor (347)
[2018.02.07-17.32.26:648][102]LogModuleManager: Shutting down and abandoning module StreamingPauseRendering (344)
[2018.02.07-17.32.26:648][102]LogModuleManager: Shutting down and abandoning module AnalyticsET (342)
[2018.02.07-17.32.26:648][102]LogModuleManager: Shutting down and abandoning module PortalServices (340)
[2018.02.07-17.32.26:648][102]LogModuleManager: Shutting down and abandoning module PortalRpc (338)
[2018.02.07-17.32.26:648][102]LogModuleManager: Shutting down and abandoning module MessagingRpc (336)
[2018.02.07-17.32.26:648][102]LogModuleManager: Shutting down and abandoning module AIModule (334)
[2018.02.07-17.32.26:648][102]LogModuleManager: Shutting down and abandoning module GameplayDebugger (333)
[2018.02.07-17.32.26:648][102]LogModuleManager: Shutting down and abandoning module AITestSuite (331)
[2018.02.07-17.32.26:648][102]LogModuleManager: Shutting down and abandoning module ProfilerService (328)
[2018.02.07-17.32.26:696][102]LogModuleManager: Shutting down and abandoning module TaskGraph (326)
[2018.02.07-17.32.26:696][102]LogModuleManager: Shutting down and abandoning module SteamVRController (324)
[2018.02.07-17.32.26:696][102]LogModuleManager: Shutting down and abandoning module SteamVR (322)
[2018.02.07-17.32.26:696][102]LogModuleManager: Shutting down and abandoning module ProceduralMeshComponentEditor (320)
[2018.02.07-17.32.26:696][102]LogModuleManager: Shutting down and abandoning module ProceduralMeshComponent (318)
[2018.02.07-17.32.26:696][102]LogModuleManager: Shutting down and abandoning module OculusLibrary (316)
[2018.02.07-17.32.26:696][102]LogModuleManager: Shutting down and abandoning module OculusInput (314)
[2018.02.07-17.32.26:696][102]LogModuleManager: Shutting down and abandoning module MobilePatchingUtils (312)
[2018.02.07-17.32.26:696][102]LogModuleManager: Shutting down and abandoning module CustomMeshComponent (310)
[2018.02.07-17.32.26:696][102]LogModuleManager: Shutting down and abandoning module CableComponent (308)
[2018.02.07-17.32.26:696][102]LogModuleManager: Shutting down and abandoning module ArchVisCharacter (306)
[2018.02.07-17.32.26:696][102]LogModuleManager: Shutting down and abandoning module AndroidPermission (304)
[2018.02.07-17.32.26:696][102]LogModuleManager: Shutting down and abandoning module MediaPlayerEditor (300)
[2018.02.07-17.32.26:696][102]LogModuleManager: Shutting down and abandoning module HTML5Networking (298)
[2018.02.07-17.32.26:696][102]LogModuleManager: Shutting down and abandoning module AlembicImporter (296)
[2018.02.07-17.32.26:696][102]LogModuleManager: Shutting down and abandoning module AlembicLibrary (295)
[2018.02.07-17.32.26:697][102]LogModuleManager: Shutting down and abandoning module GeometryCache (294)
[2018.02.07-17.32.26:697][102]LogModuleManager: Shutting down and abandoning module GeometryCacheEd (293)
[2018.02.07-17.32.26:697][102]LogModuleManager: Shutting down and abandoning module SuperSearchEditor (288)
[2018.02.07-17.32.26:697][102]LogModuleManager: Shutting down and abandoning module SuperSearch (287)
[2018.02.07-17.32.26:697][102]LogModuleManager: Shutting down and abandoning module SpeedTreeImporter (284)
[2018.02.07-17.32.26:697][102]LogModuleManager: Shutting down and abandoning module PluginBrowser (282)
[2018.02.07-17.32.26:697][102]LogModuleManager: Shutting down and abandoning module MobileLauncherProfileWizard (280)
[2018.02.07-17.32.26:697][102]LogModuleManager: Shutting down and abandoning module VisualStudioSourceCodeAccess (278)
[2018.02.07-17.32.26:697][102]LogModuleManager: Shutting down and abandoning module DesktopPlatform (277)
[2018.02.07-17.32.26:697][102]LogModuleManager: Shutting down and abandoning module UObjectPlugin (274)
[2018.02.07-17.32.26:697][102]LogModuleManager: Shutting down and abandoning module SubversionSourceControl (272)
[2018.02.07-17.32.26:697][102]LogModuleManager: Shutting down and abandoning module PerforceSourceControl (270)
[2018.02.07-17.32.26:697][102]LogModuleManager: Shutting down and abandoning module GitSourceControl (268)
[2018.02.07-17.32.26:697][102]LogModuleManager: Shutting down and abandoning module SourceControl (267)
[2018.02.07-17.32.26:697][102]LogModuleManager: Shutting down and abandoning module LightPropagationVolumeEditor (264)
[2018.02.07-17.32.26:697][102]LogModuleManager: Shutting down and abandoning module PaperTiledImporter (262)
[2018.02.07-17.32.26:697][102]LogModuleManager: Shutting down and abandoning module PaperSpriteSheetImporter (260)
[2018.02.07-17.32.26:697][102]LogModuleManager: Shutting down and abandoning module Paper2DEditor (258)
[2018.02.07-17.32.26:697][102]LogModuleManager: Shutting down and abandoning module MeshPaint (257)
[2018.02.07-17.32.26:697][102]LogModuleManager: Shutting down and abandoning module LevelEditor (255)
[2018.02.07-17.32.26:698][102]LogModuleManager: Shutting down and abandoning module PixelInspectorModule (254)
[2018.02.07-17.32.26:698][102]LogModuleManager: Shutting down and abandoning module MainFrame (252)
[2018.02.07-17.32.26:698][102]LogModuleManager: Shutting down and abandoning module HotReload (251)
[2018.02.07-17.32.26:699][102]LogModuleManager: Shutting down and abandoning module PhysXVehiclesEditor (246)
[2018.02.07-17.32.26:699][102]LogModuleManager: Shutting down and abandoning module PhysXVehicles (244)
[2018.02.07-17.32.26:699][102]LogModuleManager: Shutting down and abandoning module LocationServicesBPLibrary (242)
[2018.02.07-17.32.26:699][102]LogModuleManager: Shutting down and abandoning module ImmediatePhysicsEditor (240)
[2018.02.07-17.32.26:699][102]LogModuleManager: Shutting down and abandoning module ImmediatePhysics (238)
[2018.02.07-17.32.26:699][102]LogModuleManager: Shutting down and abandoning module UdpMessaging (236)
[2018.02.07-17.32.26:800][102]LogModuleManager: Shutting down and abandoning module TcpMessaging (234)
[2018.02.07-17.32.27:120][102]LogModuleManager: Shutting down and abandoning module GameplayTagsEditor (232)
[2018.02.07-17.32.27:120][102]LogModuleManager: Shutting down and abandoning module FacialAnimationEditor (230)
[2018.02.07-17.32.27:120][102]LogModuleManager: Shutting down and abandoning module FacialAnimation (228)
[2018.02.07-17.32.27:120][102]LogModuleManager: Shutting down and abandoning module AssetManagerEditor (226)
[2018.02.07-17.32.27:120][102]LogModuleManager: Shutting down and abandoning module GraphEditor (225)
[2018.02.07-17.32.27:121][102]LogModuleManager: Shutting down and abandoning module ContentBrowser (223)
[2018.02.07-17.32.27:122][102]LogModuleManager: Shutting down and abandoning module LightPropagationVolumeRuntime (220)
[2018.02.07-17.32.27:122][102]LogModuleManager: Shutting down and abandoning module Paper2D (218)
[2018.02.07-17.32.27:122][102]LogModuleManager: Shutting down and abandoning module WindowsMoviePlayer (216)
[2018.02.07-17.32.27:122][102]LogModuleManager: Shutting down and abandoning module WmfMedia (214)
[2018.02.07-17.32.27:124][102]LogModuleManager: Shutting down and abandoning module ClothingSystemEditor (212)
[2018.02.07-17.32.27:124][102]LogModuleManager: Shutting down and abandoning module ClothingSystemRuntime (210)
[2018.02.07-17.32.27:124][102]LogModuleManager: Shutting down and abandoning module MediaAssets (208)
[2018.02.07-17.32.27:124][102]LogModuleManager: Shutting down and abandoning module GameLiveStreaming (206)
[2018.02.07-17.32.27:125][102]LogModuleManager: Shutting down and abandoning module VREditor (204)
[2018.02.07-17.32.27:125][102]LogModuleManager: Shutting down and abandoning module StringTableEditor (202)
[2018.02.07-17.32.27:125][102]LogModuleManager: Shutting down and abandoning module GameplayTasksEditor (200)
[2018.02.07-17.32.27:125][102]LogModuleManager: Shutting down and abandoning module BehaviorTreeEditor (198)
[2018.02.07-17.32.27:125][102]LogModuleManager: Shutting down and abandoning module FunctionalTesting (196)
[2018.02.07-17.32.27:125][102]LogModuleManager: Shutting down and abandoning module CollisionAnalyzer (194)
[2018.02.07-17.32.27:125][102]LogModuleManager: Shutting down and abandoning module UMG (192)
[2018.02.07-17.32.27:125][102]LogModuleManager: Shutting down and abandoning module UMGEditor (191)
[2018.02.07-17.32.27:125][102]LogModuleManager: Shutting down and abandoning module Sequencer (190)
[2018.02.07-17.32.27:125][102]LogModuleManager: Shutting down and abandoning module AssetTools (188)
[2018.02.07-17.32.27:125][102]LogModuleManager: Shutting down and abandoning module MessageLog (187)
[2018.02.07-17.32.27:125][102]LogModuleManager: Shutting down and abandoning module WorkspaceMenuStructure (186)
[2018.02.07-17.32.27:125][102]LogModuleManager: Shutting down and abandoning module SlateReflector (180)
[2018.02.07-17.32.27:125][102]LogModuleManager: Shutting down and abandoning module Slate (178)
[2018.02.07-17.32.27:125][102]LogModuleManager: Shutting down and abandoning module EditorStyle (176)
[2018.02.07-17.32.27:128][102]LogModuleManager: Shutting down and abandoning module SourceCodeAccess (174)
[2018.02.07-17.32.27:128][102]LogModuleManager: Shutting down and abandoning module HeadMountedDisplay (172)
[2018.02.07-17.32.27:128][102]LogModuleManager: Shutting down and abandoning module XAudio2 (170)
[2018.02.07-17.32.27:128][102]LogModuleManager: Shutting down and abandoning module Networking (168)
[2018.02.07-17.32.27:128][102]LogModuleManager: Shutting down and abandoning module Core (164)
[2018.02.07-17.32.27:128][102]LogModuleManager: Shutting down and abandoning module AssetRegistry (162)
[2018.02.07-17.32.27:274][102]LogDirectoryWatcher: A directory notification for '../../../Engine/Content/' was aborted.
[2018.02.07-17.32.27:274][102]LogDirectoryWatcher: A directory notification for 'C:/Users/MikeyTBS/Documents/GitHub/Group-E-Ass2-Game/PeterIsTheCaptain V0.2/Content/' was aborted.
[2018.02.07-17.32.27:274][102]LogDirectoryWatcher: A directory notification for '../../../Engine/Plugins/2D/Paper2D/Content/' was aborted.
[2018.02.07-17.32.27:274][102]LogDirectoryWatcher: A directory notification for '../../../Engine/Plugins/Runtime/GearVR/Content/' was aborted.
[2018.02.07-17.32.27:275][102]LogModuleManager: Shutting down and abandoning module DirectoryWatcher (161)
[2018.02.07-17.32.27:276][102]LogModuleManager: Shutting down and abandoning module KismetCompiler (158)
[2018.02.07-17.32.27:276][102]LogModuleManager: Shutting down and abandoning module LevelSequence (156)
[2018.02.07-17.32.27:276][102]LogModuleManager: Shutting down and abandoning module PhysXFormats (154)
[2018.02.07-17.32.27:276][102]LogModuleManager: Shutting down and abandoning module MeshUtilities (152)
[2018.02.07-17.32.27:276][102]LogModuleManager: Shutting down and abandoning module SimplygonSwarm (151)
[2018.02.07-17.32.27:276][102]LogModuleManager: Shutting down and abandoning module SimplygonMeshReduction (149)
[2018.02.07-17.32.27:276][102]LogModuleManager: Shutting down and abandoning module QuadricMeshReduction (147)
[2018.02.07-17.32.27:276][102]LogModuleManager: Shutting down and abandoning module DerivedDataCache (144)
[2018.02.07-17.32.27:354][102]LogDerivedDataCache: Shutdown
[2018.02.07-17.32.27:355][102]LogModuleManager: Shutting down and abandoning module TargetPlatform (142)
[2018.02.07-17.32.27:355][102]LogModuleManager: Shutting down and abandoning module VulkanShaderFormat (141)
[2018.02.07-17.32.27:355][102]LogModuleManager: Shutting down and abandoning module ShaderFormatVectorVM (139)
[2018.02.07-17.32.27:355][102]LogModuleManager: Shutting down and abandoning module ShaderFormatOpenGL (137)
[2018.02.07-17.32.27:355][102]LogModuleManager: Shutting down and abandoning module ShaderFormatD3D (135)
[2018.02.07-17.32.27:355][102]LogModuleManager: Shutting down and abandoning module MetalShaderFormat (133)
[2018.02.07-17.32.27:355][102]LogModuleManager: Shutting down and abandoning module TextureFormatUncompressed (131)
[2018.02.07-17.32.27:355][102]LogModuleManager: Shutting down and abandoning module TextureFormatPVR (129)
[2018.02.07-17.32.27:355][102]LogModuleManager: Shutting down and abandoning module TextureFormatDXT (127)
[2018.02.07-17.32.27:355][102]LogModuleManager: Shutting down and abandoning module TextureFormatIntelISPCTexComp (125)
[2018.02.07-17.32.27:355][102]LogModuleManager: Shutting down and abandoning module TextureFormatASTC (123)
[2018.02.07-17.32.27:355][102]LogModuleManager: Shutting down and abandoning module ImageWrapper (122)
[2018.02.07-17.32.27:355][102]LogModuleManager: Shutting down and abandoning module TextureFormatAndroid (119)
[2018.02.07-17.32.27:355][102]LogModuleManager: Shutting down and abandoning module AudioFormatOpus (117)
[2018.02.07-17.32.27:355][102]LogModuleManager: Shutting down and abandoning module AudioFormatOgg (115)
[2018.02.07-17.32.27:355][102]LogModuleManager: Shutting down and abandoning module AudioFormatADPCM (113)
[2018.02.07-17.32.27:355][102]LogModuleManager: Shutting down and abandoning module LinuxTargetPlatform (111)
[2018.02.07-17.32.27:355][102]LogModuleManager: Shutting down and abandoning module LinuxServerTargetPlatform (109)
[2018.02.07-17.32.27:355][102]LogModuleManager: Shutting down and abandoning module LinuxNoEditorTargetPlatform (107)
[2018.02.07-17.32.27:355][102]LogModuleManager: Shutting down and abandoning module LinuxClientTargetPlatform (105)
[2018.02.07-17.32.27:355][102]LogModuleManager: Shutting down and abandoning module TVOSTargetPlatform (103)
[2018.02.07-17.32.27:355][102]LogModuleManager: Shutting down and abandoning module Messaging (101)
[2018.02.07-17.32.27:355][102]LogModuleManager: Shutting down and abandoning module IOSTargetPlatform (99)
[2018.02.07-17.32.27:355][102]LogModuleManager: Shutting down and abandoning module HTML5TargetPlatform (97)
[2018.02.07-17.32.27:355][102]LogModuleManager: Shutting down and abandoning module Android_PVRTCTargetPlatform (95)
[2018.02.07-17.32.27:356][102]LogModuleManager: Shutting down and abandoning module Android_MultiTargetPlatform (93)
[2018.02.07-17.32.27:356][102]LogModuleManager: Shutting down and abandoning module Android_ETC2TargetPlatform (91)
[2018.02.07-17.32.27:356][102]LogModuleManager: Shutting down and abandoning module Android_ETC1TargetPlatform (89)
[2018.02.07-17.32.27:356][102]LogModuleManager: Shutting down and abandoning module Android_DXTTargetPlatform (87)
[2018.02.07-17.32.27:356][102]LogModuleManager: Shutting down and abandoning module Android_ATCTargetPlatform (85)
[2018.02.07-17.32.27:356][102]LogModuleManager: Shutting down and abandoning module Android_ASTCTargetPlatform (83)
[2018.02.07-17.32.27:356][102]LogModuleManager: Shutting down and abandoning module AndroidTargetPlatform (81)
[2018.02.07-17.32.27:356][102]LogModuleManager: Shutting down and abandoning module WindowsTargetPlatform (79)
[2018.02.07-17.32.27:356][102]LogModuleManager: Shutting down and abandoning module WindowsServerTargetPlatform (77)
[2018.02.07-17.32.27:356][102]LogModuleManager: Shutting down and abandoning module WindowsNoEditorTargetPlatform (75)
[2018.02.07-17.32.27:356][102]LogModuleManager: Shutting down and abandoning module WindowsClientTargetPlatform (73)
[2018.02.07-17.32.27:356][102]LogModuleManager: Shutting down and abandoning module MacTargetPlatform (71)
[2018.02.07-17.32.27:356][102]LogModuleManager: Shutting down and abandoning module MacServerTargetPlatform (69)
[2018.02.07-17.32.27:356][102]LogModuleManager: Shutting down and abandoning module MacNoEditorTargetPlatform (67)
[2018.02.07-17.32.27:356][102]LogModuleManager: Shutting down and abandoning module MacClientTargetPlatform (65)
[2018.02.07-17.32.27:356][102]LogModuleManager: Shutting down and abandoning module AllDesktopTargetPlatform (63)
[2018.02.07-17.32.27:356][102]LogModuleManager: Shutting down and abandoning module InputCore (60)
[2018.02.07-17.32.27:356][102]LogModuleManager: Shutting down and abandoning module Settings (58)
[2018.02.07-17.32.27:356][102]LogModuleManager: Shutting down and abandoning module OculusRift (56)
[2018.02.07-17.32.27:356][102]LogModuleManager: Shutting down and abandoning module GearVRController (54)
[2018.02.07-17.32.27:356][102]LogModuleManager: Shutting down and abandoning module GearVR (52)
[2018.02.07-17.32.27:356][102]LogModuleManager: Shutting down and abandoning module ExampleDeviceProfileSelector (50)
[2018.02.07-17.32.27:356][102]LogModuleManager: Shutting down and abandoning module OnlineBlueprintSupport (48)
[2018.02.07-17.32.27:356][102]LogModuleManager: Shutting down and abandoning module OnlineSubsystem (44)
[2018.02.07-17.32.27:356][102]LogOnline:Display: Unloading online subsystem: NULL
[2018.02.07-17.32.27:356][102]LogModuleManager: Shutting down and abandoning module XMPP (43)
[2018.02.07-17.32.27:357][102]LogModuleManager: Shutting down and abandoning module HTTP (41)
[2018.02.07-17.32.27:357][102]LogHttp:Display: Http module shutting down, but needs to wait on 1 outstanding Http requests:
[2018.02.07-17.32.27:357][102]LogHttp:Display: 	verb=[POST] url=[https://datarouter.ol.epicgames.com/datarouter/api/v1/public/data?SessionID=%7B9F6822FC-4412-1C05-3EE0-739D949B5072%7D&AppID=UEEditor.Rocket.Release&AppVersion=4.16.3-3561208%2B%2B%2BUE4%2BRelease-4.16&UserID=08bdeaaa469ca7dc46c0efb84ccccd31%7Ca7dbd89a92334a018807d698abe31d30%7Cb3bfda91-03d4-459b-84f6-111943cc4af6&AppEnvironment=datacollector-binary&UploadType=eteventstream] status=Processing
[2018.02.07-17.32.27:392][102]LogModuleManager: Shutting down and abandoning module SSL (40)
[2018.02.07-17.32.27:396][102]LogModuleManager: Shutting down and abandoning module HTTPChunkInstaller (36)
[2018.02.07-17.32.27:396][102]LogModuleManager: Shutting down and abandoning module AnimationModifiers (34)
[2018.02.07-17.32.27:396][102]LogModuleManager: Shutting down and abandoning module PropertyEditor (33)
[2018.02.07-17.32.27:396][102]LogModuleManager: Shutting down and abandoning module AudioEditor (30)
[2018.02.07-17.32.27:396][102]LogModuleManager: Shutting down and abandoning module TextureCompressor (28)
[2018.02.07-17.32.27:396][102]LogModuleManager: Shutting down and abandoning module ShaderCore (26)
[2018.02.07-17.32.27:396][102]LogModuleManager: Shutting down and abandoning module Landscape (24)
[2018.02.07-17.32.27:396][102]LogModuleManager: Shutting down and abandoning module SlateRHIRenderer (22)
[2018.02.07-17.32.27:399][102]LogModuleManager: Shutting down and abandoning module OpenGLDrv (20)
[2018.02.07-17.32.27:399][102]LogModuleManager: Shutting down and abandoning module D3D11RHI (18)
[2018.02.07-17.32.27:399][102]LogModuleManager: Shutting down and abandoning module AnimGraphRuntime (16)
[2018.02.07-17.32.27:399][102]LogModuleManager: Shutting down and abandoning module Renderer (14)
[2018.02.07-17.32.27:399][102]LogModuleManager: Shutting down and abandoning module Engine (12)
[2018.02.07-17.32.27:399][102]LogModuleManager: Shutting down and abandoning module CoreUObject (10)
[2018.02.07-17.32.27:399][102]LogModuleManager: Shutting down and abandoning module NetworkFile (8)
[2018.02.07-17.32.27:399][102]LogModuleManager: Shutting down and abandoning module StreamingFile (6)
[2018.02.07-17.32.27:399][102]LogModuleManager: Shutting down and abandoning module SandboxFile (4)
[2018.02.07-17.32.27:399][102]LogModuleManager: Shutting down and abandoning module PakFile (2)
[2018.02.07-17.32.27:405][102]LogExit: Exiting.
[2018.02.07-17.32.27:435][102]Log file closed, 02/07/18 17:32:27
