Log file open, 02/28/18 10:02:16
LogInit:Display: Running engine for game: PeterIsTheCaptain
LogPlatformFile: Not using cached read wrapper
LogInit:Display: RandInit(408091716) SRandInit(408091716).
LogTaskGraph: Started task graph with 5 named threads and 10 total threads with 1 sets of task threads.
LogStats: Stats thread started at 4.440895
LogInit: Using libcurl 7.47.1
LogInit:  - built for x86_64-pc-win32
LogInit:  - supports SSL with OpenSSL/1.0.2g
LogInit:  - supports HTTP deflate (compression) using libz 1.2.8
LogInit:  - other features:
LogInit:      CURL_VERSION_SSL
LogInit:      CURL_VERSION_LIBZ
LogInit:      CURL_VERSION_IPV6
LogInit:      CURL_VERSION_ASYNCHDNS
LogInit:      CURL_VERSION_LARGEFILE
LogInit:      CURL_VERSION_IDN
LogInit:  CurlRequestOptions (configurable via config and command line):
LogInit:  - bVerifyPeer = false  - Libcurl will NOT verify peer certificate
LogInit:  - bUseHttpProxy = false  - Libcurl will NOT use HTTP proxy
LogInit:  - bDontReuseConnections = false  - Libcurl will reuse connections
LogInit:  - CertBundlePath = nullptr  - Libcurl will use whatever was configured at build time.
LogInit: Build: ++UE4+Release-4.16-CL-3561208
LogInit: Engine Version: 4.16.3-3561208+++UE4+Release-4.16
LogInit: Compatible Engine Version: 4.16.0-3452394+++UE4+Release-4.16
LogInit: Net CL: 3452394
LogDevObjectVersion: Number of dev versions registered: 16
LogDevObjectVersion:   Dev-Blueprints (B0D832E4-1F89-4F0D-ACCF-7EB736FD4AA2): 9
LogDevObjectVersion:   Dev-Build (E1C64328-A22C-4D53-A36C-8E866417BD8C): 0
LogDevObjectVersion:   Dev-Core (375EC13C-06E4-48FB-B500-84F0262A717E): 2
LogDevObjectVersion:   Dev-Editor (E4B068ED-F494-42E9-A231-DA0B2E46BB41): 17
LogDevObjectVersion:   Dev-Framework (CFFC743F-43B0-4480-9391-14DF171D2073): 23
LogDevObjectVersion:   Dev-Mobile (B02B49B5-BB20-44E9-A304-32B752E40360): 0
LogDevObjectVersion:   Dev-Networking (A4E4105C-59A1-49B5-A7C5-40C4547EDFEE): 0
LogDevObjectVersion:   Dev-Online (39C831C9-5AE6-47DC-9A44-9C173E1C8E7C): 0
LogDevObjectVersion:   Dev-Physics (78F01B33-EBEA-4F98-B9B4-84EACCB95AA2): 0
LogDevObjectVersion:   Dev-Platform (6631380F-2D4D-43E0-8009-CF276956A95A): 0
LogDevObjectVersion:   Dev-Rendering (12F88B9F-8875-4AFC-A67C-D90C383ABD29): 15
LogDevObjectVersion:   Dev-Sequencer (7B5AE74C-D270-4C10-A958-57980B212A5A): 4
LogDevObjectVersion:   Dev-VR (D7296918-1DD6-4BDD-9DE2-64A83CC13884): 0
LogDevObjectVersion:   Dev-LoadTimes (C2A15278-BFE7-4AFE-6C17-90FF531DF755): 1
LogDevObjectVersion:   Private-Geometry (6EACA3D4-40EC-4CC1-B786-8BED09428FC5): 1
LogDevObjectVersion:   Dev-AnimPhys (29E575DD-E0A3-4627-9D10-D276232CDCEA): 3
LogInit: Compiled (64-bit): Jul 28 2017 11:49:47
LogInit: Compiled with Visual C++: 19.00.24215.01
LogInit: Build Configuration: Development
LogInit: Branch Name: ++UE4+Release-4.16
LogInit: Command line:  
LogInit: Base directory: D:/Unreal Engine/UE_4.16/Engine/Binaries/Win64/
LogInit: Installed Engine Build: 1
LogInit: Presizing for max 8388607 objects, including 0 objects not considered by GC, pre-allocating 0 bytes for permanent pool.
LogInit: Object subsystem initialized
[2018.02.28-10.02.17:299][  0]LogInit: Selected Device Profile: [Windows]
[2018.02.28-10.02.17:299][  0]LogInit: Applying CVar settings loaded from the selected device profile: [Windows]
[2018.02.28-10.02.17:382][  0]LogInit: Computer: DESKTOP-HPDLR00
[2018.02.28-10.02.17:382][  0]LogInit: User: MikeyTBS
[2018.02.28-10.02.17:382][  0]LogInit: CPU Page size=4096, Cores=6
[2018.02.28-10.02.17:382][  0]LogInit: High frequency timer resolution =3.609375 MHz
[2018.02.28-10.02.17:383][  0]LogMemory: Memory total: Physical=15.9GB (16GB approx)
[2018.02.28-10.02.17:383][  0]LogMemory: Platform Memory Stats for Windows
[2018.02.28-10.02.17:383][  0]LogMemory: Process Physical Memory: 275.03 MB used, 275.03 MB peak
[2018.02.28-10.02.17:383][  0]LogMemory: Process Virtual Memory: 271.12 MB used, 271.12 MB peak
[2018.02.28-10.02.17:383][  0]LogMemory: Physical Memory: 3770.40 MB used,  12553.76 MB free, 16324.16 MB total
[2018.02.28-10.02.17:383][  0]LogMemory: Virtual Memory: 685.25 MB used,  12553.76 MB free, 134217728.00 MB total
[2018.02.28-10.02.18:802][  0]LogInit: Using OS detected language (en-GB).
[2018.02.28-10.02.18:802][  0]LogInit: Using OS detected locale (en-GB).
[2018.02.28-10.02.19:188][  0]LogTextLocalizationManager: No specific localization for 'en-GB' exists, so the 'en' localization will be used.
[2018.02.28-10.02.22:797][  0]LogD3D11RHI: D3D11 adapters:
[2018.02.28-10.02.22:823][  0]LogD3D11RHI:    0. 'NVIDIA GeForce GTX 1060 6GB' (Feature Level 11_0)
[2018.02.28-10.02.22:823][  0]LogD3D11RHI:       6061/0/8162 MB DedicatedVideo/DedicatedSystem/SharedSystem, Outputs:1, VendorId:0x10de
[2018.02.28-10.02.22:824][  0]LogD3D11RHI:    1. 'Microsoft Basic Render Driver' (Feature Level 11_0)
[2018.02.28-10.02.22:824][  0]LogD3D11RHI:       0/0/8162 MB DedicatedVideo/DedicatedSystem/SharedSystem, Outputs:0, VendorId:0x1414
[2018.02.28-10.02.22:824][  0]LogD3D11RHI: Chosen D3D11 Adapter: 0
[2018.02.28-10.02.22:828][  0]LogD3D11RHI: Creating new Direct3DDevice
[2018.02.28-10.02.22:828][  0]LogD3D11RHI:     GPU DeviceId: 0x1c03 (for the marketing name, search the web for "GPU Device Id")
[2018.02.28-10.02.22:828][  0]LogWindows: EnumDisplayDevices:
[2018.02.28-10.02.22:828][  0]LogWindows:    0. 'NVIDIA GeForce GTX 1060 6GB' (P:1 D:1)
[2018.02.28-10.02.22:828][  0]LogWindows:    1. 'NVIDIA GeForce GTX 1060 6GB' (P:0 D:0)
[2018.02.28-10.02.22:828][  0]LogWindows:    2. 'NVIDIA GeForce GTX 1060 6GB' (P:0 D:0)
[2018.02.28-10.02.22:828][  0]LogWindows:    3. 'NVIDIA GeForce GTX 1060 6GB' (P:0 D:0)
[2018.02.28-10.02.22:828][  0]LogWindows: DebugString: GetVideoDriverDetailsInvalid PrimaryIsNotTheChoosenAdapter GetVideoDriverDetailsInvalid PrimaryIsNotTheChoosenAdapter GetVideoDriverDetailsInvalid PrimaryIsNotTheChoosenAdapter GetVideoDriverDetailsInvalid PrimaryIsNotTheChoosenAdapter FoundDriverCount:0 
[2018.02.28-10.02.22:828][  0]LogD3D11RHI:     Adapter Name: NVIDIA GeForce GTX 1060 6GB
[2018.02.28-10.02.22:828][  0]LogD3D11RHI:   Driver Version: Unknown (internal:Unknown, unified:Unknown)
[2018.02.28-10.02.22:828][  0]LogD3D11RHI:      Driver Date: Unknown
[2018.02.28-10.02.22:828][  0]LogRHI: Texture pool is 1361 MB (70% of 1945 MB)
[2018.02.28-10.02.22:849][  0]LogD3D11RHI: Async texture creation enabled
[2018.02.28-10.02.22:858][  0]LogD3D11RHI: GPU Timing Frequency: 1000.000000 (Debug: 2 1)
[2018.02.28-10.02.22:907][  0]LogShaderCompilers: Guid format shader working directory is -26 characters bigger than the processId version (C:/Users/MikeyTBS/Documents/GitHub/Group-E-Ass2-Game/PeterIsTheCaptain V0.2/Intermediate/Shaders/WorkingDirectory/9404/).
[2018.02.28-10.02.22:907][  0]LogShaderCompilers: Cleaned the shader compiler working directory 'C:/Users/MikeyTBS/AppData/Local/Temp/UnrealShaderWorkingDir/BDA73AF14410FD5879877A806056830F/'.
[2018.02.28-10.02.22:907][  0]LogShaderCompilers:Display: Using Local Shader Compiler.
[2018.02.28-10.02.25:956][  0]LogTemp:Display: Loaded TP AllDesktopTargetPlatform
[2018.02.28-10.02.25:985][  0]LogTemp:Display: Loaded TP MacClientTargetPlatform
[2018.02.28-10.02.26:013][  0]LogTemp:Display: Loaded TP MacNoEditorTargetPlatform
[2018.02.28-10.02.26:042][  0]LogTemp:Display: Loaded TP MacServerTargetPlatform
[2018.02.28-10.02.26:130][  0]LogTemp:Display: Loaded TP MacTargetPlatform
[2018.02.28-10.02.26:200][  0]LogTemp:Display: Loaded TP WindowsClientTargetPlatform
[2018.02.28-10.02.26:229][  0]LogTemp:Display: Loaded TP WindowsNoEditorTargetPlatform
[2018.02.28-10.02.26:257][  0]LogTemp:Display: Loaded TP WindowsServerTargetPlatform
[2018.02.28-10.02.26:286][  0]LogTemp:Display: Loaded TP WindowsTargetPlatform
[2018.02.28-10.02.26:404][  0]LogTemp:Display: Loaded TP AndroidTargetPlatform
[2018.02.28-10.02.26:447][  0]LogTemp:Display: Loaded TP Android_ASTCTargetPlatform
[2018.02.28-10.02.26:475][  0]LogTemp:Display: Loaded TP Android_ATCTargetPlatform
[2018.02.28-10.02.26:503][  0]LogTemp:Display: Loaded TP Android_DXTTargetPlatform
[2018.02.28-10.02.26:532][  0]LogTemp:Display: Loaded TP Android_ETC1TargetPlatform
[2018.02.28-10.02.26:559][  0]LogTemp:Display: Loaded TP Android_ETC2TargetPlatform
[2018.02.28-10.02.26:615][  0]LogTemp:Display: Loaded TP Android_MultiTargetPlatform
[2018.02.28-10.02.26:615][  0]LogTemp:Display: Loaded TP Android_PVRTCTargetPlatform
[2018.02.28-10.02.26:635][  0]LogTemp:Display: Loaded TP HTML5TargetPlatform
[2018.02.28-10.02.26:894][  0]LogTemp:Display: Loaded TP IOSTargetPlatform
[2018.02.28-10.02.26:912][  0]LogTemp:Display: Loaded TP TVOSTargetPlatform
[2018.02.28-10.02.26:940][  0]LogTemp:Display: Loaded TP LinuxClientTargetPlatform
[2018.02.28-10.02.26:969][  0]LogTemp:Display: Loaded TP LinuxNoEditorTargetPlatform
[2018.02.28-10.02.26:997][  0]LogTemp:Display: Loaded TP LinuxServerTargetPlatform
[2018.02.28-10.02.27:038][  0]LogTemp:Display: Loaded TP LinuxTargetPlatform
[2018.02.28-10.02.27:038][  0]LogTargetPlatformManager:Display: Building Assets For Windows
[2018.02.28-10.02.29:109][  0]LogDerivedDataCache:Display: Max Cache Size: 512 MB
[2018.02.28-10.02.29:393][  0]LogDerivedDataCache: Loaded boot cache 0.28s 90MB C:/Users/MikeyTBS/AppData/Local/UnrealEngine/4.16/DerivedDataCache/Boot.ddc.
[2018.02.28-10.02.29:393][  0]LogDerivedDataCache:Display: Loaded Boot cache: C:/Users/MikeyTBS/AppData/Local/UnrealEngine/4.16/DerivedDataCache/Boot.ddc
[2018.02.28-10.02.29:393][  0]LogDerivedDataCache: FDerivedDataBackendGraph:  Pak pak cache file C:/Users/MikeyTBS/Documents/GitHub/Group-E-Ass2-Game/PeterIsTheCaptain V0.2/DerivedDataCache/DDC.ddp not found, will not use a pak cache.
[2018.02.28-10.02.29:393][  0]LogDerivedDataCache: Unable to find inner node Pak for hierarchical cache Hierarchy.
[2018.02.28-10.02.29:393][  0]LogDerivedDataCache: FDerivedDataBackendGraph:  CompressedPak pak cache file C:/Users/MikeyTBS/Documents/GitHub/Group-E-Ass2-Game/PeterIsTheCaptain V0.2/DerivedDataCache/Compressed.ddp not found, will not use a pak cache.
[2018.02.28-10.02.29:393][  0]LogDerivedDataCache: Unable to find inner node CompressedPak for hierarchical cache Hierarchy.
[2018.02.28-10.02.29:524][  0]LogDerivedDataCache:Display: Pak cache opened for reading ../../../Engine/DerivedDataCache/Compressed.ddp.
[2018.02.28-10.02.29:537][  0]LogDerivedDataCache: Using Local data cache path C:/Users/MikeyTBS/AppData/Local/UnrealEngine/Common/DerivedDataCache: Writable
[2018.02.28-10.02.29:550][  0]LogMaterial: Verifying Global Shaders for PCD3D_SM5
[2018.02.28-10.02.29:551][  0]LogSlate: Using Freetype 2.6.0
[2018.02.28-10.02.29:679][  0]LogSlate: SlateFontCache - WITH_FREETYPE: 1, WITH_HARFBUZZ: 1
[2018.02.28-10.02.29:679][  0]LogSlate: SlateFontCache - WITH_FREETYPE: 1, WITH_HARFBUZZ: 1
[2018.02.28-10.02.40:110][  0]LogInit: Selected Device Profile: [Windows]
[2018.02.28-10.02.40:610][  0]LogContentStreaming: Texture pool size is 0.00 MB
[2018.02.28-10.02.41:199][  0]LogMeshUtilities: Using QuadricMeshReduction for automatic static mesh reduction
[2018.02.28-10.02.41:385][  0]LogSimplygon: Simplygon DLL not present - disabling.
[2018.02.28-10.02.41:472][  0]LogMeshUtilities: Using SimplygonSwarm for distributed automatic mesh merging
[2018.02.28-10.02.41:472][  0]LogMeshUtilities: No automatic skeletal mesh reduction module available
[2018.02.28-10.02.41:472][  0]LogMeshUtilities: No automatic mesh merging module available
[2018.02.28-10.02.45:613][  0]LogNetVersion: PeterIsTheCaptain , NetCL: 3452394, EngineNetVer: 2, GameNetVer: 0 (Checksum: 1858553666)
[2018.02.28-10.02.45:977][  0]LogAssetRegistry: FAssetRegistry took 0.0273 seconds to start up
[2018.02.28-10.02.46:105][  0]LogPackageLocalizationCache: Processed 4 localized package path(s) for 2 prioritized culture(s) in 0.115842 seconds
[2018.02.28-10.02.46:116][  0]LogUObjectArray: 34194 objects as part of root set at end of initial load.
[2018.02.28-10.02.46:116][  0]LogUObjectAllocator: 7260416 out of 0 bytes used by permanent object pool.
[2018.02.28-10.02.46:116][  0]LogUObjectArray: CloseDisregardForGC: 0/0 objects in disregard for GC pool
[2018.02.28-10.02.46:163][  0]LogInit: WinSock: version 1.1 (2.2), MaxSocks=32767, MaxUdp=65467
[2018.02.28-10.03.19:948][  0]LogTcpMessaging: Initializing TcpMessaging bridge
[2018.02.28-10.03.20:048][  0]LogUdpMessaging: Initializing bridge on interface 0.0.0.0:0 to multicast group 230.0.0.1:6666.
[2018.02.28-10.03.21:799][  0]LogMaterial: Uniform references updated for custom material expression Custom.
[2018.02.28-10.03.22:324][  0]SourceControl: Info Source control is disabled
[2018.02.28-10.03.22:325][  0]SourceControl: Info Source control is disabled
[2018.02.28-10.03.22:460][  0]SourceControl: Info Source control is disabled
[2018.02.28-10.03.22:530][  0]SourceControl: Info Source control is disabled
[2018.02.28-10.03.24:229][  0]LogAndroidPermission: UAndroidPermissionCallbackProxy::GetInstance
[2018.02.28-10.03.25:267][  0]LogEngine: Initializing Engine...
[2018.02.28-10.03.25:268][  0]LogHMD: Failed to initialize OpenVR with code 110
[2018.02.28-10.03.25:468][  0]LogStats: UGameplayTagsManager::ConstructGameplayTagTree: Construct from data asset -  0.000 s
[2018.02.28-10.03.25:468][  0]LogStats: UGameplayTagsManager::ConstructGameplayTagTree: GameplayTagTreeChangedEvent.Broadcast -  0.000 s
[2018.02.28-10.03.25:600][  0]LogAIModule: Creating AISystem for world Untitled
[2018.02.28-10.03.25:611][  0]LogInit: XAudio2 using 'Speakers (High Definition Audio Device)' : 2 channels at 48 kHz using 16 bits per sample (channel mask 0x3)
[2018.02.28-10.03.25:622][  0]LogInit: FAudioDevice initialized.
[2018.02.28-10.03.25:630][  0]LogDerivedDataCache:Error: Could not save memory cache C:/Users/MikeyTBS/AppData/Local/UnrealEngine/4.16/DerivedDataCache/Boot.ddc.
[2018.02.28-10.03.25:636][  0]LogInit: Texture streaming: Enabled
[2018.02.28-10.03.25:824][  0]LogEngineSessionManager: EngineSessionManager initialized
[2018.02.28-10.03.26:827][  0]LogInit: Transaction tracking system initialized
[2018.02.28-10.03.27:158][  0]BlueprintLog: New page: Editor Load
[2018.02.28-10.03.29:187][  0]LocalizationService: Info Localization service is disabled
[2018.02.28-10.03.30:978][  0]LogConsoleResponse:Display: 
[2018.02.28-10.03.31:975][  0]LogCook:Display: Max memory allowance for cook 16384mb min free memory 0mb
[2018.02.28-10.03.31:975][  0]LogCook:Display: Mobile HDR setting 1
[2018.02.28-10.03.32:640][  0]LogFileCache: Scanning file cache for directory 'C:/Users/MikeyTBS/Documents/GitHub/Group-E-Ass2-Game/PeterIsTheCaptain V0.2/Content/' took 0.02s
[2018.02.28-10.03.36:802][  0]SourceControl: Info Source control is disabled
[2018.02.28-10.03.36:803][  0]Cmd: MAP LOAD FILE="C:/Users/MikeyTBS/Documents/GitHub/Group-E-Ass2-Game/PeterIsTheCaptain V0.2/Content/Levels/MainMenu.umap" TEMPLATE=0 SHOWPROGRESS=1 FEATURELEVEL=3
[2018.02.28-10.03.36:803][  0]LightingResults: New page: Lighting Build
[2018.02.28-10.03.36:828][  0]MapCheck: New page: Map Check
[2018.02.28-10.03.36:828][  0]LightingResults: New page: Lighting Build
[2018.02.28-10.03.36:866][  0]LogAIModule: Creating AISystem for world MainMenu
[2018.02.28-10.03.36:867][  0]LogEditorServer: Finished looking for orphan Actors (0.000 secs)
[2018.02.28-10.03.36:873][  0]Cmd: MAP CHECKDEP NOCLEARLOG
[2018.02.28-10.03.36:900][  0]MapCheck: Info Map check complete: 0 Error(s), 0 Warning(s), took 26.465ms to complete.
[2018.02.28-10.03.36:900][  0]LogFileHelpers: Loading map 'MainMenu' took 0.097
[2018.02.28-10.03.37:502][  0]LogCollectionManager: Loaded 0 collections in 0.001186 seconds
[2018.02.28-10.03.37:609][  0]LogFileCache: Scanning file cache for directory 'C:/Users/MikeyTBS/Documents/GitHub/Group-E-Ass2-Game/PeterIsTheCaptain V0.2/Saved/Collections/' took 0.01s
[2018.02.28-10.03.37:609][  0]LogFileCache: Scanning file cache for directory 'C:/Users/MikeyTBS/Documents/GitHub/Group-E-Ass2-Game/PeterIsTheCaptain V0.2/Content/Developers/MikeyTBS/Collections/' took 0.01s
[2018.02.28-10.03.37:609][  0]LogFileCache: Scanning file cache for directory 'C:/Users/MikeyTBS/Documents/GitHub/Group-E-Ass2-Game/PeterIsTheCaptain V0.2/Content/Collections/' took 0.01s
[2018.02.28-10.03.37:609][  0]LogCollectionManager: Rebuilt the GUID cache for 0 collections in 0.000008 seconds
[2018.02.28-10.03.37:618][  0]LogContentBrowser: Native class hierarchy populated in 0.0090 seconds. Added 2329 classes and 491 folders.
[2018.02.28-10.03.37:658][  0]LogContentBrowser: Native class hierarchy updated for 'WidgetCarousel' in 0.0004 seconds. Added 0 classes and 0 folders.
[2018.02.28-10.03.44:279][  0]LogContentBrowser: Native class hierarchy updated for 'AddContentDialog' in 0.0009 seconds. Added 0 classes and 0 folders.
[2018.02.28-10.03.44:488][  0]LogContentBrowser: Native class hierarchy updated for 'SceneOutliner' in 0.0010 seconds. Added 1 classes and 2 folders.
[2018.02.28-10.03.44:682][  0]LogCrashTracker: Crashtracker disabled due to settings.
[2018.02.28-10.03.44:764][  0]LogSlate: Took 0.076239 seconds to synchronously load lazily loaded font '../../../Engine/Content/Slate/Fonts/Roboto-Regular.ttf' (155K)
[2018.02.28-10.03.44:794][  0]LogSlate: Took 0.028980 seconds to synchronously load lazily loaded font '../../../Engine/Content/Slate/Fonts/Roboto-Bold.ttf' (160K)
[2018.02.28-10.03.44:817][  0]LogSlate: Took 0.019158 seconds to synchronously load lazily loaded font '../../../Engine/Content/Editor/Slate/Fonts/FontAwesome.ttf' (139K)
[2018.02.28-10.03.45:072][  0]LogRenderer: Reallocating scene render targets to support 1120x576 NumSamples 1 (Frame:1).
[2018.02.28-10.03.45:178][  0]LogUObjectGlobals:Warning: Failed to find object 'Class None.'
[2018.02.28-10.03.45:412][  0]LogContentBrowser: Native class hierarchy updated for 'HierarchicalLODOutliner' in 0.0004 seconds. Added 1 classes and 2 folders.
[2018.02.28-10.03.45:412][  0]LogLoad: (Engine Initialization) Total time: 102.84 seconds
[2018.02.28-10.03.45:412][  0]LogLoad: (Engine Initialization) Total Blueprint compile time: 0.24 seconds
[2018.02.28-10.03.45:412][  0]LogExternalProfiler: Found external profiler: VSPerf
[2018.02.28-10.03.45:412][  0]LogExternalProfiler: Using external profiler: VSPerf
[2018.02.28-10.03.45:751][  0]LogOcInput: OculusInput pre-init called
[2018.02.28-10.03.45:751][  0]LogHMD: Starting GearVRController plugin
[2018.02.28-10.03.45:765][  0]LogAssetRegistry: Asset discovery search completed in 59.8091 seconds
[2018.02.28-10.03.45:766][  0]LogCollectionManager: Rebuilt the object cache for 0 collections in 0.000000 seconds (found 0 objects)
[2018.02.28-10.03.45:766][  0]LogCollectionManager: Fixed up redirectors for 0 collections in 0.000025 seconds (updated 0 objects)
[2018.02.28-10.03.45:766][  0]LogContentStreaming: Texture pool size now 1000 MB
[2018.02.28-10.03.45:845][  0]LogSlate: Took 0.046644 seconds to synchronously load lazily loaded font '../../../Engine/Content/Slate/Fonts/Roboto-Light.ttf' (159K)
[2018.02.28-10.03.46:752][  3]LogSlate: Took 0.000158 seconds to synchronously load lazily loaded font '../../../Engine/Content/Slate/Fonts/Roboto-Light.ttf' (159K)
[2018.02.28-10.04.04:407][ 64]LogSlate: Took 0.000111 seconds to synchronously load lazily loaded font '../../../Engine/Content/Slate/Fonts/Roboto-Light.ttf' (159K)
[2018.02.28-10.04.04:597][ 64]LogTexture:Display: Building textures: ninja-pixilart (AutoDXT, 136X84)
[2018.02.28-10.04.04:638][ 64]LogAIModule: Creating AISystem for world Map1
[2018.02.28-10.04.04:659][ 64]Cmd: MAP LOAD FILE="C:/Users/MikeyTBS/Documents/GitHub/Group-E-Ass2-Game/PeterIsTheCaptain V0.2/Content/Maps/Map1.umap" TEMPLATE=0 SHOWPROGRESS=1 FEATURELEVEL=3
[2018.02.28-10.04.04:659][ 64]LightingResults: New page: Lighting Build
[2018.02.28-10.04.04:660][ 64]LoadErrors: New page: Loading map: Map1.umap
[2018.02.28-10.04.04:660][ 64]MapCheck: New page: Map Check
[2018.02.28-10.04.04:660][ 64]LightingResults: New page: Lighting Build
[2018.02.28-10.04.04:701][ 64]LogEditorServer: Finished looking for orphan Actors (0.000 secs)
[2018.02.28-10.04.04:734][ 64]Cmd: MAP CHECKDEP NOCLEARLOG
[2018.02.28-10.04.04:761][ 64]MapCheck: Info Map check complete: 0 Error(s), 0 Warning(s), took 27.258ms to complete.
[2018.02.28-10.04.04:761][ 64]LogFileHelpers: Loading map 'Map1' took 0.103
[2018.02.28-10.04.28:606][905]LogTemp: Repeting last play command: Selected Viewport
[2018.02.28-10.04.28:656][905]LogBlueprintUserMessages: Early PlayInEditor Detection: Level '/Game/Maps/Map1.Map1:PersistentLevel' has LevelScriptBlueprint '/Game/Maps/Map1.Map1:PersistentLevel.Map1' with GeneratedClass '/Game/Maps/Map1.Map1_C' with ClassGeneratedBy '/Game/Maps/Map1.Map1:PersistentLevel.Map1'
[2018.02.28-10.04.28:656][905]LogPlayLevel: PlayLevel: No blueprints needed recompiling
[2018.02.28-10.04.28:656][905]PIE: New page: PIE session: Map1 (28 Feb 2018 10:04:28)
[2018.02.28-10.04.28:656][905]LogPlayLevel: Creating play world package: /Game/Maps/UEDPIE_0_Map1
[2018.02.28-10.04.28:666][905]LogPlayLevel: PIE: StaticDuplicateObject took: (0.009719s)
[2018.02.28-10.04.28:666][905]LogAIModule: Creating AISystem for world Map1
[2018.02.28-10.04.28:666][905]LogPlayLevel: PIE: World Init took: (0.000570s)
[2018.02.28-10.04.28:667][905]LogPlayLevel: PIE: Created PIE world by copying editor world from /Game/Maps/Map1.Map1 to /Game/Maps/UEDPIE_0_Map1.Map1 (0.010459s)
[2018.02.28-10.04.28:676][905]LogInit: XAudio2 using 'Speakers (High Definition Audio Device)' : 2 channels at 48 kHz using 16 bits per sample (channel mask 0x3)
[2018.02.28-10.04.28:681][905]LogInit: FAudioDevice initialized.
[2018.02.28-10.04.28:720][905]LogLoad: Game class is 'GameMode'
[2018.02.28-10.04.28:723][905]LogWorld: Bringing World /Game/Maps/UEDPIE_0_Map1.Map1 up for play (max tick rate 0) at 2018.02.28-10.04.28
[2018.02.28-10.04.28:724][905]LogWorld: Bringing up level for play took: 0.002035
[2018.02.28-10.04.28:746][905]LogContentBrowser: Native class hierarchy updated for 'MovieSceneCapture' in 0.0004 seconds. Added 11 classes and 0 folders.
[2018.02.28-10.04.28:746][905]LogGameMode:Display: Match State Changed from EnteringMap to WaitingToStart
[2018.02.28-10.04.28:746][905]LogGameState: Match State Changed from EnteringMap to WaitingToStart
[2018.02.28-10.04.28:747][905]LogGameMode:Display: Match State Changed from WaitingToStart to InProgress
[2018.02.28-10.04.28:748][905]LogGameState: Match State Changed from WaitingToStart to InProgress
[2018.02.28-10.04.28:749][905]PIE: Info Play in editor start time for /Game/Maps/UEDPIE_0_Map1 0.705
[2018.02.28-10.04.28:749][905]LogBlueprintUserMessages: Late PlayInEditor Detection: Level '/Game/Maps/Map1.Map1:PersistentLevel' has LevelScriptBlueprint '/Game/Maps/Map1.Map1:PersistentLevel.Map1' with GeneratedClass '/Game/Maps/Map1.Map1_C' with ClassGeneratedBy '/Game/Maps/Map1.Map1:PersistentLevel.Map1'
[2018.02.28-10.04.53:049][819]LogGameMode:Display: Match State Changed from InProgress to LeavingMap
[2018.02.28-10.04.53:049][819]LogGameState: Match State Changed from InProgress to LeavingMap
[2018.02.28-10.04.53:049][819]LogNet: Browse: /Game/Levels/Pacman_minigame
[2018.02.28-10.04.53:049][819]LogLoad: LoadMap: /Game/Levels/Pacman_minigame
[2018.02.28-10.04.53:058][819]Cmd: MEM
[2018.02.28-10.04.53:064][819]LogMemory: Platform Memory Stats for Windows
[2018.02.28-10.04.53:064][819]LogMemory: Process Physical Memory: 1018.04 MB used, 1128.71 MB peak
[2018.02.28-10.04.53:064][819]LogMemory: Process Virtual Memory: 1434.88 MB used, 1449.46 MB peak
[2018.02.28-10.04.53:064][819]LogMemory: Physical Memory: 6675.04 MB used,  9649.12 MB free, 16324.16 MB total
[2018.02.28-10.04.53:064][819]LogMemory: Virtual Memory: 2355.45 MB used,  9649.12 MB free, 134217728.00 MB total
[2018.02.28-10.04.53:064][819]LogMemory: 
[2018.02.28-10.04.53:064][819]Allocator Stats for TBB: (not implemented)
[2018.02.28-10.04.53:118][819]LogTexture:Display: Building textures: 32x32 (BGRA8, 32X32)
[2018.02.28-10.04.53:118][819]LogTexture:Display: Building textures: wall-pixilart (BGRA8, 128X128)
[2018.02.28-10.04.53:119][819]LogTexture:Display: Building textures: black (BGRA8, 128X128)
[2018.02.28-10.04.53:128][819]LogTexture:Display: Building textures: orange-pixilart (BGRA8, 128X128)
[2018.02.28-10.04.53:130][819]LogTexture:Display: Building textures: ani_006 (BGRA8, 85X107)
[2018.02.28-10.04.53:135][819]LogTexture:Display: Building textures: ani_005 (BGRA8, 85X107)
[2018.02.28-10.04.53:135][819]LogTexture:Display: Building textures: ani_004 (BGRA8, 85X107)
[2018.02.28-10.04.53:136][819]LogTexture:Display: Building textures: ani_003 (BGRA8, 85X107)
[2018.02.28-10.04.53:137][819]LogTexture:Display: Building textures: ani_002 (BGRA8, 85X107)
[2018.02.28-10.04.53:138][819]LogTexture:Display: Building textures: ani_001 (BGRA8, 85X107)
[2018.02.28-10.04.53:138][819]LogTexture:Display: Building textures: ani_000 (BGRA8, 85X107)
[2018.02.28-10.04.53:599][819]LogAIModule: Creating AISystem for world Pacman_minigame
[2018.02.28-10.04.53:599][819]LogLoad: Game class is 'GameMode'
[2018.02.28-10.04.53:618][819]LogWorld: Bringing World /Game/Levels/UEDPIE_0_Pacman_minigame.Pacman_minigame up for play (max tick rate 0) at 2018.02.28-10.04.53
[2018.02.28-10.04.53:619][819]LogWorld: Bringing up level for play took: 0.018910
[2018.02.28-10.04.53:619][819]LogGameMode: FindPlayerStart: PATHS NOT DEFINED or NO PLAYERSTART with positive rating
[2018.02.28-10.04.53:619][819]LogGameMode:Display: Match State Changed from EnteringMap to WaitingToStart
[2018.02.28-10.04.53:619][819]LogGameState: Match State Changed from EnteringMap to WaitingToStart
[2018.02.28-10.04.53:619][819]LogGameMode:Display: Match State Changed from WaitingToStart to InProgress
[2018.02.28-10.04.53:620][819]LogGameState: Match State Changed from WaitingToStart to InProgress
[2018.02.28-10.04.53:620][819]LogLoad: Took 0.570305 seconds to LoadMap(/Game/Levels/Pacman_minigame)
[2018.02.28-10.04.53:631][820]LogBlueprintUserMessages: [MingameChar_C_0] 1
[2018.02.28-10.04.54:530][928]LogBlueprintUserMessages: [MingameChar_C_0] 2
[2018.02.28-10.04.54:888][971]LogBlueprintUserMessages: [MingameChar_C_0] 3
[2018.02.28-10.04.55:313][ 22]LogBlueprintUserMessages: [MingameChar_C_0] 4
[2018.02.28-10.04.55:538][ 49]LogBlueprintUserMessages: [MingameChar_C_0] 5
[2018.02.28-10.04.55:746][ 74]LogBlueprintUserMessages: [MingameChar_C_0] 6
[2018.02.28-10.04.55:963][100]LogBlueprintUserMessages: [MingameChar_C_0] 7
[2018.02.28-10.04.56:172][125]LogBlueprintUserMessages: [MingameChar_C_0] 8
[2018.02.28-10.04.56:364][148]LogBlueprintUserMessages: Early EndPlayMap Detection: Level '/Game/Maps/Map1.Map1:PersistentLevel' has LevelScriptBlueprint '/Game/Maps/Map1.Map1:PersistentLevel.Map1' with GeneratedClass '/Game/Maps/Map1.Map1_C' with ClassGeneratedBy '/Game/Maps/Map1.Map1:PersistentLevel.Map1'
[2018.02.28-10.04.56:391][148]LogBlueprintUserMessages: Late EndPlayMap Detection: Level '/Game/Maps/Map1.Map1:PersistentLevel' has LevelScriptBlueprint '/Game/Maps/Map1.Map1:PersistentLevel.Map1' with GeneratedClass '/Game/Maps/Map1.Map1_C' with ClassGeneratedBy '/Game/Maps/Map1.Map1:PersistentLevel.Map1'
[2018.02.28-10.04.57:896][325]LogLinker:Warning: Can't find file '/Game/Maps/Map2_BuiltData'
[2018.02.28-10.04.57:896][325]LogLinker:Warning: Can't find file for asset '/Game/Maps/Map2_BuiltData' while loading C:/Users/MikeyTBS/Documents/GitHub/Group-E-Ass2-Game/PeterIsTheCaptain V0.2/Content/Maps/Map2.umap.
[2018.02.28-10.04.57:896][325]LoadErrors:Error: Error /Game/Maps/Map2 : Can't find file for asset. /Game/Maps/Map2_BuiltData
[2018.02.28-10.04.57:899][325]LogLinker:Warning: Can't find file '/Game/Maps/Map2_BuiltData'
[2018.02.28-10.04.57:899][325]LogLinker:Warning: Can't find file for asset '/Game/Maps/Map2_BuiltData' while loading C:/Users/MikeyTBS/Documents/GitHub/Group-E-Ass2-Game/PeterIsTheCaptain V0.2/Content/Maps/Map2.umap.
[2018.02.28-10.04.57:901][325]LogLinker:Warning: Can't find file '/Game/Maps/Map2_BuiltData'
[2018.02.28-10.04.57:901][325]LogLinker:Warning: Can't find file for asset '/Game/Maps/Map2_BuiltData' while loading NULL.
[2018.02.28-10.04.57:901][325]LogLinker:Warning: Can't find file '/Game/Maps/Map2_BuiltData'
[2018.02.28-10.04.57:901][325]LogLinker:Warning: Can't find file for asset '/Game/Maps/Map2_BuiltData' while loading NULL.
[2018.02.28-10.04.57:916][325]LogLinker:Warning: Can't find file '/Game/Maps/Map2_BuiltData'
[2018.02.28-10.04.57:916][325]LoadErrors: Info Failed to load /Game/Maps/Map2_BuiltData.Map2_BuiltData Referenced by PersistentLevel
[2018.02.28-10.04.57:916][325]LogLinker:Warning: Can't find file for asset '/Game/Maps/Map2_BuiltData' while loading NULL.
[2018.02.28-10.04.57:926][325]LogAIModule: Creating AISystem for world Map2
[2018.02.28-10.04.57:940][325]Cmd: MAP LOAD FILE="C:/Users/MikeyTBS/Documents/GitHub/Group-E-Ass2-Game/PeterIsTheCaptain V0.2/Content/Maps/Map2.umap" TEMPLATE=0 SHOWPROGRESS=1 FEATURELEVEL=3
[2018.02.28-10.04.57:940][325]LightingResults: New page: Lighting Build
[2018.02.28-10.04.57:940][325]LoadErrors: New page: Loading map: Map2.umap
[2018.02.28-10.04.57:941][325]MapCheck: New page: Map Check
[2018.02.28-10.04.57:941][325]LightingResults: New page: Lighting Build
[2018.02.28-10.04.57:991][325]LogEditorServer: Finished looking for orphan Actors (0.000 secs)
[2018.02.28-10.04.58:025][325]Cmd: MAP CHECKDEP NOCLEARLOG
[2018.02.28-10.04.58:053][325]MapCheck: Info Map check complete: 0 Error(s), 0 Warning(s), took 28.262ms to complete.
[2018.02.28-10.04.58:054][325]LogFileHelpers: Loading map 'Map2' took 0.114
[2018.02.28-10.05.10:457][781]LogEditorViewport: Clicking on Actor (LMB): AI_BP_C (AI_BP3)
[2018.02.28-10.05.31:603][179]LogTemp: Repeting last play command: Selected Viewport
[2018.02.28-10.05.31:619][179]LogBlueprintUserMessages: Early PlayInEditor Detection: Level '/Game/Maps/Map2.Map2:PersistentLevel' has LevelScriptBlueprint '/Game/Maps/Map2.Map2:PersistentLevel.Map2' with GeneratedClass '/Game/Maps/Map2.Map2_C' with ClassGeneratedBy '/Game/Maps/Map2.Map2:PersistentLevel.Map2'
[2018.02.28-10.05.31:619][179]LogPlayLevel: PlayLevel: No blueprints needed recompiling
[2018.02.28-10.05.31:619][179]PIE: New page: PIE session: Map2 (28 Feb 2018 10:05:31)
[2018.02.28-10.05.31:619][179]LogPlayLevel: Creating play world package: /Game/Maps/UEDPIE_0_Map2
[2018.02.28-10.05.31:629][179]LogPlayLevel: PIE: StaticDuplicateObject took: (0.010539s)
[2018.02.28-10.05.31:630][179]LogAIModule: Creating AISystem for world Map2
[2018.02.28-10.05.31:630][179]LogPlayLevel: PIE: World Init took: (0.000426s)
[2018.02.28-10.05.31:630][179]LogPlayLevel: PIE: Created PIE world by copying editor world from /Game/Maps/Map2.Map2 to /Game/Maps/UEDPIE_0_Map2.Map2 (0.011099s)
[2018.02.28-10.05.31:639][179]LogInit: XAudio2 using 'Speakers (High Definition Audio Device)' : 2 channels at 48 kHz using 16 bits per sample (channel mask 0x3)
[2018.02.28-10.05.31:644][179]LogInit: FAudioDevice initialized.
[2018.02.28-10.05.31:671][179]LogLoad: Game class is 'GameMode'
[2018.02.28-10.05.31:673][179]LogWorld: Bringing World /Game/Maps/UEDPIE_0_Map2.Map2 up for play (max tick rate 0) at 2018.02.28-10.05.31
[2018.02.28-10.05.31:673][179]LogWorld: Bringing up level for play took: 0.001779
[2018.02.28-10.05.31:674][179]LogGameMode:Display: Match State Changed from EnteringMap to WaitingToStart
[2018.02.28-10.05.31:674][179]LogGameState: Match State Changed from EnteringMap to WaitingToStart
[2018.02.28-10.05.31:674][179]LogGameMode:Display: Match State Changed from WaitingToStart to InProgress
[2018.02.28-10.05.31:675][179]LogGameState: Match State Changed from WaitingToStart to InProgress
[2018.02.28-10.05.31:675][179]PIE: Info Play in editor start time for /Game/Maps/UEDPIE_0_Map2 -0.368
[2018.02.28-10.05.31:675][179]LogBlueprintUserMessages: Late PlayInEditor Detection: Level '/Game/Maps/Map2.Map2:PersistentLevel' has LevelScriptBlueprint '/Game/Maps/Map2.Map2:PersistentLevel.Map2' with GeneratedClass '/Game/Maps/Map2.Map2_C' with ClassGeneratedBy '/Game/Maps/Map2.Map2:PersistentLevel.Map2'
[2018.02.28-10.06.06:798][393]LogBlueprintUserMessages: [AI_BP2_995] You have dead
[2018.02.28-10.06.07:549][483]LogBlueprintUserMessages: Early EndPlayMap Detection: Level '/Game/Maps/Map2.Map2:PersistentLevel' has LevelScriptBlueprint '/Game/Maps/Map2.Map2:PersistentLevel.Map2' with GeneratedClass '/Game/Maps/Map2.Map2_C' with ClassGeneratedBy '/Game/Maps/Map2.Map2:PersistentLevel.Map2'
[2018.02.28-10.06.07:599][483]LogBlueprintUserMessages: Late EndPlayMap Detection: Level '/Game/Maps/Map2.Map2:PersistentLevel' has LevelScriptBlueprint '/Game/Maps/Map2.Map2:PersistentLevel.Map2' with GeneratedClass '/Game/Maps/Map2.Map2_C' with ClassGeneratedBy '/Game/Maps/Map2.Map2:PersistentLevel.Map2'
[2018.02.28-10.06.09:551][713]LogEditorViewport: Clicking on Actor (context menu): StaticMeshActor (Cube)
[2018.02.28-10.06.11:093][879]LogEditorViewport: Clicking on Actor (LMB): StaticMeshActor (Cube)
[2018.02.28-10.06.16:124][468]LogAIModule: Creating AISystem for world Map3
[2018.02.28-10.06.16:133][468]Cmd: MAP LOAD FILE="C:/Users/MikeyTBS/Documents/GitHub/Group-E-Ass2-Game/PeterIsTheCaptain V0.2/Content/Maps/Map3.umap" TEMPLATE=0 SHOWPROGRESS=1 FEATURELEVEL=3
[2018.02.28-10.06.16:133][468]LightingResults: New page: Lighting Build
[2018.02.28-10.06.16:134][468]LoadErrors: New page: Loading map: Map3.umap
[2018.02.28-10.06.16:134][468]MapCheck: New page: Map Check
[2018.02.28-10.06.16:134][468]LightingResults: New page: Lighting Build
[2018.02.28-10.06.16:186][468]LogEditorServer: Finished looking for orphan Actors (0.000 secs)
[2018.02.28-10.06.16:222][468]Cmd: MAP CHECKDEP NOCLEARLOG
[2018.02.28-10.06.16:250][468]MapCheck: Info Map check complete: 0 Error(s), 0 Warning(s), took 28.43ms to complete.
[2018.02.28-10.06.16:250][468]LogFileHelpers: Loading map 'Map3' took 0.118
[2018.02.28-10.06.19:416][839]LogAIModule: Creating AISystem for world Map4
[2018.02.28-10.06.19:428][839]Cmd: MAP LOAD FILE="C:/Users/MikeyTBS/Documents/GitHub/Group-E-Ass2-Game/PeterIsTheCaptain V0.2/Content/Maps/Map4.umap" TEMPLATE=0 SHOWPROGRESS=1 FEATURELEVEL=3
[2018.02.28-10.06.19:428][839]LightingResults: New page: Lighting Build
[2018.02.28-10.06.19:428][839]LoadErrors: New page: Loading map: Map4.umap
[2018.02.28-10.06.19:429][839]MapCheck: New page: Map Check
[2018.02.28-10.06.19:429][839]LightingResults: New page: Lighting Build
[2018.02.28-10.06.19:498][839]LogEditorServer: Finished looking for orphan Actors (0.000 secs)
[2018.02.28-10.06.19:530][839]Cmd: MAP CHECKDEP NOCLEARLOG
[2018.02.28-10.06.19:558][839]MapCheck: Info Map check complete: 0 Error(s), 0 Warning(s), took 28.63ms to complete.
[2018.02.28-10.06.19:558][839]LogFileHelpers: Loading map 'Map4' took 0.131
[2018.02.28-10.06.31:985][306]LogEditorViewport: Clicking Background
[2018.02.28-10.06.43:575][688]LogAIModule: Creating AISystem for world Map1
[2018.02.28-10.06.43:586][688]Cmd: MAP LOAD FILE="C:/Users/MikeyTBS/Documents/GitHub/Group-E-Ass2-Game/PeterIsTheCaptain V0.2/Content/Maps/Map1.umap" TEMPLATE=0 SHOWPROGRESS=1 FEATURELEVEL=3
[2018.02.28-10.06.43:586][688]LightingResults: New page: Lighting Build
[2018.02.28-10.06.43:586][688]LoadErrors: New page: Loading map: Map1.umap
[2018.02.28-10.06.43:587][688]MapCheck: New page: Map Check
[2018.02.28-10.06.43:587][688]LightingResults: New page: Lighting Build
[2018.02.28-10.06.43:662][688]LogEditorServer: Finished looking for orphan Actors (0.000 secs)
[2018.02.28-10.06.43:695][688]Cmd: MAP CHECKDEP NOCLEARLOG
[2018.02.28-10.06.43:724][688]MapCheck: Info Map check complete: 0 Error(s), 0 Warning(s), took 29.07ms to complete.
[2018.02.28-10.06.43:724][688]LogFileHelpers: Loading map 'Map1' took 0.139
[2018.02.28-10.07.35:118][843]LogEditorViewport: Clicking on Actor (LMB): TargetPoint (TargetPoint6)
[2018.02.28-10.07.37:208][ 89]LogEditorViewport: Clicking on Actor (LMB): StaticMeshActor (Floor)
[2018.02.28-10.07.51:835][785]LogTemp: Repeting last play command: Selected Viewport
[2018.02.28-10.07.51:857][785]LogBlueprintUserMessages: Early PlayInEditor Detection: Level '/Game/Maps/Map1.Map1:PersistentLevel' has LevelScriptBlueprint '/Game/Maps/Map1.Map1:PersistentLevel.Map1' with GeneratedClass '/Game/Maps/Map1.Map1_C' with ClassGeneratedBy '/Game/Maps/Map1.Map1:PersistentLevel.Map1'
[2018.02.28-10.07.51:857][785]LogPlayLevel: PlayLevel: No blueprints needed recompiling
[2018.02.28-10.07.51:857][785]PIE: New page: PIE session: Map1 (28 Feb 2018 10:07:51)
[2018.02.28-10.07.51:857][785]LogPlayLevel: Creating play world package: /Game/Maps/UEDPIE_0_Map1
[2018.02.28-10.07.51:874][785]LogPlayLevel: PIE: StaticDuplicateObject took: (0.016352s)
[2018.02.28-10.07.51:874][785]LogAIModule: Creating AISystem for world Map1
[2018.02.28-10.07.51:875][785]LogPlayLevel: PIE: World Init took: (0.001281s)
[2018.02.28-10.07.51:875][785]LogPlayLevel: PIE: Created PIE world by copying editor world from /Game/Maps/Map1.Map1 to /Game/Maps/UEDPIE_0_Map1.Map1 (0.018051s)
[2018.02.28-10.07.51:891][785]LogInit: XAudio2 using 'Speakers (High Definition Audio Device)' : 2 channels at 48 kHz using 16 bits per sample (channel mask 0x3)
[2018.02.28-10.07.51:898][785]LogInit: FAudioDevice initialized.
[2018.02.28-10.07.51:933][785]LogLoad: Game class is 'GameMode'
[2018.02.28-10.07.51:937][785]LogWorld: Bringing World /Game/Maps/UEDPIE_0_Map1.Map1 up for play (max tick rate 0) at 2018.02.28-10.07.51
[2018.02.28-10.07.51:938][785]LogWorld: Bringing up level for play took: 0.003353
[2018.02.28-10.07.51:940][785]LogGameMode:Display: Match State Changed from EnteringMap to WaitingToStart
[2018.02.28-10.07.51:940][785]LogGameState: Match State Changed from EnteringMap to WaitingToStart
[2018.02.28-10.07.51:940][785]LogGameMode:Display: Match State Changed from WaitingToStart to InProgress
[2018.02.28-10.07.51:942][785]LogGameState: Match State Changed from WaitingToStart to InProgress
[2018.02.28-10.07.51:942][785]PIE: Info Play in editor start time for /Game/Maps/UEDPIE_0_Map1 -0.102
[2018.02.28-10.07.51:943][785]LogBlueprintUserMessages: Late PlayInEditor Detection: Level '/Game/Maps/Map1.Map1:PersistentLevel' has LevelScriptBlueprint '/Game/Maps/Map1.Map1:PersistentLevel.Map1' with GeneratedClass '/Game/Maps/Map1.Map1_C' with ClassGeneratedBy '/Game/Maps/Map1.Map1:PersistentLevel.Map1'
[2018.02.28-10.08.01:249][899]LogBlueprintUserMessages: Early EndPlayMap Detection: Level '/Game/Maps/Map1.Map1:PersistentLevel' has LevelScriptBlueprint '/Game/Maps/Map1.Map1:PersistentLevel.Map1' with GeneratedClass '/Game/Maps/Map1.Map1_C' with ClassGeneratedBy '/Game/Maps/Map1.Map1:PersistentLevel.Map1'
[2018.02.28-10.08.01:282][899]LogBlueprintUserMessages: Late EndPlayMap Detection: Level '/Game/Maps/Map1.Map1:PersistentLevel' has LevelScriptBlueprint '/Game/Maps/Map1.Map1:PersistentLevel.Map1' with GeneratedClass '/Game/Maps/Map1.Map1_C' with ClassGeneratedBy '/Game/Maps/Map1.Map1:PersistentLevel.Map1'
[2018.02.28-10.08.02:698][ 65]Cmd: TRANSACTION UNDO
[2018.02.28-10.08.02:698][ 65]LogEditorTransaction: Undo Move Actors
[2018.02.28-10.08.02:707][ 65]LogActorComponent: ~FComponentReregisterContext: (/Game/Maps/Map1.Map1:PersistentLevel.BoxBrush3.BrushComponent0) Component already registered.
[2018.02.28-10.08.03:593][167]LogEditorViewport: Clicking Background
[2018.02.28-10.08.33:345][685]LogTemp: Repeting last play command: Selected Viewport
[2018.02.28-10.08.33:362][685]LogBlueprintUserMessages: Early PlayInEditor Detection: Level '/Game/Maps/Map1.Map1:PersistentLevel' has LevelScriptBlueprint '/Game/Maps/Map1.Map1:PersistentLevel.Map1' with GeneratedClass '/Game/Maps/Map1.Map1_C' with ClassGeneratedBy '/Game/Maps/Map1.Map1:PersistentLevel.Map1'
[2018.02.28-10.08.33:362][685]LogPlayLevel: PlayLevel: No blueprints needed recompiling
[2018.02.28-10.08.33:363][685]PIE: New page: PIE session: Map1 (28 Feb 2018 10:08:33)
[2018.02.28-10.08.33:363][685]LogPlayLevel: Creating play world package: /Game/Maps/UEDPIE_0_Map1
[2018.02.28-10.08.33:374][685]LogPlayLevel: PIE: StaticDuplicateObject took: (0.011440s)
[2018.02.28-10.08.33:374][685]LogAIModule: Creating AISystem for world Map1
[2018.02.28-10.08.33:375][685]LogPlayLevel: PIE: World Init took: (0.000580s)
[2018.02.28-10.08.33:375][685]LogPlayLevel: PIE: Created PIE world by copying editor world from /Game/Maps/Map1.Map1 to /Game/Maps/UEDPIE_0_Map1.Map1 (0.012203s)
[2018.02.28-10.08.33:390][685]LogInit: XAudio2 using 'Speakers (High Definition Audio Device)' : 2 channels at 48 kHz using 16 bits per sample (channel mask 0x3)
[2018.02.28-10.08.33:395][685]LogInit: FAudioDevice initialized.
[2018.02.28-10.08.33:422][685]LogLoad: Game class is 'GameMode'
[2018.02.28-10.08.33:423][685]LogWorld: Bringing World /Game/Maps/UEDPIE_0_Map1.Map1 up for play (max tick rate 0) at 2018.02.28-10.08.33
[2018.02.28-10.08.33:424][685]LogWorld: Bringing up level for play took: 0.001796
[2018.02.28-10.08.33:425][685]LogGameMode:Display: Match State Changed from EnteringMap to WaitingToStart
[2018.02.28-10.08.33:425][685]LogGameState: Match State Changed from EnteringMap to WaitingToStart
[2018.02.28-10.08.33:425][685]LogGameMode:Display: Match State Changed from WaitingToStart to InProgress
[2018.02.28-10.08.33:426][685]LogGameState: Match State Changed from WaitingToStart to InProgress
[2018.02.28-10.08.33:426][685]PIE: Info Play in editor start time for /Game/Maps/UEDPIE_0_Map1 -0.618
[2018.02.28-10.08.33:426][685]LogBlueprintUserMessages: Late PlayInEditor Detection: Level '/Game/Maps/Map1.Map1:PersistentLevel' has LevelScriptBlueprint '/Game/Maps/Map1.Map1:PersistentLevel.Map1' with GeneratedClass '/Game/Maps/Map1.Map1_C' with ClassGeneratedBy '/Game/Maps/Map1.Map1:PersistentLevel.Map1'
[2018.02.28-10.08.49:214][579]LogBlueprintUserMessages: Early EndPlayMap Detection: Level '/Game/Maps/Map1.Map1:PersistentLevel' has LevelScriptBlueprint '/Game/Maps/Map1.Map1:PersistentLevel.Map1' with GeneratedClass '/Game/Maps/Map1.Map1_C' with ClassGeneratedBy '/Game/Maps/Map1.Map1:PersistentLevel.Map1'
[2018.02.28-10.08.49:268][579]LogBlueprintUserMessages: Late EndPlayMap Detection: Level '/Game/Maps/Map1.Map1:PersistentLevel' has LevelScriptBlueprint '/Game/Maps/Map1.Map1:PersistentLevel.Map1' with GeneratedClass '/Game/Maps/Map1.Map1_C' with ClassGeneratedBy '/Game/Maps/Map1.Map1:PersistentLevel.Map1'
[2018.02.28-10.08.56:843][415]LogContentBrowser: Native class hierarchy updated for 'BlueprintGraph' in 0.0007 seconds. Added 112 classes and 0 folders.
[2018.02.28-10.08.57:339][415]LogSlate: Took 0.000105 seconds to synchronously load lazily loaded font '../../../Engine/Content/Slate/Fonts/Roboto-Regular.ttf' (155K)
[2018.02.28-10.08.57:416][415]LogSlate: Took 0.009704 seconds to synchronously load lazily loaded font '../../../Engine/Content/Editor/Slate/Fonts/Roboto-BoldCondensed.ttf' (158K)
[2018.02.28-10.08.57:520][416]LogSlate: Took 0.009934 seconds to synchronously load lazily loaded font '../../../Engine/Content/Editor/Slate/Fonts/Roboto-Italic.ttf' (157K)
[2018.02.28-10.09.50:175][300]Cmd: QUIT_EDITOR
[2018.02.28-10.09.50:560][300]LogWindowsTextInputMethodSystem:Display: IME system now deactivated.
[2018.02.28-10.09.50:568][300]LogExit: Preparing to exit.
[2018.02.28-10.09.51:310][300]LogExit: Editor shut down
[2018.02.28-10.09.51:317][300]LogExit: Transaction tracking system shut down
[2018.02.28-10.09.51:401][300]LogObj: Freed 0b from 0 cluster array pools.
[2018.02.28-10.09.51:401][300]LogExit: Object subsystem successfully closed.
[2018.02.28-10.09.51:424][300]LogD3D11RHI: Shutdown
[2018.02.28-10.09.51:424][300]LogD3D11RHI: CleanupD3DDevice
[2018.02.28-10.09.51:475][300]LogD3D11RHI: ~FD3D11DynamicRHI
[2018.02.28-10.09.51:483][300]LogModuleManager: Shutting down and abandoning module BlueprintGraph (530)
[2018.02.28-10.09.51:483][300]LogModuleManager: Shutting down and abandoning module BlueprintProfiler (528)
[2018.02.28-10.09.51:483][300]LogModuleManager: Shutting down and abandoning module MovieSceneCapture (526)
[2018.02.28-10.09.51:483][300]LogModuleManager: Shutting down and abandoning module HierarchicalLODOutliner (524)
[2018.02.28-10.09.51:483][300]LogModuleManager: Shutting down and abandoning module CrashTracker (522)
[2018.02.28-10.09.51:483][300]LogModuleManager: Shutting down and abandoning module SceneOutliner (520)
[2018.02.28-10.09.51:483][300]LogModuleManager: Shutting down and abandoning module AddContentDialog (518)
[2018.02.28-10.09.51:483][300]LogDirectoryWatcher: A directory notification for 'D:/Unreal Engine/UE_4.16/FeaturePacks/' was aborted.
[2018.02.28-10.09.51:484][300]LogModuleManager: Shutting down and abandoning module WidgetCarousel (517)
[2018.02.28-10.09.51:484][300]LogModuleManager: Shutting down and abandoning module EditorWidgets (514)
[2018.02.28-10.09.51:484][300]LogModuleManager: Shutting down and abandoning module CollectionManager (512)
[2018.02.28-10.09.51:484][300]LogDirectoryWatcher: A directory notification for 'C:/Users/MikeyTBS/Documents/GitHub/Group-E-Ass2-Game/PeterIsTheCaptain V0.2/Content/Collections/' was aborted.
[2018.02.28-10.09.51:484][300]LogDirectoryWatcher: A directory notification for 'C:/Users/MikeyTBS/Documents/GitHub/Group-E-Ass2-Game/PeterIsTheCaptain V0.2/Content/Developers/MikeyTBS/Collections/' was aborted.
[2018.02.28-10.09.51:484][300]LogDirectoryWatcher: A directory notification for 'C:/Users/MikeyTBS/Documents/GitHub/Group-E-Ass2-Game/PeterIsTheCaptain V0.2/Saved/Collections/' was aborted.
[2018.02.28-10.09.51:484][300]LogModuleManager: Shutting down and abandoning module StatsViewer (510)
[2018.02.28-10.09.51:484][300]LogModuleManager: Shutting down and abandoning module FoliageEdit (508)
[2018.02.28-10.09.51:484][300]LogModuleManager: Shutting down and abandoning module LandscapeEditor (506)
[2018.02.28-10.09.51:484][300]LogModuleManager: Shutting down and abandoning module MeshPaintMode (504)
[2018.02.28-10.09.51:484][300]LogModuleManager: Shutting down and abandoning module SceneDepthPickerMode (502)
[2018.02.28-10.09.51:484][300]LogModuleManager: Shutting down and abandoning module ActorPickerMode (500)
[2018.02.28-10.09.51:484][300]LogModuleManager: Shutting down and abandoning module GeometryMode (498)
[2018.02.28-10.09.51:484][300]LogModuleManager: Shutting down and abandoning module TextureAlignMode (496)
[2018.02.28-10.09.51:484][300]LogModuleManager: Shutting down and abandoning module BspMode (494)
[2018.02.28-10.09.51:484][300]LogModuleManager: Shutting down and abandoning module HardwareSurvey (492)
[2018.02.28-10.09.51:484][300]LogModuleManager: Shutting down and abandoning module SequenceRecorderSections (490)
[2018.02.28-10.09.51:484][300]LogModuleManager: Shutting down and abandoning module AutomationWorker (488)
[2018.02.28-10.09.51:484][300]LogModuleManager: Shutting down and abandoning module MatineeToLevelSequence (486)
[2018.02.28-10.09.51:484][300]LogModuleManager: Shutting down and abandoning module LevelSequenceEditor (484)
[2018.02.28-10.09.51:484][300]LogModuleManager: Shutting down and abandoning module PlacementMode (483)
[2018.02.28-10.09.51:484][300]LogModuleManager: Shutting down and abandoning module WmfMediaFactory (480)
[2018.02.28-10.09.51:484][300]LogModuleManager: Shutting down and abandoning module WmfMediaEditor (478)
[2018.02.28-10.09.51:484][300]LogModuleManager: Shutting down and abandoning module AvfMediaFactory (476)
[2018.02.28-10.09.51:484][300]LogModuleManager: Shutting down and abandoning module AvfMediaEditor (474)
[2018.02.28-10.09.51:484][300]LogModuleManager: Shutting down and abandoning module AndroidMediaFactory (472)
[2018.02.28-10.09.51:484][300]LogModuleManager: Shutting down and abandoning module Media (471)
[2018.02.28-10.09.51:484][300]LogModuleManager: Shutting down and abandoning module AndroidMediaEditor (468)
[2018.02.28-10.09.51:484][300]LogModuleManager: Shutting down and abandoning module CharacterAI (466)
[2018.02.28-10.09.51:484][300]LogModuleManager: Shutting down and abandoning module AudioCapture (464)
[2018.02.28-10.09.51:484][300]LogModuleManager: Shutting down and abandoning module SequenceRecorder (463)
[2018.02.28-10.09.51:484][300]LogModuleManager: Shutting down and abandoning module SmartSnapping (460)
[2018.02.28-10.09.51:484][300]LogModuleManager: Shutting down and abandoning module SessionServices (458)
[2018.02.28-10.09.51:484][300]LogModuleManager: Shutting down and abandoning module ViewportSnapping (456)
[2018.02.28-10.09.51:484][300]LogModuleManager: Shutting down and abandoning module ViewportInteraction (454)
[2018.02.28-10.09.51:484][300]LogModuleManager: Shutting down and abandoning module ClothPainter (452)
[2018.02.28-10.09.51:484][300]LogModuleManager: Shutting down and abandoning module LogVisualizer (450)
[2018.02.28-10.09.51:484][300]LogModuleManager: Shutting down and abandoning module IntroTutorials (448)
[2018.02.28-10.09.51:484][300]LogModuleManager: Shutting down and abandoning module GameProjectGeneration (447)
[2018.02.28-10.09.51:484][300]LogModuleManager: Shutting down and abandoning module EditorLiveStreaming (444)
[2018.02.28-10.09.51:484][300]LogModuleManager: Shutting down and abandoning module IOSPlatformEditor (442)
[2018.02.28-10.09.51:484][300]LogModuleManager: Shutting down and abandoning module HTML5PlatformEditor (440)
[2018.02.28-10.09.51:484][300]LogModuleManager: Shutting down and abandoning module AndroidPlatformEditor (438)
[2018.02.28-10.09.51:484][300]LogModuleManager: Shutting down and abandoning module AndroidDeviceDetection (437)
[2018.02.28-10.09.52:192][300]LogModuleManager: Shutting down and abandoning module IOSRuntimeSettings (434)
[2018.02.28-10.09.52:192][300]LogModuleManager: Shutting down and abandoning module AndroidRuntimeSettings (432)
[2018.02.28-10.09.52:192][300]LogModuleManager: Shutting down and abandoning module InputBindingEditor (430)
[2018.02.28-10.09.52:192][300]LogModuleManager: Shutting down and abandoning module MergeActors (428)
[2018.02.28-10.09.52:192][300]LogModuleManager: Shutting down and abandoning module SizeMap (426)
[2018.02.28-10.09.52:193][300]LogModuleManager: Shutting down and abandoning module TreeMap (424)
[2018.02.28-10.09.52:193][300]LogModuleManager: Shutting down and abandoning module ReferenceViewer (422)
[2018.02.28-10.09.52:193][300]LogModuleManager: Shutting down and abandoning module LocalizationDashboard (420)
[2018.02.28-10.09.52:193][300]LogModuleManager: Shutting down and abandoning module LocalizationService (419)
[2018.02.28-10.09.52:193][300]LogModuleManager: Shutting down and abandoning module HardwareTargeting (416)
[2018.02.28-10.09.52:193][300]LogModuleManager: Shutting down and abandoning module DeviceProfileEditor (414)
[2018.02.28-10.09.52:193][300]LogModuleManager: Shutting down and abandoning module UndoHistory (412)
[2018.02.28-10.09.52:193][300]LogModuleManager: Shutting down and abandoning module UserFeedback (410)
[2018.02.28-10.09.52:193][300]LogModuleManager: Shutting down and abandoning module XmlParser (408)
[2018.02.28-10.09.52:193][300]LogModuleManager: Shutting down and abandoning module Blutility (406)
[2018.02.28-10.09.52:193][300]LogModuleManager: Shutting down and abandoning module ProjectSettingsViewer (404)
[2018.02.28-10.09.52:193][300]LogModuleManager: Shutting down and abandoning module ProjectTargetPlatformEditor (403)
[2018.02.28-10.09.52:193][300]LogModuleManager: Shutting down and abandoning module EditorSettingsViewer (400)
[2018.02.28-10.09.52:193][300]LogModuleManager: Shutting down and abandoning module SettingsEditor (398)
[2018.02.28-10.09.52:193][300]LogModuleManager: Shutting down and abandoning module ProjectLauncher (396)
[2018.02.28-10.09.52:193][300]LogModuleManager: Shutting down and abandoning module SessionFrontend (394)
[2018.02.28-10.09.52:193][300]LogModuleManager: Shutting down and abandoning module ProfilerClient (392)
[2018.02.28-10.09.52:193][300]LogModuleManager: Shutting down and abandoning module DeviceManager (390)
[2018.02.28-10.09.52:193][300]LogModuleManager: Shutting down and abandoning module TargetDeviceServices (389)
[2018.02.28-10.09.52:245][300]LogModuleManager: Shutting down and abandoning module AutomationController (386)
[2018.02.28-10.09.52:245][300]LogModuleManager: Shutting down and abandoning module AutomationWindow (384)
[2018.02.28-10.09.52:245][300]LogModuleManager: Shutting down and abandoning module Layers (382)
[2018.02.28-10.09.52:245][300]LogModuleManager: Shutting down and abandoning module ComponentVisualizers (380)
[2018.02.28-10.09.52:245][300]LogModuleManager: Shutting down and abandoning module DetailCustomizations (378)
[2018.02.28-10.09.52:245][300]LogModuleManager: Shutting down and abandoning module PackagesDialog (376)
[2018.02.28-10.09.52:245][300]LogModuleManager: Shutting down and abandoning module Persona (374)
[2018.02.28-10.09.52:245][300]LogModuleManager: Shutting down and abandoning module AdvancedPreviewScene (373)
[2018.02.28-10.09.52:245][300]LogModuleManager: Shutting down and abandoning module AnimGraph (371)
[2018.02.28-10.09.52:245][300]LogModuleManager: Shutting down and abandoning module Kismet (368)
[2018.02.28-10.09.52:249][300]LogModuleManager: Shutting down and abandoning module ClassViewer (366)
[2018.02.28-10.09.52:249][300]LogModuleManager: Shutting down and abandoning module Toolbox (364)
[2018.02.28-10.09.52:249][300]LogModuleManager: Shutting down and abandoning module ModuleUI (362)
[2018.02.28-10.09.52:249][300]LogModuleManager: Shutting down and abandoning module MovieSceneTools (360)
[2018.02.28-10.09.52:249][300]LogModuleManager: Shutting down and abandoning module OutputLog (358)
[2018.02.28-10.09.52:249][300]LogModuleManager: Shutting down and abandoning module GammaUI (356)
[2018.02.28-10.09.52:249][300]LogModuleManager: Shutting down and abandoning module Documentation (354)
[2018.02.28-10.09.52:250][300]LogModuleManager: Shutting down and abandoning module MovieSceneTracks (352)
[2018.02.28-10.09.52:250][300]LogModuleManager: Shutting down and abandoning module MovieScene (350)
[2018.02.28-10.09.52:250][300]LogModuleManager: Shutting down and abandoning module Niagara (348)
[2018.02.28-10.09.52:250][300]LogModuleManager: Shutting down and abandoning module NiagaraEditor (347)
[2018.02.28-10.09.52:250][300]LogModuleManager: Shutting down and abandoning module StreamingPauseRendering (344)
[2018.02.28-10.09.52:250][300]LogModuleManager: Shutting down and abandoning module AnalyticsET (342)
[2018.02.28-10.09.52:250][300]LogModuleManager: Shutting down and abandoning module PortalServices (340)
[2018.02.28-10.09.52:250][300]LogModuleManager: Shutting down and abandoning module PortalRpc (338)
[2018.02.28-10.09.52:250][300]LogModuleManager: Shutting down and abandoning module MessagingRpc (336)
[2018.02.28-10.09.52:250][300]LogModuleManager: Shutting down and abandoning module AIModule (334)
[2018.02.28-10.09.52:250][300]LogModuleManager: Shutting down and abandoning module GameplayDebugger (333)
[2018.02.28-10.09.52:250][300]LogModuleManager: Shutting down and abandoning module AITestSuite (331)
[2018.02.28-10.09.52:250][300]LogModuleManager: Shutting down and abandoning module ProfilerService (328)
[2018.02.28-10.09.52:475][300]LogModuleManager: Shutting down and abandoning module TaskGraph (326)
[2018.02.28-10.09.52:475][300]LogModuleManager: Shutting down and abandoning module SteamVRController (324)
[2018.02.28-10.09.52:475][300]LogModuleManager: Shutting down and abandoning module SteamVR (322)
[2018.02.28-10.09.52:475][300]LogModuleManager: Shutting down and abandoning module ProceduralMeshComponentEditor (320)
[2018.02.28-10.09.52:475][300]LogModuleManager: Shutting down and abandoning module ProceduralMeshComponent (318)
[2018.02.28-10.09.52:475][300]LogModuleManager: Shutting down and abandoning module OculusLibrary (316)
[2018.02.28-10.09.52:475][300]LogModuleManager: Shutting down and abandoning module OculusInput (314)
[2018.02.28-10.09.52:475][300]LogModuleManager: Shutting down and abandoning module MobilePatchingUtils (312)
[2018.02.28-10.09.52:475][300]LogModuleManager: Shutting down and abandoning module CustomMeshComponent (310)
[2018.02.28-10.09.52:475][300]LogModuleManager: Shutting down and abandoning module CableComponent (308)
[2018.02.28-10.09.52:475][300]LogModuleManager: Shutting down and abandoning module ArchVisCharacter (306)
[2018.02.28-10.09.52:475][300]LogModuleManager: Shutting down and abandoning module AndroidPermission (304)
[2018.02.28-10.09.52:475][300]LogModuleManager: Shutting down and abandoning module MediaPlayerEditor (300)
[2018.02.28-10.09.52:475][300]LogModuleManager: Shutting down and abandoning module HTML5Networking (298)
[2018.02.28-10.09.52:475][300]LogModuleManager: Shutting down and abandoning module AlembicImporter (296)
[2018.02.28-10.09.52:475][300]LogModuleManager: Shutting down and abandoning module AlembicLibrary (295)
[2018.02.28-10.09.52:475][300]LogModuleManager: Shutting down and abandoning module GeometryCache (294)
[2018.02.28-10.09.52:475][300]LogModuleManager: Shutting down and abandoning module GeometryCacheEd (293)
[2018.02.28-10.09.52:475][300]LogModuleManager: Shutting down and abandoning module SuperSearchEditor (288)
[2018.02.28-10.09.52:475][300]LogModuleManager: Shutting down and abandoning module SuperSearch (287)
[2018.02.28-10.09.52:475][300]LogModuleManager: Shutting down and abandoning module SpeedTreeImporter (284)
[2018.02.28-10.09.52:475][300]LogModuleManager: Shutting down and abandoning module PluginBrowser (282)
[2018.02.28-10.09.52:475][300]LogModuleManager: Shutting down and abandoning module MobileLauncherProfileWizard (280)
[2018.02.28-10.09.52:475][300]LogModuleManager: Shutting down and abandoning module VisualStudioSourceCodeAccess (278)
[2018.02.28-10.09.52:475][300]LogModuleManager: Shutting down and abandoning module DesktopPlatform (277)
[2018.02.28-10.09.52:475][300]LogModuleManager: Shutting down and abandoning module UObjectPlugin (274)
[2018.02.28-10.09.52:475][300]LogModuleManager: Shutting down and abandoning module SubversionSourceControl (272)
[2018.02.28-10.09.52:475][300]LogModuleManager: Shutting down and abandoning module PerforceSourceControl (270)
[2018.02.28-10.09.52:476][300]LogModuleManager: Shutting down and abandoning module GitSourceControl (268)
[2018.02.28-10.09.52:476][300]LogModuleManager: Shutting down and abandoning module SourceControl (267)
[2018.02.28-10.09.52:476][300]LogModuleManager: Shutting down and abandoning module LightPropagationVolumeEditor (264)
[2018.02.28-10.09.52:476][300]LogModuleManager: Shutting down and abandoning module PaperTiledImporter (262)
[2018.02.28-10.09.52:476][300]LogModuleManager: Shutting down and abandoning module PaperSpriteSheetImporter (260)
[2018.02.28-10.09.52:476][300]LogModuleManager: Shutting down and abandoning module Paper2DEditor (258)
[2018.02.28-10.09.52:476][300]LogModuleManager: Shutting down and abandoning module MeshPaint (257)
[2018.02.28-10.09.52:476][300]LogModuleManager: Shutting down and abandoning module LevelEditor (255)
[2018.02.28-10.09.52:476][300]LogModuleManager: Shutting down and abandoning module PixelInspectorModule (254)
[2018.02.28-10.09.52:476][300]LogModuleManager: Shutting down and abandoning module MainFrame (252)
[2018.02.28-10.09.52:476][300]LogModuleManager: Shutting down and abandoning module HotReload (251)
[2018.02.28-10.09.52:476][300]LogModuleManager: Shutting down and abandoning module PhysXVehiclesEditor (246)
[2018.02.28-10.09.52:476][300]LogModuleManager: Shutting down and abandoning module PhysXVehicles (244)
[2018.02.28-10.09.52:476][300]LogModuleManager: Shutting down and abandoning module LocationServicesBPLibrary (242)
[2018.02.28-10.09.52:476][300]LogModuleManager: Shutting down and abandoning module ImmediatePhysicsEditor (240)
[2018.02.28-10.09.52:476][300]LogModuleManager: Shutting down and abandoning module ImmediatePhysics (238)
[2018.02.28-10.09.52:476][300]LogModuleManager: Shutting down and abandoning module UdpMessaging (236)
[2018.02.28-10.09.52:576][300]LogModuleManager: Shutting down and abandoning module TcpMessaging (234)
[2018.02.28-10.09.52:677][300]LogModuleManager: Shutting down and abandoning module GameplayTagsEditor (232)
[2018.02.28-10.09.52:677][300]LogModuleManager: Shutting down and abandoning module FacialAnimationEditor (230)
[2018.02.28-10.09.52:677][300]LogModuleManager: Shutting down and abandoning module FacialAnimation (228)
[2018.02.28-10.09.52:677][300]LogModuleManager: Shutting down and abandoning module AssetManagerEditor (226)
[2018.02.28-10.09.52:677][300]LogModuleManager: Shutting down and abandoning module GraphEditor (225)
[2018.02.28-10.09.52:677][300]LogModuleManager: Shutting down and abandoning module ContentBrowser (223)
[2018.02.28-10.09.52:677][300]LogModuleManager: Shutting down and abandoning module LightPropagationVolumeRuntime (220)
[2018.02.28-10.09.52:677][300]LogModuleManager: Shutting down and abandoning module Paper2D (218)
[2018.02.28-10.09.52:677][300]LogModuleManager: Shutting down and abandoning module WindowsMoviePlayer (216)
[2018.02.28-10.09.52:677][300]LogModuleManager: Shutting down and abandoning module WmfMedia (214)
[2018.02.28-10.09.52:679][300]LogModuleManager: Shutting down and abandoning module ClothingSystemEditor (212)
[2018.02.28-10.09.52:679][300]LogModuleManager: Shutting down and abandoning module ClothingSystemRuntime (210)
[2018.02.28-10.09.52:679][300]LogModuleManager: Shutting down and abandoning module MediaAssets (208)
[2018.02.28-10.09.52:679][300]LogModuleManager: Shutting down and abandoning module GameLiveStreaming (206)
[2018.02.28-10.09.52:679][300]LogModuleManager: Shutting down and abandoning module VREditor (204)
[2018.02.28-10.09.52:679][300]LogModuleManager: Shutting down and abandoning module StringTableEditor (202)
[2018.02.28-10.09.52:679][300]LogModuleManager: Shutting down and abandoning module GameplayTasksEditor (200)
[2018.02.28-10.09.52:679][300]LogModuleManager: Shutting down and abandoning module BehaviorTreeEditor (198)
[2018.02.28-10.09.52:679][300]LogModuleManager: Shutting down and abandoning module FunctionalTesting (196)
[2018.02.28-10.09.52:679][300]LogModuleManager: Shutting down and abandoning module CollisionAnalyzer (194)
[2018.02.28-10.09.52:679][300]LogModuleManager: Shutting down and abandoning module UMG (192)
[2018.02.28-10.09.52:679][300]LogModuleManager: Shutting down and abandoning module UMGEditor (191)
[2018.02.28-10.09.52:679][300]LogModuleManager: Shutting down and abandoning module Sequencer (190)
[2018.02.28-10.09.52:679][300]LogModuleManager: Shutting down and abandoning module AssetTools (188)
[2018.02.28-10.09.52:679][300]LogModuleManager: Shutting down and abandoning module MessageLog (187)
[2018.02.28-10.09.52:679][300]LogModuleManager: Shutting down and abandoning module WorkspaceMenuStructure (186)
[2018.02.28-10.09.52:679][300]LogModuleManager: Shutting down and abandoning module SlateReflector (180)
[2018.02.28-10.09.52:679][300]LogModuleManager: Shutting down and abandoning module Slate (178)
[2018.02.28-10.09.52:679][300]LogModuleManager: Shutting down and abandoning module EditorStyle (176)
[2018.02.28-10.09.52:680][300]LogModuleManager: Shutting down and abandoning module SourceCodeAccess (174)
[2018.02.28-10.09.52:680][300]LogModuleManager: Shutting down and abandoning module HeadMountedDisplay (172)
[2018.02.28-10.09.52:680][300]LogModuleManager: Shutting down and abandoning module XAudio2 (170)
[2018.02.28-10.09.52:680][300]LogModuleManager: Shutting down and abandoning module Networking (168)
[2018.02.28-10.09.52:680][300]LogModuleManager: Shutting down and abandoning module Core (164)
[2018.02.28-10.09.52:680][300]LogModuleManager: Shutting down and abandoning module AssetRegistry (162)
[2018.02.28-10.09.52:769][300]LogDirectoryWatcher: A directory notification for '../../../Engine/Content/' was aborted.
[2018.02.28-10.09.52:769][300]LogDirectoryWatcher: A directory notification for 'C:/Users/MikeyTBS/Documents/GitHub/Group-E-Ass2-Game/PeterIsTheCaptain V0.2/Content/' was aborted.
[2018.02.28-10.09.52:769][300]LogDirectoryWatcher: A directory notification for '../../../Engine/Plugins/2D/Paper2D/Content/' was aborted.
[2018.02.28-10.09.52:769][300]LogDirectoryWatcher: A directory notification for '../../../Engine/Plugins/Runtime/GearVR/Content/' was aborted.
[2018.02.28-10.09.52:771][300]LogModuleManager: Shutting down and abandoning module DirectoryWatcher (161)
[2018.02.28-10.09.52:771][300]LogModuleManager: Shutting down and abandoning module KismetCompiler (158)
[2018.02.28-10.09.52:771][300]LogModuleManager: Shutting down and abandoning module LevelSequence (156)
[2018.02.28-10.09.52:771][300]LogModuleManager: Shutting down and abandoning module PhysXFormats (154)
[2018.02.28-10.09.52:771][300]LogModuleManager: Shutting down and abandoning module MeshUtilities (152)
[2018.02.28-10.09.52:771][300]LogModuleManager: Shutting down and abandoning module SimplygonSwarm (151)
[2018.02.28-10.09.52:771][300]LogModuleManager: Shutting down and abandoning module SimplygonMeshReduction (149)
[2018.02.28-10.09.52:771][300]LogModuleManager: Shutting down and abandoning module QuadricMeshReduction (147)
[2018.02.28-10.09.52:771][300]LogModuleManager: Shutting down and abandoning module DerivedDataCache (144)
[2018.02.28-10.09.52:870][300]LogDerivedDataCache: Shutdown
[2018.02.28-10.09.52:871][300]LogModuleManager: Shutting down and abandoning module TargetPlatform (142)
[2018.02.28-10.09.52:871][300]LogModuleManager: Shutting down and abandoning module VulkanShaderFormat (141)
[2018.02.28-10.09.52:871][300]LogModuleManager: Shutting down and abandoning module ShaderFormatVectorVM (139)
[2018.02.28-10.09.52:871][300]LogModuleManager: Shutting down and abandoning module ShaderFormatOpenGL (137)
[2018.02.28-10.09.52:871][300]LogModuleManager: Shutting down and abandoning module ShaderFormatD3D (135)
[2018.02.28-10.09.52:871][300]LogModuleManager: Shutting down and abandoning module MetalShaderFormat (133)
[2018.02.28-10.09.52:871][300]LogModuleManager: Shutting down and abandoning module TextureFormatUncompressed (131)
[2018.02.28-10.09.52:871][300]LogModuleManager: Shutting down and abandoning module TextureFormatPVR (129)
[2018.02.28-10.09.52:871][300]LogModuleManager: Shutting down and abandoning module TextureFormatDXT (127)
[2018.02.28-10.09.52:871][300]LogModuleManager: Shutting down and abandoning module TextureFormatIntelISPCTexComp (125)
[2018.02.28-10.09.52:871][300]LogModuleManager: Shutting down and abandoning module TextureFormatASTC (123)
[2018.02.28-10.09.52:871][300]LogModuleManager: Shutting down and abandoning module ImageWrapper (122)
[2018.02.28-10.09.52:871][300]LogModuleManager: Shutting down and abandoning module TextureFormatAndroid (119)
[2018.02.28-10.09.52:871][300]LogModuleManager: Shutting down and abandoning module AudioFormatOpus (117)
[2018.02.28-10.09.52:871][300]LogModuleManager: Shutting down and abandoning module AudioFormatOgg (115)
[2018.02.28-10.09.52:871][300]LogModuleManager: Shutting down and abandoning module AudioFormatADPCM (113)
[2018.02.28-10.09.52:871][300]LogModuleManager: Shutting down and abandoning module LinuxTargetPlatform (111)
[2018.02.28-10.09.52:871][300]LogModuleManager: Shutting down and abandoning module LinuxServerTargetPlatform (109)
[2018.02.28-10.09.52:871][300]LogModuleManager: Shutting down and abandoning module LinuxNoEditorTargetPlatform (107)
[2018.02.28-10.09.52:871][300]LogModuleManager: Shutting down and abandoning module LinuxClientTargetPlatform (105)
[2018.02.28-10.09.52:871][300]LogModuleManager: Shutting down and abandoning module TVOSTargetPlatform (103)
[2018.02.28-10.09.52:871][300]LogModuleManager: Shutting down and abandoning module Messaging (101)
[2018.02.28-10.09.52:871][300]LogModuleManager: Shutting down and abandoning module IOSTargetPlatform (99)
[2018.02.28-10.09.52:871][300]LogModuleManager: Shutting down and abandoning module HTML5TargetPlatform (97)
[2018.02.28-10.09.52:871][300]LogModuleManager: Shutting down and abandoning module Android_PVRTCTargetPlatform (95)
[2018.02.28-10.09.52:871][300]LogModuleManager: Shutting down and abandoning module Android_MultiTargetPlatform (93)
[2018.02.28-10.09.52:871][300]LogModuleManager: Shutting down and abandoning module Android_ETC2TargetPlatform (91)
[2018.02.28-10.09.52:871][300]LogModuleManager: Shutting down and abandoning module Android_ETC1TargetPlatform (89)
[2018.02.28-10.09.52:871][300]LogModuleManager: Shutting down and abandoning module Android_DXTTargetPlatform (87)
[2018.02.28-10.09.52:871][300]LogModuleManager: Shutting down and abandoning module Android_ATCTargetPlatform (85)
[2018.02.28-10.09.52:871][300]LogModuleManager: Shutting down and abandoning module Android_ASTCTargetPlatform (83)
[2018.02.28-10.09.52:871][300]LogModuleManager: Shutting down and abandoning module AndroidTargetPlatform (81)
[2018.02.28-10.09.52:871][300]LogModuleManager: Shutting down and abandoning module WindowsTargetPlatform (79)
[2018.02.28-10.09.52:871][300]LogModuleManager: Shutting down and abandoning module WindowsServerTargetPlatform (77)
[2018.02.28-10.09.52:871][300]LogModuleManager: Shutting down and abandoning module WindowsNoEditorTargetPlatform (75)
[2018.02.28-10.09.52:871][300]LogModuleManager: Shutting down and abandoning module WindowsClientTargetPlatform (73)
[2018.02.28-10.09.52:871][300]LogModuleManager: Shutting down and abandoning module MacTargetPlatform (71)
[2018.02.28-10.09.52:871][300]LogModuleManager: Shutting down and abandoning module MacServerTargetPlatform (69)
[2018.02.28-10.09.52:871][300]LogModuleManager: Shutting down and abandoning module MacNoEditorTargetPlatform (67)
[2018.02.28-10.09.52:871][300]LogModuleManager: Shutting down and abandoning module MacClientTargetPlatform (65)
[2018.02.28-10.09.52:871][300]LogModuleManager: Shutting down and abandoning module AllDesktopTargetPlatform (63)
[2018.02.28-10.09.52:871][300]LogModuleManager: Shutting down and abandoning module InputCore (60)
[2018.02.28-10.09.52:871][300]LogModuleManager: Shutting down and abandoning module Settings (58)
[2018.02.28-10.09.52:871][300]LogModuleManager: Shutting down and abandoning module OculusRift (56)
[2018.02.28-10.09.52:871][300]LogModuleManager: Shutting down and abandoning module GearVRController (54)
[2018.02.28-10.09.52:871][300]LogModuleManager: Shutting down and abandoning module GearVR (52)
[2018.02.28-10.09.52:871][300]LogModuleManager: Shutting down and abandoning module ExampleDeviceProfileSelector (50)
[2018.02.28-10.09.52:871][300]LogModuleManager: Shutting down and abandoning module OnlineBlueprintSupport (48)
[2018.02.28-10.09.52:871][300]LogModuleManager: Shutting down and abandoning module OnlineSubsystem (44)
[2018.02.28-10.09.52:871][300]LogOnline:Display: Unloading online subsystem: NULL
[2018.02.28-10.09.52:871][300]LogModuleManager: Shutting down and abandoning module XMPP (43)
[2018.02.28-10.09.52:871][300]LogModuleManager: Shutting down and abandoning module HTTP (41)
[2018.02.28-10.09.52:871][300]LogHttp:Display: Http module shutting down, but needs to wait on 1 outstanding Http requests:
[2018.02.28-10.09.52:871][300]LogHttp:Display: 	verb=[POST] url=[https://datarouter.ol.epicgames.com/datarouter/api/v1/public/data?SessionID=%7BDE5C2446-442C-354C-B80F-2B839492CB58%7D&AppID=UEEditor.Rocket.Release&AppVersion=4.16.3-3561208%2B%2B%2BUE4%2BRelease-4.16&UserID=08bdeaaa469ca7dc46c0efb84ccccd31%7Ca7dbd89a92334a018807d698abe31d30%7Cb3bfda91-03d4-459b-84f6-111943cc4af6&AppEnvironment=datacollector-binary&UploadType=eteventstream] status=Processing
[2018.02.28-10.09.52:882][300]LogModuleManager: Shutting down and abandoning module SSL (40)
[2018.02.28-10.09.52:883][300]LogModuleManager: Shutting down and abandoning module HTTPChunkInstaller (36)
[2018.02.28-10.09.52:883][300]LogModuleManager: Shutting down and abandoning module AnimationModifiers (34)
[2018.02.28-10.09.52:883][300]LogModuleManager: Shutting down and abandoning module PropertyEditor (33)
[2018.02.28-10.09.52:883][300]LogModuleManager: Shutting down and abandoning module AudioEditor (30)
[2018.02.28-10.09.52:883][300]LogModuleManager: Shutting down and abandoning module TextureCompressor (28)
[2018.02.28-10.09.52:883][300]LogModuleManager: Shutting down and abandoning module ShaderCore (26)
[2018.02.28-10.09.52:883][300]LogModuleManager: Shutting down and abandoning module Landscape (24)
[2018.02.28-10.09.52:883][300]LogModuleManager: Shutting down and abandoning module SlateRHIRenderer (22)
[2018.02.28-10.09.52:884][300]LogModuleManager: Shutting down and abandoning module OpenGLDrv (20)
[2018.02.28-10.09.52:884][300]LogModuleManager: Shutting down and abandoning module D3D11RHI (18)
[2018.02.28-10.09.52:884][300]LogModuleManager: Shutting down and abandoning module AnimGraphRuntime (16)
[2018.02.28-10.09.52:884][300]LogModuleManager: Shutting down and abandoning module Renderer (14)
[2018.02.28-10.09.52:884][300]LogModuleManager: Shutting down and abandoning module Engine (12)
[2018.02.28-10.09.52:884][300]LogModuleManager: Shutting down and abandoning module CoreUObject (10)
[2018.02.28-10.09.52:884][300]LogModuleManager: Shutting down and abandoning module NetworkFile (8)
[2018.02.28-10.09.52:884][300]LogModuleManager: Shutting down and abandoning module StreamingFile (6)
[2018.02.28-10.09.52:884][300]LogModuleManager: Shutting down and abandoning module SandboxFile (4)
[2018.02.28-10.09.52:884][300]LogModuleManager: Shutting down and abandoning module PakFile (2)
[2018.02.28-10.09.52:886][300]LogExit: Exiting.
[2018.02.28-10.09.52:900][300]Log file closed, 02/28/18 10:09:52
