Log file open, 03/11/18 19:17:56
LogInit:Display: Running engine for game: PeterIsTheCaptain
LogPlatformFile: Not using cached read wrapper
LogInit:Display: RandInit(1113465621) SRandInit(1113465621).
LogTaskGraph: Started task graph with 5 named threads and 8 total threads with 1 sets of task threads.
LogStats: Stats thread started at 0.109660
LogInit: Using libcurl 7.47.1
LogInit:  - built for x86_64-pc-win32
LogInit:  - supports SSL with OpenSSL/1.0.2g
LogInit:  - supports HTTP deflate (compression) using libz 1.2.8
LogInit:  - other features:
LogInit:      CURL_VERSION_SSL
LogInit:      CURL_VERSION_LIBZ
LogInit:      CURL_VERSION_IPV6
LogInit:      CURL_VERSION_ASYNCHDNS
LogInit:      CURL_VERSION_LARGEFILE
LogInit:      CURL_VERSION_IDN
LogInit:  CurlRequestOptions (configurable via config and command line):
LogInit:  - bVerifyPeer = false  - Libcurl will NOT verify peer certificate
LogInit:  - bUseHttpProxy = false  - Libcurl will NOT use HTTP proxy
LogInit:  - bDontReuseConnections = false  - Libcurl will reuse connections
LogInit:  - CertBundlePath = nullptr  - Libcurl will use whatever was configured at build time.
LogInit: Build: ++UE4+Release-4.16-CL-3561208
LogInit: Engine Version: 4.16.3-3561208+++UE4+Release-4.16
LogInit: Compatible Engine Version: 4.16.0-3452394+++UE4+Release-4.16
LogInit: Net CL: 3452394
LogDevObjectVersion: Number of dev versions registered: 16
LogDevObjectVersion:   Dev-Blueprints (B0D832E4-1F89-4F0D-ACCF-7EB736FD4AA2): 9
LogDevObjectVersion:   Dev-Build (E1C64328-A22C-4D53-A36C-8E866417BD8C): 0
LogDevObjectVersion:   Dev-Core (375EC13C-06E4-48FB-B500-84F0262A717E): 2
LogDevObjectVersion:   Dev-Editor (E4B068ED-F494-42E9-A231-DA0B2E46BB41): 17
LogDevObjectVersion:   Dev-Framework (CFFC743F-43B0-4480-9391-14DF171D2073): 23
LogDevObjectVersion:   Dev-Mobile (B02B49B5-BB20-44E9-A304-32B752E40360): 0
LogDevObjectVersion:   Dev-Networking (A4E4105C-59A1-49B5-A7C5-40C4547EDFEE): 0
LogDevObjectVersion:   Dev-Online (39C831C9-5AE6-47DC-9A44-9C173E1C8E7C): 0
LogDevObjectVersion:   Dev-Physics (78F01B33-EBEA-4F98-B9B4-84EACCB95AA2): 0
LogDevObjectVersion:   Dev-Platform (6631380F-2D4D-43E0-8009-CF276956A95A): 0
LogDevObjectVersion:   Dev-Rendering (12F88B9F-8875-4AFC-A67C-D90C383ABD29): 15
LogDevObjectVersion:   Dev-Sequencer (7B5AE74C-D270-4C10-A958-57980B212A5A): 4
LogDevObjectVersion:   Dev-VR (D7296918-1DD6-4BDD-9DE2-64A83CC13884): 0
LogDevObjectVersion:   Dev-LoadTimes (C2A15278-BFE7-4AFE-6C17-90FF531DF755): 1
LogDevObjectVersion:   Private-Geometry (6EACA3D4-40EC-4CC1-B786-8BED09428FC5): 1
LogDevObjectVersion:   Dev-AnimPhys (29E575DD-E0A3-4627-9D10-D276232CDCEA): 3
LogInit: Compiled (64-bit): Jul 28 2017 11:49:47
LogInit: Compiled with Visual C++: 19.00.24215.01
LogInit: Build Configuration: Development
LogInit: Branch Name: ++UE4+Release-4.16
LogInit: Command line:  
LogInit: Base directory: G:/EpicGames/Epic Games/UE_4.16/Engine/Binaries/Win64/
LogInit: Installed Engine Build: 1
LogInit: Presizing for max 8388607 objects, including 0 objects not considered by GC, pre-allocating 0 bytes for permanent pool.
LogInit: Object subsystem initialized
[2018.03.11-19.17.56:697][  0]LogInit: Selected Device Profile: [Windows]
[2018.03.11-19.17.56:697][  0]LogInit: Applying CVar settings loaded from the selected device profile: [Windows]
[2018.03.11-19.17.56:712][  0]LogInit: Computer: DESKTOP-E30UDBA
[2018.03.11-19.17.56:712][  0]LogInit: User: 16079582
[2018.03.11-19.17.56:712][  0]LogInit: CPU Page size=4096, Cores=4
[2018.03.11-19.17.56:712][  0]LogInit: High frequency timer resolution =3.923866 MHz
[2018.03.11-19.17.56:713][  0]LogMemory: Memory total: Physical=16.0GB (16GB approx)
[2018.03.11-19.17.56:713][  0]LogMemory: Platform Memory Stats for Windows
[2018.03.11-19.17.56:713][  0]LogMemory: Process Physical Memory: 273.63 MB used, 273.63 MB peak
[2018.03.11-19.17.56:713][  0]LogMemory: Process Virtual Memory: 260.69 MB used, 260.69 MB peak
[2018.03.11-19.17.56:713][  0]LogMemory: Physical Memory: 4794.65 MB used,  11571.46 MB free, 16366.11 MB total
[2018.03.11-19.17.56:713][  0]LogMemory: Virtual Memory: 671.54 MB used,  11571.46 MB free, 134217728.00 MB total
[2018.03.11-19.17.56:816][  0]LogInit: Using OS detected language (en-US).
[2018.03.11-19.17.56:816][  0]LogInit: Using OS detected locale (en-GB).
[2018.03.11-19.17.56:820][  0]LogTextLocalizationManager: No specific localization for 'en-US' exists, so the 'en' localization will be used.
[2018.03.11-19.17.57:937][  0]LogD3D11RHI: D3D11 adapters:
[2018.03.11-19.17.58:005][  0]LogD3D11RHI:    0. 'NVIDIA GeForce GTX 960' (Feature Level 11_0)
[2018.03.11-19.17.58:005][  0]LogD3D11RHI:       2016/0/8183 MB DedicatedVideo/DedicatedSystem/SharedSystem, Outputs:2, VendorId:0x10de
[2018.03.11-19.17.58:007][  0]LogD3D11RHI:    1. 'Microsoft Basic Render Driver' (Feature Level 11_0)
[2018.03.11-19.17.58:007][  0]LogD3D11RHI:       0/0/8183 MB DedicatedVideo/DedicatedSystem/SharedSystem, Outputs:0, VendorId:0x1414
[2018.03.11-19.17.58:007][  0]LogD3D11RHI: Chosen D3D11 Adapter: 0
[2018.03.11-19.17.58:016][  0]LogD3D11RHI: Creating new Direct3DDevice
[2018.03.11-19.17.58:016][  0]LogD3D11RHI:     GPU DeviceId: 0x1401 (for the marketing name, search the web for "GPU Device Id")
[2018.03.11-19.17.58:016][  0]LogWindows: EnumDisplayDevices:
[2018.03.11-19.17.58:016][  0]LogWindows:    0. 'NVIDIA GeForce GTX 960' (P:1 D:1)
[2018.03.11-19.17.58:016][  0]LogWindows:    1. 'NVIDIA GeForce GTX 960' (P:0 D:1)
[2018.03.11-19.17.58:016][  0]LogWindows:    2. 'NVIDIA GeForce GTX 960' (P:0 D:0)
[2018.03.11-19.17.58:017][  0]LogWindows:    3. 'NVIDIA GeForce GTX 960' (P:0 D:0)
[2018.03.11-19.17.58:017][  0]LogWindows: DebugString: GetVideoDriverDetailsInvalid PrimaryIsNotTheChoosenAdapter GetVideoDriverDetailsInvalid PrimaryIsNotTheChoosenAdapter GetVideoDriverDetailsInvalid PrimaryIsNotTheChoosenAdapter GetVideoDriverDetailsInvalid PrimaryIsNotTheChoosenAdapter FoundDriverCount:0 
[2018.03.11-19.17.58:017][  0]LogD3D11RHI:     Adapter Name: NVIDIA GeForce GTX 960
[2018.03.11-19.17.58:017][  0]LogD3D11RHI:   Driver Version: Unknown (internal:Unknown, unified:Unknown)
[2018.03.11-19.17.58:017][  0]LogD3D11RHI:      Driver Date: Unknown
[2018.03.11-19.17.58:017][  0]LogRHI: Texture pool is 1361 MB (70% of 1945 MB)
[2018.03.11-19.17.58:063][  0]LogD3D11RHI: Async texture creation enabled
[2018.03.11-19.17.58:233][  0]LogD3D11RHI: GPU Timing Frequency: 1000.000000 (Debug: 2 1)
[2018.03.11-19.17.58:284][  0]LogShaderCompilers: Guid format shader working directory is -26 characters bigger than the processId version (C:/Users/16079582/Documents/GitHub/Group-E-Ass2-Game/PeterIsTheCaptain V0.2/Intermediate/Shaders/WorkingDirectory/8344/).
[2018.03.11-19.17.58:284][  0]LogShaderCompilers: Cleaned the shader compiler working directory 'C:/Users/16079582/AppData/Local/Temp/UnrealShaderWorkingDir/018141074D6BD217F81ECF871F729C16/'.
[2018.03.11-19.17.58:284][  0]LogShaderCompilers:Display: Using Local Shader Compiler.
[2018.03.11-19.17.59:835][  0]LogTemp:Display: Loaded TP AllDesktopTargetPlatform
[2018.03.11-19.17.59:904][  0]LogTemp:Display: Loaded TP MacClientTargetPlatform
[2018.03.11-19.17.59:973][  0]LogTemp:Display: Loaded TP MacNoEditorTargetPlatform
[2018.03.11-19.18.00:040][  0]LogTemp:Display: Loaded TP MacServerTargetPlatform
[2018.03.11-19.18.00:107][  0]LogTemp:Display: Loaded TP MacTargetPlatform
[2018.03.11-19.18.00:170][  0]LogTemp:Display: Loaded TP WindowsClientTargetPlatform
[2018.03.11-19.18.00:234][  0]LogTemp:Display: Loaded TP WindowsNoEditorTargetPlatform
[2018.03.11-19.18.00:297][  0]LogTemp:Display: Loaded TP WindowsServerTargetPlatform
[2018.03.11-19.18.00:356][  0]LogTemp:Display: Loaded TP WindowsTargetPlatform
[2018.03.11-19.18.00:423][  0]LogTemp:Display: Loaded TP AndroidTargetPlatform
[2018.03.11-19.18.00:487][  0]LogTemp:Display: Loaded TP Android_ASTCTargetPlatform
[2018.03.11-19.18.00:551][  0]LogTemp:Display: Loaded TP Android_ATCTargetPlatform
[2018.03.11-19.18.00:614][  0]LogTemp:Display: Loaded TP Android_DXTTargetPlatform
[2018.03.11-19.18.00:683][  0]LogTemp:Display: Loaded TP Android_ETC1TargetPlatform
[2018.03.11-19.18.00:756][  0]LogTemp:Display: Loaded TP Android_ETC2TargetPlatform
[2018.03.11-19.18.00:895][  0]LogTemp:Display: Loaded TP Android_MultiTargetPlatform
[2018.03.11-19.18.00:895][  0]LogTemp:Display: Loaded TP Android_PVRTCTargetPlatform
[2018.03.11-19.18.00:943][  0]LogTemp:Display: Loaded TP HTML5TargetPlatform
[2018.03.11-19.18.01:052][  0]LogTemp:Display: Loaded TP IOSTargetPlatform
[2018.03.11-19.18.01:094][  0]LogTemp:Display: Loaded TP TVOSTargetPlatform
[2018.03.11-19.18.01:162][  0]LogTemp:Display: Loaded TP LinuxClientTargetPlatform
[2018.03.11-19.18.01:226][  0]LogTemp:Display: Loaded TP LinuxNoEditorTargetPlatform
[2018.03.11-19.18.01:288][  0]LogTemp:Display: Loaded TP LinuxServerTargetPlatform
[2018.03.11-19.18.01:355][  0]LogTemp:Display: Loaded TP LinuxTargetPlatform
[2018.03.11-19.18.01:355][  0]LogTargetPlatformManager:Display: Building Assets For Windows
[2018.03.11-19.18.01:991][  0]LogDerivedDataCache:Display: Max Cache Size: 512 MB
[2018.03.11-19.18.02:147][  0]LogDerivedDataCache: Loaded boot cache 0.16s 90MB C:/Users/16079582/AppData/Local/UnrealEngine/4.16/DerivedDataCache/Boot.ddc.
[2018.03.11-19.18.02:147][  0]LogDerivedDataCache:Display: Loaded Boot cache: C:/Users/16079582/AppData/Local/UnrealEngine/4.16/DerivedDataCache/Boot.ddc
[2018.03.11-19.18.02:147][  0]LogDerivedDataCache: FDerivedDataBackendGraph:  Pak pak cache file C:/Users/16079582/Documents/GitHub/Group-E-Ass2-Game/PeterIsTheCaptain V0.2/DerivedDataCache/DDC.ddp not found, will not use a pak cache.
[2018.03.11-19.18.02:147][  0]LogDerivedDataCache: Unable to find inner node Pak for hierarchical cache Hierarchy.
[2018.03.11-19.18.02:147][  0]LogDerivedDataCache: FDerivedDataBackendGraph:  CompressedPak pak cache file C:/Users/16079582/Documents/GitHub/Group-E-Ass2-Game/PeterIsTheCaptain V0.2/DerivedDataCache/Compressed.ddp not found, will not use a pak cache.
[2018.03.11-19.18.02:147][  0]LogDerivedDataCache: Unable to find inner node CompressedPak for hierarchical cache Hierarchy.
[2018.03.11-19.18.02:172][  0]LogDerivedDataCache:Display: Pak cache opened for reading ../../../Engine/DerivedDataCache/Compressed.ddp.
[2018.03.11-19.18.02:184][  0]LogDerivedDataCache: Using Local data cache path C:/Users/16079582/AppData/Local/UnrealEngine/Common/DerivedDataCache: Writable
[2018.03.11-19.18.02:200][  0]LogMaterial: Verifying Global Shaders for PCD3D_SM5
[2018.03.11-19.18.02:200][  0]LogSlate: Using Freetype 2.6.0
[2018.03.11-19.18.02:201][  0]LogSlate: SlateFontCache - WITH_FREETYPE: 1, WITH_HARFBUZZ: 1
[2018.03.11-19.18.02:201][  0]LogSlate: SlateFontCache - WITH_FREETYPE: 1, WITH_HARFBUZZ: 1
[2018.03.11-19.18.02:652][  0]LogInit: Selected Device Profile: [Windows]
[2018.03.11-19.18.02:763][  0]LogContentStreaming: Texture pool size is 0.00 MB
[2018.03.11-19.18.02:979][  0]LogMeshUtilities: Using QuadricMeshReduction for automatic static mesh reduction
[2018.03.11-19.18.03:041][  0]LogSimplygon: Simplygon DLL not present - disabling.
[2018.03.11-19.18.03:101][  0]LogMeshUtilities: Using SimplygonSwarm for distributed automatic mesh merging
[2018.03.11-19.18.03:101][  0]LogMeshUtilities: No automatic skeletal mesh reduction module available
[2018.03.11-19.18.03:101][  0]LogMeshUtilities: No automatic mesh merging module available
[2018.03.11-19.18.03:803][  0]LogNetVersion: PeterIsTheCaptain , NetCL: 3452394, EngineNetVer: 2, GameNetVer: 0 (Checksum: 1858553666)
[2018.03.11-19.18.03:876][  0]LogAssetRegistry: FAssetRegistry took 0.0274 seconds to start up
[2018.03.11-19.18.03:954][  0]LogPackageLocalizationCache: Processed 4 localized package path(s) for 2 prioritized culture(s) in 0.044233 seconds
[2018.03.11-19.18.03:960][  0]LogUObjectArray: 34194 objects as part of root set at end of initial load.
[2018.03.11-19.18.03:960][  0]LogUObjectAllocator: 7260424 out of 0 bytes used by permanent object pool.
[2018.03.11-19.18.03:960][  0]LogUObjectArray: CloseDisregardForGC: 0/0 objects in disregard for GC pool
[2018.03.11-19.18.04:049][  0]LogInit: WinSock: version 1.1 (2.2), MaxSocks=32767, MaxUdp=65467
[2018.03.11-19.18.07:022][  0]LogTcpMessaging: Initializing TcpMessaging bridge
[2018.03.11-19.18.07:070][  0]LogUdpMessaging: Initializing bridge on interface 0.0.0.0:0 to multicast group 230.0.0.1:6666.
[2018.03.11-19.18.07:718][  0]LogMaterial: Uniform references updated for custom material expression Custom.
[2018.03.11-19.18.08:198][  0]SourceControl: Info Source control is disabled
[2018.03.11-19.18.08:200][  0]SourceControl: Info Source control is disabled
[2018.03.11-19.18.08:258][  0]SourceControl: Info Source control is disabled
[2018.03.11-19.18.08:316][  0]SourceControl: Info Source control is disabled
[2018.03.11-19.18.09:157][  0]LogAndroidPermission: UAndroidPermissionCallbackProxy::GetInstance
[2018.03.11-19.18.09:907][  0]LogEngine: Initializing Engine...
[2018.03.11-19.18.09:917][  0]LogHMD: Failed to initialize OpenVR with code 108
[2018.03.11-19.18.10:219][  0]LogStats: UGameplayTagsManager::ConstructGameplayTagTree: Construct from data asset -  0.000 s
[2018.03.11-19.18.10:219][  0]LogStats: UGameplayTagsManager::ConstructGameplayTagTree: GameplayTagTreeChangedEvent.Broadcast -  0.000 s
[2018.03.11-19.18.10:380][  0]LogAIModule: Creating AISystem for world Untitled
[2018.03.11-19.18.10:391][  0]LogInit: XAudio2 using 'Speakers (VIA HD Audio)' : 2 channels at 48 kHz using 32 bits per sample (channel mask 0x3)
[2018.03.11-19.18.10:415][  0]LogInit: FAudioDevice initialized.
[2018.03.11-19.18.10:491][  0]LogDerivedDataCache: Saved boot cache 0.08s 90MB C:/Users/16079582/AppData/Local/UnrealEngine/4.16/DerivedDataCache/Boot.ddc.
[2018.03.11-19.18.10:517][  0]LogInit: Texture streaming: Enabled
[2018.03.11-19.18.10:650][  0]LogEngineSessionManager: EngineSessionManager initialized
[2018.03.11-19.18.10:650][  0]LogEngineSessionManager: EngineSessionManager sent abnormal shutdown report. Type=Crashed, SessionId={9A725AE5-4514-C8B3-91D6-DE99ABFE083E}
[2018.03.11-19.18.10:927][  0]LogInit: Transaction tracking system initialized
[2018.03.11-19.18.11:334][  0]BlueprintLog: New page: Editor Load
[2018.03.11-19.18.12:505][  0]LocalizationService: Info Localization service is disabled
[2018.03.11-19.18.13:391][  0]LogConsoleResponse:Display: 
[2018.03.11-19.18.13:554][  0]LogCook:Display: Max memory allowance for cook 16384mb min free memory 0mb
[2018.03.11-19.18.13:554][  0]LogCook:Display: Mobile HDR setting 1
[2018.03.11-19.18.13:627][  0]LogFileCache: Scanning file cache for directory 'C:/Users/16079582/Documents/GitHub/Group-E-Ass2-Game/PeterIsTheCaptain V0.2/Content/' took 0.01s
[2018.03.11-19.18.14:829][  0]SourceControl: Info Source control is disabled
[2018.03.11-19.18.14:830][  0]Cmd: MAP LOAD FILE="C:/Users/16079582/Documents/GitHub/Group-E-Ass2-Game/PeterIsTheCaptain V0.2/Content/Levels/MainMenu.umap" TEMPLATE=0 SHOWPROGRESS=1 FEATURELEVEL=3
[2018.03.11-19.18.14:830][  0]LightingResults: New page: Lighting Build
[2018.03.11-19.18.14:885][  0]MapCheck: New page: Map Check
[2018.03.11-19.18.14:885][  0]LightingResults: New page: Lighting Build
[2018.03.11-19.18.14:960][  0]LogAIModule: Creating AISystem for world MainMenu
[2018.03.11-19.18.14:961][  0]LogEditorServer: Finished looking for orphan Actors (0.000 secs)
[2018.03.11-19.18.14:979][  0]Cmd: MAP CHECKDEP NOCLEARLOG
[2018.03.11-19.18.15:032][  0]MapCheck: Info Map check complete: 0 Error(s), 0 Warning(s), took 53.225ms to complete.
[2018.03.11-19.18.15:032][  0]LogFileHelpers: Loading map 'MainMenu' took 0.203
[2018.03.11-19.18.15:200][  0]LogCollectionManager: Loaded 0 collections in 0.001281 seconds
[2018.03.11-19.18.15:295][  0]LogFileCache: Scanning file cache for directory 'C:/Users/16079582/Documents/GitHub/Group-E-Ass2-Game/PeterIsTheCaptain V0.2/Saved/Collections/' took 0.01s
[2018.03.11-19.18.15:295][  0]LogFileCache: Scanning file cache for directory 'C:/Users/16079582/Documents/GitHub/Group-E-Ass2-Game/PeterIsTheCaptain V0.2/Content/Developers/16079582/Collections/' took 0.01s
[2018.03.11-19.18.15:295][  0]LogFileCache: Scanning file cache for directory 'C:/Users/16079582/Documents/GitHub/Group-E-Ass2-Game/PeterIsTheCaptain V0.2/Content/Collections/' took 0.01s
[2018.03.11-19.18.15:295][  0]LogCollectionManager: Rebuilt the GUID cache for 0 collections in 0.000002 seconds
[2018.03.11-19.18.15:309][  0]LogContentBrowser: Native class hierarchy populated in 0.0143 seconds. Added 2329 classes and 491 folders.
[2018.03.11-19.18.15:395][  0]LogContentBrowser: Native class hierarchy updated for 'WidgetCarousel' in 0.0008 seconds. Added 0 classes and 0 folders.
[2018.03.11-19.18.15:445][  0]LogContentBrowser: Native class hierarchy updated for 'AddContentDialog' in 0.0008 seconds. Added 0 classes and 0 folders.
[2018.03.11-19.18.15:498][  0]LogContentBrowser: Native class hierarchy updated for 'SceneOutliner' in 0.0007 seconds. Added 1 classes and 2 folders.
[2018.03.11-19.18.15:599][  0]LogCrashTracker: Crashtracker disabled due to settings.
[2018.03.11-19.18.15:606][  0]LogSlate: Took 0.000378 seconds to synchronously load lazily loaded font '../../../Engine/Content/Slate/Fonts/Roboto-Regular.ttf' (155K)
[2018.03.11-19.18.15:610][  0]LogSlate: Took 0.000312 seconds to synchronously load lazily loaded font '../../../Engine/Content/Slate/Fonts/Roboto-Bold.ttf' (160K)
[2018.03.11-19.18.15:618][  0]LogSlate: Took 0.000299 seconds to synchronously load lazily loaded font '../../../Engine/Content/Editor/Slate/Fonts/FontAwesome.ttf' (139K)
[2018.03.11-19.18.15:749][  0]LogRenderer: Reallocating scene render targets to support 1072x576 NumSamples 1 (Frame:1).
[2018.03.11-19.18.16:022][  0]LogUObjectGlobals:Warning: Failed to find object 'Class None.'
[2018.03.11-19.18.16:101][  0]LogContentBrowser: Native class hierarchy updated for 'HierarchicalLODOutliner' in 0.0009 seconds. Added 1 classes and 2 folders.
[2018.03.11-19.18.16:102][  0]LogLoad: (Engine Initialization) Total time: 21.22 seconds
[2018.03.11-19.18.16:102][  0]LogLoad: (Engine Initialization) Total Blueprint compile time: 0.08 seconds
[2018.03.11-19.18.16:102][  0]LogExternalProfiler: No external profilers were discovered.  External profiling features will not be available.
[2018.03.11-19.18.16:441][  0]LogOcInput: OculusInput pre-init called
[2018.03.11-19.18.16:441][  0]LogHMD: Starting GearVRController plugin
[2018.03.11-19.18.16:458][  0]LogContentStreaming: Texture pool size now 1000 MB
[2018.03.11-19.18.16:783][  1]LogAssetRegistry: Asset discovery search completed in 12.9300 seconds
[2018.03.11-19.18.16:785][  1]LogCollectionManager: Rebuilt the object cache for 0 collections in 0.000001 seconds (found 0 objects)
[2018.03.11-19.18.16:785][  1]LogCollectionManager: Fixed up redirectors for 0 collections in 0.000027 seconds (updated 0 objects)
[2018.03.11-19.18.17:445][  3]LogSlate: Took 0.000340 seconds to synchronously load lazily loaded font '../../../Engine/Content/Slate/Fonts/Roboto-Light.ttf' (159K)
[2018.03.11-19.18.20:781][ 13]LogSlate: Took 0.000402 seconds to synchronously load lazily loaded font '../../../Engine/Content/Slate/Fonts/Roboto-Light.ttf' (159K)
[2018.03.11-19.18.30:651][ 58]LogLinker:Warning: Can't find file '/Game/Blueprints/Inventory/BaseInventory'
[2018.03.11-19.18.30:651][ 58]LogLinker:Warning: Can't find file for asset '/Game/Blueprints/Inventory/BaseInventory' while loading C:/Users/16079582/Documents/GitHub/Group-E-Ass2-Game/PeterIsTheCaptain V0.2/Content/2Dcharacter/Jon.uasset.
[2018.03.11-19.18.30:651][ 58]LoadErrors:Error: Error /Game/2Dcharacter/Jon : Can't find file for asset. /Game/Blueprints/Inventory/BaseInventory
[2018.03.11-19.18.30:657][ 58]LogLinker:Warning: Can't find file '/Game/Blueprints/Inventory/BaseInventory'
[2018.03.11-19.18.30:657][ 58]LogLinker:Warning: Can't find file for asset '/Game/Blueprints/Inventory/BaseInventory' while loading C:/Users/16079582/Documents/GitHub/Group-E-Ass2-Game/PeterIsTheCaptain V0.2/Content/2Dcharacter/Jon.uasset.
[2018.03.11-19.18.30:663][ 58]LogLinker:Warning: Can't find file '/Game/Blueprints/Inventory/BaseInventory'
[2018.03.11-19.18.30:663][ 58]LogLinker:Warning: Can't find file for asset '/Game/Blueprints/Inventory/BaseInventory' while loading NULL.
[2018.03.11-19.18.30:663][ 58]LogLinker:Warning: Can't find file '/Game/Blueprints/Inventory/BaseInventory'
[2018.03.11-19.18.30:663][ 58]LogLinker:Warning: Can't find file for asset '/Game/Blueprints/Inventory/BaseInventory' while loading NULL.
[2018.03.11-19.18.30:663][ 58]LogLinker:Warning: Can't find file '/Game/Blueprints/Inventory/BaseInventory'
[2018.03.11-19.18.30:663][ 58]LogLinker:Warning: Can't find file for asset '/Game/Blueprints/Inventory/BaseInventory' while loading NULL.
[2018.03.11-19.18.30:664][ 58]LogLinker:Warning: Can't find file '/Game/Blueprints/Inventory/BaseInventory'
[2018.03.11-19.18.30:664][ 58]LoadErrors: Info Failed to load /Game/Blueprints/Inventory/BaseInventory.BaseInventory_C Referenced by Jon
[2018.03.11-19.18.30:664][ 58]LogLinker:Warning: Can't find file for asset '/Game/Blueprints/Inventory/BaseInventory' while loading NULL.
[2018.03.11-19.18.30:666][ 58]LogLinker:Warning: Can't find file '/Game/Blueprints/Inventory/BaseInventory'
[2018.03.11-19.18.30:667][ 58]LoadErrors: Info Failed to load /Game/Blueprints/Inventory/BaseInventory.BaseInventory_C Referenced by K2Node_SpawnActorFromClass_0
[2018.03.11-19.18.30:667][ 58]LogLinker:Warning: Can't find file for asset '/Game/Blueprints/Inventory/BaseInventory' while loading NULL.
[2018.03.11-19.18.30:667][ 58]LogLinker:Warning: Can't find file '/Game/Blueprints/Inventory/BaseInventory'
[2018.03.11-19.18.30:667][ 58]LogLinker:Warning: Can't find file for asset '/Game/Blueprints/Inventory/BaseInventory' while loading NULL.
[2018.03.11-19.18.30:667][ 58]LogLinker:Warning: Can't find file '/Game/Blueprints/Inventory/BaseInventory'
[2018.03.11-19.18.30:667][ 58]LoadErrors: Info Failed to load /Game/Blueprints/Inventory/BaseInventory.BaseInventory_C Referenced by K2Node_VariableSet_754
[2018.03.11-19.18.30:667][ 58]LogLinker:Warning: Can't find file for asset '/Game/Blueprints/Inventory/BaseInventory' while loading NULL.
[2018.03.11-19.18.30:667][ 58]LogLinker:Warning: Can't find file '/Game/Blueprints/Inventory/BaseInventory'
[2018.03.11-19.18.30:667][ 58]LogLinker:Warning: Can't find file for asset '/Game/Blueprints/Inventory/BaseInventory' while loading NULL.
[2018.03.11-19.18.30:668][ 58]LogLinker:Warning: Can't find file '/Game/Blueprints/Inventory/BaseInventory'
[2018.03.11-19.18.30:668][ 58]LoadErrors: Info Failed to load /Game/Blueprints/Inventory/BaseInventory.BaseInventory_C Referenced by K2Node_MakeArray_1
[2018.03.11-19.18.30:668][ 58]LogLinker:Warning: Can't find file for asset '/Game/Blueprints/Inventory/BaseInventory' while loading NULL.
[2018.03.11-19.18.30:668][ 58]LogLinker:Warning: Can't find file '/Game/Blueprints/Inventory/BaseInventory'
[2018.03.11-19.18.30:668][ 58]LogLinker:Warning: Can't find file for asset '/Game/Blueprints/Inventory/BaseInventory' while loading NULL.
[2018.03.11-19.18.30:677][ 58]LogBlueprint:Error: [Compiler Jon] Error Spawn node  SpawnActor NONE  must have a  Class  specified.
[2018.03.11-19.18.30:684][ 58]LogBlueprint:Warning: [Compiler Jon] Warning [0035.80] Compile of Jon failed. 1 Fatal Issue(s) 0 Warning(s) [in 8 ms] (/Game/2Dcharacter/Jon.Jon)
[2018.03.11-19.18.30:684][ 58]LogBlueprint:Warning: [Compiler Jon] Warning [0035.80] Compile of Jon failed. 1 Fatal Issue(s) 1 Warning(s) [in 0 ms] (/Game/2Dcharacter/Jon.Jon)
[2018.03.11-19.18.30:684][ 58]LogBlueprint:Warning: [Compiler Jon] Warning [0035.80] Compile of Jon failed. 1 Fatal Issue(s) 2 Warning(s) [in 0 ms] (/Game/2Dcharacter/Jon.Jon)
[2018.03.11-19.18.30:688][ 58]LogBlueprint:Error: [Compiler Jon] Error Spawn node  SpawnActor NONE  must have a  Class  specified.
[2018.03.11-19.18.30:695][ 58]LogBlueprint:Warning: [Compiler Jon] Warning [0035.81] Compile of Jon failed. 1 Fatal Issue(s) 0 Warning(s) [in 8 ms] (/Game/2Dcharacter/Jon.Jon)
[2018.03.11-19.18.30:695][ 58]LogBlueprint:Warning: [Compiler Jon] Warning [0035.81] Compile of Jon failed. 1 Fatal Issue(s) 1 Warning(s) [in 0 ms] (/Game/2Dcharacter/Jon.Jon)
[2018.03.11-19.18.30:695][ 58]LogBlueprint:Warning: [Compiler Jon] Warning [0035.81] Compile of Jon failed. 1 Fatal Issue(s) 2 Warning(s) [in 0 ms] (/Game/2Dcharacter/Jon.Jon)
[2018.03.11-19.18.30:716][ 58]LogSlate: Took 0.000275 seconds to synchronously load lazily loaded font '../../../Engine/Content/Slate/Fonts/Roboto-Light.ttf' (159K)
[2018.03.11-19.18.31:383][ 58]LogSlate: Took 0.000240 seconds to synchronously load lazily loaded font '../../../Engine/Content/Slate/Fonts/Roboto-Regular.ttf' (155K)
[2018.03.11-19.18.31:610][ 58]LogContentBrowser: Native class hierarchy updated for 'BlueprintGraph' in 0.0013 seconds. Added 112 classes and 0 folders.
[2018.03.11-19.18.32:534][ 58]LogSlate: Took 0.014316 seconds to synchronously load lazily loaded font '../../../Engine/Content/Editor/Slate/Fonts/Roboto-BoldCondensed.ttf' (158K)
[2018.03.11-19.18.32:732][ 59]LogSlate: Took 0.005518 seconds to synchronously load lazily loaded font '../../../Engine/Content/Editor/Slate/Fonts/Roboto-Italic.ttf' (157K)
[2018.03.11-19.18.56:412][233]BlueprintLog: New page: Compile Jon
[2018.03.11-19.18.57:894][240]Cmd: OBJ SAVEPACKAGE PACKAGE="/Game/2Dcharacter/Jon" FILE="C:/Users/16079582/Documents/GitHub/Group-E-Ass2-Game/PeterIsTheCaptain V0.2/Content/2Dcharacter/Jon.uasset" SILENT=true
[2018.03.11-19.18.58:012][240]LogSavePackage: Save=69.05ms
[2018.03.11-19.18.58:012][240]LogSavePackage: Moving 'C:/Users/16079582/Documents/GitHub/Group-E-Ass2-Game/PeterIsTheCaptain V0.2/Saved/Jon5BDFDDAD4BAB3A48257E1AB4CBF5901C.tmp' to 'C:/Users/16079582/Documents/GitHub/Group-E-Ass2-Game/PeterIsTheCaptain V0.2/Content/2Dcharacter/Jon.uasset'
[2018.03.11-19.18.58:017][240]LogSavePackage:Display: Finished SavePackage C:/Users/16079582/Documents/GitHub/Group-E-Ass2-Game/PeterIsTheCaptain V0.2/Content/2Dcharacter/Jon.uasset
[2018.03.11-19.19.12:664][432]LogSynthBenchmark:Display: FSynthBenchmark (V0.95):  requested WorkScale=1.00
[2018.03.11-19.19.12:664][432]LogSynthBenchmark:Display: ===============
[2018.03.11-19.19.12:664][432]LogSynthBenchmark:Display: Main Processor:
[2018.03.11-19.19.12:713][432]LogSynthBenchmark:Display:          ... 0.027414 s/Run 'RayIntersect'
[2018.03.11-19.19.12:713][432]LogSynthBenchmark:Display:          ... 0.021843 s/Run 'Fractal'
[2018.03.11-19.19.12:713][432]LogSynthBenchmark:Display: 
[2018.03.11-19.19.12:713][432]LogSynthBenchmark:Display:   CompiledTarget_x_Bits: 64
[2018.03.11-19.19.12:713][432]LogSynthBenchmark:Display:   UE_BUILD_SHIPPING: 0
[2018.03.11-19.19.12:713][432]LogSynthBenchmark:Display:   UE_BUILD_TEST: 0
[2018.03.11-19.19.12:713][432]LogSynthBenchmark:Display:   UE_BUILD_DEBUG: 0
[2018.03.11-19.19.12:713][432]LogSynthBenchmark:Display:   TotalPhysicalGBRam: 16
[2018.03.11-19.19.12:713][432]LogSynthBenchmark:Display:   NumberOfCores (physical): 4
[2018.03.11-19.19.12:713][432]LogSynthBenchmark:Display:   NumberOfCores (logical): 8
[2018.03.11-19.19.12:713][432]LogSynthBenchmark:Display:   CPU Perf Index 0: 93.4 (weight 1.00)
[2018.03.11-19.19.12:713][432]LogSynthBenchmark:Display:   CPU Perf Index 1: 130.9 (weight 1.50)
[2018.03.11-19.19.12:713][432]LogSynthBenchmark:Display:  
[2018.03.11-19.19.12:713][432]LogSynthBenchmark:Display: Graphics:
[2018.03.11-19.19.12:713][432]LogSynthBenchmark:Display:   Adapter Name: 'NVIDIA GeForce GTX 960'
[2018.03.11-19.19.12:713][432]LogSynthBenchmark:Display:   (On Optimus the name might be wrong, memory should be ok)
[2018.03.11-19.19.12:713][432]LogSynthBenchmark:Display:   Vendor Id: 0x10DE
[2018.03.11-19.19.12:713][432]LogSynthBenchmark:Display:   Device Id: 0x1401
[2018.03.11-19.19.12:713][432]LogSynthBenchmark:Display:   Device Revision: 0xA1
[2018.03.11-19.19.12:713][432]LogSynthBenchmark:Display:   GPU Memory: 2017/0/8184 MB
[2018.03.11-19.19.12:936][432]LogSynthBenchmark:Display:   GPU first test: 0.01s
[2018.03.11-19.19.12:936][432]LogSynthBenchmark:Display:          ... 3.284 s/GigaPix, Confidence=100% 'ALUHeavyNoise' (likely to be very inaccurate)
[2018.03.11-19.19.12:936][432]LogSynthBenchmark:Display:          ... 2.613 s/GigaPix, Confidence=100% 'TexHeavy' (likely to be very inaccurate)
[2018.03.11-19.19.12:936][432]LogSynthBenchmark:Display:          ... 2.041 s/GigaPix, Confidence=89% 'DepTexHeavy' (likely to be very inaccurate)
[2018.03.11-19.19.12:936][432]LogSynthBenchmark:Display:          ... 6.729 s/GigaPix, Confidence=89% 'FillOnly' (likely to be very inaccurate)
[2018.03.11-19.19.12:936][432]LogSynthBenchmark:Display:          ... 0.425 s/GigaPix, Confidence=100% 'Bandwidth' (likely to be very inaccurate)
[2018.03.11-19.19.12:936][432]LogSynthBenchmark:Display:          ... 30.703 s/GigaVert, Confidence=89% 'VertThroughPut1' (likely to be very inaccurate)
[2018.03.11-19.19.12:936][432]LogSynthBenchmark:Display:          ... 26.545 s/GigaVert, Confidence=60% 'VertThroughPut2' (likely to be very inaccurate)
[2018.03.11-19.19.13:045][432]LogSynthBenchmark:Display:   GPU second test: 0.04s
[2018.03.11-19.19.13:045][432]LogSynthBenchmark:Display:          ... 5.124 s/GigaPix, Confidence=100% 'ALUHeavyNoise' (likely to be inaccurate)
[2018.03.11-19.19.13:045][432]LogSynthBenchmark:Display:          ... 4.370 s/GigaPix, Confidence=100% 'TexHeavy' (likely to be inaccurate)
[2018.03.11-19.19.13:045][432]LogSynthBenchmark:Display:          ... 3.722 s/GigaPix, Confidence=100% 'DepTexHeavy' (likely to be inaccurate)
[2018.03.11-19.19.13:045][432]LogSynthBenchmark:Display:          ... 19.854 s/GigaPix, Confidence=100% 'FillOnly' (likely to be inaccurate)
[2018.03.11-19.19.13:045][432]LogSynthBenchmark:Display:          ... 0.512 s/GigaPix, Confidence=100% 'Bandwidth' (likely to be inaccurate)
[2018.03.11-19.19.13:045][432]LogSynthBenchmark:Display:          ... 2.287 s/GigaVert, Confidence=89% 'VertThroughPut1' (likely to be inaccurate)
[2018.03.11-19.19.13:045][432]LogSynthBenchmark:Display:          ... 3.034 s/GigaVert, Confidence=100% 'VertThroughPut2' (likely to be inaccurate)
[2018.03.11-19.19.13:463][432]LogSynthBenchmark:Display:   GPU third test: 0.35s
[2018.03.11-19.19.13:463][432]LogSynthBenchmark:Display:          ... 6.492 s/GigaPix, Confidence=89% 'ALUHeavyNoise'
[2018.03.11-19.19.13:463][432]LogSynthBenchmark:Display:          ... 4.944 s/GigaPix, Confidence=100% 'TexHeavy'
[2018.03.11-19.19.13:463][432]LogSynthBenchmark:Display:          ... 4.618 s/GigaPix, Confidence=100% 'DepTexHeavy'
[2018.03.11-19.19.13:463][432]LogSynthBenchmark:Display:          ... 25.438 s/GigaPix, Confidence=100% 'FillOnly'
[2018.03.11-19.19.13:463][432]LogSynthBenchmark:Display:          ... 0.572 s/GigaPix, Confidence=100% 'Bandwidth'
[2018.03.11-19.19.13:463][432]LogSynthBenchmark:Display:          ... 1.861 s/GigaVert, Confidence=100% 'VertThroughPut1'
[2018.03.11-19.19.13:463][432]LogSynthBenchmark:Display:          ... 3.198 s/GigaVert, Confidence=100% 'VertThroughPut2'
[2018.03.11-19.19.13:463][432]LogSynthBenchmark:Display:   GPU Final Results:
[2018.03.11-19.19.13:463][432]LogSynthBenchmark:Display:          ... 6.492 s/GigaPix, Confidence=89% 'ALUHeavyNoise'
[2018.03.11-19.19.13:463][432]LogSynthBenchmark:Display:          ... 4.944 s/GigaPix, Confidence=100% 'TexHeavy'
[2018.03.11-19.19.13:463][432]LogSynthBenchmark:Display:          ... 4.618 s/GigaPix, Confidence=100% 'DepTexHeavy'
[2018.03.11-19.19.13:463][432]LogSynthBenchmark:Display:          ... 25.438 s/GigaPix, Confidence=100% 'FillOnly'
[2018.03.11-19.19.13:463][432]LogSynthBenchmark:Display:          ... 0.572 s/GigaPix, Confidence=100% 'Bandwidth'
[2018.03.11-19.19.13:463][432]LogSynthBenchmark:Display:          ... 1.861 s/GigaVert, Confidence=100% 'VertThroughPut1'
[2018.03.11-19.19.13:463][432]LogSynthBenchmark:Display:          ... 3.198 s/GigaVert, Confidence=100% 'VertThroughPut2'
[2018.03.11-19.19.13:463][432]LogSynthBenchmark:Display: 
[2018.03.11-19.19.13:463][432]LogSynthBenchmark:Display:   GPU Perf Index 0: 141.1 (weight 1.00)
[2018.03.11-19.19.13:464][432]LogSynthBenchmark:Display:   GPU Perf Index 1: 66.4 (weight 0.10)
[2018.03.11-19.19.13:464][432]LogSynthBenchmark:Display:   GPU Perf Index 2: 120.0 (weight 0.10)
[2018.03.11-19.19.13:464][432]LogSynthBenchmark:Display:   GPU Perf Index 3: 99.9 (weight 3.00)
[2018.03.11-19.19.13:464][432]LogSynthBenchmark:Display:   GPU Perf Index 4: 53.4 (weight 1.00)
[2018.03.11-19.19.13:464][432]LogSynthBenchmark:Display:   GPU Perf Index 5: 121.1 (weight 0.00)
[2018.03.11-19.19.13:464][432]LogSynthBenchmark:Display:   GPU Perf Index 6: 181.0 (weight 0.00)
[2018.03.11-19.19.13:464][432]LogSynthBenchmark:Display:   CPUIndex: 115.9
[2018.03.11-19.19.13:464][432]LogSynthBenchmark:Display:   GPUIndex: 98.6
[2018.03.11-19.19.13:464][432]LogSynthBenchmark:Display: 
[2018.03.11-19.19.13:464][432]LogSynthBenchmark:Display:          ... Total Time: 0.799827 sec
[2018.03.11-19.19.13:685][433]LogRenderer: Reallocating scene render targets to support 1072x576 NumSamples 1 (Frame:5).
[2018.03.11-19.19.13:707][434]LogContentStreaming: Texture pool size now 800 MB
[2018.03.11-19.21.14:981][226]LogLinker:Warning: Can't find file '/Game/Blueprints/Inventory/BaseItem'
[2018.03.11-19.21.14:981][226]LogLinker:Warning: Can't find file for asset '/Game/Blueprints/Inventory/BaseItem' while loading C:/Users/16079582/Documents/GitHub/Group-E-Ass2-Game/PeterIsTheCaptain V0.2/Content/Blueprints/Inventory/InventorySLot.uasset.
[2018.03.11-19.21.14:981][226]LoadErrors:Error: Error /Game/Blueprints/Inventory/InventorySLot : Can't find file for asset. /Game/Blueprints/Inventory/BaseItem
[2018.03.11-19.21.14:982][226]LogLinker:Warning: Can't find file '/Game/Blueprints/Inventory/BaseItem'
[2018.03.11-19.21.14:982][226]LogLinker:Warning: Can't find file for asset '/Game/Blueprints/Inventory/BaseItem' while loading C:/Users/16079582/Documents/GitHub/Group-E-Ass2-Game/PeterIsTheCaptain V0.2/Content/Blueprints/Inventory/InventorySLot.uasset.
[2018.03.11-19.21.14:982][226]LogLinker:Warning: Can't find file '/Game/Blueprints/Inventory/BaseItem'
[2018.03.11-19.21.14:982][226]LogLinker:Warning: Can't find file for asset '/Game/Blueprints/Inventory/BaseItem' while loading NULL.
[2018.03.11-19.21.14:983][226]LogLinker:Warning: Can't find file '/Game/Blueprints/Inventory/BaseItem'
[2018.03.11-19.21.14:983][226]LogUObjectGlobals:Warning: Failed to find object 'Object /Game/Blueprints/Inventory/BaseItem.BaseItem_C'
[2018.03.11-19.21.31:269][125]LogLinker:Warning: Can't find file '/Game/Meshes/John'
[2018.03.11-19.21.31:269][125]LogLinker:Warning: Can't find file for asset '/Game/Meshes/John' while loading C:/Users/16079582/Documents/GitHub/Group-E-Ass2-Game/PeterIsTheCaptain V0.2/Content/Blueprints/Inventroy/Pickup.uasset.
[2018.03.11-19.21.31:269][125]LoadErrors:Error: Error /Game/Blueprints/Inventroy/Pickup : Can't find file for asset. /Game/Meshes/John
[2018.03.11-19.21.31:270][125]LogLinker:Warning: Can't find file '/Game/Meshes/steve'
[2018.03.11-19.21.31:270][125]LogLinker:Warning: Can't find file for asset '/Game/Meshes/steve' while loading C:/Users/16079582/Documents/GitHub/Group-E-Ass2-Game/PeterIsTheCaptain V0.2/Content/Blueprints/Inventroy/Pickup.uasset.
[2018.03.11-19.21.31:270][125]LoadErrors:Error: Error /Game/Blueprints/Inventroy/Pickup : Can't find file for asset. /Game/Meshes/steve
[2018.03.11-19.21.31:270][125]LogLinker:Warning: Can't find file '/Game/Meshes/John'
[2018.03.11-19.21.31:270][125]LogLinker:Warning: Can't find file for asset '/Game/Meshes/John' while loading C:/Users/16079582/Documents/GitHub/Group-E-Ass2-Game/PeterIsTheCaptain V0.2/Content/Blueprints/Inventroy/Pickup.uasset.
[2018.03.11-19.21.31:270][125]LogLinker:Warning: Can't find file '/Game/Meshes/steve'
[2018.03.11-19.21.31:270][125]LogLinker:Warning: Can't find file for asset '/Game/Meshes/steve' while loading C:/Users/16079582/Documents/GitHub/Group-E-Ass2-Game/PeterIsTheCaptain V0.2/Content/Blueprints/Inventroy/Pickup.uasset.
[2018.03.11-19.21.31:271][125]LogLinker:Warning: Can't find file '/Game/Meshes/steve'
[2018.03.11-19.21.31:271][125]LoadErrors: Info Failed to load /Game/Meshes/steve.steve Referenced by Default__Pickup_C
[2018.03.11-19.21.31:271][125]LogLinker:Warning: Can't find file for asset '/Game/Meshes/steve' while loading C:/Users/16079582/Documents/GitHub/Group-E-Ass2-Game/PeterIsTheCaptain V0.2/Content/Blueprints/Inventroy/Pickup.uasset.
[2018.03.11-19.21.31:272][125]LogLinker:Warning: Can't find file '/Game/Meshes/John'
[2018.03.11-19.21.31:272][125]LoadErrors: Info Failed to load /Game/Meshes/John.John Referenced by Default__Pickup_C
[2018.03.11-19.21.31:272][125]LogLinker:Warning: Can't find file for asset '/Game/Meshes/John' while loading C:/Users/16079582/Documents/GitHub/Group-E-Ass2-Game/PeterIsTheCaptain V0.2/Content/Blueprints/Inventroy/Pickup.uasset.
[2018.03.11-19.21.31:281][125]LogLinker:Warning: Can't find file '/Game/Character/charDOWN'
[2018.03.11-19.21.31:281][125]LogLinker:Warning: Can't find file for asset '/Game/Character/charDOWN' while loading C:/Users/16079582/Documents/GitHub/Group-E-Ass2-Game/PeterIsTheCaptain V0.2/Content/Blueprints/Inventroy/Pickup.uasset.
[2018.03.11-19.21.31:281][125]LoadErrors:Error: Error /Game/Blueprints/Inventroy/Pickup : Can't find file for asset. /Game/Character/charDOWN
[2018.03.11-19.21.31:281][125]LogLinker:Warning: Can't find file '/Game/Character/charDOWN'
[2018.03.11-19.21.31:281][125]LogLinker:Warning: Can't find file for asset '/Game/Character/charDOWN' while loading C:/Users/16079582/Documents/GitHub/Group-E-Ass2-Game/PeterIsTheCaptain V0.2/Content/Blueprints/Inventroy/Pickup.uasset.
[2018.03.11-19.21.31:282][125]LogLinker:Warning: Can't find file '/Game/Character/charDOWN'
[2018.03.11-19.21.31:282][125]LoadErrors: Info Failed to load /Game/Character/charDOWN.charDOWN Referenced by Default__ITEM_C
[2018.03.11-19.21.31:282][125]LogLinker:Warning: Can't find file for asset '/Game/Character/charDOWN' while loading C:/Users/16079582/Documents/GitHub/Group-E-Ass2-Game/PeterIsTheCaptain V0.2/Content/Blueprints/Inventroy/Pickup.uasset.
[2018.03.11-19.21.31:303][125]LogLinker:Warning: Can't find file '/Game/Meshes/John'
[2018.03.11-19.21.31:303][125]LogLinker:Warning: Can't find file for asset '/Game/Meshes/John' while loading C:/Users/16079582/Documents/GitHub/Group-E-Ass2-Game/PeterIsTheCaptain V0.2/Content/Blueprints/Inventroy/Pickup.uasset.
[2018.03.11-19.21.31:304][125]LogLinker:Warning: Can't find file '/Game/Meshes/steve'
[2018.03.11-19.21.31:304][125]LogLinker:Warning: Can't find file for asset '/Game/Meshes/steve' while loading C:/Users/16079582/Documents/GitHub/Group-E-Ass2-Game/PeterIsTheCaptain V0.2/Content/Blueprints/Inventroy/Pickup.uasset.
[2018.03.11-19.21.31:304][125]LogLinker:Warning: Can't find file '/Game/Meshes/John'
[2018.03.11-19.21.31:304][125]LogLinker:Warning: Can't find file for asset '/Game/Meshes/John' while loading C:/Users/16079582/Documents/GitHub/Group-E-Ass2-Game/PeterIsTheCaptain V0.2/Content/Blueprints/Inventroy/Pickup.uasset.
[2018.03.11-19.21.31:304][125]LogLinker:Warning: Can't find file '/Game/Meshes/steve'
[2018.03.11-19.21.31:304][125]LogLinker:Warning: Can't find file for asset '/Game/Meshes/steve' while loading C:/Users/16079582/Documents/GitHub/Group-E-Ass2-Game/PeterIsTheCaptain V0.2/Content/Blueprints/Inventroy/Pickup.uasset.
[2018.03.11-19.21.31:307][125]LogLinker:Warning: Can't find file '/Game/Character/charDOWN'
[2018.03.11-19.21.31:307][125]LogLinker:Warning: Can't find file for asset '/Game/Character/charDOWN' while loading C:/Users/16079582/Documents/GitHub/Group-E-Ass2-Game/PeterIsTheCaptain V0.2/Content/Blueprints/Inventroy/ITEM.uasset.
[2018.03.11-19.21.31:307][125]LoadErrors:Error: Error /Game/Blueprints/Inventroy/ITEM : Can't find file for asset. /Game/Character/charDOWN
[2018.03.11-19.21.31:307][125]LogLinker:Warning: Can't find file '/Game/Character/charDOWN'
[2018.03.11-19.21.31:307][125]LogLinker:Warning: Can't find file for asset '/Game/Character/charDOWN' while loading C:/Users/16079582/Documents/GitHub/Group-E-Ass2-Game/PeterIsTheCaptain V0.2/Content/Blueprints/Inventroy/ITEM.uasset.
[2018.03.11-19.21.49:103][260]LogSavePackage: Save=28.41ms
[2018.03.11-19.21.49:103][260]LogSavePackage: Moving 'C:/Users/16079582/Documents/GitHub/Group-E-Ass2-Game/PeterIsTheCaptain V0.2/Saved/InventoryC2C796484131E90F771DA5A05B85D18D.tmp' to 'C:/Users/16079582/Documents/GitHub/Group-E-Ass2-Game/PeterIsTheCaptain V0.2/Content/Blueprints/Inventroy/Inventory.uasset'
[2018.03.11-19.21.49:106][260]LogSavePackage:Display: Finished SavePackage C:/Users/16079582/Documents/GitHub/Group-E-Ass2-Game/PeterIsTheCaptain V0.2/Content/Blueprints/Inventroy/Inventory.uasset
[2018.03.11-19.21.51:240][298]LogSavePackage: Save=130.84ms
[2018.03.11-19.21.51:240][298]LogSavePackage: Moving 'C:/Users/16079582/Documents/GitHub/Group-E-Ass2-Game/PeterIsTheCaptain V0.2/Saved/MainMenu15C440E249749FD00F8D9EAC9743CF16.tmp' to 'C:/Users/16079582/Documents/GitHub/Group-E-Ass2-Game/PeterIsTheCaptain V0.2/Content/Levels/MainMenu.umap'
[2018.03.11-19.21.51:242][298]LogSavePackage:Display: Finished SavePackage C:/Users/16079582/Documents/GitHub/Group-E-Ass2-Game/PeterIsTheCaptain V0.2/Content/Levels/MainMenu.umap
[2018.03.11-19.21.52:985][416]LogWindowsTextInputMethodSystem:Display: IME system now deactivated.
[2018.03.11-19.21.53:187][417]Cmd: QUIT_EDITOR
[2018.03.11-19.21.53:219][417]LogExit: Preparing to exit.
[2018.03.11-19.21.54:325][417]LogExit: Editor shut down
[2018.03.11-19.21.54:333][417]LogExit: Transaction tracking system shut down
[2018.03.11-19.21.54:441][417]LogObj: Freed 0b from 0 cluster array pools.
[2018.03.11-19.21.54:441][417]LogExit: Object subsystem successfully closed.
[2018.03.11-19.21.54:464][417]LogD3D11RHI: Shutdown
[2018.03.11-19.21.54:464][417]LogD3D11RHI: CleanupD3DDevice
[2018.03.11-19.21.54:674][417]LogD3D11RHI: ~FD3D11DynamicRHI
[2018.03.11-19.21.54:686][417]LogModuleManager: Shutting down and abandoning module SequencerWidgets (532)
[2018.03.11-19.21.54:686][417]LogModuleManager: Shutting down and abandoning module SynthBenchmark (530)
[2018.03.11-19.21.54:686][417]LogModuleManager: Shutting down and abandoning module BlueprintGraph (528)
[2018.03.11-19.21.54:686][417]LogModuleManager: Shutting down and abandoning module BlueprintProfiler (526)
[2018.03.11-19.21.54:686][417]LogModuleManager: Shutting down and abandoning module HierarchicalLODOutliner (524)
[2018.03.11-19.21.54:686][417]LogModuleManager: Shutting down and abandoning module CrashTracker (522)
[2018.03.11-19.21.54:686][417]LogModuleManager: Shutting down and abandoning module SceneOutliner (520)
[2018.03.11-19.21.54:686][417]LogModuleManager: Shutting down and abandoning module AddContentDialog (518)
[2018.03.11-19.21.54:686][417]LogDirectoryWatcher: A directory notification for 'G:/EpicGames/Epic Games/UE_4.16/FeaturePacks/' was aborted.
[2018.03.11-19.21.54:688][417]LogModuleManager: Shutting down and abandoning module WidgetCarousel (517)
[2018.03.11-19.21.54:688][417]LogModuleManager: Shutting down and abandoning module EditorWidgets (514)
[2018.03.11-19.21.54:688][417]LogModuleManager: Shutting down and abandoning module CollectionManager (512)
[2018.03.11-19.21.54:688][417]LogDirectoryWatcher: A directory notification for 'C:/Users/16079582/Documents/GitHub/Group-E-Ass2-Game/PeterIsTheCaptain V0.2/Content/Collections/' was aborted.
[2018.03.11-19.21.54:688][417]LogDirectoryWatcher: A directory notification for 'C:/Users/16079582/Documents/GitHub/Group-E-Ass2-Game/PeterIsTheCaptain V0.2/Content/Developers/16079582/Collections/' was aborted.
[2018.03.11-19.21.54:688][417]LogDirectoryWatcher: A directory notification for 'C:/Users/16079582/Documents/GitHub/Group-E-Ass2-Game/PeterIsTheCaptain V0.2/Saved/Collections/' was aborted.
[2018.03.11-19.21.54:689][417]LogModuleManager: Shutting down and abandoning module StatsViewer (510)
[2018.03.11-19.21.54:689][417]LogModuleManager: Shutting down and abandoning module FoliageEdit (508)
[2018.03.11-19.21.54:689][417]LogModuleManager: Shutting down and abandoning module LandscapeEditor (506)
[2018.03.11-19.21.54:689][417]LogModuleManager: Shutting down and abandoning module MeshPaintMode (504)
[2018.03.11-19.21.54:689][417]LogModuleManager: Shutting down and abandoning module SceneDepthPickerMode (502)
[2018.03.11-19.21.54:689][417]LogModuleManager: Shutting down and abandoning module ActorPickerMode (500)
[2018.03.11-19.21.54:689][417]LogModuleManager: Shutting down and abandoning module GeometryMode (498)
[2018.03.11-19.21.54:689][417]LogModuleManager: Shutting down and abandoning module TextureAlignMode (496)
[2018.03.11-19.21.54:689][417]LogModuleManager: Shutting down and abandoning module BspMode (494)
[2018.03.11-19.21.54:689][417]LogModuleManager: Shutting down and abandoning module HardwareSurvey (492)
[2018.03.11-19.21.54:689][417]LogModuleManager: Shutting down and abandoning module SequenceRecorderSections (490)
[2018.03.11-19.21.54:689][417]LogModuleManager: Shutting down and abandoning module AutomationWorker (488)
[2018.03.11-19.21.54:689][417]LogModuleManager: Shutting down and abandoning module MatineeToLevelSequence (486)
[2018.03.11-19.21.54:689][417]LogModuleManager: Shutting down and abandoning module LevelSequenceEditor (484)
[2018.03.11-19.21.54:689][417]LogModuleManager: Shutting down and abandoning module PlacementMode (483)
[2018.03.11-19.21.54:689][417]LogModuleManager: Shutting down and abandoning module WmfMediaFactory (480)
[2018.03.11-19.21.54:689][417]LogModuleManager: Shutting down and abandoning module WmfMediaEditor (478)
[2018.03.11-19.21.54:689][417]LogModuleManager: Shutting down and abandoning module AvfMediaFactory (476)
[2018.03.11-19.21.54:689][417]LogModuleManager: Shutting down and abandoning module AvfMediaEditor (474)
[2018.03.11-19.21.54:689][417]LogModuleManager: Shutting down and abandoning module AndroidMediaFactory (472)
[2018.03.11-19.21.54:689][417]LogModuleManager: Shutting down and abandoning module Media (471)
[2018.03.11-19.21.54:689][417]LogModuleManager: Shutting down and abandoning module AndroidMediaEditor (468)
[2018.03.11-19.21.54:689][417]LogModuleManager: Shutting down and abandoning module CharacterAI (466)
[2018.03.11-19.21.54:689][417]LogModuleManager: Shutting down and abandoning module AudioCapture (464)
[2018.03.11-19.21.54:689][417]LogModuleManager: Shutting down and abandoning module SequenceRecorder (463)
[2018.03.11-19.21.54:689][417]LogModuleManager: Shutting down and abandoning module SmartSnapping (460)
[2018.03.11-19.21.54:689][417]LogModuleManager: Shutting down and abandoning module SessionServices (458)
[2018.03.11-19.21.54:689][417]LogModuleManager: Shutting down and abandoning module ViewportSnapping (456)
[2018.03.11-19.21.54:689][417]LogModuleManager: Shutting down and abandoning module ViewportInteraction (454)
[2018.03.11-19.21.54:689][417]LogModuleManager: Shutting down and abandoning module ClothPainter (452)
[2018.03.11-19.21.54:689][417]LogModuleManager: Shutting down and abandoning module LogVisualizer (450)
[2018.03.11-19.21.54:689][417]LogModuleManager: Shutting down and abandoning module IntroTutorials (448)
[2018.03.11-19.21.54:689][417]LogModuleManager: Shutting down and abandoning module GameProjectGeneration (447)
[2018.03.11-19.21.54:689][417]LogModuleManager: Shutting down and abandoning module EditorLiveStreaming (444)
[2018.03.11-19.21.54:689][417]LogModuleManager: Shutting down and abandoning module IOSPlatformEditor (442)
[2018.03.11-19.21.54:689][417]LogModuleManager: Shutting down and abandoning module HTML5PlatformEditor (440)
[2018.03.11-19.21.54:689][417]LogModuleManager: Shutting down and abandoning module AndroidPlatformEditor (438)
[2018.03.11-19.21.54:689][417]LogModuleManager: Shutting down and abandoning module AndroidDeviceDetection (437)
[2018.03.11-19.21.55:050][417]LogModuleManager: Shutting down and abandoning module IOSRuntimeSettings (434)
[2018.03.11-19.21.55:050][417]LogModuleManager: Shutting down and abandoning module AndroidRuntimeSettings (432)
[2018.03.11-19.21.55:050][417]LogModuleManager: Shutting down and abandoning module InputBindingEditor (430)
[2018.03.11-19.21.55:050][417]LogModuleManager: Shutting down and abandoning module MergeActors (428)
[2018.03.11-19.21.55:050][417]LogModuleManager: Shutting down and abandoning module SizeMap (426)
[2018.03.11-19.21.55:050][417]LogModuleManager: Shutting down and abandoning module TreeMap (424)
[2018.03.11-19.21.55:050][417]LogModuleManager: Shutting down and abandoning module ReferenceViewer (422)
[2018.03.11-19.21.55:050][417]LogModuleManager: Shutting down and abandoning module LocalizationDashboard (420)
[2018.03.11-19.21.55:051][417]LogModuleManager: Shutting down and abandoning module LocalizationService (419)
[2018.03.11-19.21.55:051][417]LogModuleManager: Shutting down and abandoning module HardwareTargeting (416)
[2018.03.11-19.21.55:051][417]LogModuleManager: Shutting down and abandoning module DeviceProfileEditor (414)
[2018.03.11-19.21.55:051][417]LogModuleManager: Shutting down and abandoning module UndoHistory (412)
[2018.03.11-19.21.55:051][417]LogModuleManager: Shutting down and abandoning module UserFeedback (410)
[2018.03.11-19.21.55:051][417]LogModuleManager: Shutting down and abandoning module XmlParser (408)
[2018.03.11-19.21.55:051][417]LogModuleManager: Shutting down and abandoning module Blutility (406)
[2018.03.11-19.21.55:051][417]LogModuleManager: Shutting down and abandoning module ProjectSettingsViewer (404)
[2018.03.11-19.21.55:051][417]LogModuleManager: Shutting down and abandoning module ProjectTargetPlatformEditor (403)
[2018.03.11-19.21.55:051][417]LogModuleManager: Shutting down and abandoning module EditorSettingsViewer (400)
[2018.03.11-19.21.55:051][417]LogModuleManager: Shutting down and abandoning module SettingsEditor (398)
[2018.03.11-19.21.55:051][417]LogModuleManager: Shutting down and abandoning module ProjectLauncher (396)
[2018.03.11-19.21.55:051][417]LogModuleManager: Shutting down and abandoning module SessionFrontend (394)
[2018.03.11-19.21.55:051][417]LogModuleManager: Shutting down and abandoning module ProfilerClient (392)
[2018.03.11-19.21.55:051][417]LogModuleManager: Shutting down and abandoning module DeviceManager (390)
[2018.03.11-19.21.55:051][417]LogModuleManager: Shutting down and abandoning module TargetDeviceServices (389)
[2018.03.11-19.21.55:104][417]LogModuleManager: Shutting down and abandoning module AutomationController (386)
[2018.03.11-19.21.55:104][417]LogModuleManager: Shutting down and abandoning module AutomationWindow (384)
[2018.03.11-19.21.55:104][417]LogModuleManager: Shutting down and abandoning module Layers (382)
[2018.03.11-19.21.55:104][417]LogModuleManager: Shutting down and abandoning module ComponentVisualizers (380)
[2018.03.11-19.21.55:104][417]LogModuleManager: Shutting down and abandoning module DetailCustomizations (378)
[2018.03.11-19.21.55:105][417]LogModuleManager: Shutting down and abandoning module PackagesDialog (376)
[2018.03.11-19.21.55:105][417]LogModuleManager: Shutting down and abandoning module Persona (374)
[2018.03.11-19.21.55:105][417]LogModuleManager: Shutting down and abandoning module AdvancedPreviewScene (373)
[2018.03.11-19.21.55:105][417]LogModuleManager: Shutting down and abandoning module AnimGraph (371)
[2018.03.11-19.21.55:105][417]LogModuleManager: Shutting down and abandoning module Kismet (368)
[2018.03.11-19.21.55:114][417]LogModuleManager: Shutting down and abandoning module ClassViewer (366)
[2018.03.11-19.21.55:114][417]LogModuleManager: Shutting down and abandoning module Toolbox (364)
[2018.03.11-19.21.55:114][417]LogModuleManager: Shutting down and abandoning module ModuleUI (362)
[2018.03.11-19.21.55:114][417]LogModuleManager: Shutting down and abandoning module MovieSceneTools (360)
[2018.03.11-19.21.55:114][417]LogModuleManager: Shutting down and abandoning module OutputLog (358)
[2018.03.11-19.21.55:114][417]LogModuleManager: Shutting down and abandoning module GammaUI (356)
[2018.03.11-19.21.55:114][417]LogModuleManager: Shutting down and abandoning module Documentation (354)
[2018.03.11-19.21.55:114][417]LogModuleManager: Shutting down and abandoning module MovieSceneTracks (352)
[2018.03.11-19.21.55:114][417]LogModuleManager: Shutting down and abandoning module MovieScene (350)
[2018.03.11-19.21.55:114][417]LogModuleManager: Shutting down and abandoning module Niagara (348)
[2018.03.11-19.21.55:114][417]LogModuleManager: Shutting down and abandoning module NiagaraEditor (347)
[2018.03.11-19.21.55:114][417]LogModuleManager: Shutting down and abandoning module StreamingPauseRendering (344)
[2018.03.11-19.21.55:114][417]LogModuleManager: Shutting down and abandoning module AnalyticsET (342)
[2018.03.11-19.21.55:114][417]LogModuleManager: Shutting down and abandoning module PortalServices (340)
[2018.03.11-19.21.55:114][417]LogModuleManager: Shutting down and abandoning module PortalRpc (338)
[2018.03.11-19.21.55:114][417]LogModuleManager: Shutting down and abandoning module MessagingRpc (336)
[2018.03.11-19.21.55:114][417]LogModuleManager: Shutting down and abandoning module AIModule (334)
[2018.03.11-19.21.55:114][417]LogModuleManager: Shutting down and abandoning module GameplayDebugger (333)
[2018.03.11-19.21.55:114][417]LogModuleManager: Shutting down and abandoning module AITestSuite (331)
[2018.03.11-19.21.55:114][417]LogModuleManager: Shutting down and abandoning module ProfilerService (328)
[2018.03.11-19.21.55:142][417]LogModuleManager: Shutting down and abandoning module TaskGraph (326)
[2018.03.11-19.21.55:142][417]LogModuleManager: Shutting down and abandoning module SteamVRController (324)
[2018.03.11-19.21.55:142][417]LogModuleManager: Shutting down and abandoning module SteamVR (322)
[2018.03.11-19.21.55:142][417]LogModuleManager: Shutting down and abandoning module ProceduralMeshComponentEditor (320)
[2018.03.11-19.21.55:142][417]LogModuleManager: Shutting down and abandoning module ProceduralMeshComponent (318)
[2018.03.11-19.21.55:142][417]LogModuleManager: Shutting down and abandoning module OculusLibrary (316)
[2018.03.11-19.21.55:142][417]LogModuleManager: Shutting down and abandoning module OculusInput (314)
[2018.03.11-19.21.55:142][417]LogModuleManager: Shutting down and abandoning module MobilePatchingUtils (312)
[2018.03.11-19.21.55:142][417]LogModuleManager: Shutting down and abandoning module CustomMeshComponent (310)
[2018.03.11-19.21.55:142][417]LogModuleManager: Shutting down and abandoning module CableComponent (308)
[2018.03.11-19.21.55:142][417]LogModuleManager: Shutting down and abandoning module ArchVisCharacter (306)
[2018.03.11-19.21.55:142][417]LogModuleManager: Shutting down and abandoning module AndroidPermission (304)
[2018.03.11-19.21.55:142][417]LogModuleManager: Shutting down and abandoning module MediaPlayerEditor (300)
[2018.03.11-19.21.55:142][417]LogModuleManager: Shutting down and abandoning module HTML5Networking (298)
[2018.03.11-19.21.55:142][417]LogModuleManager: Shutting down and abandoning module AlembicImporter (296)
[2018.03.11-19.21.55:142][417]LogModuleManager: Shutting down and abandoning module AlembicLibrary (295)
[2018.03.11-19.21.55:142][417]LogModuleManager: Shutting down and abandoning module GeometryCache (294)
[2018.03.11-19.21.55:142][417]LogModuleManager: Shutting down and abandoning module GeometryCacheEd (293)
[2018.03.11-19.21.55:142][417]LogModuleManager: Shutting down and abandoning module SuperSearchEditor (288)
[2018.03.11-19.21.55:142][417]LogModuleManager: Shutting down and abandoning module SuperSearch (287)
[2018.03.11-19.21.55:142][417]LogModuleManager: Shutting down and abandoning module SpeedTreeImporter (284)
[2018.03.11-19.21.55:142][417]LogModuleManager: Shutting down and abandoning module PluginBrowser (282)
[2018.03.11-19.21.55:142][417]LogModuleManager: Shutting down and abandoning module MobileLauncherProfileWizard (280)
[2018.03.11-19.21.55:142][417]LogModuleManager: Shutting down and abandoning module VisualStudioSourceCodeAccess (278)
[2018.03.11-19.21.55:142][417]LogModuleManager: Shutting down and abandoning module DesktopPlatform (277)
[2018.03.11-19.21.55:143][417]LogModuleManager: Shutting down and abandoning module UObjectPlugin (274)
[2018.03.11-19.21.55:143][417]LogModuleManager: Shutting down and abandoning module SubversionSourceControl (272)
[2018.03.11-19.21.55:143][417]LogModuleManager: Shutting down and abandoning module PerforceSourceControl (270)
[2018.03.11-19.21.55:143][417]LogModuleManager: Shutting down and abandoning module GitSourceControl (268)
[2018.03.11-19.21.55:143][417]LogModuleManager: Shutting down and abandoning module SourceControl (267)
[2018.03.11-19.21.55:143][417]LogModuleManager: Shutting down and abandoning module LightPropagationVolumeEditor (264)
[2018.03.11-19.21.55:143][417]LogModuleManager: Shutting down and abandoning module PaperTiledImporter (262)
[2018.03.11-19.21.55:143][417]LogModuleManager: Shutting down and abandoning module PaperSpriteSheetImporter (260)
[2018.03.11-19.21.55:143][417]LogModuleManager: Shutting down and abandoning module Paper2DEditor (258)
[2018.03.11-19.21.55:143][417]LogModuleManager: Shutting down and abandoning module MeshPaint (257)
[2018.03.11-19.21.55:143][417]LogModuleManager: Shutting down and abandoning module LevelEditor (255)
[2018.03.11-19.21.55:144][417]LogModuleManager: Shutting down and abandoning module PixelInspectorModule (254)
[2018.03.11-19.21.55:144][417]LogModuleManager: Shutting down and abandoning module MainFrame (252)
[2018.03.11-19.21.55:144][417]LogModuleManager: Shutting down and abandoning module HotReload (251)
[2018.03.11-19.21.55:144][417]LogModuleManager: Shutting down and abandoning module PhysXVehiclesEditor (246)
[2018.03.11-19.21.55:144][417]LogModuleManager: Shutting down and abandoning module PhysXVehicles (244)
[2018.03.11-19.21.55:144][417]LogModuleManager: Shutting down and abandoning module LocationServicesBPLibrary (242)
[2018.03.11-19.21.55:144][417]LogModuleManager: Shutting down and abandoning module ImmediatePhysicsEditor (240)
[2018.03.11-19.21.55:144][417]LogModuleManager: Shutting down and abandoning module ImmediatePhysics (238)
[2018.03.11-19.21.55:144][417]LogModuleManager: Shutting down and abandoning module UdpMessaging (236)
[2018.03.11-19.21.55:245][417]LogModuleManager: Shutting down and abandoning module TcpMessaging (234)
[2018.03.11-19.21.55:346][417]LogModuleManager: Shutting down and abandoning module GameplayTagsEditor (232)
[2018.03.11-19.21.55:346][417]LogModuleManager: Shutting down and abandoning module FacialAnimationEditor (230)
[2018.03.11-19.21.55:346][417]LogModuleManager: Shutting down and abandoning module FacialAnimation (228)
[2018.03.11-19.21.55:346][417]LogModuleManager: Shutting down and abandoning module AssetManagerEditor (226)
[2018.03.11-19.21.55:346][417]LogModuleManager: Shutting down and abandoning module GraphEditor (225)
[2018.03.11-19.21.55:346][417]LogModuleManager: Shutting down and abandoning module ContentBrowser (223)
[2018.03.11-19.21.55:347][417]LogModuleManager: Shutting down and abandoning module LightPropagationVolumeRuntime (220)
[2018.03.11-19.21.55:347][417]LogModuleManager: Shutting down and abandoning module Paper2D (218)
[2018.03.11-19.21.55:347][417]LogModuleManager: Shutting down and abandoning module WindowsMoviePlayer (216)
[2018.03.11-19.21.55:347][417]LogModuleManager: Shutting down and abandoning module WmfMedia (214)
[2018.03.11-19.21.55:350][417]LogModuleManager: Shutting down and abandoning module ClothingSystemEditor (212)
[2018.03.11-19.21.55:350][417]LogModuleManager: Shutting down and abandoning module ClothingSystemRuntime (210)
[2018.03.11-19.21.55:350][417]LogModuleManager: Shutting down and abandoning module MediaAssets (208)
[2018.03.11-19.21.55:350][417]LogModuleManager: Shutting down and abandoning module GameLiveStreaming (206)
[2018.03.11-19.21.55:350][417]LogModuleManager: Shutting down and abandoning module VREditor (204)
[2018.03.11-19.21.55:350][417]LogModuleManager: Shutting down and abandoning module StringTableEditor (202)
[2018.03.11-19.21.55:350][417]LogModuleManager: Shutting down and abandoning module GameplayTasksEditor (200)
[2018.03.11-19.21.55:350][417]LogModuleManager: Shutting down and abandoning module BehaviorTreeEditor (198)
[2018.03.11-19.21.55:350][417]LogModuleManager: Shutting down and abandoning module FunctionalTesting (196)
[2018.03.11-19.21.55:350][417]LogModuleManager: Shutting down and abandoning module CollisionAnalyzer (194)
[2018.03.11-19.21.55:350][417]LogModuleManager: Shutting down and abandoning module UMG (192)
[2018.03.11-19.21.55:350][417]LogModuleManager: Shutting down and abandoning module UMGEditor (191)
[2018.03.11-19.21.55:350][417]LogModuleManager: Shutting down and abandoning module Sequencer (190)
[2018.03.11-19.21.55:350][417]LogModuleManager: Shutting down and abandoning module AssetTools (188)
[2018.03.11-19.21.55:350][417]LogModuleManager: Shutting down and abandoning module MessageLog (187)
[2018.03.11-19.21.55:350][417]LogModuleManager: Shutting down and abandoning module WorkspaceMenuStructure (186)
[2018.03.11-19.21.55:350][417]LogModuleManager: Shutting down and abandoning module SlateReflector (180)
[2018.03.11-19.21.55:350][417]LogModuleManager: Shutting down and abandoning module Slate (178)
[2018.03.11-19.21.55:350][417]LogModuleManager: Shutting down and abandoning module EditorStyle (176)
[2018.03.11-19.21.55:353][417]LogModuleManager: Shutting down and abandoning module SourceCodeAccess (174)
[2018.03.11-19.21.55:353][417]LogModuleManager: Shutting down and abandoning module HeadMountedDisplay (172)
[2018.03.11-19.21.55:353][417]LogModuleManager: Shutting down and abandoning module XAudio2 (170)
[2018.03.11-19.21.55:353][417]LogModuleManager: Shutting down and abandoning module Networking (168)
[2018.03.11-19.21.55:353][417]LogModuleManager: Shutting down and abandoning module Core (164)
[2018.03.11-19.21.55:353][417]LogModuleManager: Shutting down and abandoning module AssetRegistry (162)
[2018.03.11-19.21.55:453][417]LogDirectoryWatcher: A directory notification for '../../../Engine/Content/' was aborted.
[2018.03.11-19.21.55:453][417]LogDirectoryWatcher: A directory notification for 'C:/Users/16079582/Documents/GitHub/Group-E-Ass2-Game/PeterIsTheCaptain V0.2/Content/' was aborted.
[2018.03.11-19.21.55:453][417]LogDirectoryWatcher: A directory notification for '../../../Engine/Plugins/2D/Paper2D/Content/' was aborted.
[2018.03.11-19.21.55:453][417]LogDirectoryWatcher: A directory notification for '../../../Engine/Plugins/Runtime/GearVR/Content/' was aborted.
[2018.03.11-19.21.55:456][417]LogModuleManager: Shutting down and abandoning module DirectoryWatcher (161)
[2018.03.11-19.21.55:457][417]LogModuleManager: Shutting down and abandoning module KismetCompiler (158)
[2018.03.11-19.21.55:457][417]LogModuleManager: Shutting down and abandoning module LevelSequence (156)
[2018.03.11-19.21.55:457][417]LogModuleManager: Shutting down and abandoning module PhysXFormats (154)
[2018.03.11-19.21.55:457][417]LogModuleManager: Shutting down and abandoning module MeshUtilities (152)
[2018.03.11-19.21.55:457][417]LogModuleManager: Shutting down and abandoning module SimplygonSwarm (151)
[2018.03.11-19.21.55:457][417]LogModuleManager: Shutting down and abandoning module SimplygonMeshReduction (149)
[2018.03.11-19.21.55:457][417]LogModuleManager: Shutting down and abandoning module QuadricMeshReduction (147)
[2018.03.11-19.21.55:457][417]LogModuleManager: Shutting down and abandoning module DerivedDataCache (144)
[2018.03.11-19.21.55:511][417]LogDerivedDataCache: Shutdown
[2018.03.11-19.21.55:511][417]LogModuleManager: Shutting down and abandoning module TargetPlatform (142)
[2018.03.11-19.21.55:511][417]LogModuleManager: Shutting down and abandoning module VulkanShaderFormat (141)
[2018.03.11-19.21.55:511][417]LogModuleManager: Shutting down and abandoning module ShaderFormatVectorVM (139)
[2018.03.11-19.21.55:511][417]LogModuleManager: Shutting down and abandoning module ShaderFormatOpenGL (137)
[2018.03.11-19.21.55:511][417]LogModuleManager: Shutting down and abandoning module ShaderFormatD3D (135)
[2018.03.11-19.21.55:511][417]LogModuleManager: Shutting down and abandoning module MetalShaderFormat (133)
[2018.03.11-19.21.55:511][417]LogModuleManager: Shutting down and abandoning module TextureFormatUncompressed (131)
[2018.03.11-19.21.55:511][417]LogModuleManager: Shutting down and abandoning module TextureFormatPVR (129)
[2018.03.11-19.21.55:511][417]LogModuleManager: Shutting down and abandoning module TextureFormatDXT (127)
[2018.03.11-19.21.55:511][417]LogModuleManager: Shutting down and abandoning module TextureFormatIntelISPCTexComp (125)
[2018.03.11-19.21.55:511][417]LogModuleManager: Shutting down and abandoning module TextureFormatASTC (123)
[2018.03.11-19.21.55:511][417]LogModuleManager: Shutting down and abandoning module ImageWrapper (122)
[2018.03.11-19.21.55:511][417]LogModuleManager: Shutting down and abandoning module TextureFormatAndroid (119)
[2018.03.11-19.21.55:511][417]LogModuleManager: Shutting down and abandoning module AudioFormatOpus (117)
[2018.03.11-19.21.55:511][417]LogModuleManager: Shutting down and abandoning module AudioFormatOgg (115)
[2018.03.11-19.21.55:511][417]LogModuleManager: Shutting down and abandoning module AudioFormatADPCM (113)
[2018.03.11-19.21.55:511][417]LogModuleManager: Shutting down and abandoning module LinuxTargetPlatform (111)
[2018.03.11-19.21.55:511][417]LogModuleManager: Shutting down and abandoning module LinuxServerTargetPlatform (109)
[2018.03.11-19.21.55:511][417]LogModuleManager: Shutting down and abandoning module LinuxNoEditorTargetPlatform (107)
[2018.03.11-19.21.55:511][417]LogModuleManager: Shutting down and abandoning module LinuxClientTargetPlatform (105)
[2018.03.11-19.21.55:511][417]LogModuleManager: Shutting down and abandoning module TVOSTargetPlatform (103)
[2018.03.11-19.21.55:511][417]LogModuleManager: Shutting down and abandoning module Messaging (101)
[2018.03.11-19.21.55:511][417]LogModuleManager: Shutting down and abandoning module IOSTargetPlatform (99)
[2018.03.11-19.21.55:511][417]LogModuleManager: Shutting down and abandoning module HTML5TargetPlatform (97)
[2018.03.11-19.21.55:511][417]LogModuleManager: Shutting down and abandoning module Android_PVRTCTargetPlatform (95)
[2018.03.11-19.21.55:511][417]LogModuleManager: Shutting down and abandoning module Android_MultiTargetPlatform (93)
[2018.03.11-19.21.55:511][417]LogModuleManager: Shutting down and abandoning module Android_ETC2TargetPlatform (91)
[2018.03.11-19.21.55:511][417]LogModuleManager: Shutting down and abandoning module Android_ETC1TargetPlatform (89)
[2018.03.11-19.21.55:511][417]LogModuleManager: Shutting down and abandoning module Android_DXTTargetPlatform (87)
[2018.03.11-19.21.55:511][417]LogModuleManager: Shutting down and abandoning module Android_ATCTargetPlatform (85)
[2018.03.11-19.21.55:511][417]LogModuleManager: Shutting down and abandoning module Android_ASTCTargetPlatform (83)
[2018.03.11-19.21.55:511][417]LogModuleManager: Shutting down and abandoning module AndroidTargetPlatform (81)
[2018.03.11-19.21.55:511][417]LogModuleManager: Shutting down and abandoning module WindowsTargetPlatform (79)
[2018.03.11-19.21.55:511][417]LogModuleManager: Shutting down and abandoning module WindowsServerTargetPlatform (77)
[2018.03.11-19.21.55:511][417]LogModuleManager: Shutting down and abandoning module WindowsNoEditorTargetPlatform (75)
[2018.03.11-19.21.55:511][417]LogModuleManager: Shutting down and abandoning module WindowsClientTargetPlatform (73)
[2018.03.11-19.21.55:512][417]LogModuleManager: Shutting down and abandoning module MacTargetPlatform (71)
[2018.03.11-19.21.55:512][417]LogModuleManager: Shutting down and abandoning module MacServerTargetPlatform (69)
[2018.03.11-19.21.55:512][417]LogModuleManager: Shutting down and abandoning module MacNoEditorTargetPlatform (67)
[2018.03.11-19.21.55:512][417]LogModuleManager: Shutting down and abandoning module MacClientTargetPlatform (65)
[2018.03.11-19.21.55:512][417]LogModuleManager: Shutting down and abandoning module AllDesktopTargetPlatform (63)
[2018.03.11-19.21.55:512][417]LogModuleManager: Shutting down and abandoning module InputCore (60)
[2018.03.11-19.21.55:512][417]LogModuleManager: Shutting down and abandoning module Settings (58)
[2018.03.11-19.21.55:512][417]LogModuleManager: Shutting down and abandoning module OculusRift (56)
[2018.03.11-19.21.55:512][417]LogModuleManager: Shutting down and abandoning module GearVRController (54)
[2018.03.11-19.21.55:512][417]LogModuleManager: Shutting down and abandoning module GearVR (52)
[2018.03.11-19.21.55:512][417]LogModuleManager: Shutting down and abandoning module ExampleDeviceProfileSelector (50)
[2018.03.11-19.21.55:512][417]LogModuleManager: Shutting down and abandoning module OnlineBlueprintSupport (48)
[2018.03.11-19.21.55:512][417]LogModuleManager: Shutting down and abandoning module OnlineSubsystem (44)
[2018.03.11-19.21.55:512][417]LogOnline:Display: Unloading online subsystem: NULL
[2018.03.11-19.21.55:512][417]LogModuleManager: Shutting down and abandoning module XMPP (43)
[2018.03.11-19.21.55:512][417]LogModuleManager: Shutting down and abandoning module HTTP (41)
[2018.03.11-19.21.55:512][417]LogHttp:Display: Http module shutting down, but needs to wait on 1 outstanding Http requests:
[2018.03.11-19.21.55:512][417]LogHttp:Display: 	verb=[POST] url=[https://datarouter.ol.epicgames.com/datarouter/api/v1/public/data?SessionID=%7BD6AC3272-4031-8F77-9BDE-FC8BA8F7A4C7%7D&AppID=UEEditor.Rocket.Release&AppVersion=4.16.3-3561208%2B%2B%2BUE4%2BRelease-4.16&UserID=f75154da454012057dad93bce0570c64%7Ca0cf704677c7428fbd7cd2771bd8cde6%7C6d3ebb1d-6afe-4931-9196-bb61b64e15b7&AppEnvironment=datacollector-binary&UploadType=eteventstream] status=Processing
[2018.03.11-19.21.55:528][417]LogModuleManager: Shutting down and abandoning module SSL (40)
[2018.03.11-19.21.55:530][417]LogModuleManager: Shutting down and abandoning module HTTPChunkInstaller (36)
[2018.03.11-19.21.55:530][417]LogModuleManager: Shutting down and abandoning module AnimationModifiers (34)
[2018.03.11-19.21.55:530][417]LogModuleManager: Shutting down and abandoning module PropertyEditor (33)
[2018.03.11-19.21.55:530][417]LogModuleManager: Shutting down and abandoning module AudioEditor (30)
[2018.03.11-19.21.55:530][417]LogModuleManager: Shutting down and abandoning module TextureCompressor (28)
[2018.03.11-19.21.55:530][417]LogModuleManager: Shutting down and abandoning module ShaderCore (26)
[2018.03.11-19.21.55:530][417]LogModuleManager: Shutting down and abandoning module Landscape (24)
[2018.03.11-19.21.55:530][417]LogModuleManager: Shutting down and abandoning module SlateRHIRenderer (22)
[2018.03.11-19.21.55:532][417]LogModuleManager: Shutting down and abandoning module OpenGLDrv (20)
[2018.03.11-19.21.55:532][417]LogModuleManager: Shutting down and abandoning module D3D11RHI (18)
[2018.03.11-19.21.55:532][417]LogModuleManager: Shutting down and abandoning module AnimGraphRuntime (16)
[2018.03.11-19.21.55:532][417]LogModuleManager: Shutting down and abandoning module Renderer (14)
[2018.03.11-19.21.55:532][417]LogModuleManager: Shutting down and abandoning module Engine (12)
[2018.03.11-19.21.55:532][417]LogModuleManager: Shutting down and abandoning module CoreUObject (10)
[2018.03.11-19.21.55:532][417]LogModuleManager: Shutting down and abandoning module NetworkFile (8)
[2018.03.11-19.21.55:532][417]LogModuleManager: Shutting down and abandoning module StreamingFile (6)
[2018.03.11-19.21.55:532][417]LogModuleManager: Shutting down and abandoning module SandboxFile (4)
[2018.03.11-19.21.55:532][417]LogModuleManager: Shutting down and abandoning module PakFile (2)
[2018.03.11-19.21.55:534][417]LogExit: Exiting.
[2018.03.11-19.21.55:563][417]Log file closed, 03/11/18 19:21:55
