Log file open, 02/05/18 12:16:25
LogInit:Display: Running engine for game: PeterIsTheCaptain
LogPlatformFile: Not using cached read wrapper
LogInit:Display: RandInit(-1328401115) SRandInit(-1328401114).
LogTaskGraph: Started task graph with 5 named threads and 8 total threads with 1 sets of task threads.
LogStats: Stats thread started at 0.754554
LogInit: Using libcurl 7.47.1
LogInit:  - built for x86_64-pc-win32
LogInit:  - supports SSL with OpenSSL/1.0.2g
LogInit:  - supports HTTP deflate (compression) using libz 1.2.8
LogInit:  - other features:
LogInit:      CURL_VERSION_SSL
LogInit:      CURL_VERSION_LIBZ
LogInit:      CURL_VERSION_IPV6
LogInit:      CURL_VERSION_ASYNCHDNS
LogInit:      CURL_VERSION_LARGEFILE
LogInit:      CURL_VERSION_IDN
LogInit:  CurlRequestOptions (configurable via config and command line):
LogInit:  - bVerifyPeer = false  - Libcurl will NOT verify peer certificate
LogInit:  - bUseHttpProxy = false  - Libcurl will NOT use HTTP proxy
LogInit:  - bDontReuseConnections = false  - Libcurl will reuse connections
LogInit:  - CertBundlePath = nullptr  - Libcurl will use whatever was configured at build time.
LogInit: Build: ++UE4+Release-4.16-CL-3561208
LogInit: Engine Version: 4.16.3-3561208+++UE4+Release-4.16
LogInit: Compatible Engine Version: 4.16.0-3452394+++UE4+Release-4.16
LogInit: Net CL: 3452394
LogDevObjectVersion: Number of dev versions registered: 16
LogDevObjectVersion:   Dev-Blueprints (B0D832E4-1F89-4F0D-ACCF-7EB736FD4AA2): 9
LogDevObjectVersion:   Dev-Build (E1C64328-A22C-4D53-A36C-8E866417BD8C): 0
LogDevObjectVersion:   Dev-Core (375EC13C-06E4-48FB-B500-84F0262A717E): 2
LogDevObjectVersion:   Dev-Editor (E4B068ED-F494-42E9-A231-DA0B2E46BB41): 17
LogDevObjectVersion:   Dev-Framework (CFFC743F-43B0-4480-9391-14DF171D2073): 23
LogDevObjectVersion:   Dev-Mobile (B02B49B5-BB20-44E9-A304-32B752E40360): 0
LogDevObjectVersion:   Dev-Networking (A4E4105C-59A1-49B5-A7C5-40C4547EDFEE): 0
LogDevObjectVersion:   Dev-Online (39C831C9-5AE6-47DC-9A44-9C173E1C8E7C): 0
LogDevObjectVersion:   Dev-Physics (78F01B33-EBEA-4F98-B9B4-84EACCB95AA2): 0
LogDevObjectVersion:   Dev-Platform (6631380F-2D4D-43E0-8009-CF276956A95A): 0
LogDevObjectVersion:   Dev-Rendering (12F88B9F-8875-4AFC-A67C-D90C383ABD29): 15
LogDevObjectVersion:   Dev-Sequencer (7B5AE74C-D270-4C10-A958-57980B212A5A): 4
LogDevObjectVersion:   Dev-VR (D7296918-1DD6-4BDD-9DE2-64A83CC13884): 0
LogDevObjectVersion:   Dev-LoadTimes (C2A15278-BFE7-4AFE-6C17-90FF531DF755): 1
LogDevObjectVersion:   Private-Geometry (6EACA3D4-40EC-4CC1-B786-8BED09428FC5): 1
LogDevObjectVersion:   Dev-AnimPhys (29E575DD-E0A3-4627-9D10-D276232CDCEA): 3
LogInit: Compiled (64-bit): Jul 28 2017 11:49:47
LogInit: Compiled with Visual C++: 19.00.24215.01
LogInit: Build Configuration: Development
LogInit: Branch Name: ++UE4+Release-4.16
LogInit: Command line:  
LogInit: Base directory: C:/Program Files (x86)/Epic Games/UE_4.16/Engine/Binaries/Win64/
LogInit: Installed Engine Build: 1
LogInit: Presizing for max 8388607 objects, including 0 objects not considered by GC, pre-allocating 0 bytes for permanent pool.
LogInit: Object subsystem initialized
[2018.02.05-12.16.25:684][  0]LogInit: Selected Device Profile: [Windows]
[2018.02.05-12.16.25:684][  0]LogInit: Applying CVar settings loaded from the selected device profile: [Windows]
[2018.02.05-12.16.25:703][  0]LogInit: Computer: TRJ208-20A
[2018.02.05-12.16.25:703][  0]LogInit: User: 17062683
[2018.02.05-12.16.25:703][  0]LogInit: CPU Page size=4096, Cores=4
[2018.02.05-12.16.25:703][  0]LogInit: High frequency timer resolution =3.507724 MHz
[2018.02.05-12.16.25:704][  0]LogMemory: Memory total: Physical=31.8GB (32GB approx)
[2018.02.05-12.16.25:704][  0]LogMemory: Platform Memory Stats for Windows
[2018.02.05-12.16.25:704][  0]LogMemory: Process Physical Memory: 275.21 MB used, 275.21 MB peak
[2018.02.05-12.16.25:704][  0]LogMemory: Process Virtual Memory: 263.92 MB used, 263.92 MB peak
[2018.02.05-12.16.25:704][  0]LogMemory: Physical Memory: 5089.05 MB used,  27519.94 MB free, 32608.99 MB total
[2018.02.05-12.16.25:704][  0]LogMemory: Virtual Memory: 622.65 MB used,  27519.94 MB free, 8388608.00 MB total
[2018.02.05-12.16.25:874][  0]LogInit: Using OS detected language (en-GB).
[2018.02.05-12.16.25:874][  0]LogInit: Using OS detected locale (en-GB).
[2018.02.05-12.16.25:881][  0]LogTextLocalizationManager: No specific localization for 'en-GB' exists, so the 'en' localization will be used.
[2018.02.05-12.16.26:802][  0]LogD3D11RHI: D3D11 adapters:
[2018.02.05-12.16.26:825][  0]LogD3D11RHI:    0. 'NVIDIA GeForce GTX 970' (Feature Level 11_0)
[2018.02.05-12.16.26:825][  0]LogD3D11RHI:       4007/0/16048 MB DedicatedVideo/DedicatedSystem/SharedSystem, Outputs:1, VendorId:0x10de
[2018.02.05-12.16.26:862][  0]LogD3D11RHI:    1. 'Intel(R) HD Graphics 4600' (Feature Level 11_0)
[2018.02.05-12.16.26:862][  0]LogD3D11RHI:       192/0/1632 MB DedicatedVideo/DedicatedSystem/SharedSystem, Outputs:0, VendorId:0x8086
[2018.02.05-12.16.26:862][  0]LogD3D11RHI: Chosen D3D11 Adapter: 0
[2018.02.05-12.16.26:866][  0]LogD3D11RHI: Creating new Direct3DDevice
[2018.02.05-12.16.26:866][  0]LogD3D11RHI:     GPU DeviceId: 0x13c2 (for the marketing name, search the web for "GPU Device Id")
[2018.02.05-12.16.26:866][  0]LogWindows: EnumDisplayDevices:
[2018.02.05-12.16.26:866][  0]LogWindows:    0. 'NVIDIA GeForce GTX 970' (P:1 D:1)
[2018.02.05-12.16.26:867][  0]LogWindows:    1. 'NVIDIA GeForce GTX 970' (P:0 D:0)
[2018.02.05-12.16.26:867][  0]LogWindows:    2. 'NVIDIA GeForce GTX 970' (P:0 D:0)
[2018.02.05-12.16.26:867][  0]LogWindows:    3. 'NVIDIA GeForce GTX 970' (P:0 D:0)
[2018.02.05-12.16.26:867][  0]LogWindows:    4. 'Intel(R) HD Graphics 4600' (P:0 D:0)
[2018.02.05-12.16.26:867][  0]LogWindows:    5. 'Intel(R) HD Graphics 4600' (P:0 D:0)
[2018.02.05-12.16.26:867][  0]LogWindows:    6. 'Intel(R) HD Graphics 4600' (P:0 D:0)
[2018.02.05-12.16.26:867][  0]LogWindows:    7. 'RDPDD Chained DD' (P:0 D:0)
[2018.02.05-12.16.26:867][  0]LogWindows:    8. 'RDP Encoder Mirror Driver' (P:0 D:0)
[2018.02.05-12.16.26:867][  0]LogWindows:    9. 'RDP Reflector Display Driver' (P:0 D:0)
[2018.02.05-12.16.26:867][  0]LogWindows: DebugString: PrimaryIsNotTheChoosenAdapter PrimaryIsNotTheChoosenAdapter PrimaryIsNotTheChoosenAdapter GetVideoDriverDetailsInvalid PrimaryIsNotTheChoosenAdapter GetVideoDriverDetailsInvalid PrimaryIsNotTheChoosenAdapter GetVideoDriverDetailsInvalid PrimaryIsNotTheChoosenAdapter FoundDriverCount:4 
[2018.02.05-12.16.26:867][  0]LogD3D11RHI:     Adapter Name: NVIDIA GeForce GTX 970
[2018.02.05-12.16.26:867][  0]LogD3D11RHI:   Driver Version: 368.39 (internal:10.18.13.6839, unified:368.39)
[2018.02.05-12.16.26:867][  0]LogD3D11RHI:      Driver Date: 6-2-2016
[2018.02.05-12.16.26:868][  0]LogRHI: Texture pool is 1361 MB (70% of 1945 MB)
[2018.02.05-12.16.26:878][  0]LogD3D11RHI: Async texture creation enabled
[2018.02.05-12.16.26:910][  0]LogD3D11RHI: GPU Timing Frequency: 1000.000000 (Debug: 2 2)
[2018.02.05-12.16.26:965][  0]LogShaderCompilers: Guid format shader working directory is -14 characters bigger than the processId version (F:/My Documents/GitHub/Group-E-Ass2-Game/PeterIsTheCaptain V0.2/Intermediate/Shaders/WorkingDirectory/5520/).
[2018.02.05-12.16.26:965][  0]LogShaderCompilers: Cleaned the shader compiler working directory 'C:/Users/17062683/AppData/Local/Temp/UnrealShaderWorkingDir/99E179694FE72DEEB56A9FA4F263B965/'.
[2018.02.05-12.16.26:965][  0]LogShaderCompilers:Display: Using Local Shader Compiler.
[2018.02.05-12.16.28:459][  0]LogTemp:Display: Loaded TP AllDesktopTargetPlatform
[2018.02.05-12.16.28:505][  0]LogTemp:Display: Loaded TP MacClientTargetPlatform
[2018.02.05-12.16.28:547][  0]LogTemp:Display: Loaded TP MacNoEditorTargetPlatform
[2018.02.05-12.16.28:599][  0]LogTemp:Display: Loaded TP MacServerTargetPlatform
[2018.02.05-12.16.28:648][  0]LogTemp:Display: Loaded TP MacTargetPlatform
[2018.02.05-12.16.28:701][  0]LogTemp:Display: Loaded TP WindowsClientTargetPlatform
[2018.02.05-12.16.28:746][  0]LogTemp:Display: Loaded TP WindowsNoEditorTargetPlatform
[2018.02.05-12.16.28:793][  0]LogTemp:Display: Loaded TP WindowsServerTargetPlatform
[2018.02.05-12.16.28:825][  0]LogTemp:Display: Loaded TP WindowsTargetPlatform
[2018.02.05-12.16.28:864][  0]LogTemp:Display: Loaded TP AndroidTargetPlatform
[2018.02.05-12.16.28:901][  0]LogTemp:Display: Loaded TP Android_ASTCTargetPlatform
[2018.02.05-12.16.28:944][  0]LogTemp:Display: Loaded TP Android_ATCTargetPlatform
[2018.02.05-12.16.28:989][  0]LogTemp:Display: Loaded TP Android_DXTTargetPlatform
[2018.02.05-12.16.29:036][  0]LogTemp:Display: Loaded TP Android_ETC1TargetPlatform
[2018.02.05-12.16.29:081][  0]LogTemp:Display: Loaded TP Android_ETC2TargetPlatform
[2018.02.05-12.16.29:159][  0]LogTemp:Display: Loaded TP Android_MultiTargetPlatform
[2018.02.05-12.16.29:159][  0]LogTemp:Display: Loaded TP Android_PVRTCTargetPlatform
[2018.02.05-12.16.29:189][  0]LogTemp:Display: Loaded TP HTML5TargetPlatform
[2018.02.05-12.16.29:274][  0]LogTemp:Display: Loaded TP IOSTargetPlatform
[2018.02.05-12.16.29:306][  0]LogTemp:Display: Loaded TP TVOSTargetPlatform
[2018.02.05-12.16.29:344][  0]LogTemp:Display: Loaded TP LinuxClientTargetPlatform
[2018.02.05-12.16.29:387][  0]LogTemp:Display: Loaded TP LinuxNoEditorTargetPlatform
[2018.02.05-12.16.29:428][  0]LogTemp:Display: Loaded TP LinuxServerTargetPlatform
[2018.02.05-12.16.29:468][  0]LogTemp:Display: Loaded TP LinuxTargetPlatform
[2018.02.05-12.16.29:468][  0]LogTargetPlatformManager:Display: Building Assets For Windows
[2018.02.05-12.16.29:898][  0]LogDerivedDataCache:Display: Max Cache Size: 512 MB
[2018.02.05-12.16.29:898][  0]LogDerivedDataCache:Display: Starting with empty Boot cache
[2018.02.05-12.16.29:898][  0]LogDerivedDataCache: FDerivedDataBackendGraph:  Pak pak cache file F:/My Documents/GitHub/Group-E-Ass2-Game/PeterIsTheCaptain V0.2/DerivedDataCache/DDC.ddp not found, will not use a pak cache.
[2018.02.05-12.16.29:898][  0]LogDerivedDataCache: Unable to find inner node Pak for hierarchical cache Hierarchy.
[2018.02.05-12.16.29:898][  0]LogDerivedDataCache: FDerivedDataBackendGraph:  CompressedPak pak cache file F:/My Documents/GitHub/Group-E-Ass2-Game/PeterIsTheCaptain V0.2/DerivedDataCache/Compressed.ddp not found, will not use a pak cache.
[2018.02.05-12.16.29:898][  0]LogDerivedDataCache: Unable to find inner node CompressedPak for hierarchical cache Hierarchy.
[2018.02.05-12.16.29:920][  0]LogDerivedDataCache:Display: Pak cache opened for reading ../../../Engine/DerivedDataCache/Compressed.ddp.
[2018.02.05-12.16.29:931][  0]LogDerivedDataCache: Using Local data cache path C:/Users/17062683/AppData/Local/UnrealEngine/Common/DerivedDataCache: Writable
[2018.02.05-12.16.29:956][  0]LogMaterial: Verifying Global Shaders for PCD3D_SM5
[2018.02.05-12.16.29:961][  0]LogSlate: Using Freetype 2.6.0
[2018.02.05-12.16.29:965][  0]LogSlate: SlateFontCache - WITH_FREETYPE: 1, WITH_HARFBUZZ: 1
[2018.02.05-12.16.29:965][  0]LogSlate: SlateFontCache - WITH_FREETYPE: 1, WITH_HARFBUZZ: 1
[2018.02.05-12.16.30:870][  0]LogInit: Selected Device Profile: [Windows]
[2018.02.05-12.16.30:882][  0]LogContentStreaming: Texture pool size is 0.00 MB
[2018.02.05-12.16.31:189][  0]LogMeshUtilities: Using QuadricMeshReduction for automatic static mesh reduction
[2018.02.05-12.16.31:235][  0]LogSimplygon: Simplygon DLL not present - disabling.
[2018.02.05-12.16.31:279][  0]LogMeshUtilities: Using SimplygonSwarm for distributed automatic mesh merging
[2018.02.05-12.16.31:279][  0]LogMeshUtilities: No automatic skeletal mesh reduction module available
[2018.02.05-12.16.31:279][  0]LogMeshUtilities: No automatic mesh merging module available
[2018.02.05-12.16.32:299][  0]LogNetVersion: PeterIsTheCaptain , NetCL: 3452394, EngineNetVer: 2, GameNetVer: 0 (Checksum: 1858553666)
[2018.02.05-12.16.32:396][  0]LogAssetRegistry: FAssetRegistry took 0.0282 seconds to start up
[2018.02.05-12.16.32:514][  0]LogPackageLocalizationCache: Processed 4 localized package path(s) for 2 prioritized culture(s) in 0.087167 seconds
[2018.02.05-12.16.32:519][  0]LogUObjectArray: 34194 objects as part of root set at end of initial load.
[2018.02.05-12.16.32:519][  0]LogUObjectAllocator: 7260416 out of 0 bytes used by permanent object pool.
[2018.02.05-12.16.32:519][  0]LogUObjectArray: CloseDisregardForGC: 0/0 objects in disregard for GC pool
[2018.02.05-12.16.32:568][  0]LogInit: WinSock: version 1.1 (2.2), MaxSocks=32767, MaxUdp=65467
[2018.02.05-12.16.36:916][  0]LogTcpMessaging: Initializing TcpMessaging bridge
[2018.02.05-12.16.36:983][  0]LogUdpMessaging: Initializing bridge on interface 0.0.0.0:0 to multicast group 230.0.0.1:6666.
[2018.02.05-12.16.36:986][  0]LogDirectoryWatcher: A directory notification failed for 'F:/My Documents/GitHub/Group-E-Ass2-Game/PeterIsTheCaptain V0.2/Content/' because it was empty or there was a buffer overflow. Attemping another request...
[2018.02.05-12.16.37:831][  0]LogMaterial: Uniform references updated for custom material expression Custom.
[2018.02.05-12.16.38:221][  0]SourceControl: Info Source control is disabled
[2018.02.05-12.16.38:369][  0]SourceControl: Info Source control is disabled
[2018.02.05-12.16.38:410][  0]SourceControl: Info Source control is disabled
[2018.02.05-12.16.38:449][  0]SourceControl: Info Source control is disabled
[2018.02.05-12.16.38:991][  0]LogAndroidPermission: UAndroidPermissionCallbackProxy::GetInstance
[2018.02.05-12.16.39:434][  0]LogEngine: Initializing Engine...
[2018.02.05-12.16.39:436][  0]LogHMD: Failed to initialize OpenVR with code 110
[2018.02.05-12.16.39:796][  0]LogStats: UGameplayTagsManager::ConstructGameplayTagTree: Construct from data asset -  0.000 s
[2018.02.05-12.16.39:796][  0]LogStats: UGameplayTagsManager::ConstructGameplayTagTree: GameplayTagTreeChangedEvent.Broadcast -  0.000 s
[2018.02.05-12.16.39:918][  0]LogAIModule: Creating AISystem for world Untitled
[2018.02.05-12.16.39:934][  0]LogInit: XAudio2 using 'Speakers (High Definition Audio Device)' : 2 channels at 44.1 kHz using 16 bits per sample (channel mask 0x3)
[2018.02.05-12.16.39:948][  0]LogInit: FAudioDevice initialized.
[2018.02.05-12.16.39:976][  0]LogDerivedDataCache: Saved boot cache 0.03s 90MB C:/Users/17062683/AppData/Local/UnrealEngine/4.16/DerivedDataCache/Boot.ddc.
[2018.02.05-12.16.39:989][  0]LogInit: Texture streaming: Enabled
[2018.02.05-12.16.40:070][  0]LogEngineSessionManager: EngineSessionManager initialized
[2018.02.05-12.16.40:271][  0]LogInit: Transaction tracking system initialized
[2018.02.05-12.16.40:545][  0]BlueprintLog: New page: Editor Load
[2018.02.05-12.16.41:413][  0]LocalizationService: Info Localization service is disabled
[2018.02.05-12.16.42:043][  0]LogConsoleResponse:Display: 
[2018.02.05-12.16.42:226][  0]LogCook:Display: Max memory allowance for cook 16384mb min free memory 0mb
[2018.02.05-12.16.42:226][  0]LogCook:Display: Mobile HDR setting 1
[2018.02.05-12.16.42:580][  0]LogFileCache: Scanning file cache for directory 'F:/My Documents/GitHub/Group-E-Ass2-Game/PeterIsTheCaptain V0.2/Content/' took 0.04s
[2018.02.05-12.16.43:217][  0]SourceControl: Info Source control is disabled
[2018.02.05-12.16.43:219][  0]Cmd: MAP LOAD FILE="../../../Engine/Content/Maps/Templates/Template_Default.umap" TEMPLATE=1 SHOWPROGRESS=1 FEATURELEVEL=3
[2018.02.05-12.16.43:220][  0]LightingResults: New page: Lighting Build
[2018.02.05-12.16.43:264][  0]MapCheck: New page: Map Check
[2018.02.05-12.16.43:264][  0]LightingResults: New page: Lighting Build
[2018.02.05-12.16.43:516][  0]LogAIModule: Creating AISystem for world Untitled_1
[2018.02.05-12.16.43:517][  0]LogActorComponent: RegisterComponentWithWorld: (/Temp/Untitled_1.Untitled_1:PersistentLevel.WorldSettings_1.StaticMeshComponent0) Trying to register component with IsPendingKill() == true. Aborting.
[2018.02.05-12.16.43:538][  0]LogEditorServer: Finished looking for orphan Actors (0.000 secs)
[2018.02.05-12.16.43:557][  0]Cmd: MAP CHECKDEP NOCLEARLOG
[2018.02.05-12.16.43:596][  0]MapCheck: Info Map check complete: 0 Error(s), 0 Warning(s), took 38.86ms to complete.
[2018.02.05-12.16.43:596][  0]LogFileHelpers: Loading map 'Template_Default' took 0.378
[2018.02.05-12.16.43:850][  0]LogCollectionManager: Loaded 0 collections in 0.002633 seconds
[2018.02.05-12.16.43:944][  0]LogFileCache: Scanning file cache for directory 'F:/My Documents/GitHub/Group-E-Ass2-Game/PeterIsTheCaptain V0.2/Saved/Collections/' took 0.01s
[2018.02.05-12.16.43:944][  0]LogFileCache: Scanning file cache for directory 'F:/My Documents/GitHub/Group-E-Ass2-Game/PeterIsTheCaptain V0.2/Content/Developers/17062683/Collections/' took 0.01s
[2018.02.05-12.16.43:944][  0]LogFileCache: Scanning file cache for directory 'F:/My Documents/GitHub/Group-E-Ass2-Game/PeterIsTheCaptain V0.2/Content/Collections/' took 0.01s
[2018.02.05-12.16.43:944][  0]LogCollectionManager: Rebuilt the GUID cache for 0 collections in 0.000002 seconds
[2018.02.05-12.16.43:959][  0]LogContentBrowser: Native class hierarchy populated in 0.0123 seconds. Added 2329 classes and 491 folders.
[2018.02.05-12.16.44:031][  0]LogContentBrowser: Native class hierarchy updated for 'WidgetCarousel' in 0.0006 seconds. Added 0 classes and 0 folders.
[2018.02.05-12.16.44:139][  0]LogContentBrowser: Native class hierarchy updated for 'AddContentDialog' in 0.0008 seconds. Added 0 classes and 0 folders.
[2018.02.05-12.16.44:206][  0]LogContentBrowser: Native class hierarchy updated for 'SceneOutliner' in 0.0006 seconds. Added 1 classes and 2 folders.
[2018.02.05-12.16.44:290][  0]LogCrashTracker: Crashtracker disabled due to settings.
[2018.02.05-12.16.44:301][  0]LogSlate: Took 0.001145 seconds to synchronously load lazily loaded font '../../../Engine/Content/Slate/Fonts/Roboto-Regular.ttf' (155K)
[2018.02.05-12.16.44:304][  0]LogSlate: Took 0.001207 seconds to synchronously load lazily loaded font '../../../Engine/Content/Slate/Fonts/Roboto-Bold.ttf' (160K)
[2018.02.05-12.16.44:312][  0]LogSlate: Took 0.001364 seconds to synchronously load lazily loaded font '../../../Engine/Content/Editor/Slate/Fonts/FontAwesome.ttf' (139K)
[2018.02.05-12.16.44:423][  0]LogRenderer: Reallocating scene render targets to support 1208x576 NumSamples 1 (Frame:1).
[2018.02.05-12.16.44:661][  0]LogContentBrowser: Native class hierarchy updated for 'HierarchicalLODOutliner' in 0.0007 seconds. Added 1 classes and 2 folders.
[2018.02.05-12.16.44:661][  0]LogLoad: (Engine Initialization) Total time: 21.76 seconds
[2018.02.05-12.16.44:661][  0]LogLoad: (Engine Initialization) Total Blueprint compile time: 0.12 seconds
[2018.02.05-12.16.44:661][  0]LogExternalProfiler: Found external profiler: VSPerf
[2018.02.05-12.16.44:661][  0]LogExternalProfiler: Using external profiler: VSPerf
[2018.02.05-12.16.45:000][  0]LogOcInput: OculusInput pre-init called
[2018.02.05-12.16.45:000][  0]LogHMD: Starting GearVRController plugin
[2018.02.05-12.16.45:016][  0]LogAssetRegistry: Asset discovery search completed in 12.6409 seconds
[2018.02.05-12.16.45:018][  0]LogCollectionManager: Rebuilt the object cache for 0 collections in 0.000000 seconds (found 0 objects)
[2018.02.05-12.16.45:018][  0]LogCollectionManager: Fixed up redirectors for 0 collections in 0.000040 seconds (updated 0 objects)
[2018.02.05-12.16.45:018][  0]LogDirectoryWatcher: A directory notification failed for 'F:/My Documents/GitHub/Group-E-Ass2-Game/PeterIsTheCaptain V0.2/Content/' because it was empty or there was a buffer overflow. Attemping another request...
[2018.02.05-12.16.45:018][  0]LogDirectoryWatcher: A directory notification failed for 'F:/My Documents/GitHub/Group-E-Ass2-Game/PeterIsTheCaptain V0.2/Content/', and we were unable to create a new request.
[2018.02.05-12.16.45:018][  0]LogDirectoryWatcher: A directory notification failed for 'F:/My Documents/GitHub/Group-E-Ass2-Game/PeterIsTheCaptain V0.2/Saved/Collections/' because it was empty or there was a buffer overflow. Attemping another request...
[2018.02.05-12.16.45:018][  0]LogDirectoryWatcher: A directory notification failed for 'F:/My Documents/GitHub/Group-E-Ass2-Game/PeterIsTheCaptain V0.2/Content/Developers/17062683/Collections/' because it was empty or there was a buffer overflow. Attemping another request...
[2018.02.05-12.16.45:019][  0]LogDirectoryWatcher: A directory notification failed for 'F:/My Documents/GitHub/Group-E-Ass2-Game/PeterIsTheCaptain V0.2/Content/Collections/' because it was empty or there was a buffer overflow. Attemping another request...
[2018.02.05-12.16.45:025][  0]LogContentStreaming: Texture pool size now 1000 MB
[2018.02.05-12.16.45:339][  1]LogDirectoryWatcher: A directory notification failed for 'F:/My Documents/GitHub/Group-E-Ass2-Game/PeterIsTheCaptain V0.2/Saved/Collections/' because it was empty or there was a buffer overflow. Attemping another request...
[2018.02.05-12.16.45:339][  1]LogDirectoryWatcher: A directory notification failed for 'F:/My Documents/GitHub/Group-E-Ass2-Game/PeterIsTheCaptain V0.2/Saved/Collections/', and we were unable to create a new request.
[2018.02.05-12.16.45:340][  1]LogDirectoryWatcher: A directory notification failed for 'F:/My Documents/GitHub/Group-E-Ass2-Game/PeterIsTheCaptain V0.2/Content/Developers/17062683/Collections/' because it was empty or there was a buffer overflow. Attemping another request...
[2018.02.05-12.16.45:340][  1]LogDirectoryWatcher: A directory notification failed for 'F:/My Documents/GitHub/Group-E-Ass2-Game/PeterIsTheCaptain V0.2/Content/Developers/17062683/Collections/', and we were unable to create a new request.
[2018.02.05-12.16.45:340][  1]LogDirectoryWatcher: A directory notification failed for 'F:/My Documents/GitHub/Group-E-Ass2-Game/PeterIsTheCaptain V0.2/Content/Collections/' because it was empty or there was a buffer overflow. Attemping another request...
[2018.02.05-12.16.45:340][  1]LogDirectoryWatcher: A directory notification failed for 'F:/My Documents/GitHub/Group-E-Ass2-Game/PeterIsTheCaptain V0.2/Content/Collections/', and we were unable to create a new request.
[2018.02.05-12.16.47:694][  9]LogSynthBenchmark:Display: FSynthBenchmark (V0.95):  requested WorkScale=5.00
[2018.02.05-12.16.47:694][  9]LogSynthBenchmark:Display: ===============
[2018.02.05-12.16.47:694][  9]LogSynthBenchmark:Display: Main Processor:
[2018.02.05-12.16.47:876][  9]LogSynthBenchmark:Display:          ... 0.018472 s/Run 'RayIntersect'
[2018.02.05-12.16.47:876][  9]LogSynthBenchmark:Display:          ... 0.017894 s/Run 'Fractal'
[2018.02.05-12.16.47:876][  9]LogSynthBenchmark:Display: 
[2018.02.05-12.16.47:876][  9]LogSynthBenchmark:Display:   CompiledTarget_x_Bits: 64
[2018.02.05-12.16.47:876][  9]LogSynthBenchmark:Display:   UE_BUILD_SHIPPING: 0
[2018.02.05-12.16.47:876][  9]LogSynthBenchmark:Display:   UE_BUILD_TEST: 0
[2018.02.05-12.16.47:876][  9]LogSynthBenchmark:Display:   UE_BUILD_DEBUG: 0
[2018.02.05-12.16.47:876][  9]LogSynthBenchmark:Display:   TotalPhysicalGBRam: 32
[2018.02.05-12.16.47:876][  9]LogSynthBenchmark:Display:   NumberOfCores (physical): 4
[2018.02.05-12.16.47:876][  9]LogSynthBenchmark:Display:   NumberOfCores (logical): 8
[2018.02.05-12.16.47:876][  9]LogSynthBenchmark:Display:   CPU Perf Index 0: 138.6 (weight 1.00)
[2018.02.05-12.16.47:876][  9]LogSynthBenchmark:Display:   CPU Perf Index 1: 159.8 (weight 1.50)
[2018.02.05-12.16.47:876][  9]LogSynthBenchmark:Display:  
[2018.02.05-12.16.47:876][  9]LogSynthBenchmark:Display: Graphics:
[2018.02.05-12.16.47:876][  9]LogSynthBenchmark:Display:   Adapter Name: 'NVIDIA GeForce GTX 970'
[2018.02.05-12.16.47:876][  9]LogSynthBenchmark:Display:   (On Optimus the name might be wrong, memory should be ok)
[2018.02.05-12.16.47:876][  9]LogSynthBenchmark:Display:   Vendor Id: 0x10DE
[2018.02.05-12.16.47:876][  9]LogSynthBenchmark:Display:   Device Id: 0x13C2
[2018.02.05-12.16.47:876][  9]LogSynthBenchmark:Display:   Device Revision: 0xA1
[2018.02.05-12.16.47:876][  9]LogSynthBenchmark:Display:   GPU Memory: 4008/0/16049 MB
[2018.02.05-12.16.47:931][  9]LogSynthBenchmark:Display:   GPU first test: 0.01s
[2018.02.05-12.16.47:931][  9]LogSynthBenchmark:Display:          ... 6.345 s/GigaPix, Confidence=100% 'ALUHeavyNoise' (likely to be very inaccurate)
[2018.02.05-12.16.47:931][  9]LogSynthBenchmark:Display:          ... 5.759 s/GigaPix, Confidence=100% 'TexHeavy' (likely to be very inaccurate)
[2018.02.05-12.16.47:931][  9]LogSynthBenchmark:Display:          ... 4.477 s/GigaPix, Confidence=100% 'DepTexHeavy' (likely to be very inaccurate)
[2018.02.05-12.16.47:931][  9]LogSynthBenchmark:Display:          ... 19.883 s/GigaPix, Confidence=100% 'FillOnly' (likely to be very inaccurate)
[2018.02.05-12.16.47:931][  9]LogSynthBenchmark:Display:          ... 0.722 s/GigaPix, Confidence=89% 'Bandwidth' (likely to be very inaccurate)
[2018.02.05-12.16.47:931][  9]LogSynthBenchmark:Display:          ... 7.449 s/GigaVert, Confidence=70% 'VertThroughPut1' (likely to be very inaccurate)
[2018.02.05-12.16.47:931][  9]LogSynthBenchmark:Display:          ... 5.218 s/GigaVert, Confidence=100% 'VertThroughPut2' (likely to be very inaccurate)
[2018.02.05-12.16.48:087][  9]LogSynthBenchmark:Display:   GPU second test: 0.12s
[2018.02.05-12.16.48:087][  9]LogSynthBenchmark:Display:          ... 8.748 s/GigaPix, Confidence=100% 'ALUHeavyNoise' (likely to be inaccurate)
[2018.02.05-12.16.48:087][  9]LogSynthBenchmark:Display:          ... 7.134 s/GigaPix, Confidence=89% 'TexHeavy' (likely to be inaccurate)
[2018.02.05-12.16.48:087][  9]LogSynthBenchmark:Display:          ... 6.402 s/GigaPix, Confidence=100% 'DepTexHeavy' (likely to be inaccurate)
[2018.02.05-12.16.48:087][  9]LogSynthBenchmark:Display:          ... 34.690 s/GigaPix, Confidence=100% 'FillOnly' (likely to be inaccurate)
[2018.02.05-12.16.48:087][  9]LogSynthBenchmark:Display:          ... 0.783 s/GigaPix, Confidence=100% 'Bandwidth' (likely to be inaccurate)
[2018.02.05-12.16.48:087][  9]LogSynthBenchmark:Display:          ... 3.381 s/GigaVert, Confidence=100% 'VertThroughPut1' (likely to be inaccurate)
[2018.02.05-12.16.48:087][  9]LogSynthBenchmark:Display:          ... 4.372 s/GigaVert, Confidence=89% 'VertThroughPut2' (likely to be inaccurate)
[2018.02.05-12.16.48:087][  9]LogSynthBenchmark:Display:   GPU Final Results:
[2018.02.05-12.16.48:087][  9]LogSynthBenchmark:Display:          ... 8.748 s/GigaPix, Confidence=100% 'ALUHeavyNoise'
[2018.02.05-12.16.48:087][  9]LogSynthBenchmark:Display:          ... 7.134 s/GigaPix, Confidence=89% 'TexHeavy'
[2018.02.05-12.16.48:087][  9]LogSynthBenchmark:Display:          ... 6.402 s/GigaPix, Confidence=100% 'DepTexHeavy'
[2018.02.05-12.16.48:087][  9]LogSynthBenchmark:Display:          ... 34.690 s/GigaPix, Confidence=100% 'FillOnly'
[2018.02.05-12.16.48:087][  9]LogSynthBenchmark:Display:          ... 0.783 s/GigaPix, Confidence=100% 'Bandwidth'
[2018.02.05-12.16.48:087][  9]LogSynthBenchmark:Display:          ... 3.381 s/GigaVert, Confidence=100% 'VertThroughPut1'
[2018.02.05-12.16.48:087][  9]LogSynthBenchmark:Display:          ... 4.372 s/GigaVert, Confidence=89% 'VertThroughPut2'
[2018.02.05-12.16.48:087][  9]LogSynthBenchmark:Display: 
[2018.02.05-12.16.48:087][  9]LogSynthBenchmark:Display:   GPU Perf Index 0: 190.1 (weight 1.00)
[2018.02.05-12.16.48:087][  9]LogSynthBenchmark:Display:   GPU Perf Index 1: 95.8 (weight 0.10)
[2018.02.05-12.16.48:087][  9]LogSynthBenchmark:Display:   GPU Perf Index 2: 166.4 (weight 0.10)
[2018.02.05-12.16.48:087][  9]LogSynthBenchmark:Display:   GPU Perf Index 3: 136.2 (weight 3.00)
[2018.02.05-12.16.48:087][  9]LogSynthBenchmark:Display:   GPU Perf Index 4: 73.0 (weight 1.00)
[2018.02.05-12.16.48:087][  9]LogSynthBenchmark:Display:   GPU Perf Index 5: 220.0 (weight 0.00)
[2018.02.05-12.16.48:087][  9]LogSynthBenchmark:Display:   GPU Perf Index 6: 247.4 (weight 0.00)
[2018.02.05-12.16.48:087][  9]LogSynthBenchmark:Display:   CPUIndex: 151.4
[2018.02.05-12.16.48:087][  9]LogSynthBenchmark:Display:   GPUIndex: 134.2
[2018.02.05-12.16.48:087][  9]LogSynthBenchmark:Display: 
[2018.02.05-12.16.48:087][  9]LogSynthBenchmark:Display:          ... Total Time: 0.393098 sec
[2018.02.05-12.16.48:153][  9]LogWindows: FWindowsPlatformSurvey::TickSurveyHardware() WinSAT assessment state is out-of-date. Unable to examine some hardware metrics. Run the Windows Experience Index Assessment.
[2018.02.05-12.17.11:800][896]LogSlate: Took 0.001250 seconds to synchronously load lazily loaded font '../../../Engine/Content/Slate/Fonts/Roboto-Light.ttf' (159K)
[2018.02.05-12.17.12:870][ 23]LogSlate: Took 0.000080 seconds to synchronously load lazily loaded font '../../../Engine/Content/Slate/Fonts/Roboto-Light.ttf' (159K)
[2018.02.05-12.17.12:972][ 23]LogTexture:Display: Building textures: 35410823-7f389c70-020e-11e8-933d-b16eef11cc1b (BGRA8, 102X102)
[2018.02.05-12.17.12:974][ 23]LogTexture:Display: Building textures: 35410813-784da202-020e-11e8-91ab-5630b86c71bb (BGRA8, 283X266)
[2018.02.05-12.17.12:979][ 23]LogTexture:Display: Building textures: 35410807-718bb6ac-020e-11e8-96fa-e1d1feafdff5 (BGRA8, 333X158)
[2018.02.05-12.17.12:988][ 23]LogTexture:Display: Building textures: HQ_Lightmap0_3 (AutoDXT, 64X64)
[2018.02.05-12.17.12:991][ 23]LogTexture:Display: Building textures: HQ_Lightmap1_1 (AutoDXT, 512X512)
[2018.02.05-12.17.13:015][ 23]LogTexture:Display: Building textures: HQ_Lightmap1_2 (AutoDXT, 256X256)
[2018.02.05-12.17.13:025][ 23]LogTexture:Display: Building textures: LQ_Lightmap_0_3 (DXT1, 64X64)
[2018.02.05-12.17.13:027][ 23]LogTexture:Display: Building textures: LQ_Lightmap_1_1 (DXT1, 512X512)
[2018.02.05-12.17.13:036][ 23]LogTexture:Display: Building textures: LQ_Lightmap_1_2 (DXT1, 256X256)
[2018.02.05-12.17.13:038][ 23]LogTexture:Display: Building textures: ShadowMapTexture2D_0 (G8, 512X32)
[2018.02.05-12.17.13:039][ 23]LogTexture:Display: Building textures: ShadowMapTexture2D_1 (G8, 256X128)
[2018.02.05-12.17.13:040][ 23]LogTexture:Display: Building textures: ShadowMapTexture2D_2 (G8, 32X32)
[2018.02.05-12.17.13:040][ 23]LogTexture:Display: Building textures: Goner (BGRA8, 217X203)
[2018.02.05-12.17.13:068][ 23]LogAIModule: Creating AISystem for world NewMap
[2018.02.05-12.17.13:089][ 23]Cmd: MAP LOAD FILE="F:/My Documents/GitHub/Group-E-Ass2-Game/PeterIsTheCaptain V0.2/Content/Maps/NewMap.umap" TEMPLATE=0 SHOWPROGRESS=1 FEATURELEVEL=3
[2018.02.05-12.17.13:089][ 23]LightingResults: New page: Lighting Build
[2018.02.05-12.17.13:090][ 23]LoadErrors: New page: Loading map: NewMap.umap
[2018.02.05-12.17.13:090][ 23]MapCheck: New page: Map Check
[2018.02.05-12.17.13:090][ 23]LightingResults: New page: Lighting Build
[2018.02.05-12.17.13:105][ 23]LogEditorServer: Finished looking for orphan Actors (0.000 secs)
[2018.02.05-12.17.13:134][ 23]Cmd: MAP CHECKDEP NOCLEARLOG
[2018.02.05-12.17.13:165][ 23]MapCheck: Info Map check complete: 0 Error(s), 0 Warning(s), took 30.602ms to complete.
[2018.02.05-12.17.13:165][ 23]LogFileHelpers: Loading map 'NewMap' took 0.077
[2018.02.05-12.17.21:823][957]LogSlate: Only BGRA pngs, bmps or icos are supported in by External Image Picker
[2018.02.05-12.17.21:866][958]LogTemp: Executing iPhonePackager certificates Engine -bundlename com.YourCompany.PeterIsTheCaptain
[2018.02.05-12.17.21:866][958]LogTemp: CWD: C:\Program Files (x86)\Epic Games\UE_4.16\Engine\Binaries\DotNET\IOS
[2018.02.05-12.17.21:866][958]LogTemp: Initial Dir: C:\Program Files (x86)\Epic Games\UE_4.16
[2018.02.05-12.17.21:866][958]LogTemp: Env CWD: C:\Program Files (x86)\Epic Games\UE_4.16\Engine\Binaries\DotNET\IOS
[2018.02.05-12.17.21:866][958]LogTemp: BranchPath = TRJ208-20A/C/Program Files (x86)/Epic Games/UE_4.16/Engine/Binaries --- GameBranchPath = TRJ208-20A/C/Program Files (x86)/Epic Games/UE_4.16/Engine/Binaries
[2018.02.05-12.17.21:875][959]LogTemp: IPP ERROR: Could not find provision directory 'C:\Users\17062683\AppData\Local/Apple Computer/MobileDevice/Provisioning Profiles/'.
[2018.02.05-12.19.42:827][459]LogContentBrowser: Native class hierarchy updated for 'BlueprintGraph' in 0.0014 seconds. Added 112 classes and 0 folders.
[2018.02.05-12.19.43:384][459]LogSlate: Took 0.000117 seconds to synchronously load lazily loaded font '../../../Engine/Content/Slate/Fonts/Roboto-Regular.ttf' (155K)
[2018.02.05-12.19.44:890][572]LogRenderer: Reallocating scene render targets to support 1208x880 NumSamples 1 (Frame:115).
[2018.02.05-12.19.45:403][623]LogSlate: Took 0.001839 seconds to synchronously load lazily loaded font '../../../Engine/Content/Editor/Slate/Fonts/Roboto-Italic.ttf' (157K)
[2018.02.05-12.20.13:138][830]LogSlate: Took 0.001504 seconds to synchronously load lazily loaded font '../../../Engine/Content/Editor/Slate/Fonts/Roboto-BoldCondensed.ttf' (158K)
[2018.02.05-12.23.37:940][863]LogLinker:Warning: Can't find file '/Game/Blueprints/GameMode'
[2018.02.05-12.23.37:940][863]LogLinker:Warning: Can't find file '/Game/Blueprints/GameMode'
[2018.02.05-12.23.37:940][863]LogUObjectGlobals:Warning: Failed to find object 'Object /Game/Blueprints/GameMode.GameMode_C'
[2018.02.05-12.23.38:570][936]LogSlate: Took 0.000117 seconds to synchronously load lazily loaded font '../../../Engine/Content/Slate/Fonts/Roboto-Light.ttf' (159K)
[2018.02.05-12.23.40:103][116]LogSlate:Warning: Prevented a slow task dialog from being summoned while a context menu was open
[2018.02.05-12.24.07:066][483]LogActorComponent: UnregisterComponent: (/Engine/Transient.EditorFloorComp) Not registered. Aborting.
[2018.02.05-12.24.16:655][441]LogSlate:Warning: Prevented a slow task dialog from being summoned while a context menu was open
[2018.02.05-12.24.23:159][209]Cmd: OBJ SAVEPACKAGE PACKAGE="/Game/Blueprints/Game_Mode_1" FILE="F:/My Documents/GitHub/Group-E-Ass2-Game/PeterIsTheCaptain V0.2/Content/Blueprints/Game_Mode_1.uasset" SILENT=true
[2018.02.05-12.24.23:201][209]LogSavePackage: Save=36.81ms
[2018.02.05-12.24.23:201][209]LogSavePackage: Moving 'F:/My Documents/GitHub/Group-E-Ass2-Game/PeterIsTheCaptain V0.2/Saved/Game_Mode_1073BB40B483106BD57D98CB9C5F76175.tmp' to 'F:/My Documents/GitHub/Group-E-Ass2-Game/PeterIsTheCaptain V0.2/Content/Blueprints/Game_Mode_1.uasset'
[2018.02.05-12.24.23:209][209]LogSavePackage:Display: Finished SavePackage F:/My Documents/GitHub/Group-E-Ass2-Game/PeterIsTheCaptain V0.2/Content/Blueprints/Game_Mode_1.uasset
[2018.02.05-12.25.45:357][643]Cmd: OBJ SAVEPACKAGE PACKAGE="/Game/Blueprints/Main_Character" FILE="F:/My Documents/GitHub/Group-E-Ass2-Game/PeterIsTheCaptain V0.2/Content/Blueprints/Main_Character.uasset" SILENT=true
[2018.02.05-12.25.45:437][643]LogSavePackage: Save=75.15ms
[2018.02.05-12.25.45:437][643]LogSavePackage: Moving 'F:/My Documents/GitHub/Group-E-Ass2-Game/PeterIsTheCaptain V0.2/Saved/Main_Character080879D040749C54931FD0B8F0E6F1AE.tmp' to 'F:/My Documents/GitHub/Group-E-Ass2-Game/PeterIsTheCaptain V0.2/Content/Blueprints/Main_Character.uasset'
[2018.02.05-12.25.45:445][643]LogSavePackage:Display: Finished SavePackage F:/My Documents/GitHub/Group-E-Ass2-Game/PeterIsTheCaptain V0.2/Content/Blueprints/Main_Character.uasset
[2018.02.05-12.25.45:914][696]BlueprintLog: New page: Compile Main_Character
[2018.02.05-12.25.50:566][211]LogTemp: Repeting last play command: Selected Viewport
[2018.02.05-12.25.50:629][211]LogPlayLevel: PlayLevel: No blueprints needed recompiling
[2018.02.05-12.25.50:631][211]PIE: New page: PIE session: NewMap (5 Feb 2018 12:25:50)
[2018.02.05-12.25.50:631][211]LogPlayLevel: Creating play world package: /Game/Maps/UEDPIE_0_NewMap
[2018.02.05-12.25.50:650][211]LogPlayLevel: PIE: StaticDuplicateObject took: (0.019203s)
[2018.02.05-12.25.50:651][211]LogAIModule: Creating AISystem for world NewMap
[2018.02.05-12.25.50:651][211]LogPlayLevel: PIE: World Init took: (0.000565s)
[2018.02.05-12.25.50:651][211]LogPlayLevel: PIE: Created PIE world by copying editor world from /Game/Maps/NewMap.NewMap to /Game/Maps/UEDPIE_0_NewMap.NewMap (0.019949s)
[2018.02.05-12.25.50:667][211]LogInit: XAudio2 using 'Speakers (High Definition Audio Device)' : 2 channels at 44.1 kHz using 16 bits per sample (channel mask 0x3)
[2018.02.05-12.25.50:671][211]LogInit: FAudioDevice initialized.
[2018.02.05-12.25.50:711][211]LogLoad: Game class is 'Game_Mode_1_C'
[2018.02.05-12.25.50:714][211]LogWorld: Bringing World /Game/Maps/UEDPIE_0_NewMap.NewMap up for play (max tick rate 0) at 2018.02.05-12.25.50
[2018.02.05-12.25.50:718][211]LogWorld: Bringing up level for play took: 0.005016
[2018.02.05-12.25.50:765][211]LogContentBrowser: Native class hierarchy updated for 'MovieSceneCapture' in 0.0007 seconds. Added 11 classes and 0 folders.
[2018.02.05-12.25.50:765][211]LogGameMode:Display: Match State Changed from EnteringMap to WaitingToStart
[2018.02.05-12.25.50:765][211]LogGameState: Match State Changed from EnteringMap to WaitingToStart
[2018.02.05-12.25.50:765][211]LogGameMode:Display: Match State Changed from WaitingToStart to InProgress
[2018.02.05-12.25.50:768][211]LogGameState: Match State Changed from WaitingToStart to InProgress
[2018.02.05-12.25.50:769][211]PIE: Info Play in editor start time for /Game/Maps/UEDPIE_0_NewMap 0.524
[2018.02.05-12.26.03:708][708]Cmd: OBJ SAVEPACKAGE PACKAGE="/Game/Blueprints/Main_Character" FILE="F:/My Documents/GitHub/Group-E-Ass2-Game/PeterIsTheCaptain V0.2/Content/Blueprints/Main_Character.uasset" SILENT=true
[2018.02.05-12.26.03:813][708]LogSavePackage: Save=82.22ms
[2018.02.05-12.26.03:813][708]LogSavePackage: Moving 'F:/My Documents/GitHub/Group-E-Ass2-Game/PeterIsTheCaptain V0.2/Saved/Main_Character1220959E4D282C46B72C76B1F00C11A1.tmp' to 'F:/My Documents/GitHub/Group-E-Ass2-Game/PeterIsTheCaptain V0.2/Content/Blueprints/Main_Character.uasset'
[2018.02.05-12.26.03:822][708]LogSavePackage:Display: Finished SavePackage F:/My Documents/GitHub/Group-E-Ass2-Game/PeterIsTheCaptain V0.2/Content/Blueprints/Main_Character.uasset
[2018.02.05-12.26.08:245][227]LogTemp: Repeting last play command: Selected Viewport
[2018.02.05-12.26.08:260][227]BlueprintLog: New page: Pre-Play auto-recompile
[2018.02.05-12.26.08:260][227]LogPlayLevel: [PlayLevel] Compiling Main_Character before play...
[2018.02.05-12.26.08:347][227]LogPlayLevel: PlayLevel: Blueprint regeneration took 87 ms (1 blueprints)
[2018.02.05-12.26.08:347][227]PIE: New page: PIE session: NewMap (5 Feb 2018 12:26:08)
[2018.02.05-12.26.08:347][227]LogPlayLevel: Creating play world package: /Game/Maps/UEDPIE_0_NewMap
[2018.02.05-12.26.08:361][227]LogPlayLevel: PIE: StaticDuplicateObject took: (0.013595s)
[2018.02.05-12.26.08:361][227]LogAIModule: Creating AISystem for world NewMap
[2018.02.05-12.26.08:361][227]LogPlayLevel: PIE: World Init took: (0.000499s)
[2018.02.05-12.26.08:361][227]LogPlayLevel: PIE: Created PIE world by copying editor world from /Game/Maps/NewMap.NewMap to /Game/Maps/UEDPIE_0_NewMap.NewMap (0.014266s)
[2018.02.05-12.26.08:378][227]LogInit: XAudio2 using 'Speakers (High Definition Audio Device)' : 2 channels at 44.1 kHz using 16 bits per sample (channel mask 0x3)
[2018.02.05-12.26.08:382][227]LogInit: FAudioDevice initialized.
[2018.02.05-12.26.08:410][227]LogLoad: Game class is 'Game_Mode_1_C'
[2018.02.05-12.26.08:412][227]LogWorld: Bringing World /Game/Maps/UEDPIE_0_NewMap.NewMap up for play (max tick rate 0) at 2018.02.05-12.26.08
[2018.02.05-12.26.08:412][227]LogWorld: Bringing up level for play took: 0.001719
[2018.02.05-12.26.08:413][227]LogGameMode:Display: Match State Changed from EnteringMap to WaitingToStart
[2018.02.05-12.26.08:413][227]LogGameState: Match State Changed from EnteringMap to WaitingToStart
[2018.02.05-12.26.08:413][227]LogGameMode:Display: Match State Changed from WaitingToStart to InProgress
[2018.02.05-12.26.08:414][227]LogGameState: Match State Changed from WaitingToStart to InProgress
[2018.02.05-12.26.08:414][227]PIE: Info Play in editor start time for /Game/Maps/UEDPIE_0_NewMap 0.169
[2018.02.05-12.26.59:409][258]LogSlate: Only BGRA pngs, bmps or icos are supported in by External Image Picker
[2018.02.05-12.26.59:442][259]LogTemp: Executing iPhonePackager certificates Engine -bundlename com.YourCompany.PeterIsTheCaptain
[2018.02.05-12.26.59:442][259]LogTemp: CWD: C:\Program Files (x86)\Epic Games\UE_4.16\Engine\Binaries\DotNET\IOS
[2018.02.05-12.26.59:442][259]LogTemp: Initial Dir: C:\Program Files (x86)\Epic Games\UE_4.16
[2018.02.05-12.26.59:442][259]LogTemp: Env CWD: C:\Program Files (x86)\Epic Games\UE_4.16\Engine\Binaries\DotNET\IOS
[2018.02.05-12.26.59:442][259]LogTemp: BranchPath = TRJ208-20A/C/Program Files (x86)/Epic Games/UE_4.16/Engine/Binaries --- GameBranchPath = TRJ208-20A/C/Program Files (x86)/Epic Games/UE_4.16/Engine/Binaries
[2018.02.05-12.26.59:442][259]LogTemp: IPP ERROR: Could not find provision directory 'C:\Users\17062683\AppData\Local/Apple Computer/MobileDevice/Provisioning Profiles/'.
[2018.02.05-12.27.45:832][768]LogTemp: Repeting last play command: Selected Viewport
[2018.02.05-12.27.45:847][768]LogPlayLevel: PlayLevel: No blueprints needed recompiling
[2018.02.05-12.27.45:847][768]PIE: New page: PIE session: NewMap (5 Feb 2018 12:27:45)
[2018.02.05-12.27.45:847][768]LogPlayLevel: Creating play world package: /Game/Maps/UEDPIE_0_NewMap
[2018.02.05-12.27.45:860][768]LogPlayLevel: PIE: StaticDuplicateObject took: (0.013473s)
[2018.02.05-12.27.45:861][768]LogAIModule: Creating AISystem for world NewMap
[2018.02.05-12.27.45:861][768]LogPlayLevel: PIE: World Init took: (0.000484s)
[2018.02.05-12.27.45:861][768]LogPlayLevel: PIE: Created PIE world by copying editor world from /Game/Maps/NewMap.NewMap to /Game/Maps/UEDPIE_0_NewMap.NewMap (0.014117s)
[2018.02.05-12.27.45:876][768]LogInit: XAudio2 using 'Speakers (High Definition Audio Device)' : 2 channels at 44.1 kHz using 16 bits per sample (channel mask 0x3)
[2018.02.05-12.27.45:880][768]LogInit: FAudioDevice initialized.
[2018.02.05-12.27.45:910][768]LogLoad: Game class is 'Game_Mode_1_C'
[2018.02.05-12.27.45:912][768]LogWorld: Bringing World /Game/Maps/UEDPIE_0_NewMap.NewMap up for play (max tick rate 0) at 2018.02.05-12.27.45
[2018.02.05-12.27.45:912][768]LogWorld: Bringing up level for play took: 0.001430
[2018.02.05-12.27.45:912][768]LogGameMode:Display: Match State Changed from EnteringMap to WaitingToStart
[2018.02.05-12.27.45:912][768]LogGameState: Match State Changed from EnteringMap to WaitingToStart
[2018.02.05-12.27.45:912][768]LogGameMode:Display: Match State Changed from WaitingToStart to InProgress
[2018.02.05-12.27.45:913][768]LogGameState: Match State Changed from WaitingToStart to InProgress
[2018.02.05-12.27.45:913][768]PIE: Info Play in editor start time for /Game/Maps/UEDPIE_0_NewMap -0.332
[2018.02.05-12.28.25:648][494]Cmd: OBJ SAVEPACKAGE PACKAGE="/Game/Blueprints/Goner_Sprite1" FILE="F:/My Documents/GitHub/Group-E-Ass2-Game/PeterIsTheCaptain V0.2/Content/Blueprints/Goner_Sprite1.uasset" SILENT=true
[2018.02.05-12.28.25:681][494]LogSavePackage: Save=27.81ms
[2018.02.05-12.28.25:681][494]LogSavePackage: Moving 'F:/My Documents/GitHub/Group-E-Ass2-Game/PeterIsTheCaptain V0.2/Saved/Goner_Sprite160EA543944A53090BFBE6F828B2927D9.tmp' to 'F:/My Documents/GitHub/Group-E-Ass2-Game/PeterIsTheCaptain V0.2/Content/Blueprints/Goner_Sprite1.uasset'
[2018.02.05-12.28.25:689][494]LogSavePackage:Display: Finished SavePackage F:/My Documents/GitHub/Group-E-Ass2-Game/PeterIsTheCaptain V0.2/Content/Blueprints/Goner_Sprite1.uasset
[2018.02.05-12.29.50:439][541]Cmd: OBJ SAVEPACKAGE PACKAGE="/Game/Blueprints/Main_Character" FILE="F:/My Documents/GitHub/Group-E-Ass2-Game/PeterIsTheCaptain V0.2/Content/Blueprints/Main_Character.uasset" SILENT=true
[2018.02.05-12.29.50:546][541]LogSavePackage: Save=84.73ms
[2018.02.05-12.29.50:546][541]LogSavePackage: Moving 'F:/My Documents/GitHub/Group-E-Ass2-Game/PeterIsTheCaptain V0.2/Saved/Main_CharacterCAF30B4A4FD1B4BE574EB79FF0B43E1D.tmp' to 'F:/My Documents/GitHub/Group-E-Ass2-Game/PeterIsTheCaptain V0.2/Content/Blueprints/Main_Character.uasset'
[2018.02.05-12.29.50:556][541]LogSavePackage:Display: Finished SavePackage F:/My Documents/GitHub/Group-E-Ass2-Game/PeterIsTheCaptain V0.2/Content/Blueprints/Main_Character.uasset
[2018.02.05-12.29.51:272][616]Cmd: OBJ SAVEPACKAGE PACKAGE="/Game/Blueprints/Main_Character" FILE="F:/My Documents/GitHub/Group-E-Ass2-Game/PeterIsTheCaptain V0.2/Content/Blueprints/Main_Character.uasset" SILENT=true
[2018.02.05-12.29.51:362][616]LogSavePackage: Save=82.97ms
[2018.02.05-12.29.51:362][616]LogSavePackage: Moving 'F:/My Documents/GitHub/Group-E-Ass2-Game/PeterIsTheCaptain V0.2/Saved/Main_CharacterDD91112C47CDF83E69780D8D8D21AC0D.tmp' to 'F:/My Documents/GitHub/Group-E-Ass2-Game/PeterIsTheCaptain V0.2/Content/Blueprints/Main_Character.uasset'
[2018.02.05-12.29.51:367][616]LogSavePackage:Display: Finished SavePackage F:/My Documents/GitHub/Group-E-Ass2-Game/PeterIsTheCaptain V0.2/Content/Blueprints/Main_Character.uasset
[2018.02.05-12.29.53:783][890]LogTemp: Repeting last play command: Selected Viewport
[2018.02.05-12.29.53:800][890]BlueprintLog: New page: Pre-Play auto-recompile
[2018.02.05-12.29.53:800][890]LogPlayLevel: [PlayLevel] Compiling Main_Character before play...
[2018.02.05-12.29.53:903][890]LogPlayLevel: PlayLevel: Blueprint regeneration took 103 ms (1 blueprints)
[2018.02.05-12.29.53:903][890]PIE: New page: PIE session: NewMap (5 Feb 2018 12:29:53)
[2018.02.05-12.29.53:903][890]LogPlayLevel: Creating play world package: /Game/Maps/UEDPIE_0_NewMap
[2018.02.05-12.29.53:917][890]LogPlayLevel: PIE: StaticDuplicateObject took: (0.014066s)
[2018.02.05-12.29.53:918][890]LogAIModule: Creating AISystem for world NewMap
[2018.02.05-12.29.53:918][890]LogPlayLevel: PIE: World Init took: (0.000501s)
[2018.02.05-12.29.53:918][890]LogPlayLevel: PIE: Created PIE world by copying editor world from /Game/Maps/NewMap.NewMap to /Game/Maps/UEDPIE_0_NewMap.NewMap (0.014733s)
[2018.02.05-12.29.53:932][890]LogInit: XAudio2 using 'Speakers (High Definition Audio Device)' : 2 channels at 44.1 kHz using 16 bits per sample (channel mask 0x3)
[2018.02.05-12.29.53:936][890]LogInit: FAudioDevice initialized.
[2018.02.05-12.29.53:967][890]LogLoad: Game class is 'Game_Mode_1_C'
[2018.02.05-12.29.53:969][890]LogWorld: Bringing World /Game/Maps/UEDPIE_0_NewMap.NewMap up for play (max tick rate 0) at 2018.02.05-12.29.53
[2018.02.05-12.29.53:970][890]LogWorld: Bringing up level for play took: 0.001708
[2018.02.05-12.29.53:970][890]LogGameMode:Display: Match State Changed from EnteringMap to WaitingToStart
[2018.02.05-12.29.53:970][890]LogGameState: Match State Changed from EnteringMap to WaitingToStart
[2018.02.05-12.29.53:970][890]LogGameMode:Display: Match State Changed from WaitingToStart to InProgress
[2018.02.05-12.29.53:971][890]LogGameState: Match State Changed from WaitingToStart to InProgress
[2018.02.05-12.29.53:971][890]PIE: Info Play in editor start time for /Game/Maps/UEDPIE_0_NewMap -0.274
[2018.02.05-12.30.56:951][387]LogNavigationPoint: PostEditMove Clear paths rebuilt
[2018.02.05-12.31.01:594][942]LogEditorViewport: Clicking on Actor (LMB): PlayerStart (Player Start)
[2018.02.05-12.31.03:416][158]LogNavigationPoint: PostEditMove Clear paths rebuilt
[2018.02.05-12.31.08:071][713]LogNavigationPoint: PostEditMove Clear paths rebuilt
[2018.02.05-12.31.08:941][816]LogNavigationPoint: PostEditMove Clear paths rebuilt
[2018.02.05-12.31.10:144][959]LogTemp: Repeting last play command: Selected Viewport
[2018.02.05-12.31.10:160][959]LogPlayLevel: PlayLevel: No blueprints needed recompiling
[2018.02.05-12.31.10:160][959]PIE: New page: PIE session: NewMap (5 Feb 2018 12:31:10)
[2018.02.05-12.31.10:160][959]LogPlayLevel: Creating play world package: /Game/Maps/UEDPIE_0_NewMap
[2018.02.05-12.31.10:174][959]LogPlayLevel: PIE: StaticDuplicateObject took: (0.013963s)
[2018.02.05-12.31.10:174][959]LogAIModule: Creating AISystem for world NewMap
[2018.02.05-12.31.10:174][959]LogPlayLevel: PIE: World Init took: (0.000556s)
[2018.02.05-12.31.10:175][959]LogPlayLevel: PIE: Created PIE world by copying editor world from /Game/Maps/NewMap.NewMap to /Game/Maps/UEDPIE_0_NewMap.NewMap (0.014706s)
[2018.02.05-12.31.10:190][959]LogInit: XAudio2 using 'Speakers (High Definition Audio Device)' : 2 channels at 44.1 kHz using 16 bits per sample (channel mask 0x3)
[2018.02.05-12.31.10:194][959]LogInit: FAudioDevice initialized.
[2018.02.05-12.31.10:226][959]LogLoad: Game class is 'Game_Mode_1_C'
[2018.02.05-12.31.10:228][959]LogWorld: Bringing World /Game/Maps/UEDPIE_0_NewMap.NewMap up for play (max tick rate 0) at 2018.02.05-12.31.10
[2018.02.05-12.31.10:229][959]LogWorld: Bringing up level for play took: 0.001573
[2018.02.05-12.31.10:229][959]LogGameMode:Display: Match State Changed from EnteringMap to WaitingToStart
[2018.02.05-12.31.10:229][959]LogGameState: Match State Changed from EnteringMap to WaitingToStart
[2018.02.05-12.31.10:229][959]LogGameMode:Display: Match State Changed from WaitingToStart to InProgress
[2018.02.05-12.31.10:230][959]LogGameState: Match State Changed from WaitingToStart to InProgress
[2018.02.05-12.31.10:230][959]PIE: Info Play in editor start time for /Game/Maps/UEDPIE_0_NewMap -0.016
[2018.02.05-12.31.12:655][239]LogEditorViewport: Clicking on Actor (LMB): PlayerStart (Player Start)
[2018.02.05-12.31.15:717][605]LogNavigationPoint: PostEditMove Clear paths rebuilt
[2018.02.05-12.31.17:263][788]LogTemp: Repeting last play command: Selected Viewport
[2018.02.05-12.31.17:277][788]LogPlayLevel: PlayLevel: No blueprints needed recompiling
[2018.02.05-12.31.17:277][788]PIE: New page: PIE session: NewMap (5 Feb 2018 12:31:17)
[2018.02.05-12.31.17:277][788]LogPlayLevel: Creating play world package: /Game/Maps/UEDPIE_0_NewMap
[2018.02.05-12.31.17:291][788]LogPlayLevel: PIE: StaticDuplicateObject took: (0.013987s)
[2018.02.05-12.31.17:292][788]LogAIModule: Creating AISystem for world NewMap
[2018.02.05-12.31.17:292][788]LogPlayLevel: PIE: World Init took: (0.000519s)
[2018.02.05-12.31.17:292][788]LogPlayLevel: PIE: Created PIE world by copying editor world from /Game/Maps/NewMap.NewMap to /Game/Maps/UEDPIE_0_NewMap.NewMap (0.014670s)
[2018.02.05-12.31.17:308][788]LogInit: XAudio2 using 'Speakers (High Definition Audio Device)' : 2 channels at 44.1 kHz using 16 bits per sample (channel mask 0x3)
[2018.02.05-12.31.17:312][788]LogInit: FAudioDevice initialized.
[2018.02.05-12.31.17:341][788]LogLoad: Game class is 'Game_Mode_1_C'
[2018.02.05-12.31.17:343][788]LogWorld: Bringing World /Game/Maps/UEDPIE_0_NewMap.NewMap up for play (max tick rate 0) at 2018.02.05-12.31.17
[2018.02.05-12.31.17:343][788]LogWorld: Bringing up level for play took: 0.001459
[2018.02.05-12.31.17:344][788]LogGameMode:Display: Match State Changed from EnteringMap to WaitingToStart
[2018.02.05-12.31.17:344][788]LogGameState: Match State Changed from EnteringMap to WaitingToStart
[2018.02.05-12.31.17:344][788]LogGameMode:Display: Match State Changed from WaitingToStart to InProgress
[2018.02.05-12.31.17:344][788]LogGameState: Match State Changed from WaitingToStart to InProgress
[2018.02.05-12.31.17:344][788]PIE: Info Play in editor start time for /Game/Maps/UEDPIE_0_NewMap -0.902
[2018.02.05-12.31.24:427][626]LogEditorViewport: Clicking on Actor (context menu): PaperSpriteActor (35410813-784da202-020e-11e8-91ab-5630b86c71bb_Sprite2)
[2018.02.05-12.31.25:364][731]LogEditorViewport: Clicking on Actor (LMB): StaticMeshActor (Floor)
[2018.02.05-12.31.26:334][842]LogEditorViewport: Clicking Background
[2018.02.05-12.31.28:772][131]Cmd: OBJ SAVEPACKAGE PACKAGE="/Game/Maps/NewMap" FILE="F:/My Documents/GitHub/Group-E-Ass2-Game/PeterIsTheCaptain V0.2/Content/Maps/NewMap.umap" SILENT=true AUTOSAVING=false KEEPDIRTY=false
[2018.02.05-12.31.30:720][131]LogSavePackage: Save=1895.42ms
[2018.02.05-12.31.30:720][131]LogSavePackage: Moving 'F:/My Documents/GitHub/Group-E-Ass2-Game/PeterIsTheCaptain V0.2/Saved/NewMap992ED7924C59CC4752C6E8AC9FAC8F0C.tmp' to 'F:/My Documents/GitHub/Group-E-Ass2-Game/PeterIsTheCaptain V0.2/Content/Maps/NewMap.umap'
[2018.02.05-12.31.30:731][131]LogSavePackage:Display: Finished SavePackage F:/My Documents/GitHub/Group-E-Ass2-Game/PeterIsTheCaptain V0.2/Content/Maps/NewMap.umap
[2018.02.05-12.31.30:758][131]Cmd: OBJ SAVEPACKAGE PACKAGE="/Game/Maps/NewMap_BuiltData" FILE="F:/My Documents/GitHub/Group-E-Ass2-Game/PeterIsTheCaptain V0.2/Content/Maps/NewMap_BuiltData.uasset" SILENT=true
[2018.02.05-12.31.30:895][131]LogSavePackage: Save=112.62ms
[2018.02.05-12.31.30:895][131]LogSavePackage: Moving 'F:/My Documents/GitHub/Group-E-Ass2-Game/PeterIsTheCaptain V0.2/Saved/NewMap_BuiltData69FEFA914826766827112290568193BB.tmp' to 'F:/My Documents/GitHub/Group-E-Ass2-Game/PeterIsTheCaptain V0.2/Content/Maps/NewMap_BuiltData.uasset'
[2018.02.05-12.31.30:900][131]LogSavePackage:Display: Finished SavePackage F:/My Documents/GitHub/Group-E-Ass2-Game/PeterIsTheCaptain V0.2/Content/Maps/NewMap_BuiltData.uasset
[2018.02.05-12.32.00:689][705]LogTemp: Repeting last play command: Selected Viewport
[2018.02.05-12.32.00:710][705]LogPlayLevel: PlayLevel: No blueprints needed recompiling
[2018.02.05-12.32.00:710][705]PIE: New page: PIE session: NewMap (5 Feb 2018 12:32:00)
[2018.02.05-12.32.00:710][705]LogPlayLevel: Creating play world package: /Game/Maps/UEDPIE_0_NewMap
[2018.02.05-12.32.00:724][705]LogPlayLevel: PIE: StaticDuplicateObject took: (0.013881s)
[2018.02.05-12.32.00:724][705]LogAIModule: Creating AISystem for world NewMap
[2018.02.05-12.32.00:725][705]LogPlayLevel: PIE: World Init took: (0.000519s)
[2018.02.05-12.32.00:725][705]LogPlayLevel: PIE: Created PIE world by copying editor world from /Game/Maps/NewMap.NewMap to /Game/Maps/UEDPIE_0_NewMap.NewMap (0.014582s)
[2018.02.05-12.32.00:743][705]LogInit: XAudio2 using 'Speakers (High Definition Audio Device)' : 2 channels at 44.1 kHz using 16 bits per sample (channel mask 0x3)
[2018.02.05-12.32.00:747][705]LogInit: FAudioDevice initialized.
[2018.02.05-12.32.00:777][705]LogLoad: Game class is 'Game_Mode_1_C'
[2018.02.05-12.32.00:779][705]LogWorld: Bringing World /Game/Maps/UEDPIE_0_NewMap.NewMap up for play (max tick rate 0) at 2018.02.05-12.32.00
[2018.02.05-12.32.00:780][705]LogWorld: Bringing up level for play took: 0.001514
[2018.02.05-12.32.00:780][705]LogGameMode:Display: Match State Changed from EnteringMap to WaitingToStart
[2018.02.05-12.32.00:780][705]LogGameState: Match State Changed from EnteringMap to WaitingToStart
[2018.02.05-12.32.00:780][705]LogGameMode:Display: Match State Changed from WaitingToStart to InProgress
[2018.02.05-12.32.00:781][705]LogGameState: Match State Changed from WaitingToStart to InProgress
[2018.02.05-12.32.00:781][705]PIE: Info Play in editor start time for /Game/Maps/UEDPIE_0_NewMap 0.534
[2018.02.05-12.33.45:627][172]Cmd: OBJ SAVEPACKAGE PACKAGE="/Game/Blueprints/Main_Character" FILE="F:/My Documents/GitHub/Group-E-Ass2-Game/PeterIsTheCaptain V0.2/Content/Blueprints/Main_Character.uasset" SILENT=true
[2018.02.05-12.33.45:736][172]LogSavePackage: Save=84.12ms
[2018.02.05-12.33.45:736][172]LogSavePackage: Moving 'F:/My Documents/GitHub/Group-E-Ass2-Game/PeterIsTheCaptain V0.2/Saved/Main_Character100FB22C4648B6D7E9316E9B55BC7076.tmp' to 'F:/My Documents/GitHub/Group-E-Ass2-Game/PeterIsTheCaptain V0.2/Content/Blueprints/Main_Character.uasset'
[2018.02.05-12.33.45:746][172]LogSavePackage:Display: Finished SavePackage F:/My Documents/GitHub/Group-E-Ass2-Game/PeterIsTheCaptain V0.2/Content/Blueprints/Main_Character.uasset
[2018.02.05-12.33.47:909][415]LogTemp: Repeting last play command: Selected Viewport
[2018.02.05-12.33.47:925][415]LogPlayLevel: PlayLevel: No blueprints needed recompiling
[2018.02.05-12.33.47:925][415]PIE: New page: PIE session: NewMap (5 Feb 2018 12:33:47)
[2018.02.05-12.33.47:925][415]LogPlayLevel: Creating play world package: /Game/Maps/UEDPIE_0_NewMap
[2018.02.05-12.33.47:938][415]LogPlayLevel: PIE: StaticDuplicateObject took: (0.013638s)
[2018.02.05-12.33.47:939][415]LogAIModule: Creating AISystem for world NewMap
[2018.02.05-12.33.47:939][415]LogPlayLevel: PIE: World Init took: (0.000563s)
[2018.02.05-12.33.47:939][415]LogPlayLevel: PIE: Created PIE world by copying editor world from /Game/Maps/NewMap.NewMap to /Game/Maps/UEDPIE_0_NewMap.NewMap (0.014362s)
[2018.02.05-12.33.47:953][415]LogInit: XAudio2 using 'Speakers (High Definition Audio Device)' : 2 channels at 44.1 kHz using 16 bits per sample (channel mask 0x3)
[2018.02.05-12.33.47:957][415]LogInit: FAudioDevice initialized.
[2018.02.05-12.33.47:984][415]LogLoad: Game class is 'Game_Mode_1_C'
[2018.02.05-12.33.47:986][415]LogWorld: Bringing World /Game/Maps/UEDPIE_0_NewMap.NewMap up for play (max tick rate 0) at 2018.02.05-12.33.47
[2018.02.05-12.33.47:986][415]LogWorld: Bringing up level for play took: 0.001321
[2018.02.05-12.33.47:987][415]LogGameMode:Display: Match State Changed from EnteringMap to WaitingToStart
[2018.02.05-12.33.47:987][415]LogGameState: Match State Changed from EnteringMap to WaitingToStart
[2018.02.05-12.33.47:987][415]LogGameMode:Display: Match State Changed from WaitingToStart to InProgress
[2018.02.05-12.33.47:987][415]LogGameState: Match State Changed from WaitingToStart to InProgress
[2018.02.05-12.33.47:987][415]PIE: Info Play in editor start time for /Game/Maps/UEDPIE_0_NewMap -0.249
[2018.02.05-12.34.23:822][636]Cmd: OBJ SAVEPACKAGE PACKAGE="/Game/Blueprints/Main_Character" FILE="F:/My Documents/GitHub/Group-E-Ass2-Game/PeterIsTheCaptain V0.2/Content/Blueprints/Main_Character.uasset" SILENT=true
[2018.02.05-12.34.23:930][636]LogSavePackage: Save=83.04ms
[2018.02.05-12.34.23:930][636]LogSavePackage: Moving 'F:/My Documents/GitHub/Group-E-Ass2-Game/PeterIsTheCaptain V0.2/Saved/Main_Character75EE51E2421DE8D1EF1CEE924A658C2A.tmp' to 'F:/My Documents/GitHub/Group-E-Ass2-Game/PeterIsTheCaptain V0.2/Content/Blueprints/Main_Character.uasset'
[2018.02.05-12.34.23:939][636]LogSavePackage:Display: Finished SavePackage F:/My Documents/GitHub/Group-E-Ass2-Game/PeterIsTheCaptain V0.2/Content/Blueprints/Main_Character.uasset
[2018.02.05-12.34.26:215][883]LogTemp: Repeting last play command: Selected Viewport
[2018.02.05-12.34.26:229][883]LogPlayLevel: PlayLevel: No blueprints needed recompiling
[2018.02.05-12.34.26:229][883]PIE: New page: PIE session: NewMap (5 Feb 2018 12:34:26)
[2018.02.05-12.34.26:229][883]LogPlayLevel: Creating play world package: /Game/Maps/UEDPIE_0_NewMap
[2018.02.05-12.34.26:242][883]LogPlayLevel: PIE: StaticDuplicateObject took: (0.013207s)
[2018.02.05-12.34.26:242][883]LogAIModule: Creating AISystem for world NewMap
[2018.02.05-12.34.26:242][883]LogPlayLevel: PIE: World Init took: (0.000485s)
[2018.02.05-12.34.26:243][883]LogPlayLevel: PIE: Created PIE world by copying editor world from /Game/Maps/NewMap.NewMap to /Game/Maps/UEDPIE_0_NewMap.NewMap (0.013852s)
[2018.02.05-12.34.26:257][883]LogInit: XAudio2 using 'Speakers (High Definition Audio Device)' : 2 channels at 44.1 kHz using 16 bits per sample (channel mask 0x3)
[2018.02.05-12.34.26:261][883]LogInit: FAudioDevice initialized.
[2018.02.05-12.34.26:287][883]LogLoad: Game class is 'Game_Mode_1_C'
[2018.02.05-12.34.26:289][883]LogWorld: Bringing World /Game/Maps/UEDPIE_0_NewMap.NewMap up for play (max tick rate 0) at 2018.02.05-12.34.26
[2018.02.05-12.34.26:289][883]LogWorld: Bringing up level for play took: 0.001329
[2018.02.05-12.34.26:290][883]LogGameMode:Display: Match State Changed from EnteringMap to WaitingToStart
[2018.02.05-12.34.26:290][883]LogGameState: Match State Changed from EnteringMap to WaitingToStart
[2018.02.05-12.34.26:290][883]LogGameMode:Display: Match State Changed from WaitingToStart to InProgress
[2018.02.05-12.34.26:290][883]LogGameState: Match State Changed from WaitingToStart to InProgress
[2018.02.05-12.34.26:290][883]PIE: Info Play in editor start time for /Game/Maps/UEDPIE_0_NewMap 0.058
[2018.02.05-12.34.29:525][263]LogTemp: Repeting last play command: Selected Viewport
[2018.02.05-12.34.29:538][263]LogPlayLevel: PlayLevel: No blueprints needed recompiling
[2018.02.05-12.34.29:539][263]PIE: New page: PIE session: NewMap (5 Feb 2018 12:34:29)
[2018.02.05-12.34.29:539][263]LogPlayLevel: Creating play world package: /Game/Maps/UEDPIE_0_NewMap
[2018.02.05-12.34.29:552][263]LogPlayLevel: PIE: StaticDuplicateObject took: (0.012998s)
[2018.02.05-12.34.29:552][263]LogAIModule: Creating AISystem for world NewMap
[2018.02.05-12.34.29:552][263]LogPlayLevel: PIE: World Init took: (0.000505s)
[2018.02.05-12.34.29:552][263]LogPlayLevel: PIE: Created PIE world by copying editor world from /Game/Maps/NewMap.NewMap to /Game/Maps/UEDPIE_0_NewMap.NewMap (0.013664s)
[2018.02.05-12.34.29:565][263]LogInit: XAudio2 using 'Speakers (High Definition Audio Device)' : 2 channels at 44.1 kHz using 16 bits per sample (channel mask 0x3)
[2018.02.05-12.34.29:569][263]LogInit: FAudioDevice initialized.
[2018.02.05-12.34.29:599][263]LogLoad: Game class is 'Game_Mode_1_C'
[2018.02.05-12.34.29:601][263]LogWorld: Bringing World /Game/Maps/UEDPIE_0_NewMap.NewMap up for play (max tick rate 0) at 2018.02.05-12.34.29
[2018.02.05-12.34.29:601][263]LogWorld: Bringing up level for play took: 0.001481
[2018.02.05-12.34.29:601][263]LogGameMode:Display: Match State Changed from EnteringMap to WaitingToStart
[2018.02.05-12.34.29:601][263]LogGameState: Match State Changed from EnteringMap to WaitingToStart
[2018.02.05-12.34.29:601][263]LogGameMode:Display: Match State Changed from WaitingToStart to InProgress
[2018.02.05-12.34.29:602][263]LogGameState: Match State Changed from WaitingToStart to InProgress
[2018.02.05-12.34.29:602][263]PIE: Info Play in editor start time for /Game/Maps/UEDPIE_0_NewMap -0.63
[2018.02.05-12.34.31:244][451]LogEditorViewport: Clicking on Actor (LMB): StaticMeshActor (Floor)
[2018.02.05-12.34.31:687][500]LogEditorViewport: Clicking on Actor (LMB): PlayerStart (Player Start)
[2018.02.05-12.34.34:061][782]LogNavigationPoint: PostEditMove Clear paths rebuilt
[2018.02.05-12.34.34:962][889]LogTemp: Repeting last play command: Selected Viewport
[2018.02.05-12.34.34:975][889]LogPlayLevel: PlayLevel: No blueprints needed recompiling
[2018.02.05-12.34.34:975][889]PIE: New page: PIE session: NewMap (5 Feb 2018 12:34:34)
[2018.02.05-12.34.34:975][889]LogPlayLevel: Creating play world package: /Game/Maps/UEDPIE_0_NewMap
[2018.02.05-12.34.34:988][889]LogPlayLevel: PIE: StaticDuplicateObject took: (0.013224s)
[2018.02.05-12.34.34:989][889]LogAIModule: Creating AISystem for world NewMap
[2018.02.05-12.34.34:989][889]LogPlayLevel: PIE: World Init took: (0.000516s)
[2018.02.05-12.34.34:989][889]LogPlayLevel: PIE: Created PIE world by copying editor world from /Game/Maps/NewMap.NewMap to /Game/Maps/UEDPIE_0_NewMap.NewMap (0.013901s)
[2018.02.05-12.34.35:001][889]LogInit: XAudio2 using 'Speakers (High Definition Audio Device)' : 2 channels at 44.1 kHz using 16 bits per sample (channel mask 0x3)
[2018.02.05-12.34.35:005][889]LogInit: FAudioDevice initialized.
[2018.02.05-12.34.35:033][889]LogLoad: Game class is 'Game_Mode_1_C'
[2018.02.05-12.34.35:035][889]LogWorld: Bringing World /Game/Maps/UEDPIE_0_NewMap.NewMap up for play (max tick rate 0) at 2018.02.05-12.34.35
[2018.02.05-12.34.35:036][889]LogWorld: Bringing up level for play took: 0.001468
[2018.02.05-12.34.35:036][889]LogGameMode:Display: Match State Changed from EnteringMap to WaitingToStart
[2018.02.05-12.34.35:036][889]LogGameState: Match State Changed from EnteringMap to WaitingToStart
[2018.02.05-12.34.35:036][889]LogGameMode:Display: Match State Changed from WaitingToStart to InProgress
[2018.02.05-12.34.35:037][889]LogGameState: Match State Changed from WaitingToStart to InProgress
[2018.02.05-12.34.35:037][889]PIE: Info Play in editor start time for /Game/Maps/UEDPIE_0_NewMap 0.806
[2018.02.05-12.35.15:801][767]Cmd: OBJ SAVEPACKAGE PACKAGE="/Game/Maps/NewMap" FILE="F:/My Documents/GitHub/Group-E-Ass2-Game/PeterIsTheCaptain V0.2/Content/Maps/NewMap.umap" SILENT=true AUTOSAVING=false KEEPDIRTY=false
[2018.02.05-12.35.17:399][767]LogSavePackage: Save=1575.89ms
[2018.02.05-12.35.17:399][767]LogSavePackage: Moving 'F:/My Documents/GitHub/Group-E-Ass2-Game/PeterIsTheCaptain V0.2/Saved/NewMap4E461AC44245CCD752FD1580588BB27B.tmp' to 'F:/My Documents/GitHub/Group-E-Ass2-Game/PeterIsTheCaptain V0.2/Content/Maps/NewMap.umap'
[2018.02.05-12.35.17:410][767]LogSavePackage:Display: Finished SavePackage F:/My Documents/GitHub/Group-E-Ass2-Game/PeterIsTheCaptain V0.2/Content/Maps/NewMap.umap
[2018.02.05-12.35.17:436][767]Cmd: OBJ SAVEPACKAGE PACKAGE="/Game/Maps/NewMap_BuiltData" FILE="F:/My Documents/GitHub/Group-E-Ass2-Game/PeterIsTheCaptain V0.2/Content/Maps/NewMap_BuiltData.uasset" SILENT=true
[2018.02.05-12.35.17:554][767]LogSavePackage: Save=95.87ms
[2018.02.05-12.35.17:554][767]LogSavePackage: Moving 'F:/My Documents/GitHub/Group-E-Ass2-Game/PeterIsTheCaptain V0.2/Saved/NewMap_BuiltData2A5D360B4609A4F2053998ABE7DB6E6E.tmp' to 'F:/My Documents/GitHub/Group-E-Ass2-Game/PeterIsTheCaptain V0.2/Content/Maps/NewMap_BuiltData.uasset'
[2018.02.05-12.35.17:559][767]LogSavePackage:Display: Finished SavePackage F:/My Documents/GitHub/Group-E-Ass2-Game/PeterIsTheCaptain V0.2/Content/Maps/NewMap_BuiltData.uasset
[2018.02.05-12.35.19:548][980]Cmd: QUIT_EDITOR
[2018.02.05-12.35.19:573][980]LogExit: Preparing to exit.
[2018.02.05-12.35.20:130][980]LogExit: Editor shut down
[2018.02.05-12.35.20:132][980]LogExit: Transaction tracking system shut down
[2018.02.05-12.35.20:235][980]LogObj: Freed 0b from 0 cluster array pools.
[2018.02.05-12.35.20:235][980]LogExit: Object subsystem successfully closed.
[2018.02.05-12.35.20:249][980]LogD3D11RHI: Shutdown
[2018.02.05-12.35.20:249][980]LogD3D11RHI: CleanupD3DDevice
[2018.02.05-12.35.20:297][980]LogD3D11RHI: ~FD3D11DynamicRHI
[2018.02.05-12.35.20:315][980]LogModuleManager: Shutting down and abandoning module MovieSceneCapture (534)
[2018.02.05-12.35.20:315][980]LogModuleManager: Shutting down and abandoning module BlueprintGraph (532)
[2018.02.05-12.35.20:315][980]LogModuleManager: Shutting down and abandoning module BlueprintProfiler (530)
[2018.02.05-12.35.20:316][980]LogModuleManager: Shutting down and abandoning module ExternalImagePicker (528)
[2018.02.05-12.35.20:316][980]LogModuleManager: Shutting down and abandoning module SynthBenchmark (526)
[2018.02.05-12.35.20:316][980]LogModuleManager: Shutting down and abandoning module HierarchicalLODOutliner (524)
[2018.02.05-12.35.20:316][980]LogModuleManager: Shutting down and abandoning module CrashTracker (522)
[2018.02.05-12.35.20:316][980]LogModuleManager: Shutting down and abandoning module SceneOutliner (520)
[2018.02.05-12.35.20:316][980]LogModuleManager: Shutting down and abandoning module AddContentDialog (518)
[2018.02.05-12.35.20:316][980]LogDirectoryWatcher: A directory notification for 'C:/Program Files (x86)/Epic Games/UE_4.16/FeaturePacks/' was aborted.
[2018.02.05-12.35.20:317][980]LogModuleManager: Shutting down and abandoning module WidgetCarousel (517)
[2018.02.05-12.35.20:317][980]LogModuleManager: Shutting down and abandoning module EditorWidgets (514)
[2018.02.05-12.35.20:317][980]LogModuleManager: Shutting down and abandoning module CollectionManager (512)
[2018.02.05-12.35.20:317][980]LogModuleManager: Shutting down and abandoning module StatsViewer (510)
[2018.02.05-12.35.20:317][980]LogModuleManager: Shutting down and abandoning module FoliageEdit (508)
[2018.02.05-12.35.20:317][980]LogModuleManager: Shutting down and abandoning module LandscapeEditor (506)
[2018.02.05-12.35.20:318][980]LogModuleManager: Shutting down and abandoning module MeshPaintMode (504)
[2018.02.05-12.35.20:318][980]LogModuleManager: Shutting down and abandoning module SceneDepthPickerMode (502)
[2018.02.05-12.35.20:318][980]LogModuleManager: Shutting down and abandoning module ActorPickerMode (500)
[2018.02.05-12.35.20:318][980]LogModuleManager: Shutting down and abandoning module GeometryMode (498)
[2018.02.05-12.35.20:318][980]LogModuleManager: Shutting down and abandoning module TextureAlignMode (496)
[2018.02.05-12.35.20:318][980]LogModuleManager: Shutting down and abandoning module BspMode (494)
[2018.02.05-12.35.20:318][980]LogModuleManager: Shutting down and abandoning module HardwareSurvey (492)
[2018.02.05-12.35.20:318][980]LogModuleManager: Shutting down and abandoning module SequenceRecorderSections (490)
[2018.02.05-12.35.20:318][980]LogModuleManager: Shutting down and abandoning module AutomationWorker (488)
[2018.02.05-12.35.20:318][980]LogModuleManager: Shutting down and abandoning module MatineeToLevelSequence (486)
[2018.02.05-12.35.20:318][980]LogModuleManager: Shutting down and abandoning module LevelSequenceEditor (484)
[2018.02.05-12.35.20:318][980]LogModuleManager: Shutting down and abandoning module PlacementMode (483)
[2018.02.05-12.35.20:318][980]LogModuleManager: Shutting down and abandoning module WmfMediaFactory (480)
[2018.02.05-12.35.20:318][980]LogModuleManager: Shutting down and abandoning module WmfMediaEditor (478)
[2018.02.05-12.35.20:318][980]LogModuleManager: Shutting down and abandoning module AvfMediaFactory (476)
[2018.02.05-12.35.20:318][980]LogModuleManager: Shutting down and abandoning module AvfMediaEditor (474)
[2018.02.05-12.35.20:318][980]LogModuleManager: Shutting down and abandoning module AndroidMediaFactory (472)
[2018.02.05-12.35.20:318][980]LogModuleManager: Shutting down and abandoning module Media (471)
[2018.02.05-12.35.20:319][980]LogModuleManager: Shutting down and abandoning module AndroidMediaEditor (468)
[2018.02.05-12.35.20:319][980]LogModuleManager: Shutting down and abandoning module CharacterAI (466)
[2018.02.05-12.35.20:319][980]LogModuleManager: Shutting down and abandoning module AudioCapture (464)
[2018.02.05-12.35.20:319][980]LogModuleManager: Shutting down and abandoning module SequenceRecorder (463)
[2018.02.05-12.35.20:319][980]LogModuleManager: Shutting down and abandoning module SmartSnapping (460)
[2018.02.05-12.35.20:319][980]LogModuleManager: Shutting down and abandoning module SessionServices (458)
[2018.02.05-12.35.20:319][980]LogModuleManager: Shutting down and abandoning module ViewportSnapping (456)
[2018.02.05-12.35.20:319][980]LogModuleManager: Shutting down and abandoning module ViewportInteraction (454)
[2018.02.05-12.35.20:319][980]LogModuleManager: Shutting down and abandoning module ClothPainter (452)
[2018.02.05-12.35.20:320][980]LogModuleManager: Shutting down and abandoning module LogVisualizer (450)
[2018.02.05-12.35.20:320][980]LogModuleManager: Shutting down and abandoning module IntroTutorials (448)
[2018.02.05-12.35.20:320][980]LogModuleManager: Shutting down and abandoning module GameProjectGeneration (447)
[2018.02.05-12.35.20:321][980]LogModuleManager: Shutting down and abandoning module EditorLiveStreaming (444)
[2018.02.05-12.35.20:321][980]LogModuleManager: Shutting down and abandoning module IOSPlatformEditor (442)
[2018.02.05-12.35.20:321][980]LogModuleManager: Shutting down and abandoning module HTML5PlatformEditor (440)
[2018.02.05-12.35.20:321][980]LogModuleManager: Shutting down and abandoning module AndroidPlatformEditor (438)
[2018.02.05-12.35.20:321][980]LogModuleManager: Shutting down and abandoning module AndroidDeviceDetection (437)
[2018.02.05-12.35.20:670][980]LogModuleManager: Shutting down and abandoning module IOSRuntimeSettings (434)
[2018.02.05-12.35.20:670][980]LogModuleManager: Shutting down and abandoning module AndroidRuntimeSettings (432)
[2018.02.05-12.35.20:670][980]LogModuleManager: Shutting down and abandoning module InputBindingEditor (430)
[2018.02.05-12.35.20:671][980]LogModuleManager: Shutting down and abandoning module MergeActors (428)
[2018.02.05-12.35.20:671][980]LogModuleManager: Shutting down and abandoning module SizeMap (426)
[2018.02.05-12.35.20:671][980]LogModuleManager: Shutting down and abandoning module TreeMap (424)
[2018.02.05-12.35.20:671][980]LogModuleManager: Shutting down and abandoning module ReferenceViewer (422)
[2018.02.05-12.35.20:671][980]LogModuleManager: Shutting down and abandoning module LocalizationDashboard (420)
[2018.02.05-12.35.20:672][980]LogModuleManager: Shutting down and abandoning module LocalizationService (419)
[2018.02.05-12.35.20:672][980]LogModuleManager: Shutting down and abandoning module HardwareTargeting (416)
[2018.02.05-12.35.20:672][980]LogModuleManager: Shutting down and abandoning module DeviceProfileEditor (414)
[2018.02.05-12.35.20:672][980]LogModuleManager: Shutting down and abandoning module UndoHistory (412)
[2018.02.05-12.35.20:672][980]LogModuleManager: Shutting down and abandoning module UserFeedback (410)
[2018.02.05-12.35.20:672][980]LogModuleManager: Shutting down and abandoning module XmlParser (408)
[2018.02.05-12.35.20:672][980]LogModuleManager: Shutting down and abandoning module Blutility (406)
[2018.02.05-12.35.20:672][980]LogModuleManager: Shutting down and abandoning module ProjectSettingsViewer (404)
[2018.02.05-12.35.20:673][980]LogModuleManager: Shutting down and abandoning module ProjectTargetPlatformEditor (403)
[2018.02.05-12.35.20:673][980]LogModuleManager: Shutting down and abandoning module EditorSettingsViewer (400)
[2018.02.05-12.35.20:673][980]LogModuleManager: Shutting down and abandoning module SettingsEditor (398)
[2018.02.05-12.35.20:673][980]LogModuleManager: Shutting down and abandoning module ProjectLauncher (396)
[2018.02.05-12.35.20:673][980]LogModuleManager: Shutting down and abandoning module SessionFrontend (394)
[2018.02.05-12.35.20:674][980]LogModuleManager: Shutting down and abandoning module ProfilerClient (392)
[2018.02.05-12.35.20:674][980]LogModuleManager: Shutting down and abandoning module DeviceManager (390)
[2018.02.05-12.35.20:675][980]LogModuleManager: Shutting down and abandoning module TargetDeviceServices (389)
[2018.02.05-12.35.20:725][980]LogModuleManager: Shutting down and abandoning module AutomationController (386)
[2018.02.05-12.35.20:725][980]LogModuleManager: Shutting down and abandoning module AutomationWindow (384)
[2018.02.05-12.35.20:725][980]LogModuleManager: Shutting down and abandoning module Layers (382)
[2018.02.05-12.35.20:727][980]LogModuleManager: Shutting down and abandoning module ComponentVisualizers (380)
[2018.02.05-12.35.20:727][980]LogModuleManager: Shutting down and abandoning module DetailCustomizations (378)
[2018.02.05-12.35.20:727][980]LogModuleManager: Shutting down and abandoning module PackagesDialog (376)
[2018.02.05-12.35.20:727][980]LogModuleManager: Shutting down and abandoning module Persona (374)
[2018.02.05-12.35.20:727][980]LogModuleManager: Shutting down and abandoning module AdvancedPreviewScene (373)
[2018.02.05-12.35.20:727][980]LogModuleManager: Shutting down and abandoning module AnimGraph (371)
[2018.02.05-12.35.20:727][980]LogModuleManager: Shutting down and abandoning module Kismet (368)
[2018.02.05-12.35.20:734][980]LogModuleManager: Shutting down and abandoning module ClassViewer (366)
[2018.02.05-12.35.20:736][980]LogModuleManager: Shutting down and abandoning module Toolbox (364)
[2018.02.05-12.35.20:736][980]LogModuleManager: Shutting down and abandoning module ModuleUI (362)
[2018.02.05-12.35.20:737][980]LogModuleManager: Shutting down and abandoning module MovieSceneTools (360)
[2018.02.05-12.35.20:737][980]LogModuleManager: Shutting down and abandoning module OutputLog (358)
[2018.02.05-12.35.20:737][980]LogModuleManager: Shutting down and abandoning module GammaUI (356)
[2018.02.05-12.35.20:737][980]LogModuleManager: Shutting down and abandoning module Documentation (354)
[2018.02.05-12.35.20:737][980]LogModuleManager: Shutting down and abandoning module MovieSceneTracks (352)
[2018.02.05-12.35.20:737][980]LogModuleManager: Shutting down and abandoning module MovieScene (350)
[2018.02.05-12.35.20:737][980]LogModuleManager: Shutting down and abandoning module Niagara (348)
[2018.02.05-12.35.20:737][980]LogModuleManager: Shutting down and abandoning module NiagaraEditor (347)
[2018.02.05-12.35.20:738][980]LogModuleManager: Shutting down and abandoning module StreamingPauseRendering (344)
[2018.02.05-12.35.20:738][980]LogModuleManager: Shutting down and abandoning module AnalyticsET (342)
[2018.02.05-12.35.20:738][980]LogModuleManager: Shutting down and abandoning module PortalServices (340)
[2018.02.05-12.35.20:738][980]LogModuleManager: Shutting down and abandoning module PortalRpc (338)
[2018.02.05-12.35.20:738][980]LogModuleManager: Shutting down and abandoning module MessagingRpc (336)
[2018.02.05-12.35.20:738][980]LogModuleManager: Shutting down and abandoning module AIModule (334)
[2018.02.05-12.35.20:738][980]LogModuleManager: Shutting down and abandoning module GameplayDebugger (333)
[2018.02.05-12.35.20:738][980]LogModuleManager: Shutting down and abandoning module AITestSuite (331)
[2018.02.05-12.35.20:738][980]LogModuleManager: Shutting down and abandoning module ProfilerService (328)
[2018.02.05-12.35.20:858][980]LogModuleManager: Shutting down and abandoning module TaskGraph (326)
[2018.02.05-12.35.20:859][980]LogModuleManager: Shutting down and abandoning module SteamVRController (324)
[2018.02.05-12.35.20:859][980]LogModuleManager: Shutting down and abandoning module SteamVR (322)
[2018.02.05-12.35.20:859][980]LogModuleManager: Shutting down and abandoning module ProceduralMeshComponentEditor (320)
[2018.02.05-12.35.20:859][980]LogModuleManager: Shutting down and abandoning module ProceduralMeshComponent (318)
[2018.02.05-12.35.20:859][980]LogModuleManager: Shutting down and abandoning module OculusLibrary (316)
[2018.02.05-12.35.20:859][980]LogModuleManager: Shutting down and abandoning module OculusInput (314)
[2018.02.05-12.35.20:859][980]LogModuleManager: Shutting down and abandoning module MobilePatchingUtils (312)
[2018.02.05-12.35.20:859][980]LogModuleManager: Shutting down and abandoning module CustomMeshComponent (310)
[2018.02.05-12.35.20:859][980]LogModuleManager: Shutting down and abandoning module CableComponent (308)
[2018.02.05-12.35.20:859][980]LogModuleManager: Shutting down and abandoning module ArchVisCharacter (306)
[2018.02.05-12.35.20:859][980]LogModuleManager: Shutting down and abandoning module AndroidPermission (304)
[2018.02.05-12.35.20:859][980]LogModuleManager: Shutting down and abandoning module MediaPlayerEditor (300)
[2018.02.05-12.35.20:859][980]LogModuleManager: Shutting down and abandoning module HTML5Networking (298)
[2018.02.05-12.35.20:859][980]LogModuleManager: Shutting down and abandoning module AlembicImporter (296)
[2018.02.05-12.35.20:860][980]LogModuleManager: Shutting down and abandoning module AlembicLibrary (295)
[2018.02.05-12.35.20:860][980]LogModuleManager: Shutting down and abandoning module GeometryCache (294)
[2018.02.05-12.35.20:860][980]LogModuleManager: Shutting down and abandoning module GeometryCacheEd (293)
[2018.02.05-12.35.20:860][980]LogModuleManager: Shutting down and abandoning module SuperSearchEditor (288)
[2018.02.05-12.35.20:860][980]LogModuleManager: Shutting down and abandoning module SuperSearch (287)
[2018.02.05-12.35.20:860][980]LogModuleManager: Shutting down and abandoning module SpeedTreeImporter (284)
[2018.02.05-12.35.20:860][980]LogModuleManager: Shutting down and abandoning module PluginBrowser (282)
[2018.02.05-12.35.20:860][980]LogModuleManager: Shutting down and abandoning module MobileLauncherProfileWizard (280)
[2018.02.05-12.35.20:860][980]LogModuleManager: Shutting down and abandoning module VisualStudioSourceCodeAccess (278)
[2018.02.05-12.35.20:860][980]LogModuleManager: Shutting down and abandoning module DesktopPlatform (277)
[2018.02.05-12.35.20:860][980]LogModuleManager: Shutting down and abandoning module UObjectPlugin (274)
[2018.02.05-12.35.20:860][980]LogModuleManager: Shutting down and abandoning module SubversionSourceControl (272)
[2018.02.05-12.35.20:860][980]LogModuleManager: Shutting down and abandoning module PerforceSourceControl (270)
[2018.02.05-12.35.20:860][980]LogModuleManager: Shutting down and abandoning module GitSourceControl (268)
[2018.02.05-12.35.20:860][980]LogModuleManager: Shutting down and abandoning module SourceControl (267)
[2018.02.05-12.35.20:860][980]LogModuleManager: Shutting down and abandoning module LightPropagationVolumeEditor (264)
[2018.02.05-12.35.20:860][980]LogModuleManager: Shutting down and abandoning module PaperTiledImporter (262)
[2018.02.05-12.35.20:860][980]LogModuleManager: Shutting down and abandoning module PaperSpriteSheetImporter (260)
[2018.02.05-12.35.20:860][980]LogModuleManager: Shutting down and abandoning module Paper2DEditor (258)
[2018.02.05-12.35.20:860][980]LogModuleManager: Shutting down and abandoning module MeshPaint (257)
[2018.02.05-12.35.20:860][980]LogModuleManager: Shutting down and abandoning module LevelEditor (255)
[2018.02.05-12.35.20:860][980]LogModuleManager: Shutting down and abandoning module PixelInspectorModule (254)
[2018.02.05-12.35.20:860][980]LogModuleManager: Shutting down and abandoning module MainFrame (252)
[2018.02.05-12.35.20:860][980]LogModuleManager: Shutting down and abandoning module HotReload (251)
[2018.02.05-12.35.20:860][980]LogModuleManager: Shutting down and abandoning module PhysXVehiclesEditor (246)
[2018.02.05-12.35.20:860][980]LogModuleManager: Shutting down and abandoning module PhysXVehicles (244)
[2018.02.05-12.35.20:860][980]LogModuleManager: Shutting down and abandoning module LocationServicesBPLibrary (242)
[2018.02.05-12.35.20:860][980]LogModuleManager: Shutting down and abandoning module ImmediatePhysicsEditor (240)
[2018.02.05-12.35.20:860][980]LogModuleManager: Shutting down and abandoning module ImmediatePhysics (238)
[2018.02.05-12.35.20:860][980]LogModuleManager: Shutting down and abandoning module UdpMessaging (236)
[2018.02.05-12.35.20:960][980]LogModuleManager: Shutting down and abandoning module TcpMessaging (234)
[2018.02.05-12.35.21:060][980]LogModuleManager: Shutting down and abandoning module GameplayTagsEditor (232)
[2018.02.05-12.35.21:060][980]LogModuleManager: Shutting down and abandoning module FacialAnimationEditor (230)
[2018.02.05-12.35.21:060][980]LogModuleManager: Shutting down and abandoning module FacialAnimation (228)
[2018.02.05-12.35.21:060][980]LogModuleManager: Shutting down and abandoning module AssetManagerEditor (226)
[2018.02.05-12.35.21:060][980]LogModuleManager: Shutting down and abandoning module GraphEditor (225)
[2018.02.05-12.35.21:060][980]LogModuleManager: Shutting down and abandoning module ContentBrowser (223)
[2018.02.05-12.35.21:061][980]LogModuleManager: Shutting down and abandoning module LightPropagationVolumeRuntime (220)
[2018.02.05-12.35.21:061][980]LogModuleManager: Shutting down and abandoning module Paper2D (218)
[2018.02.05-12.35.21:061][980]LogModuleManager: Shutting down and abandoning module WindowsMoviePlayer (216)
[2018.02.05-12.35.21:061][980]LogModuleManager: Shutting down and abandoning module WmfMedia (214)
[2018.02.05-12.35.21:061][980]LogModuleManager: Shutting down and abandoning module ClothingSystemEditor (212)
[2018.02.05-12.35.21:061][980]LogModuleManager: Shutting down and abandoning module ClothingSystemRuntime (210)
[2018.02.05-12.35.21:062][980]LogModuleManager: Shutting down and abandoning module MediaAssets (208)
[2018.02.05-12.35.21:062][980]LogModuleManager: Shutting down and abandoning module GameLiveStreaming (206)
[2018.02.05-12.35.21:062][980]LogModuleManager: Shutting down and abandoning module VREditor (204)
[2018.02.05-12.35.21:062][980]LogModuleManager: Shutting down and abandoning module StringTableEditor (202)
[2018.02.05-12.35.21:062][980]LogModuleManager: Shutting down and abandoning module GameplayTasksEditor (200)
[2018.02.05-12.35.21:062][980]LogModuleManager: Shutting down and abandoning module BehaviorTreeEditor (198)
[2018.02.05-12.35.21:063][980]LogModuleManager: Shutting down and abandoning module FunctionalTesting (196)
[2018.02.05-12.35.21:063][980]LogModuleManager: Shutting down and abandoning module CollisionAnalyzer (194)
[2018.02.05-12.35.21:063][980]LogModuleManager: Shutting down and abandoning module UMG (192)
[2018.02.05-12.35.21:064][980]LogModuleManager: Shutting down and abandoning module UMGEditor (191)
[2018.02.05-12.35.21:064][980]LogModuleManager: Shutting down and abandoning module Sequencer (190)
[2018.02.05-12.35.21:065][980]LogModuleManager: Shutting down and abandoning module AssetTools (188)
[2018.02.05-12.35.21:065][980]LogModuleManager: Shutting down and abandoning module MessageLog (187)
[2018.02.05-12.35.21:065][980]LogModuleManager: Shutting down and abandoning module WorkspaceMenuStructure (186)
[2018.02.05-12.35.21:065][980]LogModuleManager: Shutting down and abandoning module SlateReflector (180)
[2018.02.05-12.35.21:066][980]LogModuleManager: Shutting down and abandoning module Slate (178)
[2018.02.05-12.35.21:066][980]LogModuleManager: Shutting down and abandoning module EditorStyle (176)
[2018.02.05-12.35.21:068][980]LogModuleManager: Shutting down and abandoning module SourceCodeAccess (174)
[2018.02.05-12.35.21:068][980]LogModuleManager: Shutting down and abandoning module HeadMountedDisplay (172)
[2018.02.05-12.35.21:068][980]LogModuleManager: Shutting down and abandoning module XAudio2 (170)
[2018.02.05-12.35.21:068][980]LogModuleManager: Shutting down and abandoning module Networking (168)
[2018.02.05-12.35.21:068][980]LogModuleManager: Shutting down and abandoning module Core (164)
[2018.02.05-12.35.21:068][980]LogModuleManager: Shutting down and abandoning module AssetRegistry (162)
[2018.02.05-12.35.21:344][980]LogDirectoryWatcher: A directory notification for '../../../Engine/Content/' was aborted.
[2018.02.05-12.35.21:344][980]LogDirectoryWatcher: A directory notification for '../../../Engine/Plugins/2D/Paper2D/Content/' was aborted.
[2018.02.05-12.35.21:344][980]LogDirectoryWatcher: A directory notification for '../../../Engine/Plugins/Runtime/GearVR/Content/' was aborted.
[2018.02.05-12.35.21:346][980]LogModuleManager: Shutting down and abandoning module DirectoryWatcher (161)
[2018.02.05-12.35.21:346][980]LogModuleManager: Shutting down and abandoning module KismetCompiler (158)
[2018.02.05-12.35.21:346][980]LogModuleManager: Shutting down and abandoning module PhysXFormats (156)
[2018.02.05-12.35.21:346][980]LogModuleManager: Shutting down and abandoning module MeshUtilities (154)
[2018.02.05-12.35.21:346][980]LogModuleManager: Shutting down and abandoning module SimplygonSwarm (153)
[2018.02.05-12.35.21:346][980]LogModuleManager: Shutting down and abandoning module SimplygonMeshReduction (151)
[2018.02.05-12.35.21:346][980]LogModuleManager: Shutting down and abandoning module QuadricMeshReduction (149)
[2018.02.05-12.35.21:346][980]LogModuleManager: Shutting down and abandoning module LevelSequence (146)
[2018.02.05-12.35.21:346][980]LogModuleManager: Shutting down and abandoning module DerivedDataCache (144)
[2018.02.05-12.35.21:361][980]LogDerivedDataCache: Shutdown
[2018.02.05-12.35.21:361][980]LogModuleManager: Shutting down and abandoning module TargetPlatform (142)
[2018.02.05-12.35.21:361][980]LogModuleManager: Shutting down and abandoning module VulkanShaderFormat (141)
[2018.02.05-12.35.21:361][980]LogModuleManager: Shutting down and abandoning module ShaderFormatVectorVM (139)
[2018.02.05-12.35.21:362][980]LogModuleManager: Shutting down and abandoning module ShaderFormatOpenGL (137)
[2018.02.05-12.35.21:362][980]LogModuleManager: Shutting down and abandoning module ShaderFormatD3D (135)
[2018.02.05-12.35.21:362][980]LogModuleManager: Shutting down and abandoning module MetalShaderFormat (133)
[2018.02.05-12.35.21:363][980]LogModuleManager: Shutting down and abandoning module TextureFormatUncompressed (131)
[2018.02.05-12.35.21:363][980]LogModuleManager: Shutting down and abandoning module TextureFormatPVR (129)
[2018.02.05-12.35.21:363][980]LogModuleManager: Shutting down and abandoning module TextureFormatDXT (127)
[2018.02.05-12.35.21:363][980]LogModuleManager: Shutting down and abandoning module TextureFormatIntelISPCTexComp (125)
[2018.02.05-12.35.21:363][980]LogModuleManager: Shutting down and abandoning module TextureFormatASTC (123)
[2018.02.05-12.35.21:363][980]LogModuleManager: Shutting down and abandoning module ImageWrapper (122)
[2018.02.05-12.35.21:363][980]LogModuleManager: Shutting down and abandoning module TextureFormatAndroid (119)
[2018.02.05-12.35.21:363][980]LogModuleManager: Shutting down and abandoning module AudioFormatOpus (117)
[2018.02.05-12.35.21:363][980]LogModuleManager: Shutting down and abandoning module AudioFormatOgg (115)
[2018.02.05-12.35.21:363][980]LogModuleManager: Shutting down and abandoning module AudioFormatADPCM (113)
[2018.02.05-12.35.21:363][980]LogModuleManager: Shutting down and abandoning module LinuxTargetPlatform (111)
[2018.02.05-12.35.21:363][980]LogModuleManager: Shutting down and abandoning module LinuxServerTargetPlatform (109)
[2018.02.05-12.35.21:363][980]LogModuleManager: Shutting down and abandoning module LinuxNoEditorTargetPlatform (107)
[2018.02.05-12.35.21:363][980]LogModuleManager: Shutting down and abandoning module LinuxClientTargetPlatform (105)
[2018.02.05-12.35.21:363][980]LogModuleManager: Shutting down and abandoning module TVOSTargetPlatform (103)
[2018.02.05-12.35.21:363][980]LogModuleManager: Shutting down and abandoning module Messaging (101)
[2018.02.05-12.35.21:363][980]LogModuleManager: Shutting down and abandoning module IOSTargetPlatform (99)
[2018.02.05-12.35.21:363][980]LogModuleManager: Shutting down and abandoning module HTML5TargetPlatform (97)
[2018.02.05-12.35.21:363][980]LogModuleManager: Shutting down and abandoning module Android_PVRTCTargetPlatform (95)
[2018.02.05-12.35.21:363][980]LogModuleManager: Shutting down and abandoning module Android_MultiTargetPlatform (93)
[2018.02.05-12.35.21:363][980]LogModuleManager: Shutting down and abandoning module Android_ETC2TargetPlatform (91)
[2018.02.05-12.35.21:363][980]LogModuleManager: Shutting down and abandoning module Android_ETC1TargetPlatform (89)
[2018.02.05-12.35.21:363][980]LogModuleManager: Shutting down and abandoning module Android_DXTTargetPlatform (87)
[2018.02.05-12.35.21:363][980]LogModuleManager: Shutting down and abandoning module Android_ATCTargetPlatform (85)
[2018.02.05-12.35.21:363][980]LogModuleManager: Shutting down and abandoning module Android_ASTCTargetPlatform (83)
[2018.02.05-12.35.21:364][980]LogModuleManager: Shutting down and abandoning module AndroidTargetPlatform (81)
[2018.02.05-12.35.21:364][980]LogModuleManager: Shutting down and abandoning module WindowsTargetPlatform (79)
[2018.02.05-12.35.21:364][980]LogModuleManager: Shutting down and abandoning module WindowsServerTargetPlatform (77)
[2018.02.05-12.35.21:364][980]LogModuleManager: Shutting down and abandoning module WindowsNoEditorTargetPlatform (75)
[2018.02.05-12.35.21:364][980]LogModuleManager: Shutting down and abandoning module WindowsClientTargetPlatform (73)
[2018.02.05-12.35.21:364][980]LogModuleManager: Shutting down and abandoning module MacTargetPlatform (71)
[2018.02.05-12.35.21:364][980]LogModuleManager: Shutting down and abandoning module MacServerTargetPlatform (69)
[2018.02.05-12.35.21:364][980]LogModuleManager: Shutting down and abandoning module MacNoEditorTargetPlatform (67)
[2018.02.05-12.35.21:364][980]LogModuleManager: Shutting down and abandoning module MacClientTargetPlatform (65)
[2018.02.05-12.35.21:364][980]LogModuleManager: Shutting down and abandoning module AllDesktopTargetPlatform (63)
[2018.02.05-12.35.21:364][980]LogModuleManager: Shutting down and abandoning module InputCore (60)
[2018.02.05-12.35.21:364][980]LogModuleManager: Shutting down and abandoning module Settings (58)
[2018.02.05-12.35.21:364][980]LogModuleManager: Shutting down and abandoning module OculusRift (56)
[2018.02.05-12.35.21:364][980]LogModuleManager: Shutting down and abandoning module GearVRController (54)
[2018.02.05-12.35.21:364][980]LogModuleManager: Shutting down and abandoning module GearVR (52)
[2018.02.05-12.35.21:364][980]LogModuleManager: Shutting down and abandoning module ExampleDeviceProfileSelector (50)
[2018.02.05-12.35.21:364][980]LogModuleManager: Shutting down and abandoning module OnlineBlueprintSupport (48)
[2018.02.05-12.35.21:364][980]LogModuleManager: Shutting down and abandoning module OnlineSubsystem (44)
[2018.02.05-12.35.21:364][980]LogOnline:Display: Unloading online subsystem: NULL
[2018.02.05-12.35.21:365][980]LogModuleManager: Shutting down and abandoning module XMPP (43)
[2018.02.05-12.35.21:365][980]LogModuleManager: Shutting down and abandoning module HTTP (41)
[2018.02.05-12.35.21:365][980]LogHttp:Display: Http module shutting down, but needs to wait on 1 outstanding Http requests:
[2018.02.05-12.35.21:365][980]LogHttp:Display: 	verb=[POST] url=[https://datarouter.ol.epicgames.com/datarouter/api/v1/public/data?SessionID=%7BBF81A605-4CE1-F023-9BA5-94BACE182516%7D&AppID=UEEditor.Rocket.Release&AppVersion=4.16.3-3561208%2B%2B%2BUE4%2BRelease-4.16&UserID=14c66c7c4b5fac74109f09b215e03373%7C%7Cf2eaebd3-5d71-4529-9362-09330573cf79&AppEnvironment=datacollector-binary&UploadType=eteventstream] status=Processing
[2018.02.05-12.35.21:386][980]LogModuleManager: Shutting down and abandoning module SSL (40)
[2018.02.05-12.35.21:388][980]LogModuleManager: Shutting down and abandoning module HTTPChunkInstaller (36)
[2018.02.05-12.35.21:388][980]LogModuleManager: Shutting down and abandoning module AnimationModifiers (34)
[2018.02.05-12.35.21:388][980]LogModuleManager: Shutting down and abandoning module PropertyEditor (33)
[2018.02.05-12.35.21:389][980]LogModuleManager: Shutting down and abandoning module AudioEditor (30)
[2018.02.05-12.35.21:389][980]LogModuleManager: Shutting down and abandoning module TextureCompressor (28)
[2018.02.05-12.35.21:389][980]LogModuleManager: Shutting down and abandoning module ShaderCore (26)
[2018.02.05-12.35.21:389][980]LogModuleManager: Shutting down and abandoning module Landscape (24)
[2018.02.05-12.35.21:389][980]LogModuleManager: Shutting down and abandoning module SlateRHIRenderer (22)
[2018.02.05-12.35.21:390][980]LogModuleManager: Shutting down and abandoning module OpenGLDrv (20)
[2018.02.05-12.35.21:391][980]LogModuleManager: Shutting down and abandoning module D3D11RHI (18)
[2018.02.05-12.35.21:391][980]LogModuleManager: Shutting down and abandoning module AnimGraphRuntime (16)
[2018.02.05-12.35.21:391][980]LogModuleManager: Shutting down and abandoning module Renderer (14)
[2018.02.05-12.35.21:391][980]LogModuleManager: Shutting down and abandoning module Engine (12)
[2018.02.05-12.35.21:391][980]LogModuleManager: Shutting down and abandoning module CoreUObject (10)
[2018.02.05-12.35.21:391][980]LogModuleManager: Shutting down and abandoning module NetworkFile (8)
[2018.02.05-12.35.21:391][980]LogModuleManager: Shutting down and abandoning module StreamingFile (6)
[2018.02.05-12.35.21:391][980]LogModuleManager: Shutting down and abandoning module SandboxFile (4)
[2018.02.05-12.35.21:391][980]LogModuleManager: Shutting down and abandoning module PakFile (2)
[2018.02.05-12.35.21:392][980]LogExit: Exiting.
[2018.02.05-12.35.21:405][980]Log file closed, 02/05/18 12:35:21
