Log file open, 01/22/18 12:26:53
LogInit:Display: Running engine for game: PeterIsTheCaptain
LogPlatformFile: Not using cached read wrapper
LogInit:Display: RandInit(813345278) SRandInit(813345278).
LogTaskGraph: Started task graph with 5 named threads and 8 total threads with 1 sets of task threads.
LogStats: Stats thread started at 0.082071
LogInit: Using libcurl 7.47.1
LogInit:  - built for x86_64-pc-win32
LogInit:  - supports SSL with OpenSSL/1.0.2g
LogInit:  - supports HTTP deflate (compression) using libz 1.2.8
LogInit:  - other features:
LogInit:      CURL_VERSION_SSL
LogInit:      CURL_VERSION_LIBZ
LogInit:      CURL_VERSION_IPV6
LogInit:      CURL_VERSION_ASYNCHDNS
LogInit:      CURL_VERSION_LARGEFILE
LogInit:      CURL_VERSION_IDN
LogInit:  CurlRequestOptions (configurable via config and command line):
LogInit:  - bVerifyPeer = false  - Libcurl will NOT verify peer certificate
LogInit:  - bUseHttpProxy = false  - Libcurl will NOT use HTTP proxy
LogInit:  - bDontReuseConnections = false  - Libcurl will reuse connections
LogInit:  - CertBundlePath = nullptr  - Libcurl will use whatever was configured at build time.
LogInit: Build: ++UE4+Release-4.16-CL-3561208
LogInit: Engine Version: 4.16.3-3561208+++UE4+Release-4.16
LogInit: Compatible Engine Version: 4.16.0-3452394+++UE4+Release-4.16
LogInit: Net CL: 3452394
LogDevObjectVersion: Number of dev versions registered: 16
LogDevObjectVersion:   Dev-Blueprints (B0D832E4-1F89-4F0D-ACCF-7EB736FD4AA2): 9
LogDevObjectVersion:   Dev-Build (E1C64328-A22C-4D53-A36C-8E866417BD8C): 0
LogDevObjectVersion:   Dev-Core (375EC13C-06E4-48FB-B500-84F0262A717E): 2
LogDevObjectVersion:   Dev-Editor (E4B068ED-F494-42E9-A231-DA0B2E46BB41): 17
LogDevObjectVersion:   Dev-Framework (CFFC743F-43B0-4480-9391-14DF171D2073): 23
LogDevObjectVersion:   Dev-Mobile (B02B49B5-BB20-44E9-A304-32B752E40360): 0
LogDevObjectVersion:   Dev-Networking (A4E4105C-59A1-49B5-A7C5-40C4547EDFEE): 0
LogDevObjectVersion:   Dev-Online (39C831C9-5AE6-47DC-9A44-9C173E1C8E7C): 0
LogDevObjectVersion:   Dev-Physics (78F01B33-EBEA-4F98-B9B4-84EACCB95AA2): 0
LogDevObjectVersion:   Dev-Platform (6631380F-2D4D-43E0-8009-CF276956A95A): 0
LogDevObjectVersion:   Dev-Rendering (12F88B9F-8875-4AFC-A67C-D90C383ABD29): 15
LogDevObjectVersion:   Dev-Sequencer (7B5AE74C-D270-4C10-A958-57980B212A5A): 4
LogDevObjectVersion:   Dev-VR (D7296918-1DD6-4BDD-9DE2-64A83CC13884): 0
LogDevObjectVersion:   Dev-LoadTimes (C2A15278-BFE7-4AFE-6C17-90FF531DF755): 1
LogDevObjectVersion:   Private-Geometry (6EACA3D4-40EC-4CC1-B786-8BED09428FC5): 1
LogDevObjectVersion:   Dev-AnimPhys (29E575DD-E0A3-4627-9D10-D276232CDCEA): 3
LogInit: Compiled (64-bit): Jul 28 2017 11:49:47
LogInit: Compiled with Visual C++: 19.00.24215.01
LogInit: Build Configuration: Development
LogInit: Branch Name: ++UE4+Release-4.16
LogInit: Command line: -EpicPortal 
LogInit: Base directory: C:/Program Files (x86)/Epic Games/UE_4.16/Engine/Binaries/Win64/
LogInit: Installed Engine Build: 1
LogInit: Presizing for max 8388607 objects, including 0 objects not considered by GC, pre-allocating 0 bytes for permanent pool.
LogInit: Object subsystem initialized
[2018.01.22-12.26.53:488][  0]LogInit: Selected Device Profile: [Windows]
[2018.01.22-12.26.53:488][  0]LogInit: Applying CVar settings loaded from the selected device profile: [Windows]
[2018.01.22-12.26.53:511][  0]LogInit: Computer: TRJ208-27
[2018.01.22-12.26.53:511][  0]LogInit: User: 17055903
[2018.01.22-12.26.53:511][  0]LogInit: CPU Page size=4096, Cores=4
[2018.01.22-12.26.53:511][  0]LogInit: High frequency timer resolution =3.507705 MHz
[2018.01.22-12.26.53:512][  0]LogMemory: Memory total: Physical=31.8GB (32GB approx)
[2018.01.22-12.26.53:512][  0]LogMemory: Platform Memory Stats for Windows
[2018.01.22-12.26.53:512][  0]LogMemory: Process Physical Memory: 275.34 MB used, 275.34 MB peak
[2018.01.22-12.26.53:512][  0]LogMemory: Process Virtual Memory: 263.88 MB used, 263.88 MB peak
[2018.01.22-12.26.53:512][  0]LogMemory: Physical Memory: 5280.51 MB used,  27327.83 MB free, 32608.34 MB total
[2018.01.22-12.26.53:512][  0]LogMemory: Virtual Memory: 622.65 MB used,  27327.83 MB free, 8388608.00 MB total
[2018.01.22-12.26.53:566][  0]LogInit: Using OS detected language (en-GB).
[2018.01.22-12.26.53:566][  0]LogInit: Using OS detected locale (en-GB).
[2018.01.22-12.26.53:568][  0]LogTextLocalizationManager: No specific localization for 'en-GB' exists, so the 'en' localization will be used.
[2018.01.22-12.26.54:333][  0]LogD3D11RHI: D3D11 adapters:
[2018.01.22-12.26.54:346][  0]LogD3D11RHI:    0. 'NVIDIA GeForce GTX 970' (Feature Level 11_0)
[2018.01.22-12.26.54:346][  0]LogD3D11RHI:       4007/0/16048 MB DedicatedVideo/DedicatedSystem/SharedSystem, Outputs:1, VendorId:0x10de
[2018.01.22-12.26.54:353][  0]LogD3D11RHI:    1. 'Intel(R) HD Graphics 4600' (Feature Level 11_0)
[2018.01.22-12.26.54:353][  0]LogD3D11RHI:       192/0/1632 MB DedicatedVideo/DedicatedSystem/SharedSystem, Outputs:0, VendorId:0x8086
[2018.01.22-12.26.54:353][  0]LogD3D11RHI: Chosen D3D11 Adapter: 0
[2018.01.22-12.26.54:357][  0]LogD3D11RHI: Creating new Direct3DDevice
[2018.01.22-12.26.54:357][  0]LogD3D11RHI:     GPU DeviceId: 0x13c2 (for the marketing name, search the web for "GPU Device Id")
[2018.01.22-12.26.54:357][  0]LogWindows: EnumDisplayDevices:
[2018.01.22-12.26.54:357][  0]LogWindows:    0. 'NVIDIA GeForce GTX 970' (P:1 D:1)
[2018.01.22-12.26.54:357][  0]LogWindows:    1. 'NVIDIA GeForce GTX 970' (P:0 D:0)
[2018.01.22-12.26.54:357][  0]LogWindows:    2. 'NVIDIA GeForce GTX 970' (P:0 D:0)
[2018.01.22-12.26.54:357][  0]LogWindows:    3. 'NVIDIA GeForce GTX 970' (P:0 D:0)
[2018.01.22-12.26.54:357][  0]LogWindows:    4. 'Intel(R) HD Graphics 4600' (P:0 D:0)
[2018.01.22-12.26.54:357][  0]LogWindows:    5. 'Intel(R) HD Graphics 4600' (P:0 D:0)
[2018.01.22-12.26.54:357][  0]LogWindows:    6. 'Intel(R) HD Graphics 4600' (P:0 D:0)
[2018.01.22-12.26.54:357][  0]LogWindows:    7. 'RDPDD Chained DD' (P:0 D:0)
[2018.01.22-12.26.54:357][  0]LogWindows:    8. 'RDP Encoder Mirror Driver' (P:0 D:0)
[2018.01.22-12.26.54:357][  0]LogWindows:    9. 'RDP Reflector Display Driver' (P:0 D:0)
[2018.01.22-12.26.54:358][  0]LogWindows: DebugString: PrimaryIsNotTheChoosenAdapter PrimaryIsNotTheChoosenAdapter PrimaryIsNotTheChoosenAdapter GetVideoDriverDetailsInvalid PrimaryIsNotTheChoosenAdapter GetVideoDriverDetailsInvalid PrimaryIsNotTheChoosenAdapter GetVideoDriverDetailsInvalid PrimaryIsNotTheChoosenAdapter FoundDriverCount:4 
[2018.01.22-12.26.54:358][  0]LogD3D11RHI:     Adapter Name: NVIDIA GeForce GTX 970
[2018.01.22-12.26.54:358][  0]LogD3D11RHI:   Driver Version: 384.94 (internal:22.21.13.8494, unified:384.94)
[2018.01.22-12.26.54:358][  0]LogD3D11RHI:      Driver Date: 7-18-2017
[2018.01.22-12.26.54:358][  0]LogRHI: Texture pool is 1361 MB (70% of 1945 MB)
[2018.01.22-12.26.54:365][  0]LogD3D11RHI: Async texture creation enabled
[2018.01.22-12.26.54:379][  0]LogD3D11RHI: GPU Timing Frequency: 1000.000000 (Debug: 2 2)
[2018.01.22-12.26.54:380][  0]LogShaderCompilers: Guid format shader working directory is 0 characters bigger than the processId version (F:/My Documents/Unreal Projects/PeterIsTheCaptain/Intermediate/Shaders/WorkingDirectory/7436/).
[2018.01.22-12.26.54:380][  0]LogShaderCompilers: Cleaned the shader compiler working directory 'C:/Users/17055903/AppData/Local/Temp/UnrealShaderWorkingDir/583D5270457E522814B4C49063958176/'.
[2018.01.22-12.26.54:380][  0]LogShaderCompilers:Display: Using Local Shader Compiler.
[2018.01.22-12.26.55:259][  0]LogTemp:Display: Loaded TP AllDesktopTargetPlatform
[2018.01.22-12.26.55:295][  0]LogTemp:Display: Loaded TP MacClientTargetPlatform
[2018.01.22-12.26.55:332][  0]LogTemp:Display: Loaded TP MacNoEditorTargetPlatform
[2018.01.22-12.26.55:368][  0]LogTemp:Display: Loaded TP MacServerTargetPlatform
[2018.01.22-12.26.55:407][  0]LogTemp:Display: Loaded TP MacTargetPlatform
[2018.01.22-12.26.55:455][  0]LogTemp:Display: Loaded TP WindowsClientTargetPlatform
[2018.01.22-12.26.55:498][  0]LogTemp:Display: Loaded TP WindowsNoEditorTargetPlatform
[2018.01.22-12.26.55:541][  0]LogTemp:Display: Loaded TP WindowsServerTargetPlatform
[2018.01.22-12.26.55:571][  0]LogTemp:Display: Loaded TP WindowsTargetPlatform
[2018.01.22-12.26.55:609][  0]LogTemp:Display: Loaded TP AndroidTargetPlatform
[2018.01.22-12.26.55:646][  0]LogTemp:Display: Loaded TP Android_ASTCTargetPlatform
[2018.01.22-12.26.55:684][  0]LogTemp:Display: Loaded TP Android_ATCTargetPlatform
[2018.01.22-12.26.55:720][  0]LogTemp:Display: Loaded TP Android_DXTTargetPlatform
[2018.01.22-12.26.55:755][  0]LogTemp:Display: Loaded TP Android_ETC1TargetPlatform
[2018.01.22-12.26.55:791][  0]LogTemp:Display: Loaded TP Android_ETC2TargetPlatform
[2018.01.22-12.26.55:864][  0]LogTemp:Display: Loaded TP Android_MultiTargetPlatform
[2018.01.22-12.26.55:864][  0]LogTemp:Display: Loaded TP Android_PVRTCTargetPlatform
[2018.01.22-12.26.55:890][  0]LogTemp:Display: Loaded TP HTML5TargetPlatform
[2018.01.22-12.26.55:961][  0]LogTemp:Display: Loaded TP IOSTargetPlatform
[2018.01.22-12.26.55:984][  0]LogTemp:Display: Loaded TP TVOSTargetPlatform
[2018.01.22-12.26.56:020][  0]LogTemp:Display: Loaded TP LinuxClientTargetPlatform
[2018.01.22-12.26.56:058][  0]LogTemp:Display: Loaded TP LinuxNoEditorTargetPlatform
[2018.01.22-12.26.56:094][  0]LogTemp:Display: Loaded TP LinuxServerTargetPlatform
[2018.01.22-12.26.56:131][  0]LogTemp:Display: Loaded TP LinuxTargetPlatform
[2018.01.22-12.26.56:131][  0]LogTargetPlatformManager:Display: Building Assets For Windows
[2018.01.22-12.26.56:460][  0]LogDerivedDataCache:Display: Max Cache Size: 512 MB
[2018.01.22-12.26.56:540][  0]LogDerivedDataCache: Loaded boot cache 0.08s 90MB C:/Users/17055903/AppData/Local/UnrealEngine/4.16/DerivedDataCache/Boot.ddc.
[2018.01.22-12.26.56:540][  0]LogDerivedDataCache:Display: Loaded Boot cache: C:/Users/17055903/AppData/Local/UnrealEngine/4.16/DerivedDataCache/Boot.ddc
[2018.01.22-12.26.56:540][  0]LogDerivedDataCache: FDerivedDataBackendGraph:  Pak pak cache file F:/My Documents/Unreal Projects/PeterIsTheCaptain/DerivedDataCache/DDC.ddp not found, will not use a pak cache.
[2018.01.22-12.26.56:540][  0]LogDerivedDataCache: Unable to find inner node Pak for hierarchical cache Hierarchy.
[2018.01.22-12.26.56:541][  0]LogDerivedDataCache: FDerivedDataBackendGraph:  CompressedPak pak cache file F:/My Documents/Unreal Projects/PeterIsTheCaptain/DerivedDataCache/Compressed.ddp not found, will not use a pak cache.
[2018.01.22-12.26.56:541][  0]LogDerivedDataCache: Unable to find inner node CompressedPak for hierarchical cache Hierarchy.
[2018.01.22-12.26.56:557][  0]LogDerivedDataCache:Display: Pak cache opened for reading ../../../Engine/DerivedDataCache/Compressed.ddp.
[2018.01.22-12.26.56:568][  0]LogDerivedDataCache: Using Local data cache path C:/Users/17055903/AppData/Local/UnrealEngine/Common/DerivedDataCache: Writable
[2018.01.22-12.26.56:577][  0]LogMaterial: Verifying Global Shaders for PCD3D_SM5
[2018.01.22-12.26.56:577][  0]LogSlate: Using Freetype 2.6.0
[2018.01.22-12.26.56:577][  0]LogSlate: SlateFontCache - WITH_FREETYPE: 1, WITH_HARFBUZZ: 1
[2018.01.22-12.26.56:577][  0]LogSlate: SlateFontCache - WITH_FREETYPE: 1, WITH_HARFBUZZ: 1
[2018.01.22-12.26.56:908][  0]LogInit: Selected Device Profile: [Windows]
[2018.01.22-12.26.56:911][  0]LogContentStreaming: Texture pool size is 0.00 MB
[2018.01.22-12.26.57:118][  0]LogMeshUtilities: Using QuadricMeshReduction for automatic static mesh reduction
[2018.01.22-12.26.57:148][  0]LogSimplygon: Simplygon DLL not present - disabling.
[2018.01.22-12.26.57:183][  0]LogMeshUtilities: Using SimplygonSwarm for distributed automatic mesh merging
[2018.01.22-12.26.57:183][  0]LogMeshUtilities: No automatic skeletal mesh reduction module available
[2018.01.22-12.26.57:183][  0]LogMeshUtilities: No automatic mesh merging module available
[2018.01.22-12.26.57:729][  0]LogNetVersion: PeterIsTheCaptain , NetCL: 3452394, EngineNetVer: 2, GameNetVer: 0 (Checksum: 1858553666)
[2018.01.22-12.26.57:786][  0]LogAssetRegistry: FAssetRegistry took 0.0262 seconds to start up
[2018.01.22-12.26.58:329][  0]LogPackageLocalizationCache: Processed 4 localized package path(s) for 2 prioritized culture(s) in 0.506854 seconds
[2018.01.22-12.26.58:335][  0]LogUObjectArray: 34194 objects as part of root set at end of initial load.
[2018.01.22-12.26.58:335][  0]LogUObjectAllocator: 7260416 out of 0 bytes used by permanent object pool.
[2018.01.22-12.26.58:335][  0]LogUObjectArray: CloseDisregardForGC: 0/0 objects in disregard for GC pool
[2018.01.22-12.26.58:384][  0]LogInit: WinSock: version 1.1 (2.2), MaxSocks=32767, MaxUdp=65467
[2018.01.22-12.27.00:530][  0]LogTcpMessaging: Initializing TcpMessaging bridge
[2018.01.22-12.27.00:559][  0]LogUdpMessaging: Initializing bridge on interface 0.0.0.0:0 to multicast group 230.0.0.1:6666.
[2018.01.22-12.27.00:560][  0]LogDirectoryWatcher: A directory notification failed for 'F:/My Documents/Unreal Projects/PeterIsTheCaptain/Content/' because it was empty or there was a buffer overflow. Attemping another request...
[2018.01.22-12.27.00:951][  0]LogMaterial: Uniform references updated for custom material expression Custom.
[2018.01.22-12.27.01:271][  0]SourceControl: Info Source control is disabled
[2018.01.22-12.27.01:391][  0]SourceControl: Info Source control is disabled
[2018.01.22-12.27.01:423][  0]SourceControl: Info Source control is disabled
[2018.01.22-12.27.01:453][  0]SourceControl: Info Source control is disabled
[2018.01.22-12.27.01:883][  0]LogAndroidPermission: UAndroidPermissionCallbackProxy::GetInstance
[2018.01.22-12.27.02:305][  0]LogEngine: Initializing Engine...
[2018.01.22-12.27.02:306][  0]LogHMD: Failed to initialize OpenVR with code 110
[2018.01.22-12.27.02:477][  0]LogStats: UGameplayTagsManager::ConstructGameplayTagTree: Construct from data asset -  0.000 s
[2018.01.22-12.27.02:477][  0]LogStats: UGameplayTagsManager::ConstructGameplayTagTree: GameplayTagTreeChangedEvent.Broadcast -  0.000 s
[2018.01.22-12.27.02:564][  0]LogAIModule: Creating AISystem for world Untitled
[2018.01.22-12.27.02:571][  0]LogInit: XAudio2 using 'Speakers (Realtek High Definition Audio)' : 2 channels at 48 kHz using 32 bits per sample (channel mask 0x3)
[2018.01.22-12.27.02:590][  0]LogInit: FAudioDevice initialized.
[2018.01.22-12.27.02:629][  0]LogDerivedDataCache: Saved boot cache 0.04s 90MB C:/Users/17055903/AppData/Local/UnrealEngine/4.16/DerivedDataCache/Boot.ddc.
[2018.01.22-12.27.02:638][  0]LogInit: Texture streaming: Enabled
[2018.01.22-12.27.02:700][  0]LogEngineSessionManager: EngineSessionManager initialized
[2018.01.22-12.27.02:842][  0]LogInit: Transaction tracking system initialized
[2018.01.22-12.27.03:043][  0]BlueprintLog: New page: Editor Load
[2018.01.22-12.27.03:664][  0]LocalizationService: Info Localization service is disabled
[2018.01.22-12.27.04:173][  0]LogConsoleResponse:Display: 
[2018.01.22-12.27.04:310][  0]LogCook:Display: Max memory allowance for cook 16384mb min free memory 0mb
[2018.01.22-12.27.04:310][  0]LogCook:Display: Mobile HDR setting 1
[2018.01.22-12.27.04:990][  0]LogFileCache: Scanning file cache for directory 'F:/My Documents/Unreal Projects/PeterIsTheCaptain/Content/' took 0.02s
[2018.01.22-12.27.04:990][  0]SourceControl: Info Source control is disabled
[2018.01.22-12.27.04:990][  0]Cmd: MAP LOAD FILE="../../../Engine/Content/Maps/Templates/Template_Default.umap" TEMPLATE=1 SHOWPROGRESS=1 FEATURELEVEL=3
[2018.01.22-12.27.04:991][  0]LightingResults: New page: Lighting Build
[2018.01.22-12.27.05:019][  0]MapCheck: New page: Map Check
[2018.01.22-12.27.05:019][  0]LightingResults: New page: Lighting Build
[2018.01.22-12.27.05:186][  0]LogAIModule: Creating AISystem for world Untitled_1
[2018.01.22-12.27.05:186][  0]LogActorComponent: RegisterComponentWithWorld: (/Temp/Untitled_1.Untitled_1:PersistentLevel.WorldSettings_1.StaticMeshComponent0) Trying to register component with IsPendingKill() == true. Aborting.
[2018.01.22-12.27.05:190][  0]LogEditorServer: Finished looking for orphan Actors (0.000 secs)
[2018.01.22-12.27.05:203][  0]Cmd: MAP CHECKDEP NOCLEARLOG
[2018.01.22-12.27.05:230][  0]MapCheck: Info Map check complete: 0 Error(s), 0 Warning(s), took 27.327ms to complete.
[2018.01.22-12.27.05:230][  0]LogFileHelpers: Loading map 'Template_Default' took 0.240
[2018.01.22-12.27.05:334][  0]LogCollectionManager: Loaded 0 collections in 0.002642 seconds
[2018.01.22-12.27.05:400][  0]LogFileCache: Scanning file cache for directory 'F:/My Documents/Unreal Projects/PeterIsTheCaptain/Saved/Collections/' took 0.01s
[2018.01.22-12.27.05:400][  0]LogFileCache: Scanning file cache for directory 'F:/My Documents/Unreal Projects/PeterIsTheCaptain/Content/Developers/17055903/Collections/' took 0.01s
[2018.01.22-12.27.05:400][  0]LogFileCache: Scanning file cache for directory 'F:/My Documents/Unreal Projects/PeterIsTheCaptain/Content/Collections/' took 0.01s
[2018.01.22-12.27.05:400][  0]LogCollectionManager: Rebuilt the GUID cache for 0 collections in 0.000001 seconds
[2018.01.22-12.27.05:409][  0]LogContentBrowser: Native class hierarchy populated in 0.0088 seconds. Added 2329 classes and 491 folders.
[2018.01.22-12.27.05:453][  0]LogContentBrowser: Native class hierarchy updated for 'WidgetCarousel' in 0.0005 seconds. Added 0 classes and 0 folders.
[2018.01.22-12.27.05:481][  0]LogContentBrowser: Native class hierarchy updated for 'AddContentDialog' in 0.0005 seconds. Added 0 classes and 0 folders.
[2018.01.22-12.27.05:510][  0]LogContentBrowser: Native class hierarchy updated for 'SceneOutliner' in 0.0005 seconds. Added 1 classes and 2 folders.
[2018.01.22-12.27.05:539][  0]LogCrashTracker: Crashtracker disabled due to settings.
[2018.01.22-12.27.06:347][  0]LogSlate: Only BGRA pngs, bmps or icos are supported in by External Image Picker
[2018.01.22-12.27.06:361][  0]LogTemp: Executing iPhonePackager certificates Engine -bundlename com.YourCompany.PeterIsTheCaptain
[2018.01.22-12.27.06:361][  0]LogTemp: CWD: C:\Program Files (x86)\Epic Games\UE_4.16\Engine\Binaries\DotNET\IOS
[2018.01.22-12.27.06:361][  0]LogTemp: Initial Dir: C:\Program Files (x86)\Epic Games\UE_4.16
[2018.01.22-12.27.06:361][  0]LogTemp: Env CWD: C:\Program Files (x86)\Epic Games\UE_4.16\Engine\Binaries\DotNET\IOS
[2018.01.22-12.27.06:361][  0]LogTemp: BranchPath = TRJ208-27/C/Program Files (x86)/Epic Games/UE_4.16/Engine/Binaries --- GameBranchPath = TRJ208-27/C/Program Files (x86)/Epic Games/UE_4.16/Engine/Binaries
[2018.01.22-12.27.06:361][  0]LogSlate: Took 0.000129 seconds to synchronously load lazily loaded font '../../../Engine/Content/Slate/Fonts/Roboto-Regular.ttf' (155K)
[2018.01.22-12.27.06:365][  0]LogTemp: IPP ERROR: Could not find provision directory 'C:\Users\17055903\AppData\Local/Apple Computer/MobileDevice/Provisioning Profiles/'.
[2018.01.22-12.27.06:365][  0]LogSlate: Took 0.000108 seconds to synchronously load lazily loaded font '../../../Engine/Content/Slate/Fonts/Roboto-Bold.ttf' (160K)
[2018.01.22-12.27.06:369][  0]LogSlate: Took 0.000133 seconds to synchronously load lazily loaded font '../../../Engine/Content/Editor/Slate/Fonts/FontAwesome.ttf' (139K)
[2018.01.22-12.27.06:464][  0]LogRenderer: Reallocating scene render targets to support 1208x576 NumSamples 1 (Frame:1).
[2018.01.22-12.27.06:580][  0]LogUObjectGlobals:Warning: Failed to find object 'Class None.'
[2018.01.22-12.27.06:630][  0]LogContentBrowser: Native class hierarchy updated for 'HierarchicalLODOutliner' in 0.0005 seconds. Added 1 classes and 2 folders.
[2018.01.22-12.27.06:630][  0]LogLoad: (Engine Initialization) Total time: 14.84 seconds
[2018.01.22-12.27.06:630][  0]LogLoad: (Engine Initialization) Total Blueprint compile time: 0.06 seconds
[2018.01.22-12.27.06:630][  0]LogExternalProfiler: Found external profiler: VSPerf
[2018.01.22-12.27.06:630][  0]LogExternalProfiler: Using external profiler: VSPerf
[2018.01.22-12.27.06:639][  0]LogOcInput: OculusInput pre-init called
[2018.01.22-12.27.06:639][  0]LogHMD: Starting GearVRController plugin
[2018.01.22-12.27.06:651][  0]LogAssetRegistry: Asset discovery search completed in 8.8850 seconds
[2018.01.22-12.27.06:652][  0]LogCollectionManager: Rebuilt the object cache for 0 collections in 0.000001 seconds (found 0 objects)
[2018.01.22-12.27.06:652][  0]LogCollectionManager: Fixed up redirectors for 0 collections in 0.000020 seconds (updated 0 objects)
[2018.01.22-12.27.06:652][  0]LogDirectoryWatcher: A directory notification failed for 'F:/My Documents/Unreal Projects/PeterIsTheCaptain/Content/' because it was empty or there was a buffer overflow. Attemping another request...
[2018.01.22-12.27.06:653][  0]LogDirectoryWatcher: A directory notification failed for 'F:/My Documents/Unreal Projects/PeterIsTheCaptain/Content/', and we were unable to create a new request.
[2018.01.22-12.27.06:653][  0]LogDirectoryWatcher: A directory notification failed for 'F:/My Documents/Unreal Projects/PeterIsTheCaptain/Saved/Collections/' because it was empty or there was a buffer overflow. Attemping another request...
[2018.01.22-12.27.06:653][  0]LogDirectoryWatcher: A directory notification failed for 'F:/My Documents/Unreal Projects/PeterIsTheCaptain/Content/Developers/17055903/Collections/' because it was empty or there was a buffer overflow. Attemping another request...
[2018.01.22-12.27.06:653][  0]LogDirectoryWatcher: A directory notification failed for 'F:/My Documents/Unreal Projects/PeterIsTheCaptain/Content/Collections/' because it was empty or there was a buffer overflow. Attemping another request...
[2018.01.22-12.27.06:655][  0]LogContentStreaming: Texture pool size now 1000 MB
[2018.01.22-12.27.06:691][  0]LogSlate: Took 0.000155 seconds to synchronously load lazily loaded font '../../../Engine/Content/Slate/Fonts/Roboto-Light.ttf' (159K)
[2018.01.22-12.27.06:704][  1]LogDirectoryWatcher: A directory notification failed for 'F:/My Documents/Unreal Projects/PeterIsTheCaptain/Saved/Collections/' because it was empty or there was a buffer overflow. Attemping another request...
[2018.01.22-12.27.06:706][  1]LogDirectoryWatcher: A directory notification failed for 'F:/My Documents/Unreal Projects/PeterIsTheCaptain/Saved/Collections/', and we were unable to create a new request.
[2018.01.22-12.27.06:706][  1]LogDirectoryWatcher: A directory notification failed for 'F:/My Documents/Unreal Projects/PeterIsTheCaptain/Content/Developers/17055903/Collections/' because it was empty or there was a buffer overflow. Attemping another request...
[2018.01.22-12.27.06:706][  1]LogDirectoryWatcher: A directory notification failed for 'F:/My Documents/Unreal Projects/PeterIsTheCaptain/Content/Developers/17055903/Collections/', and we were unable to create a new request.
[2018.01.22-12.27.06:706][  1]LogDirectoryWatcher: A directory notification failed for 'F:/My Documents/Unreal Projects/PeterIsTheCaptain/Content/Collections/' because it was empty or there was a buffer overflow. Attemping another request...
[2018.01.22-12.27.06:708][  1]LogDirectoryWatcher: A directory notification failed for 'F:/My Documents/Unreal Projects/PeterIsTheCaptain/Content/Collections/', and we were unable to create a new request.
[2018.01.22-12.27.17:527][287]LogTexture:Display: Building textures: Goner (BGRA8, 217X203)
[2018.01.22-12.27.31:142][889]LogEditorViewport: Clicking on Actor (LMB): BetterAI_C (BetterAI)
[2018.01.22-12.27.31:419][916]LogSlate: Took 0.000139 seconds to synchronously load lazily loaded font '../../../Engine/Content/Editor/Slate/Fonts/Roboto-Italic.ttf' (157K)
[2018.01.22-12.27.38:884][805]LogTemp: Repeting last play command: Selected Viewport
[2018.01.22-12.27.38:950][805]LogPlayLevel: PlayLevel: No blueprints needed recompiling
[2018.01.22-12.27.38:950][805]PIE: New page: PIE session: Untitled_1 (22 Jan 2018 12:27:38)
[2018.01.22-12.27.38:950][805]LogPlayLevel: Creating play world package: /Temp/UEDPIE_0_Untitled_1
[2018.01.22-12.27.38:953][805]LogPlayLevel: PIE: StaticDuplicateObject took: (0.002722s)
[2018.01.22-12.27.38:953][805]LogAIModule: Creating AISystem for world Untitled_1
[2018.01.22-12.27.38:953][805]LogPlayLevel: PIE: World Init took: (0.000637s)
[2018.01.22-12.27.38:953][805]LogPlayLevel: PIE: Created PIE world by copying editor world from /Temp/Untitled_1.Untitled_1 to /Temp/UEDPIE_0_Untitled_1.Untitled_1 (0.003523s)
[2018.01.22-12.27.38:965][805]LogInit: XAudio2 using 'Speakers (Realtek High Definition Audio)' : 2 channels at 48 kHz using 32 bits per sample (channel mask 0x3)
[2018.01.22-12.27.38:972][805]LogInit: FAudioDevice initialized.
[2018.01.22-12.27.39:014][805]LogLoad: Game class is 'GameModeBase'
[2018.01.22-12.27.39:016][805]LogWorld: Bringing World /Temp/UEDPIE_0_Untitled_1.Untitled_1 up for play (max tick rate 0) at 2018.01.22-12.27.39
[2018.01.22-12.27.39:017][805]LogWorld: Bringing up level for play took: 0.001492
[2018.01.22-12.27.39:065][805]LogContentBrowser: Native class hierarchy updated for 'MovieSceneCapture' in 0.0011 seconds. Added 11 classes and 0 folders.
[2018.01.22-12.27.39:066][805]PIE: Info Play in editor start time for /Temp/UEDPIE_0_Untitled_1 -0.622
[2018.01.22-12.27.48:204][884]LogTemp: Repeting last play command: Selected Viewport
[2018.01.22-12.27.48:220][884]LogPlayLevel: PlayLevel: No blueprints needed recompiling
[2018.01.22-12.27.48:220][884]PIE: New page: PIE session: Untitled_1 (22 Jan 2018 12:27:48)
[2018.01.22-12.27.48:221][884]LogPlayLevel: Creating play world package: /Temp/UEDPIE_0_Untitled_1
[2018.01.22-12.27.48:222][884]LogPlayLevel: PIE: StaticDuplicateObject took: (0.001857s)
[2018.01.22-12.27.48:223][884]LogAIModule: Creating AISystem for world Untitled_1
[2018.01.22-12.27.48:223][884]LogPlayLevel: PIE: World Init took: (0.000493s)
[2018.01.22-12.27.48:223][884]LogPlayLevel: PIE: Created PIE world by copying editor world from /Temp/Untitled_1.Untitled_1 to /Temp/UEDPIE_0_Untitled_1.Untitled_1 (0.002501s)
[2018.01.22-12.27.48:233][884]LogInit: XAudio2 using 'Speakers (Realtek High Definition Audio)' : 2 channels at 48 kHz using 32 bits per sample (channel mask 0x3)
[2018.01.22-12.27.48:239][884]LogInit: FAudioDevice initialized.
[2018.01.22-12.27.48:265][884]LogLoad: Game class is 'GameModeBase'
[2018.01.22-12.27.48:267][884]LogWorld: Bringing World /Temp/UEDPIE_0_Untitled_1.Untitled_1 up for play (max tick rate 0) at 2018.01.22-12.27.48
[2018.01.22-12.27.48:267][884]LogWorld: Bringing up level for play took: 0.001141
[2018.01.22-12.27.48:269][884]PIE: Info Play in editor start time for /Temp/UEDPIE_0_Untitled_1 0.581
[2018.01.22-12.28.20:339][563]LogTemp: Repeting last play command: Selected Viewport
[2018.01.22-12.28.20:356][563]LogPlayLevel: PlayLevel: No blueprints needed recompiling
[2018.01.22-12.28.20:356][563]PIE: New page: PIE session: Untitled_1 (22 Jan 2018 12:28:20)
[2018.01.22-12.28.20:356][563]LogPlayLevel: Creating play world package: /Temp/UEDPIE_0_Untitled_1
[2018.01.22-12.28.20:359][563]LogPlayLevel: PIE: StaticDuplicateObject took: (0.002494s)
[2018.01.22-12.28.20:359][563]LogAIModule: Creating AISystem for world Untitled_1
[2018.01.22-12.28.20:359][563]LogPlayLevel: PIE: World Init took: (0.000522s)
[2018.01.22-12.28.20:359][563]LogPlayLevel: PIE: Created PIE world by copying editor world from /Temp/Untitled_1.Untitled_1 to /Temp/UEDPIE_0_Untitled_1.Untitled_1 (0.003180s)
[2018.01.22-12.28.20:369][563]LogInit: XAudio2 using 'Speakers (Realtek High Definition Audio)' : 2 channels at 48 kHz using 32 bits per sample (channel mask 0x3)
[2018.01.22-12.28.20:375][563]LogInit: FAudioDevice initialized.
[2018.01.22-12.28.20:407][563]LogLoad: Game class is 'GameModeBase'
[2018.01.22-12.28.20:409][563]LogWorld: Bringing World /Temp/UEDPIE_0_Untitled_1.Untitled_1 up for play (max tick rate 0) at 2018.01.22-12.28.20
[2018.01.22-12.28.20:409][563]LogWorld: Bringing up level for play took: 0.001259
[2018.01.22-12.28.20:410][563]PIE: Info Play in editor start time for /Temp/UEDPIE_0_Untitled_1 0.722
[2018.01.22-12.28.30:575][771]LogEditorViewport: Clicking on Actor (LMB): BetterAI_C (BetterAI)
[2018.01.22-12.28.34:907][282]LogTemp: Repeting last play command: Selected Viewport
[2018.01.22-12.28.34:925][282]LogPlayLevel: PlayLevel: No blueprints needed recompiling
[2018.01.22-12.28.34:925][282]PIE: New page: PIE session: Untitled_1 (22 Jan 2018 12:28:34)
[2018.01.22-12.28.34:925][282]LogPlayLevel: Creating play world package: /Temp/UEDPIE_0_Untitled_1
[2018.01.22-12.28.34:928][282]LogPlayLevel: PIE: StaticDuplicateObject took: (0.002862s)
[2018.01.22-12.28.34:928][282]LogAIModule: Creating AISystem for world Untitled_1
[2018.01.22-12.28.34:928][282]LogPlayLevel: PIE: World Init took: (0.000513s)
[2018.01.22-12.28.34:928][282]LogPlayLevel: PIE: Created PIE world by copying editor world from /Temp/Untitled_1.Untitled_1 to /Temp/UEDPIE_0_Untitled_1.Untitled_1 (0.003524s)
[2018.01.22-12.28.34:937][282]LogInit: XAudio2 using 'Speakers (Realtek High Definition Audio)' : 2 channels at 48 kHz using 32 bits per sample (channel mask 0x3)
[2018.01.22-12.28.34:942][282]LogInit: FAudioDevice initialized.
[2018.01.22-12.28.34:973][282]LogLoad: Game class is 'GameModeBase'
[2018.01.22-12.28.34:975][282]LogWorld: Bringing World /Temp/UEDPIE_0_Untitled_1.Untitled_1 up for play (max tick rate 0) at 2018.01.22-12.28.34
[2018.01.22-12.28.34:975][282]LogWorld: Bringing up level for play took: 0.001404
[2018.01.22-12.28.34:976][282]PIE: Info Play in editor start time for /Temp/UEDPIE_0_Untitled_1 -0.712
[2018.01.22-12.28.51:986][307]LogSlate: Took 0.000099 seconds to synchronously load lazily loaded font '../../../Engine/Content/Slate/Fonts/Roboto-Light.ttf' (159K)
[2018.01.22-12.28.52:318][307]LogContentBrowser: Native class hierarchy updated for 'BlueprintGraph' in 0.0013 seconds. Added 112 classes and 0 folders.
[2018.01.22-12.28.52:847][307]LogSlate: Took 0.000099 seconds to synchronously load lazily loaded font '../../../Engine/Content/Slate/Fonts/Roboto-Regular.ttf' (155K)
[2018.01.22-12.28.52:897][307]LogSlate: Took 0.000127 seconds to synchronously load lazily loaded font '../../../Engine/Content/Editor/Slate/Fonts/Roboto-BoldCondensed.ttf' (158K)
[2018.01.22-12.29.41:127][758]Cmd: BRUSH ADD SELECTNEWBRUSH
[2018.01.22-12.29.44:369][143]LogEditorViewport: Clicking on Actor (LMB): Brush (Linear Stair Brush)
[2018.01.22-12.29.57:788][727]Cmd: BRUSH ADD SELECTNEWBRUSH
[2018.01.22-12.30.04:352][497]LogEditorViewport: Clicking on Actor (LMB): BP_Sky_Sphere_C (Sky Sphere)
[2018.01.22-12.30.26:926][ 83]LogEditorViewport: Clicking on Actor (LMB): TargetPoint (TargetPoint2)
[2018.01.22-12.30.34:900][ 31]LogEditorViewport: Clicking on Actor (LMB): BetterAI_C (BetterAI)
[2018.01.22-12.30.36:548][218]LogSlate: Took 0.000129 seconds to synchronously load lazily loaded font '../../../Engine/Content/Slate/Fonts/Roboto-Light.ttf' (159K)
[2018.01.22-12.30.41:045][754]LogTemp: Repeting last play command: Selected Viewport
[2018.01.22-12.30.41:067][754]LogPlayLevel: PlayLevel: No blueprints needed recompiling
[2018.01.22-12.30.41:067][754]PIE: New page: PIE session: Untitled_1 (22 Jan 2018 12:30:41)
[2018.01.22-12.30.41:067][754]LogPlayLevel: Creating play world package: /Temp/UEDPIE_0_Untitled_1
[2018.01.22-12.30.41:071][754]LogPlayLevel: PIE: StaticDuplicateObject took: (0.003735s)
[2018.01.22-12.30.41:071][754]LogAIModule: Creating AISystem for world Untitled_1
[2018.01.22-12.30.41:071][754]LogPlayLevel: PIE: World Init took: (0.000592s)
[2018.01.22-12.30.41:072][754]LogPlayLevel: PIE: Created PIE world by copying editor world from /Temp/Untitled_1.Untitled_1 to /Temp/UEDPIE_0_Untitled_1.Untitled_1 (0.004499s)
[2018.01.22-12.30.41:091][754]LogInit: XAudio2 using 'Speakers (Realtek High Definition Audio)' : 2 channels at 48 kHz using 32 bits per sample (channel mask 0x3)
[2018.01.22-12.30.41:096][754]LogInit: FAudioDevice initialized.
[2018.01.22-12.30.41:123][754]LogLoad: Game class is 'GameModeBase'
[2018.01.22-12.30.41:125][754]LogWorld: Bringing World /Temp/UEDPIE_0_Untitled_1.Untitled_1 up for play (max tick rate 0) at 2018.01.22-12.30.41
[2018.01.22-12.30.41:125][754]LogWorld: Bringing up level for play took: 0.001071
[2018.01.22-12.30.41:126][754]PIE: Info Play in editor start time for /Temp/UEDPIE_0_Untitled_1 -0.562
[2018.01.22-12.30.51:967][ 31]LogTemp: Repeting last play command: Selected Viewport
[2018.01.22-12.30.51:984][ 31]LogPlayLevel: PlayLevel: No blueprints needed recompiling
[2018.01.22-12.30.51:984][ 31]PIE: New page: PIE session: Untitled_1 (22 Jan 2018 12:30:51)
[2018.01.22-12.30.51:984][ 31]LogPlayLevel: Creating play world package: /Temp/UEDPIE_0_Untitled_1
[2018.01.22-12.30.51:987][ 31]LogPlayLevel: PIE: StaticDuplicateObject took: (0.003476s)
[2018.01.22-12.30.51:988][ 31]LogAIModule: Creating AISystem for world Untitled_1
[2018.01.22-12.30.51:988][ 31]LogPlayLevel: PIE: World Init took: (0.000493s)
[2018.01.22-12.30.51:988][ 31]LogPlayLevel: PIE: Created PIE world by copying editor world from /Temp/Untitled_1.Untitled_1 to /Temp/UEDPIE_0_Untitled_1.Untitled_1 (0.004119s)
[2018.01.22-12.30.52:001][ 31]LogInit: XAudio2 using 'Speakers (Realtek High Definition Audio)' : 2 channels at 48 kHz using 32 bits per sample (channel mask 0x3)
[2018.01.22-12.30.52:007][ 31]LogInit: FAudioDevice initialized.
[2018.01.22-12.30.52:034][ 31]LogLoad: Game class is 'GameModeBase'
[2018.01.22-12.30.52:035][ 31]LogWorld: Bringing World /Temp/UEDPIE_0_Untitled_1.Untitled_1 up for play (max tick rate 0) at 2018.01.22-12.30.52
[2018.01.22-12.30.52:036][ 31]LogWorld: Bringing up level for play took: 0.001100
[2018.01.22-12.30.52:036][ 31]PIE: Info Play in editor start time for /Temp/UEDPIE_0_Untitled_1 0.348
[2018.01.22-12.30.58:479][761]LogEditorViewport: Clicking on Actor (LMB): BP_Sky_Sphere_C (Sky Sphere)
[2018.01.22-12.30.59:068][821]LogEditorViewport: Clicking on Actor (LMB): PlayerStart (Player Start)
[2018.01.22-12.31.00:594][  1]LogNavigationPoint: PostEditMove Clear paths rebuilt
[2018.01.22-12.31.01:505][109]LogTemp: Repeting last play command: Selected Viewport
[2018.01.22-12.31.01:521][109]LogPlayLevel: PlayLevel: No blueprints needed recompiling
[2018.01.22-12.31.01:521][109]PIE: New page: PIE session: Untitled_1 (22 Jan 2018 12:31:01)
[2018.01.22-12.31.01:521][109]LogPlayLevel: Creating play world package: /Temp/UEDPIE_0_Untitled_1
[2018.01.22-12.31.01:525][109]LogPlayLevel: PIE: StaticDuplicateObject took: (0.003726s)
[2018.01.22-12.31.01:526][109]LogAIModule: Creating AISystem for world Untitled_1
[2018.01.22-12.31.01:526][109]LogPlayLevel: PIE: World Init took: (0.000535s)
[2018.01.22-12.31.01:526][109]LogPlayLevel: PIE: Created PIE world by copying editor world from /Temp/Untitled_1.Untitled_1 to /Temp/UEDPIE_0_Untitled_1.Untitled_1 (0.004410s)
[2018.01.22-12.31.01:538][109]LogInit: XAudio2 using 'Speakers (Realtek High Definition Audio)' : 2 channels at 48 kHz using 32 bits per sample (channel mask 0x3)
[2018.01.22-12.31.01:544][109]LogInit: FAudioDevice initialized.
[2018.01.22-12.31.01:572][109]LogLoad: Game class is 'GameModeBase'
[2018.01.22-12.31.01:574][109]LogWorld: Bringing World /Temp/UEDPIE_0_Untitled_1.Untitled_1 up for play (max tick rate 0) at 2018.01.22-12.31.01
[2018.01.22-12.31.01:574][109]LogWorld: Bringing up level for play took: 0.001032
[2018.01.22-12.31.01:575][109]PIE: Info Play in editor start time for /Temp/UEDPIE_0_Untitled_1 -0.113
[2018.01.22-12.32.07:624][ 22]LogEditorViewport: Clicking on Actor (LMB): BetterAI_C (BetterAI)
[2018.01.22-12.36.32:866][991]LogRenderer: Reallocating scene render targets to support 1208x900 NumSamples 1 (Frame:1).
[2018.01.22-12.36.37:853][456]LogActorComponent: UnregisterComponent: (/Engine/Transient.EditorFloorComp) Not registered. Aborting.
[2018.01.22-12.38.42:707][881]Cmd: OBJ SAVEPACKAGE PACKAGE="/Temp/Untitled_1" FILE="F:/My Documents/Unreal Projects/PeterIsTheCaptain/Saved/Autosaves/Temp/Untitled_1_Auto1.umap" SILENT=true AUTOSAVING=true KEEPDIRTY=false
[2018.01.22-12.38.43:354][881]LogSavePackage: Save=647.35ms
[2018.01.22-12.38.43:354][881]LogSavePackage: Moving 'F:/My Documents/Unreal Projects/PeterIsTheCaptain/Saved/Untitled_1_Auto1DE6D7A0243C3D6F1D22EDF9AE5579AD6.tmp' to 'F:/My Documents/Unreal Projects/PeterIsTheCaptain/Saved/Autosaves/Temp/Untitled_1_Auto1.umap'
[2018.01.22-12.38.43:361][881]LogSavePackage:Display: Finished SavePackage F:/My Documents/Unreal Projects/PeterIsTheCaptain/Saved/Autosaves/Temp/Untitled_1_Auto1.umap
[2018.01.22-12.38.43:365][881]LogFileHelpers: Editor autosave (incl. sublevels) for '/Temp/Untitled_1' took 0.678
[2018.01.22-12.38.43:365][881]LogFileHelpers: Editor autosave (incl. sublevels) for all levels took 0.678
[2018.01.22-12.43.19:131][970]LogTemp: Repeting last play command: Selected Viewport
[2018.01.22-12.43.19:151][970]LogPlayLevel: PlayLevel: No blueprints needed recompiling
[2018.01.22-12.43.19:152][970]PIE: New page: PIE session: Untitled_1 (22 Jan 2018 12:43:19)
[2018.01.22-12.43.19:152][970]LogPlayLevel: Creating play world package: /Temp/UEDPIE_0_Untitled_1
[2018.01.22-12.43.19:156][970]LogPlayLevel: PIE: StaticDuplicateObject took: (0.004354s)
[2018.01.22-12.43.19:156][970]LogAIModule: Creating AISystem for world Untitled_1
[2018.01.22-12.43.19:157][970]LogPlayLevel: PIE: World Init took: (0.000516s)
[2018.01.22-12.43.19:157][970]LogPlayLevel: PIE: Created PIE world by copying editor world from /Temp/Untitled_1.Untitled_1 to /Temp/UEDPIE_0_Untitled_1.Untitled_1 (0.005025s)
[2018.01.22-12.43.19:173][970]LogInit: XAudio2 using 'Speakers (Realtek High Definition Audio)' : 2 channels at 48 kHz using 32 bits per sample (channel mask 0x3)
[2018.01.22-12.43.19:179][970]LogInit: FAudioDevice initialized.
[2018.01.22-12.43.19:207][970]LogLoad: Game class is 'GameModeBase'
[2018.01.22-12.43.19:209][970]LogWorld: Bringing World /Temp/UEDPIE_0_Untitled_1.Untitled_1 up for play (max tick rate 0) at 2018.01.22-12.43.19
[2018.01.22-12.43.19:209][970]LogWorld: Bringing up level for play took: 0.001024
[2018.01.22-12.43.19:210][970]PIE: Info Play in editor start time for /Temp/UEDPIE_0_Untitled_1 -0.448
[2018.01.22-12.52.28:066][800]LogTemp: Repeting last play command: Selected Viewport
[2018.01.22-12.52.28:084][800]LogPlayLevel: PlayLevel: No blueprints needed recompiling
[2018.01.22-12.52.28:084][800]PIE: New page: PIE session: Untitled_1 (22 Jan 2018 12:52:28)
[2018.01.22-12.52.28:084][800]LogPlayLevel: Creating play world package: /Temp/UEDPIE_0_Untitled_1
[2018.01.22-12.52.28:087][800]LogPlayLevel: PIE: StaticDuplicateObject took: (0.003497s)
[2018.01.22-12.52.28:088][800]LogAIModule: Creating AISystem for world Untitled_1
[2018.01.22-12.52.28:088][800]LogPlayLevel: PIE: World Init took: (0.000528s)
[2018.01.22-12.52.28:088][800]LogPlayLevel: PIE: Created PIE world by copying editor world from /Temp/Untitled_1.Untitled_1 to /Temp/UEDPIE_0_Untitled_1.Untitled_1 (0.004174s)
[2018.01.22-12.52.28:105][800]LogInit: XAudio2 using 'Speakers (Realtek High Definition Audio)' : 2 channels at 48 kHz using 32 bits per sample (channel mask 0x3)
[2018.01.22-12.52.28:111][800]LogInit: FAudioDevice initialized.
[2018.01.22-12.52.28:140][800]LogLoad: Game class is 'GameModeBase'
[2018.01.22-12.52.28:141][800]LogWorld: Bringing World /Temp/UEDPIE_0_Untitled_1.Untitled_1 up for play (max tick rate 0) at 2018.01.22-12.52.28
[2018.01.22-12.52.28:142][800]LogWorld: Bringing up level for play took: 0.001039
[2018.01.22-12.52.28:142][800]PIE: Info Play in editor start time for /Temp/UEDPIE_0_Untitled_1 0.484
[2018.01.22-12.55.28:075][388]Set new viewmode: Wireframe
[2018.01.22-12.58.11:836][377]Cmd: OBJ SAVEPACKAGE PACKAGE="/Game/NewMap" FILE="F:/My Documents/Unreal Projects/PeterIsTheCaptain/Content/NewMap.umap" SILENT=true AUTOSAVING=false KEEPDIRTY=false
[2018.01.22-12.58.12:473][377]LogSavePackage: Save=613.10ms
[2018.01.22-12.58.12:473][377]LogSavePackage: Moving 'F:/My Documents/Unreal Projects/PeterIsTheCaptain/Saved/NewMap9813ECA2463AF326A92565BE3F47738A.tmp' to 'F:/My Documents/Unreal Projects/PeterIsTheCaptain/Content/NewMap.umap'
[2018.01.22-12.58.12:483][377]LogSavePackage:Display: Finished SavePackage F:/My Documents/Unreal Projects/PeterIsTheCaptain/Content/NewMap.umap
[2018.01.22-12.58.12:517][377]LogFileHelpers: Saving map 'NewMap' took 1.033
[2018.01.22-12.58.13:825][522]Cmd: OBJ SAVEPACKAGE PACKAGE="/Game/NewMap" FILE="F:/My Documents/Unreal Projects/PeterIsTheCaptain/Content/NewMap.umap" SILENT=true AUTOSAVING=false KEEPDIRTY=false
[2018.01.22-12.58.14:569][522]LogSavePackage: Save=592.86ms
[2018.01.22-12.58.14:569][522]LogSavePackage: Moving 'F:/My Documents/Unreal Projects/PeterIsTheCaptain/Saved/NewMapCA93A9F64372178574D6F7A730357315.tmp' to 'F:/My Documents/Unreal Projects/PeterIsTheCaptain/Content/NewMap.umap'
[2018.01.22-12.58.14:576][522]LogSavePackage:Display: Finished SavePackage F:/My Documents/Unreal Projects/PeterIsTheCaptain/Content/NewMap.umap
[2018.01.22-12.58.28:196][988]Cmd: QUIT_EDITOR
[2018.01.22-12.58.28:224][988]LogExit: Preparing to exit.
[2018.01.22-12.58.28:694][988]LogExit: Editor shut down
[2018.01.22-12.58.28:696][988]LogExit: Transaction tracking system shut down
[2018.01.22-12.58.28:782][988]LogObj: Freed 0b from 0 cluster array pools.
[2018.01.22-12.58.28:782][988]LogExit: Object subsystem successfully closed.
[2018.01.22-12.58.28:802][988]LogD3D11RHI: Shutdown
[2018.01.22-12.58.28:802][988]LogD3D11RHI: CleanupD3DDevice
[2018.01.22-12.58.28:853][988]LogD3D11RHI: ~FD3D11DynamicRHI
[2018.01.22-12.58.28:861][988]LogModuleManager: Shutting down and abandoning module BlueprintGraph (532)
[2018.01.22-12.58.28:861][988]LogModuleManager: Shutting down and abandoning module BlueprintProfiler (530)
[2018.01.22-12.58.28:861][988]LogModuleManager: Shutting down and abandoning module MovieSceneCapture (528)
[2018.01.22-12.58.28:861][988]LogModuleManager: Shutting down and abandoning module HierarchicalLODOutliner (526)
[2018.01.22-12.58.28:861][988]LogModuleManager: Shutting down and abandoning module ExternalImagePicker (524)
[2018.01.22-12.58.28:861][988]LogModuleManager: Shutting down and abandoning module CrashTracker (522)
[2018.01.22-12.58.28:861][988]LogModuleManager: Shutting down and abandoning module SceneOutliner (520)
[2018.01.22-12.58.28:861][988]LogModuleManager: Shutting down and abandoning module AddContentDialog (518)
[2018.01.22-12.58.28:861][988]LogDirectoryWatcher: A directory notification for 'C:/Program Files (x86)/Epic Games/UE_4.16/FeaturePacks/' was aborted.
[2018.01.22-12.58.28:862][988]LogModuleManager: Shutting down and abandoning module WidgetCarousel (517)
[2018.01.22-12.58.28:862][988]LogModuleManager: Shutting down and abandoning module EditorWidgets (514)
[2018.01.22-12.58.28:862][988]LogModuleManager: Shutting down and abandoning module CollectionManager (512)
[2018.01.22-12.58.28:862][988]LogModuleManager: Shutting down and abandoning module StatsViewer (510)
[2018.01.22-12.58.28:862][988]LogModuleManager: Shutting down and abandoning module FoliageEdit (508)
[2018.01.22-12.58.28:862][988]LogModuleManager: Shutting down and abandoning module LandscapeEditor (506)
[2018.01.22-12.58.28:862][988]LogModuleManager: Shutting down and abandoning module MeshPaintMode (504)
[2018.01.22-12.58.28:862][988]LogModuleManager: Shutting down and abandoning module SceneDepthPickerMode (502)
[2018.01.22-12.58.28:862][988]LogModuleManager: Shutting down and abandoning module ActorPickerMode (500)
[2018.01.22-12.58.28:862][988]LogModuleManager: Shutting down and abandoning module GeometryMode (498)
[2018.01.22-12.58.28:862][988]LogModuleManager: Shutting down and abandoning module TextureAlignMode (496)
[2018.01.22-12.58.28:862][988]LogModuleManager: Shutting down and abandoning module BspMode (494)
[2018.01.22-12.58.28:862][988]LogModuleManager: Shutting down and abandoning module HardwareSurvey (492)
[2018.01.22-12.58.28:862][988]LogModuleManager: Shutting down and abandoning module SequenceRecorderSections (490)
[2018.01.22-12.58.28:862][988]LogModuleManager: Shutting down and abandoning module AutomationWorker (488)
[2018.01.22-12.58.28:862][988]LogModuleManager: Shutting down and abandoning module MatineeToLevelSequence (486)
[2018.01.22-12.58.28:862][988]LogModuleManager: Shutting down and abandoning module LevelSequenceEditor (484)
[2018.01.22-12.58.28:862][988]LogModuleManager: Shutting down and abandoning module PlacementMode (483)
[2018.01.22-12.58.28:862][988]LogModuleManager: Shutting down and abandoning module WmfMediaFactory (480)
[2018.01.22-12.58.28:862][988]LogModuleManager: Shutting down and abandoning module WmfMediaEditor (478)
[2018.01.22-12.58.28:862][988]LogModuleManager: Shutting down and abandoning module AvfMediaFactory (476)
[2018.01.22-12.58.28:862][988]LogModuleManager: Shutting down and abandoning module AvfMediaEditor (474)
[2018.01.22-12.58.28:862][988]LogModuleManager: Shutting down and abandoning module AndroidMediaFactory (472)
[2018.01.22-12.58.28:862][988]LogModuleManager: Shutting down and abandoning module Media (471)
[2018.01.22-12.58.28:862][988]LogModuleManager: Shutting down and abandoning module AndroidMediaEditor (468)
[2018.01.22-12.58.28:862][988]LogModuleManager: Shutting down and abandoning module CharacterAI (466)
[2018.01.22-12.58.28:862][988]LogModuleManager: Shutting down and abandoning module AudioCapture (464)
[2018.01.22-12.58.28:862][988]LogModuleManager: Shutting down and abandoning module SequenceRecorder (463)
[2018.01.22-12.58.28:862][988]LogModuleManager: Shutting down and abandoning module SmartSnapping (460)
[2018.01.22-12.58.28:862][988]LogModuleManager: Shutting down and abandoning module SessionServices (458)
[2018.01.22-12.58.28:862][988]LogModuleManager: Shutting down and abandoning module ViewportSnapping (456)
[2018.01.22-12.58.28:862][988]LogModuleManager: Shutting down and abandoning module ViewportInteraction (454)
[2018.01.22-12.58.28:862][988]LogModuleManager: Shutting down and abandoning module ClothPainter (452)
[2018.01.22-12.58.28:862][988]LogModuleManager: Shutting down and abandoning module LogVisualizer (450)
[2018.01.22-12.58.28:862][988]LogModuleManager: Shutting down and abandoning module IntroTutorials (448)
[2018.01.22-12.58.28:862][988]LogModuleManager: Shutting down and abandoning module GameProjectGeneration (447)
[2018.01.22-12.58.28:862][988]LogModuleManager: Shutting down and abandoning module EditorLiveStreaming (444)
[2018.01.22-12.58.28:862][988]LogModuleManager: Shutting down and abandoning module IOSPlatformEditor (442)
[2018.01.22-12.58.28:862][988]LogModuleManager: Shutting down and abandoning module HTML5PlatformEditor (440)
[2018.01.22-12.58.28:862][988]LogModuleManager: Shutting down and abandoning module AndroidPlatformEditor (438)
[2018.01.22-12.58.28:862][988]LogModuleManager: Shutting down and abandoning module AndroidDeviceDetection (437)
[2018.01.22-12.58.28:870][988]LogModuleManager: Shutting down and abandoning module IOSRuntimeSettings (434)
[2018.01.22-12.58.28:870][988]LogModuleManager: Shutting down and abandoning module AndroidRuntimeSettings (432)
[2018.01.22-12.58.28:870][988]LogModuleManager: Shutting down and abandoning module InputBindingEditor (430)
[2018.01.22-12.58.28:870][988]LogModuleManager: Shutting down and abandoning module MergeActors (428)
[2018.01.22-12.58.28:870][988]LogModuleManager: Shutting down and abandoning module SizeMap (426)
[2018.01.22-12.58.28:870][988]LogModuleManager: Shutting down and abandoning module TreeMap (424)
[2018.01.22-12.58.28:870][988]LogModuleManager: Shutting down and abandoning module ReferenceViewer (422)
[2018.01.22-12.58.28:870][988]LogModuleManager: Shutting down and abandoning module LocalizationDashboard (420)
[2018.01.22-12.58.28:870][988]LogModuleManager: Shutting down and abandoning module LocalizationService (419)
[2018.01.22-12.58.28:870][988]LogModuleManager: Shutting down and abandoning module HardwareTargeting (416)
[2018.01.22-12.58.28:870][988]LogModuleManager: Shutting down and abandoning module DeviceProfileEditor (414)
[2018.01.22-12.58.28:870][988]LogModuleManager: Shutting down and abandoning module UndoHistory (412)
[2018.01.22-12.58.28:870][988]LogModuleManager: Shutting down and abandoning module UserFeedback (410)
[2018.01.22-12.58.28:870][988]LogModuleManager: Shutting down and abandoning module XmlParser (408)
[2018.01.22-12.58.28:870][988]LogModuleManager: Shutting down and abandoning module Blutility (406)
[2018.01.22-12.58.28:870][988]LogModuleManager: Shutting down and abandoning module ProjectSettingsViewer (404)
[2018.01.22-12.58.28:870][988]LogModuleManager: Shutting down and abandoning module ProjectTargetPlatformEditor (403)
[2018.01.22-12.58.28:870][988]LogModuleManager: Shutting down and abandoning module EditorSettingsViewer (400)
[2018.01.22-12.58.28:870][988]LogModuleManager: Shutting down and abandoning module SettingsEditor (398)
[2018.01.22-12.58.28:870][988]LogModuleManager: Shutting down and abandoning module ProjectLauncher (396)
[2018.01.22-12.58.28:870][988]LogModuleManager: Shutting down and abandoning module SessionFrontend (394)
[2018.01.22-12.58.28:870][988]LogModuleManager: Shutting down and abandoning module ProfilerClient (392)
[2018.01.22-12.58.28:870][988]LogModuleManager: Shutting down and abandoning module DeviceManager (390)
[2018.01.22-12.58.28:870][988]LogModuleManager: Shutting down and abandoning module TargetDeviceServices (389)
[2018.01.22-12.58.28:920][988]LogModuleManager: Shutting down and abandoning module AutomationController (386)
[2018.01.22-12.58.28:920][988]LogModuleManager: Shutting down and abandoning module AutomationWindow (384)
[2018.01.22-12.58.28:920][988]LogModuleManager: Shutting down and abandoning module Layers (382)
[2018.01.22-12.58.28:920][988]LogModuleManager: Shutting down and abandoning module ComponentVisualizers (380)
[2018.01.22-12.58.28:920][988]LogModuleManager: Shutting down and abandoning module DetailCustomizations (378)
[2018.01.22-12.58.28:920][988]LogModuleManager: Shutting down and abandoning module PackagesDialog (376)
[2018.01.22-12.58.28:920][988]LogModuleManager: Shutting down and abandoning module Persona (374)
[2018.01.22-12.58.28:920][988]LogModuleManager: Shutting down and abandoning module AdvancedPreviewScene (373)
[2018.01.22-12.58.28:920][988]LogModuleManager: Shutting down and abandoning module AnimGraph (371)
[2018.01.22-12.58.28:920][988]LogModuleManager: Shutting down and abandoning module Kismet (368)
[2018.01.22-12.58.28:925][988]LogModuleManager: Shutting down and abandoning module ClassViewer (366)
[2018.01.22-12.58.28:925][988]LogModuleManager: Shutting down and abandoning module Toolbox (364)
[2018.01.22-12.58.28:925][988]LogModuleManager: Shutting down and abandoning module ModuleUI (362)
[2018.01.22-12.58.28:925][988]LogModuleManager: Shutting down and abandoning module MovieSceneTools (360)
[2018.01.22-12.58.28:925][988]LogModuleManager: Shutting down and abandoning module OutputLog (358)
[2018.01.22-12.58.28:925][988]LogModuleManager: Shutting down and abandoning module GammaUI (356)
[2018.01.22-12.58.28:926][988]LogModuleManager: Shutting down and abandoning module Documentation (354)
[2018.01.22-12.58.28:926][988]LogModuleManager: Shutting down and abandoning module MovieSceneTracks (352)
[2018.01.22-12.58.28:926][988]LogModuleManager: Shutting down and abandoning module MovieScene (350)
[2018.01.22-12.58.28:926][988]LogModuleManager: Shutting down and abandoning module Niagara (348)
[2018.01.22-12.58.28:926][988]LogModuleManager: Shutting down and abandoning module NiagaraEditor (347)
[2018.01.22-12.58.28:926][988]LogModuleManager: Shutting down and abandoning module StreamingPauseRendering (344)
[2018.01.22-12.58.28:926][988]LogModuleManager: Shutting down and abandoning module AnalyticsET (342)
[2018.01.22-12.58.28:926][988]LogModuleManager: Shutting down and abandoning module PortalServices (340)
[2018.01.22-12.58.28:926][988]LogModuleManager: Shutting down and abandoning module PortalRpc (338)
[2018.01.22-12.58.28:926][988]LogModuleManager: Shutting down and abandoning module MessagingRpc (336)
[2018.01.22-12.58.28:926][988]LogModuleManager: Shutting down and abandoning module AIModule (334)
[2018.01.22-12.58.28:926][988]LogModuleManager: Shutting down and abandoning module GameplayDebugger (333)
[2018.01.22-12.58.28:926][988]LogModuleManager: Shutting down and abandoning module AITestSuite (331)
[2018.01.22-12.58.28:926][988]LogModuleManager: Shutting down and abandoning module ProfilerService (328)
[2018.01.22-12.58.28:987][988]LogModuleManager: Shutting down and abandoning module TaskGraph (326)
[2018.01.22-12.58.28:987][988]LogModuleManager: Shutting down and abandoning module SteamVRController (324)
[2018.01.22-12.58.28:987][988]LogModuleManager: Shutting down and abandoning module SteamVR (322)
[2018.01.22-12.58.28:987][988]LogModuleManager: Shutting down and abandoning module ProceduralMeshComponentEditor (320)
[2018.01.22-12.58.28:987][988]LogModuleManager: Shutting down and abandoning module ProceduralMeshComponent (318)
[2018.01.22-12.58.28:987][988]LogModuleManager: Shutting down and abandoning module OculusLibrary (316)
[2018.01.22-12.58.28:987][988]LogModuleManager: Shutting down and abandoning module OculusInput (314)
[2018.01.22-12.58.28:987][988]LogModuleManager: Shutting down and abandoning module MobilePatchingUtils (312)
[2018.01.22-12.58.28:987][988]LogModuleManager: Shutting down and abandoning module CustomMeshComponent (310)
[2018.01.22-12.58.28:987][988]LogModuleManager: Shutting down and abandoning module CableComponent (308)
[2018.01.22-12.58.28:987][988]LogModuleManager: Shutting down and abandoning module ArchVisCharacter (306)
[2018.01.22-12.58.28:987][988]LogModuleManager: Shutting down and abandoning module AndroidPermission (304)
[2018.01.22-12.58.28:987][988]LogModuleManager: Shutting down and abandoning module MediaPlayerEditor (300)
[2018.01.22-12.58.28:987][988]LogModuleManager: Shutting down and abandoning module HTML5Networking (298)
[2018.01.22-12.58.28:987][988]LogModuleManager: Shutting down and abandoning module AlembicImporter (296)
[2018.01.22-12.58.28:987][988]LogModuleManager: Shutting down and abandoning module AlembicLibrary (295)
[2018.01.22-12.58.28:987][988]LogModuleManager: Shutting down and abandoning module GeometryCache (294)
[2018.01.22-12.58.28:987][988]LogModuleManager: Shutting down and abandoning module GeometryCacheEd (293)
[2018.01.22-12.58.28:987][988]LogModuleManager: Shutting down and abandoning module SuperSearchEditor (288)
[2018.01.22-12.58.28:987][988]LogModuleManager: Shutting down and abandoning module SuperSearch (287)
[2018.01.22-12.58.28:987][988]LogModuleManager: Shutting down and abandoning module SpeedTreeImporter (284)
[2018.01.22-12.58.28:987][988]LogModuleManager: Shutting down and abandoning module PluginBrowser (282)
[2018.01.22-12.58.28:987][988]LogModuleManager: Shutting down and abandoning module MobileLauncherProfileWizard (280)
[2018.01.22-12.58.28:987][988]LogModuleManager: Shutting down and abandoning module VisualStudioSourceCodeAccess (278)
[2018.01.22-12.58.28:987][988]LogModuleManager: Shutting down and abandoning module DesktopPlatform (277)
[2018.01.22-12.58.28:987][988]LogModuleManager: Shutting down and abandoning module UObjectPlugin (274)
[2018.01.22-12.58.28:987][988]LogModuleManager: Shutting down and abandoning module SubversionSourceControl (272)
[2018.01.22-12.58.28:987][988]LogModuleManager: Shutting down and abandoning module PerforceSourceControl (270)
[2018.01.22-12.58.28:987][988]LogModuleManager: Shutting down and abandoning module GitSourceControl (268)
[2018.01.22-12.58.28:987][988]LogModuleManager: Shutting down and abandoning module SourceControl (267)
[2018.01.22-12.58.28:987][988]LogModuleManager: Shutting down and abandoning module LightPropagationVolumeEditor (264)
[2018.01.22-12.58.28:987][988]LogModuleManager: Shutting down and abandoning module PaperTiledImporter (262)
[2018.01.22-12.58.28:987][988]LogModuleManager: Shutting down and abandoning module PaperSpriteSheetImporter (260)
[2018.01.22-12.58.28:987][988]LogModuleManager: Shutting down and abandoning module Paper2DEditor (258)
[2018.01.22-12.58.28:988][988]LogModuleManager: Shutting down and abandoning module MeshPaint (257)
[2018.01.22-12.58.28:988][988]LogModuleManager: Shutting down and abandoning module LevelEditor (255)
[2018.01.22-12.58.28:988][988]LogModuleManager: Shutting down and abandoning module PixelInspectorModule (254)
[2018.01.22-12.58.28:988][988]LogModuleManager: Shutting down and abandoning module MainFrame (252)
[2018.01.22-12.58.28:988][988]LogModuleManager: Shutting down and abandoning module HotReload (251)
[2018.01.22-12.58.28:989][988]LogModuleManager: Shutting down and abandoning module PhysXVehiclesEditor (246)
[2018.01.22-12.58.28:989][988]LogModuleManager: Shutting down and abandoning module PhysXVehicles (244)
[2018.01.22-12.58.28:989][988]LogModuleManager: Shutting down and abandoning module LocationServicesBPLibrary (242)
[2018.01.22-12.58.28:989][988]LogModuleManager: Shutting down and abandoning module ImmediatePhysicsEditor (240)
[2018.01.22-12.58.28:989][988]LogModuleManager: Shutting down and abandoning module ImmediatePhysics (238)
[2018.01.22-12.58.28:989][988]LogModuleManager: Shutting down and abandoning module UdpMessaging (236)
[2018.01.22-12.58.29:089][988]LogModuleManager: Shutting down and abandoning module TcpMessaging (234)
[2018.01.22-12.58.29:501][988]LogModuleManager: Shutting down and abandoning module GameplayTagsEditor (232)
[2018.01.22-12.58.29:501][988]LogModuleManager: Shutting down and abandoning module FacialAnimationEditor (230)
[2018.01.22-12.58.29:501][988]LogModuleManager: Shutting down and abandoning module FacialAnimation (228)
[2018.01.22-12.58.29:501][988]LogModuleManager: Shutting down and abandoning module AssetManagerEditor (226)
[2018.01.22-12.58.29:501][988]LogModuleManager: Shutting down and abandoning module GraphEditor (225)
[2018.01.22-12.58.29:501][988]LogModuleManager: Shutting down and abandoning module ContentBrowser (223)
[2018.01.22-12.58.29:502][988]LogModuleManager: Shutting down and abandoning module LightPropagationVolumeRuntime (220)
[2018.01.22-12.58.29:502][988]LogModuleManager: Shutting down and abandoning module Paper2D (218)
[2018.01.22-12.58.29:502][988]LogModuleManager: Shutting down and abandoning module WindowsMoviePlayer (216)
[2018.01.22-12.58.29:502][988]LogModuleManager: Shutting down and abandoning module WmfMedia (214)
[2018.01.22-12.58.29:502][988]LogModuleManager: Shutting down and abandoning module ClothingSystemEditor (212)
[2018.01.22-12.58.29:502][988]LogModuleManager: Shutting down and abandoning module ClothingSystemRuntime (210)
[2018.01.22-12.58.29:503][988]LogModuleManager: Shutting down and abandoning module MediaAssets (208)
[2018.01.22-12.58.29:503][988]LogModuleManager: Shutting down and abandoning module GameLiveStreaming (206)
[2018.01.22-12.58.29:503][988]LogModuleManager: Shutting down and abandoning module VREditor (204)
[2018.01.22-12.58.29:503][988]LogModuleManager: Shutting down and abandoning module StringTableEditor (202)
[2018.01.22-12.58.29:503][988]LogModuleManager: Shutting down and abandoning module GameplayTasksEditor (200)
[2018.01.22-12.58.29:503][988]LogModuleManager: Shutting down and abandoning module BehaviorTreeEditor (198)
[2018.01.22-12.58.29:503][988]LogModuleManager: Shutting down and abandoning module FunctionalTesting (196)
[2018.01.22-12.58.29:503][988]LogModuleManager: Shutting down and abandoning module CollisionAnalyzer (194)
[2018.01.22-12.58.29:503][988]LogModuleManager: Shutting down and abandoning module UMG (192)
[2018.01.22-12.58.29:503][988]LogModuleManager: Shutting down and abandoning module UMGEditor (191)
[2018.01.22-12.58.29:503][988]LogModuleManager: Shutting down and abandoning module Sequencer (190)
[2018.01.22-12.58.29:503][988]LogModuleManager: Shutting down and abandoning module AssetTools (188)
[2018.01.22-12.58.29:503][988]LogModuleManager: Shutting down and abandoning module MessageLog (187)
[2018.01.22-12.58.29:503][988]LogModuleManager: Shutting down and abandoning module WorkspaceMenuStructure (186)
[2018.01.22-12.58.29:503][988]LogModuleManager: Shutting down and abandoning module SlateReflector (180)
[2018.01.22-12.58.29:503][988]LogModuleManager: Shutting down and abandoning module Slate (178)
[2018.01.22-12.58.29:503][988]LogModuleManager: Shutting down and abandoning module EditorStyle (176)
[2018.01.22-12.58.29:505][988]LogModuleManager: Shutting down and abandoning module SourceCodeAccess (174)
[2018.01.22-12.58.29:505][988]LogModuleManager: Shutting down and abandoning module HeadMountedDisplay (172)
[2018.01.22-12.58.29:505][988]LogModuleManager: Shutting down and abandoning module XAudio2 (170)
[2018.01.22-12.58.29:505][988]LogModuleManager: Shutting down and abandoning module Networking (168)
[2018.01.22-12.58.29:505][988]LogModuleManager: Shutting down and abandoning module Core (164)
[2018.01.22-12.58.29:505][988]LogModuleManager: Shutting down and abandoning module AssetRegistry (162)
[2018.01.22-12.58.30:352][988]LogDirectoryWatcher: A directory notification for '../../../Engine/Content/' was aborted.
[2018.01.22-12.58.30:352][988]LogDirectoryWatcher: A directory notification for '../../../Engine/Plugins/2D/Paper2D/Content/' was aborted.
[2018.01.22-12.58.30:352][988]LogDirectoryWatcher: A directory notification for '../../../Engine/Plugins/Runtime/GearVR/Content/' was aborted.
[2018.01.22-12.58.30:354][988]LogModuleManager: Shutting down and abandoning module DirectoryWatcher (161)
[2018.01.22-12.58.30:354][988]LogModuleManager: Shutting down and abandoning module KismetCompiler (158)
[2018.01.22-12.58.30:354][988]LogModuleManager: Shutting down and abandoning module PhysXFormats (156)
[2018.01.22-12.58.30:354][988]LogModuleManager: Shutting down and abandoning module MeshUtilities (154)
[2018.01.22-12.58.30:354][988]LogModuleManager: Shutting down and abandoning module SimplygonSwarm (153)
[2018.01.22-12.58.30:354][988]LogModuleManager: Shutting down and abandoning module SimplygonMeshReduction (151)
[2018.01.22-12.58.30:354][988]LogModuleManager: Shutting down and abandoning module QuadricMeshReduction (149)
[2018.01.22-12.58.30:354][988]LogModuleManager: Shutting down and abandoning module LevelSequence (146)
[2018.01.22-12.58.30:354][988]LogModuleManager: Shutting down and abandoning module DerivedDataCache (144)
[2018.01.22-12.58.30:445][988]LogDerivedDataCache: Shutdown
[2018.01.22-12.58.30:445][988]LogModuleManager: Shutting down and abandoning module TargetPlatform (142)
[2018.01.22-12.58.30:445][988]LogModuleManager: Shutting down and abandoning module VulkanShaderFormat (141)
[2018.01.22-12.58.30:445][988]LogModuleManager: Shutting down and abandoning module ShaderFormatVectorVM (139)
[2018.01.22-12.58.30:445][988]LogModuleManager: Shutting down and abandoning module ShaderFormatOpenGL (137)
[2018.01.22-12.58.30:445][988]LogModuleManager: Shutting down and abandoning module ShaderFormatD3D (135)
[2018.01.22-12.58.30:445][988]LogModuleManager: Shutting down and abandoning module MetalShaderFormat (133)
[2018.01.22-12.58.30:445][988]LogModuleManager: Shutting down and abandoning module TextureFormatUncompressed (131)
[2018.01.22-12.58.30:445][988]LogModuleManager: Shutting down and abandoning module TextureFormatPVR (129)
[2018.01.22-12.58.30:445][988]LogModuleManager: Shutting down and abandoning module TextureFormatDXT (127)
[2018.01.22-12.58.30:445][988]LogModuleManager: Shutting down and abandoning module TextureFormatIntelISPCTexComp (125)
[2018.01.22-12.58.30:445][988]LogModuleManager: Shutting down and abandoning module TextureFormatASTC (123)
[2018.01.22-12.58.30:445][988]LogModuleManager: Shutting down and abandoning module ImageWrapper (122)
[2018.01.22-12.58.30:445][988]LogModuleManager: Shutting down and abandoning module TextureFormatAndroid (119)
[2018.01.22-12.58.30:445][988]LogModuleManager: Shutting down and abandoning module AudioFormatOpus (117)
[2018.01.22-12.58.30:445][988]LogModuleManager: Shutting down and abandoning module AudioFormatOgg (115)
[2018.01.22-12.58.30:445][988]LogModuleManager: Shutting down and abandoning module AudioFormatADPCM (113)
[2018.01.22-12.58.30:445][988]LogModuleManager: Shutting down and abandoning module LinuxTargetPlatform (111)
[2018.01.22-12.58.30:445][988]LogModuleManager: Shutting down and abandoning module LinuxServerTargetPlatform (109)
[2018.01.22-12.58.30:445][988]LogModuleManager: Shutting down and abandoning module LinuxNoEditorTargetPlatform (107)
[2018.01.22-12.58.30:445][988]LogModuleManager: Shutting down and abandoning module LinuxClientTargetPlatform (105)
[2018.01.22-12.58.30:445][988]LogModuleManager: Shutting down and abandoning module TVOSTargetPlatform (103)
[2018.01.22-12.58.30:445][988]LogModuleManager: Shutting down and abandoning module Messaging (101)
[2018.01.22-12.58.30:445][988]LogModuleManager: Shutting down and abandoning module IOSTargetPlatform (99)
[2018.01.22-12.58.30:445][988]LogModuleManager: Shutting down and abandoning module HTML5TargetPlatform (97)
[2018.01.22-12.58.30:445][988]LogModuleManager: Shutting down and abandoning module Android_PVRTCTargetPlatform (95)
[2018.01.22-12.58.30:445][988]LogModuleManager: Shutting down and abandoning module Android_MultiTargetPlatform (93)
[2018.01.22-12.58.30:445][988]LogModuleManager: Shutting down and abandoning module Android_ETC2TargetPlatform (91)
[2018.01.22-12.58.30:445][988]LogModuleManager: Shutting down and abandoning module Android_ETC1TargetPlatform (89)
[2018.01.22-12.58.30:445][988]LogModuleManager: Shutting down and abandoning module Android_DXTTargetPlatform (87)
[2018.01.22-12.58.30:445][988]LogModuleManager: Shutting down and abandoning module Android_ATCTargetPlatform (85)
[2018.01.22-12.58.30:445][988]LogModuleManager: Shutting down and abandoning module Android_ASTCTargetPlatform (83)
[2018.01.22-12.58.30:445][988]LogModuleManager: Shutting down and abandoning module AndroidTargetPlatform (81)
[2018.01.22-12.58.30:445][988]LogModuleManager: Shutting down and abandoning module WindowsTargetPlatform (79)
[2018.01.22-12.58.30:445][988]LogModuleManager: Shutting down and abandoning module WindowsServerTargetPlatform (77)
[2018.01.22-12.58.30:445][988]LogModuleManager: Shutting down and abandoning module WindowsNoEditorTargetPlatform (75)
[2018.01.22-12.58.30:445][988]LogModuleManager: Shutting down and abandoning module WindowsClientTargetPlatform (73)
[2018.01.22-12.58.30:445][988]LogModuleManager: Shutting down and abandoning module MacTargetPlatform (71)
[2018.01.22-12.58.30:445][988]LogModuleManager: Shutting down and abandoning module MacServerTargetPlatform (69)
[2018.01.22-12.58.30:445][988]LogModuleManager: Shutting down and abandoning module MacNoEditorTargetPlatform (67)
[2018.01.22-12.58.30:445][988]LogModuleManager: Shutting down and abandoning module MacClientTargetPlatform (65)
[2018.01.22-12.58.30:445][988]LogModuleManager: Shutting down and abandoning module AllDesktopTargetPlatform (63)
[2018.01.22-12.58.30:445][988]LogModuleManager: Shutting down and abandoning module InputCore (60)
[2018.01.22-12.58.30:445][988]LogModuleManager: Shutting down and abandoning module Settings (58)
[2018.01.22-12.58.30:445][988]LogModuleManager: Shutting down and abandoning module OculusRift (56)
[2018.01.22-12.58.30:445][988]LogModuleManager: Shutting down and abandoning module GearVRController (54)
[2018.01.22-12.58.30:445][988]LogModuleManager: Shutting down and abandoning module GearVR (52)
[2018.01.22-12.58.30:445][988]LogModuleManager: Shutting down and abandoning module ExampleDeviceProfileSelector (50)
[2018.01.22-12.58.30:445][988]LogModuleManager: Shutting down and abandoning module OnlineBlueprintSupport (48)
[2018.01.22-12.58.30:445][988]LogModuleManager: Shutting down and abandoning module OnlineSubsystem (44)
[2018.01.22-12.58.30:445][988]LogOnline:Display: Unloading online subsystem: NULL
[2018.01.22-12.58.30:445][988]LogModuleManager: Shutting down and abandoning module XMPP (43)
[2018.01.22-12.58.30:445][988]LogModuleManager: Shutting down and abandoning module HTTP (41)
[2018.01.22-12.58.30:446][988]LogHttp:Display: Http module shutting down, but needs to wait on 1 outstanding Http requests:
[2018.01.22-12.58.30:446][988]LogHttp:Display: 	verb=[POST] url=[https://datarouter.ol.epicgames.com/datarouter/api/v1/public/data?SessionID=%7B9DE21876-4552-FB54-2EDF-F1A8846FB7D9%7D&AppID=UEEditor.Rocket.Release&AppVersion=4.16.3-3561208%2B%2B%2BUE4%2BRelease-4.16&UserID=097fc2924d7328b8fd25fba71501f0a2%7C12651698e6ba45579cb8bdc8d39181e8%7Cf2eaebd3-5d71-4529-9362-09330573cf79&AppEnvironment=datacollector-binary&UploadType=eteventstream] status=Processing
[2018.01.22-12.58.30:474][988]LogModuleManager: Shutting down and abandoning module SSL (40)
[2018.01.22-12.58.30:476][988]LogModuleManager: Shutting down and abandoning module HTTPChunkInstaller (36)
[2018.01.22-12.58.30:476][988]LogModuleManager: Shutting down and abandoning module AnimationModifiers (34)
[2018.01.22-12.58.30:476][988]LogModuleManager: Shutting down and abandoning module PropertyEditor (33)
[2018.01.22-12.58.30:476][988]LogModuleManager: Shutting down and abandoning module AudioEditor (30)
[2018.01.22-12.58.30:476][988]LogModuleManager: Shutting down and abandoning module TextureCompressor (28)
[2018.01.22-12.58.30:476][988]LogModuleManager: Shutting down and abandoning module ShaderCore (26)
[2018.01.22-12.58.30:476][988]LogModuleManager: Shutting down and abandoning module Landscape (24)
[2018.01.22-12.58.30:476][988]LogModuleManager: Shutting down and abandoning module SlateRHIRenderer (22)
[2018.01.22-12.58.30:477][988]LogModuleManager: Shutting down and abandoning module OpenGLDrv (20)
[2018.01.22-12.58.30:477][988]LogModuleManager: Shutting down and abandoning module D3D11RHI (18)
[2018.01.22-12.58.30:477][988]LogModuleManager: Shutting down and abandoning module AnimGraphRuntime (16)
[2018.01.22-12.58.30:477][988]LogModuleManager: Shutting down and abandoning module Renderer (14)
[2018.01.22-12.58.30:477][988]LogModuleManager: Shutting down and abandoning module Engine (12)
[2018.01.22-12.58.30:477][988]LogModuleManager: Shutting down and abandoning module CoreUObject (10)
[2018.01.22-12.58.30:477][988]LogModuleManager: Shutting down and abandoning module NetworkFile (8)
[2018.01.22-12.58.30:477][988]LogModuleManager: Shutting down and abandoning module StreamingFile (6)
[2018.01.22-12.58.30:477][988]LogModuleManager: Shutting down and abandoning module SandboxFile (4)
[2018.01.22-12.58.30:477][988]LogModuleManager: Shutting down and abandoning module PakFile (2)
[2018.01.22-12.58.30:478][988]LogExit: Exiting.
[2018.01.22-12.58.30:493][988]Log file closed, 01/22/18 12:58:30
