Log file open, 03/04/18 16:37:51
LogInit:Display: Running engine for game: PeterIsTheCaptain
LogPlatformFile: Not using cached read wrapper
LogInit:Display: RandInit(333540165) SRandInit(333540165).
LogTaskGraph: Started task graph with 5 named threads and 10 total threads with 1 sets of task threads.
LogStats: Stats thread started at 0.094383
LogInit: Using libcurl 7.47.1
LogInit:  - built for x86_64-pc-win32
LogInit:  - supports SSL with OpenSSL/1.0.2g
LogInit:  - supports HTTP deflate (compression) using libz 1.2.8
LogInit:  - other features:
LogInit:      CURL_VERSION_SSL
LogInit:      CURL_VERSION_LIBZ
LogInit:      CURL_VERSION_IPV6
LogInit:      CURL_VERSION_ASYNCHDNS
LogInit:      CURL_VERSION_LARGEFILE
LogInit:      CURL_VERSION_IDN
LogInit:  CurlRequestOptions (configurable via config and command line):
LogInit:  - bVerifyPeer = false  - Libcurl will NOT verify peer certificate
LogInit:  - bUseHttpProxy = false  - Libcurl will NOT use HTTP proxy
LogInit:  - bDontReuseConnections = false  - Libcurl will reuse connections
LogInit:  - CertBundlePath = nullptr  - Libcurl will use whatever was configured at build time.
LogInit: Build: ++UE4+Release-4.16-CL-3561208
LogInit: Engine Version: 4.16.3-3561208+++UE4+Release-4.16
LogInit: Compatible Engine Version: 4.16.0-3452394+++UE4+Release-4.16
LogInit: Net CL: 3452394
LogDevObjectVersion: Number of dev versions registered: 16
LogDevObjectVersion:   Dev-Blueprints (B0D832E4-1F89-4F0D-ACCF-7EB736FD4AA2): 9
LogDevObjectVersion:   Dev-Build (E1C64328-A22C-4D53-A36C-8E866417BD8C): 0
LogDevObjectVersion:   Dev-Core (375EC13C-06E4-48FB-B500-84F0262A717E): 2
LogDevObjectVersion:   Dev-Editor (E4B068ED-F494-42E9-A231-DA0B2E46BB41): 17
LogDevObjectVersion:   Dev-Framework (CFFC743F-43B0-4480-9391-14DF171D2073): 23
LogDevObjectVersion:   Dev-Mobile (B02B49B5-BB20-44E9-A304-32B752E40360): 0
LogDevObjectVersion:   Dev-Networking (A4E4105C-59A1-49B5-A7C5-40C4547EDFEE): 0
LogDevObjectVersion:   Dev-Online (39C831C9-5AE6-47DC-9A44-9C173E1C8E7C): 0
LogDevObjectVersion:   Dev-Physics (78F01B33-EBEA-4F98-B9B4-84EACCB95AA2): 0
LogDevObjectVersion:   Dev-Platform (6631380F-2D4D-43E0-8009-CF276956A95A): 0
LogDevObjectVersion:   Dev-Rendering (12F88B9F-8875-4AFC-A67C-D90C383ABD29): 15
LogDevObjectVersion:   Dev-Sequencer (7B5AE74C-D270-4C10-A958-57980B212A5A): 4
LogDevObjectVersion:   Dev-VR (D7296918-1DD6-4BDD-9DE2-64A83CC13884): 0
LogDevObjectVersion:   Dev-LoadTimes (C2A15278-BFE7-4AFE-6C17-90FF531DF755): 1
LogDevObjectVersion:   Private-Geometry (6EACA3D4-40EC-4CC1-B786-8BED09428FC5): 1
LogDevObjectVersion:   Dev-AnimPhys (29E575DD-E0A3-4627-9D10-D276232CDCEA): 3
LogInit: Compiled (64-bit): Jul 28 2017 11:49:47
LogInit: Compiled with Visual C++: 19.00.24215.01
LogInit: Build Configuration: Development
LogInit: Branch Name: ++UE4+Release-4.16
LogInit: Command line:  
LogInit: Base directory: D:/Unreal Engine/UE_4.16/Engine/Binaries/Win64/
LogInit: Installed Engine Build: 1
LogInit: Presizing for max 8388607 objects, including 0 objects not considered by GC, pre-allocating 0 bytes for permanent pool.
LogInit: Object subsystem initialized
[2018.03.04-16.37.52:258][  0]LogInit: Selected Device Profile: [Windows]
[2018.03.04-16.37.52:258][  0]LogInit: Applying CVar settings loaded from the selected device profile: [Windows]
[2018.03.04-16.37.52:268][  0]LogInit: Computer: DESKTOP-HPDLR00
[2018.03.04-16.37.52:268][  0]LogInit: User: MikeyTBS
[2018.03.04-16.37.52:268][  0]LogInit: CPU Page size=4096, Cores=6
[2018.03.04-16.37.52:268][  0]LogInit: High frequency timer resolution =3.609380 MHz
[2018.03.04-16.37.52:268][  0]LogMemory: Memory total: Physical=15.9GB (16GB approx)
[2018.03.04-16.37.52:268][  0]LogMemory: Platform Memory Stats for Windows
[2018.03.04-16.37.52:268][  0]LogMemory: Process Physical Memory: 275.04 MB used, 275.04 MB peak
[2018.03.04-16.37.52:268][  0]LogMemory: Process Virtual Memory: 271.04 MB used, 271.04 MB peak
[2018.03.04-16.37.52:268][  0]LogMemory: Physical Memory: 4399.84 MB used,  11924.32 MB free, 16324.16 MB total
[2018.03.04-16.37.52:268][  0]LogMemory: Virtual Memory: 685.25 MB used,  11924.32 MB free, 134217728.00 MB total
[2018.03.04-16.37.52:302][  0]LogInit: Using OS detected language (en-GB).
[2018.03.04-16.37.52:302][  0]LogInit: Using OS detected locale (en-GB).
[2018.03.04-16.37.52:304][  0]LogTextLocalizationManager: No specific localization for 'en-GB' exists, so the 'en' localization will be used.
[2018.03.04-16.37.52:954][  0]LogD3D11RHI: D3D11 adapters:
[2018.03.04-16.37.52:992][  0]LogD3D11RHI:    0. 'NVIDIA GeForce GTX 1060 6GB' (Feature Level 11_0)
[2018.03.04-16.37.52:992][  0]LogD3D11RHI:       6061/0/8162 MB DedicatedVideo/DedicatedSystem/SharedSystem, Outputs:1, VendorId:0x10de
[2018.03.04-16.37.52:993][  0]LogD3D11RHI:    1. 'Microsoft Basic Render Driver' (Feature Level 11_0)
[2018.03.04-16.37.52:993][  0]LogD3D11RHI:       0/0/8162 MB DedicatedVideo/DedicatedSystem/SharedSystem, Outputs:0, VendorId:0x1414
[2018.03.04-16.37.52:993][  0]LogD3D11RHI: Chosen D3D11 Adapter: 0
[2018.03.04-16.37.52:997][  0]LogD3D11RHI: Creating new Direct3DDevice
[2018.03.04-16.37.52:997][  0]LogD3D11RHI:     GPU DeviceId: 0x1c03 (for the marketing name, search the web for "GPU Device Id")
[2018.03.04-16.37.52:997][  0]LogWindows: EnumDisplayDevices:
[2018.03.04-16.37.52:997][  0]LogWindows:    0. 'NVIDIA GeForce GTX 1060 6GB' (P:1 D:1)
[2018.03.04-16.37.52:998][  0]LogWindows:    1. 'NVIDIA GeForce GTX 1060 6GB' (P:0 D:0)
[2018.03.04-16.37.52:998][  0]LogWindows:    2. 'NVIDIA GeForce GTX 1060 6GB' (P:0 D:0)
[2018.03.04-16.37.52:998][  0]LogWindows:    3. 'NVIDIA GeForce GTX 1060 6GB' (P:0 D:0)
[2018.03.04-16.37.52:998][  0]LogWindows: DebugString: GetVideoDriverDetailsInvalid PrimaryIsNotTheChoosenAdapter GetVideoDriverDetailsInvalid PrimaryIsNotTheChoosenAdapter GetVideoDriverDetailsInvalid PrimaryIsNotTheChoosenAdapter GetVideoDriverDetailsInvalid PrimaryIsNotTheChoosenAdapter FoundDriverCount:0 
[2018.03.04-16.37.52:998][  0]LogD3D11RHI:     Adapter Name: NVIDIA GeForce GTX 1060 6GB
[2018.03.04-16.37.52:998][  0]LogD3D11RHI:   Driver Version: Unknown (internal:Unknown, unified:Unknown)
[2018.03.04-16.37.52:998][  0]LogD3D11RHI:      Driver Date: Unknown
[2018.03.04-16.37.52:998][  0]LogRHI: Texture pool is 1361 MB (70% of 1945 MB)
[2018.03.04-16.37.53:017][  0]LogD3D11RHI: Async texture creation enabled
[2018.03.04-16.37.53:026][  0]LogD3D11RHI: GPU Timing Frequency: 1000.000000 (Debug: 2 1)
[2018.03.04-16.37.53:074][  0]LogShaderCompilers: Guid format shader working directory is -26 characters bigger than the processId version (C:/Users/MikeyTBS/Documents/GitHub/Group-E-Ass2-Game/PeterIsTheCaptain V0.2/Intermediate/Shaders/WorkingDirectory/6248/).
[2018.03.04-16.37.53:074][  0]LogShaderCompilers: Cleaned the shader compiler working directory 'C:/Users/MikeyTBS/AppData/Local/Temp/UnrealShaderWorkingDir/DF58944647F4B7EAC75D8A8FE8419B2E/'.
[2018.03.04-16.37.53:074][  0]LogShaderCompilers:Display: Using Local Shader Compiler.
[2018.03.04-16.37.53:833][  0]LogTemp:Display: Loaded TP AllDesktopTargetPlatform
[2018.03.04-16.37.53:862][  0]LogTemp:Display: Loaded TP MacClientTargetPlatform
[2018.03.04-16.37.53:891][  0]LogTemp:Display: Loaded TP MacNoEditorTargetPlatform
[2018.03.04-16.37.53:919][  0]LogTemp:Display: Loaded TP MacServerTargetPlatform
[2018.03.04-16.37.53:948][  0]LogTemp:Display: Loaded TP MacTargetPlatform
[2018.03.04-16.37.53:977][  0]LogTemp:Display: Loaded TP WindowsClientTargetPlatform
[2018.03.04-16.37.54:006][  0]LogTemp:Display: Loaded TP WindowsNoEditorTargetPlatform
[2018.03.04-16.37.54:035][  0]LogTemp:Display: Loaded TP WindowsServerTargetPlatform
[2018.03.04-16.37.54:060][  0]LogTemp:Display: Loaded TP WindowsTargetPlatform
[2018.03.04-16.37.54:089][  0]LogTemp:Display: Loaded TP AndroidTargetPlatform
[2018.03.04-16.37.54:117][  0]LogTemp:Display: Loaded TP Android_ASTCTargetPlatform
[2018.03.04-16.37.54:145][  0]LogTemp:Display: Loaded TP Android_ATCTargetPlatform
[2018.03.04-16.37.54:173][  0]LogTemp:Display: Loaded TP Android_DXTTargetPlatform
[2018.03.04-16.37.54:201][  0]LogTemp:Display: Loaded TP Android_ETC1TargetPlatform
[2018.03.04-16.37.54:229][  0]LogTemp:Display: Loaded TP Android_ETC2TargetPlatform
[2018.03.04-16.37.54:286][  0]LogTemp:Display: Loaded TP Android_MultiTargetPlatform
[2018.03.04-16.37.54:286][  0]LogTemp:Display: Loaded TP Android_PVRTCTargetPlatform
[2018.03.04-16.37.54:307][  0]LogTemp:Display: Loaded TP HTML5TargetPlatform
[2018.03.04-16.37.54:367][  0]LogTemp:Display: Loaded TP IOSTargetPlatform
[2018.03.04-16.37.54:385][  0]LogTemp:Display: Loaded TP TVOSTargetPlatform
[2018.03.04-16.37.54:413][  0]LogTemp:Display: Loaded TP LinuxClientTargetPlatform
[2018.03.04-16.37.54:441][  0]LogTemp:Display: Loaded TP LinuxNoEditorTargetPlatform
[2018.03.04-16.37.54:469][  0]LogTemp:Display: Loaded TP LinuxServerTargetPlatform
[2018.03.04-16.37.54:498][  0]LogTemp:Display: Loaded TP LinuxTargetPlatform
[2018.03.04-16.37.54:498][  0]LogTargetPlatformManager:Display: Building Assets For Windows
[2018.03.04-16.37.54:752][  0]LogDerivedDataCache:Display: Max Cache Size: 512 MB
[2018.03.04-16.37.54:808][  0]LogDerivedDataCache: Loaded boot cache 0.06s 90MB C:/Users/MikeyTBS/AppData/Local/UnrealEngine/4.16/DerivedDataCache/Boot.ddc.
[2018.03.04-16.37.54:808][  0]LogDerivedDataCache:Display: Loaded Boot cache: C:/Users/MikeyTBS/AppData/Local/UnrealEngine/4.16/DerivedDataCache/Boot.ddc
[2018.03.04-16.37.54:808][  0]LogDerivedDataCache: FDerivedDataBackendGraph:  Pak pak cache file C:/Users/MikeyTBS/Documents/GitHub/Group-E-Ass2-Game/PeterIsTheCaptain V0.2/DerivedDataCache/DDC.ddp not found, will not use a pak cache.
[2018.03.04-16.37.54:808][  0]LogDerivedDataCache: Unable to find inner node Pak for hierarchical cache Hierarchy.
[2018.03.04-16.37.54:808][  0]LogDerivedDataCache: FDerivedDataBackendGraph:  CompressedPak pak cache file C:/Users/MikeyTBS/Documents/GitHub/Group-E-Ass2-Game/PeterIsTheCaptain V0.2/DerivedDataCache/Compressed.ddp not found, will not use a pak cache.
[2018.03.04-16.37.54:808][  0]LogDerivedDataCache: Unable to find inner node CompressedPak for hierarchical cache Hierarchy.
[2018.03.04-16.37.54:819][  0]LogDerivedDataCache:Display: Pak cache opened for reading ../../../Engine/DerivedDataCache/Compressed.ddp.
[2018.03.04-16.37.54:831][  0]LogDerivedDataCache: Using Local data cache path C:/Users/MikeyTBS/AppData/Local/UnrealEngine/Common/DerivedDataCache: Writable
[2018.03.04-16.37.54:838][  0]LogMaterial: Verifying Global Shaders for PCD3D_SM5
[2018.03.04-16.37.54:838][  0]LogSlate: Using Freetype 2.6.0
[2018.03.04-16.37.54:839][  0]LogSlate: SlateFontCache - WITH_FREETYPE: 1, WITH_HARFBUZZ: 1
[2018.03.04-16.37.54:839][  0]LogSlate: SlateFontCache - WITH_FREETYPE: 1, WITH_HARFBUZZ: 1
[2018.03.04-16.37.55:059][  0]LogInit: Selected Device Profile: [Windows]
[2018.03.04-16.37.55:103][  0]LogContentStreaming: Texture pool size is 0.00 MB
[2018.03.04-16.37.55:200][  0]LogMeshUtilities: Using QuadricMeshReduction for automatic static mesh reduction
[2018.03.04-16.37.55:224][  0]LogSimplygon: Simplygon DLL not present - disabling.
[2018.03.04-16.37.55:248][  0]LogMeshUtilities: Using SimplygonSwarm for distributed automatic mesh merging
[2018.03.04-16.37.55:248][  0]LogMeshUtilities: No automatic skeletal mesh reduction module available
[2018.03.04-16.37.55:248][  0]LogMeshUtilities: No automatic mesh merging module available
[2018.03.04-16.37.55:567][  0]LogNetVersion: PeterIsTheCaptain , NetCL: 3452394, EngineNetVer: 2, GameNetVer: 0 (Checksum: 1858553666)
[2018.03.04-16.37.55:612][  0]LogAssetRegistry: FAssetRegistry took 0.0240 seconds to start up
[2018.03.04-16.37.55:651][  0]LogPackageLocalizationCache: Processed 4 localized package path(s) for 2 prioritized culture(s) in 0.028080 seconds
[2018.03.04-16.37.55:655][  0]LogUObjectArray: 34194 objects as part of root set at end of initial load.
[2018.03.04-16.37.55:655][  0]LogUObjectAllocator: 7260424 out of 0 bytes used by permanent object pool.
[2018.03.04-16.37.55:655][  0]LogUObjectArray: CloseDisregardForGC: 0/0 objects in disregard for GC pool
[2018.03.04-16.37.55:687][  0]LogInit: WinSock: version 1.1 (2.2), MaxSocks=32767, MaxUdp=65467
[2018.03.04-16.37.57:105][  0]LogTcpMessaging: Initializing TcpMessaging bridge
[2018.03.04-16.37.57:131][  0]LogUdpMessaging: Initializing bridge on interface 0.0.0.0:0 to multicast group 230.0.0.1:6666.
[2018.03.04-16.37.57:436][  0]LogMaterial: Uniform references updated for custom material expression Custom.
[2018.03.04-16.37.57:658][  0]SourceControl: Info Source control is disabled
[2018.03.04-16.37.57:658][  0]SourceControl: Info Source control is disabled
[2018.03.04-16.37.57:686][  0]SourceControl: Info Source control is disabled
[2018.03.04-16.37.57:714][  0]SourceControl: Info Source control is disabled
[2018.03.04-16.37.58:073][  0]LogAndroidPermission: UAndroidPermissionCallbackProxy::GetInstance
[2018.03.04-16.37.58:407][  0]LogEngine: Initializing Engine...
[2018.03.04-16.37.58:408][  0]LogHMD: Failed to initialize OpenVR with code 110
[2018.03.04-16.37.58:533][  0]LogStats: UGameplayTagsManager::ConstructGameplayTagTree: Construct from data asset -  0.000 s
[2018.03.04-16.37.58:533][  0]LogStats: UGameplayTagsManager::ConstructGameplayTagTree: GameplayTagTreeChangedEvent.Broadcast -  0.000 s
[2018.03.04-16.37.58:600][  0]LogAIModule: Creating AISystem for world Untitled
[2018.03.04-16.37.58:606][  0]LogInit: XAudio2 using 'Speakers (High Definition Audio Device)' : 2 channels at 48 kHz using 16 bits per sample (channel mask 0x3)
[2018.03.04-16.37.58:615][  0]LogInit: FAudioDevice initialized.
[2018.03.04-16.37.58:645][  0]LogDerivedDataCache: Saved boot cache 0.03s 90MB C:/Users/MikeyTBS/AppData/Local/UnrealEngine/4.16/DerivedDataCache/Boot.ddc.
[2018.03.04-16.37.58:651][  0]LogInit: Texture streaming: Enabled
[2018.03.04-16.37.58:700][  0]LogEngineSessionManager: EngineSessionManager initialized
[2018.03.04-16.37.58:812][  0]LogInit: Transaction tracking system initialized
[2018.03.04-16.37.58:973][  0]BlueprintLog: New page: Editor Load
[2018.03.04-16.37.59:454][  0]LocalizationService: Info Localization service is disabled
[2018.03.04-16.37.59:826][  0]LogConsoleResponse:Display: 
[2018.03.04-16.37.59:918][  0]LogCook:Display: Max memory allowance for cook 16384mb min free memory 0mb
[2018.03.04-16.37.59:918][  0]LogCook:Display: Mobile HDR setting 1
[2018.03.04-16.38.00:450][  0]LogFileCache: Scanning file cache for directory 'C:/Users/MikeyTBS/Documents/GitHub/Group-E-Ass2-Game/PeterIsTheCaptain V0.2/Content/' took 0.01s
[2018.03.04-16.38.00:450][  0]SourceControl: Info Source control is disabled
[2018.03.04-16.38.00:450][  0]Cmd: MAP LOAD FILE="C:/Users/MikeyTBS/Documents/GitHub/Group-E-Ass2-Game/PeterIsTheCaptain V0.2/Content/Levels/MainMenu.umap" TEMPLATE=0 SHOWPROGRESS=1 FEATURELEVEL=3
[2018.03.04-16.38.00:453][  0]LightingResults: New page: Lighting Build
[2018.03.04-16.38.00:475][  0]MapCheck: New page: Map Check
[2018.03.04-16.38.00:475][  0]LightingResults: New page: Lighting Build
[2018.03.04-16.38.00:515][  0]LogAIModule: Creating AISystem for world MainMenu
[2018.03.04-16.38.00:516][  0]LogEditorServer: Finished looking for orphan Actors (0.000 secs)
[2018.03.04-16.38.00:523][  0]Cmd: MAP CHECKDEP NOCLEARLOG
[2018.03.04-16.38.00:546][  0]MapCheck: Info Map check complete: 0 Error(s), 0 Warning(s), took 23.582ms to complete.
[2018.03.04-16.38.00:546][  0]LogFileHelpers: Loading map 'MainMenu' took 0.096
[2018.03.04-16.38.00:690][  0]LogCollectionManager: Loaded 0 collections in 0.000641 seconds
[2018.03.04-16.38.00:747][  0]LogFileCache: Scanning file cache for directory 'C:/Users/MikeyTBS/Documents/GitHub/Group-E-Ass2-Game/PeterIsTheCaptain V0.2/Saved/Collections/' took 0.01s
[2018.03.04-16.38.00:747][  0]LogFileCache: Scanning file cache for directory 'C:/Users/MikeyTBS/Documents/GitHub/Group-E-Ass2-Game/PeterIsTheCaptain V0.2/Content/Developers/MikeyTBS/Collections/' took 0.01s
[2018.03.04-16.38.00:747][  0]LogFileCache: Scanning file cache for directory 'C:/Users/MikeyTBS/Documents/GitHub/Group-E-Ass2-Game/PeterIsTheCaptain V0.2/Content/Collections/' took 0.01s
[2018.03.04-16.38.00:747][  0]LogCollectionManager: Rebuilt the GUID cache for 0 collections in 0.000001 seconds
[2018.03.04-16.38.00:753][  0]LogContentBrowser: Native class hierarchy populated in 0.0065 seconds. Added 2329 classes and 491 folders.
[2018.03.04-16.38.00:791][  0]LogContentBrowser: Native class hierarchy updated for 'WidgetCarousel' in 0.0004 seconds. Added 0 classes and 0 folders.
[2018.03.04-16.38.02:214][  0]LogContentBrowser: Native class hierarchy updated for 'AddContentDialog' in 0.0004 seconds. Added 0 classes and 0 folders.
[2018.03.04-16.38.02:267][  0]LogContentBrowser: Native class hierarchy updated for 'SceneOutliner' in 0.0004 seconds. Added 1 classes and 2 folders.
[2018.03.04-16.38.02:405][  0]LogCrashTracker: Crashtracker disabled due to settings.
[2018.03.04-16.38.02:408][  0]LogSlate: Took 0.000157 seconds to synchronously load lazily loaded font '../../../Engine/Content/Slate/Fonts/Roboto-Regular.ttf' (155K)
[2018.03.04-16.38.02:410][  0]LogSlate: Took 0.000114 seconds to synchronously load lazily loaded font '../../../Engine/Content/Slate/Fonts/Roboto-Bold.ttf' (160K)
[2018.03.04-16.38.02:463][  0]LogSlate: Took 0.049760 seconds to synchronously load lazily loaded font '../../../Engine/Content/Editor/Slate/Fonts/FontAwesome.ttf' (139K)
[2018.03.04-16.38.02:572][  0]LogRenderer: Reallocating scene render targets to support 1324x576 NumSamples 1 (Frame:1).
[2018.03.04-16.38.02:657][  0]LogUObjectGlobals:Warning: Failed to find object 'Class None.'
[2018.03.04-16.38.02:701][  0]LogContentBrowser: Native class hierarchy updated for 'HierarchicalLODOutliner' in 0.0004 seconds. Added 1 classes and 2 folders.
[2018.03.04-16.38.02:701][  0]LogLoad: (Engine Initialization) Total time: 11.59 seconds
[2018.03.04-16.38.02:701][  0]LogLoad: (Engine Initialization) Total Blueprint compile time: 0.03 seconds
[2018.03.04-16.38.02:701][  0]LogExternalProfiler: Found external profiler: VSPerf
[2018.03.04-16.38.02:701][  0]LogExternalProfiler: Using external profiler: VSPerf
[2018.03.04-16.38.03:040][  0]LogOcInput: OculusInput pre-init called
[2018.03.04-16.38.03:040][  0]LogHMD: Starting GearVRController plugin
[2018.03.04-16.38.03:057][  0]LogContentStreaming: Texture pool size now 1000 MB
[2018.03.04-16.38.03:183][  0]LogSlate: Took 0.017570 seconds to synchronously load lazily loaded font '../../../Engine/Content/Slate/Fonts/Roboto-Light.ttf' (159K)
[2018.03.04-16.38.03:379][  1]LogAssetRegistry: Asset discovery search completed in 7.7891 seconds
[2018.03.04-16.38.03:381][  1]LogCollectionManager: Rebuilt the object cache for 0 collections in 0.000000 seconds (found 0 objects)
[2018.03.04-16.38.03:381][  1]LogCollectionManager: Fixed up redirectors for 0 collections in 0.000019 seconds (updated 0 objects)
[2018.03.04-16.38.47:366][722]LogSlate: Took 0.000101 seconds to synchronously load lazily loaded font '../../../Engine/Content/Slate/Fonts/Roboto-Light.ttf' (159K)
[2018.03.04-16.38.47:806][722]LogAIModule: Creating AISystem for world Map1
[2018.03.04-16.38.47:822][722]Cmd: MAP LOAD FILE="C:/Users/MikeyTBS/Documents/GitHub/Group-E-Ass2-Game/PeterIsTheCaptain V0.2/Content/Maps/Map1.umap" TEMPLATE=0 SHOWPROGRESS=1 FEATURELEVEL=3
[2018.03.04-16.38.47:822][722]LightingResults: New page: Lighting Build
[2018.03.04-16.38.47:823][722]LoadErrors: New page: Loading map: Map1.umap
[2018.03.04-16.38.47:823][722]MapCheck: New page: Map Check
[2018.03.04-16.38.47:823][722]LightingResults: New page: Lighting Build
[2018.03.04-16.38.47:893][722]LogEditorServer: Finished looking for orphan Actors (0.000 secs)
[2018.03.04-16.38.47:926][722]Cmd: MAP CHECKDEP NOCLEARLOG
[2018.03.04-16.38.47:952][722]MapCheck: Info Map check complete: 0 Error(s), 0 Warning(s), took 25.473ms to complete.
[2018.03.04-16.38.47:952][722]LogFileHelpers: Loading map 'Map1' took 0.130
[2018.03.04-16.39.42:688][174]LogEditorViewport: Clicking on Actor (LMB): StaticMeshActor (Floor)
[2018.03.04-16.39.43:482][257]LogEditorViewport: Clicking on Actor (LMB): Camera_1_C (Camera_1)
[2018.03.04-16.39.59:309][999]Cmd: TRANSACTION UNDO
[2018.03.04-16.39.59:309][999]LogEditorTransaction: Undo Move Actors
[2018.03.04-16.39.59:347][999]LogSlate: Took 0.000180 seconds to synchronously load lazily loaded font '../../../Engine/Content/Slate/Fonts/Roboto-Light.ttf' (159K)
[2018.03.04-16.40.58:846][333]LogEditorViewport: Clicking on Actor (LMB): AI_BP_C (AI_BP2)
[2018.03.04-16.41.01:487][614]LogEditorViewport: Clicking on Actor (LMB): NavMeshBoundsVolume (NavMeshBoundsVolume)
[2018.03.04-16.41.03:644][844]LogEditorViewport: Clicking on Actor (LMB): StaticMeshActor (Floor)
[2018.03.04-16.41.04:104][894]LogEditorViewport: Clicking on Actor (LMB): AI_BP_C (AI_BP)
[2018.03.04-16.41.06:100][105]LogEditorViewport: Clicking on Actor (LMB): StaticMeshActor (Floor)
[2018.03.04-16.41.10:327][576]LogEditorViewport: Clicking on Actor (LMB): NavMeshBoundsVolume (NavMeshBoundsVolume5)
[2018.03.04-16.41.11:125][661]LogEditorViewport: Clicking on Actor (LMB): NavMeshBoundsVolume (NavMeshBoundsVolume)
[2018.03.04-16.41.11:729][726]LogEditorViewport: Clicking on Actor (LMB): Camera_1_C (Camera_2)
[2018.03.04-16.41.37:999][605]LogEditorViewport: Clicking on Actor (LMB): StaticMeshActor (Floor)
[2018.03.04-16.41.43:990][301]LogEditorViewport: Clicking on Actor (LMB): StaticMeshActor (Floor)
[2018.03.04-16.41.44:436][349]LogEditorViewport: Clicking on Actor (context menu): Camera_1_C (Camera_3)
[2018.03.04-16.41.55:600][631]LogEditorViewport: Clicking on Actor (LMB): StaticMeshActor (Floor)
[2018.03.04-16.42.02:668][461]LogEditorViewport: Clicking on Actor (context menu): Camera_1_C (Camera_1)
[2018.03.04-16.42.18:359][306]LogSlate: Took 0.033261 seconds to synchronously load lazily loaded font '../../../Engine/Content/Editor/Slate/Fonts/Roboto-Italic.ttf' (157K)
[2018.03.04-16.42.24:224][994]LogEditorViewport: Clicking on Actor (LMB): StaticMeshActor (Floor)
[2018.03.04-16.42.41:599][972]LogEditorViewport: Clicking on Actor (LMB): StaticMeshActor (Floor)
[2018.03.04-16.42.46:501][529]Cmd: TRANSACTION UNDO
[2018.03.04-16.42.46:501][529]LogEditorTransaction: Undo Move Actors
[2018.03.04-16.42.47:730][651]LogEditorViewport: Clicking on Actor (context menu): StaticMeshActor (Floor)
[2018.03.04-16.42.54:829][214]LogEditorViewport: Clicking on Actor (LMB): Camera_1_C (Camera_2)
[2018.03.04-16.42.55:718][310]LogEditorViewport: Clicking on Actor (LMB): StaticMeshActor (Floor)
[2018.03.04-16.43.10:538][  3]LogEditorViewport: Clicking Background
[2018.03.04-16.43.18:685][951]LogContentBrowser: Native class hierarchy updated for 'Matinee' in 0.0005 seconds. Added 15 classes and 2 folders.
[2018.03.04-16.43.18:728][951]LogInit: Transaction tracking system initialized
[2018.03.04-16.43.18:728][951]EditorErrors: New page: Matinee Initialization
[2018.03.04-16.46.26:267][542]LogEditorViewport: Clicking on Actor (LMB): StaticMeshActor (Floor)
[2018.03.04-16.47.27:582][465]Cmd: TRANSACTION UNDO
[2018.03.04-16.47.27:582][465]LogEditorTransaction: Undo Update Key Frame
[2018.03.04-16.47.36:786][487]LogEditorViewport: Clicking on Actor (LMB): Camera_1_C (Camera_3)
[2018.03.04-16.48.21:180][776]LogInit: Transaction tracking system initialized
[2018.03.04-16.48.21:180][776]EditorErrors: New page: Matinee Initialization
[2018.03.04-16.48.29:609][754]LogInit: Transaction tracking system initialized
[2018.03.04-16.48.29:609][754]EditorErrors: New page: Matinee Initialization
[2018.03.04-16.51.59:950][929]LogEditorViewport: Clicking on Actor (LMB): StaticMeshActor (Floor)
[2018.03.04-16.52.13:906][542]LogExit: Transaction tracking system shut down
[2018.03.04-16.52.13:906][542]LogExit: Transaction tracking system shut down
[2018.03.04-16.52.13:906][542]LogExit: Transaction tracking system shut down
[2018.03.04-16.52.14:180][542]LogSavePackage: Save=218.21ms
[2018.03.04-16.52.14:180][542]LogSavePackage: Moving 'C:/Users/MikeyTBS/Documents/GitHub/Group-E-Ass2-Game/PeterIsTheCaptain V0.2/Saved/Map1_Auto18C985653420076DFEAD3D29C99E21483.tmp' to 'C:/Users/MikeyTBS/Documents/GitHub/Group-E-Ass2-Game/PeterIsTheCaptain V0.2/Saved/Autosaves/Game/Maps/Map1_Auto1.umap'
[2018.03.04-16.52.14:181][542]LogSavePackage:Display: Finished SavePackage C:/Users/MikeyTBS/Documents/GitHub/Group-E-Ass2-Game/PeterIsTheCaptain V0.2/Saved/Autosaves/Game/Maps/Map1_Auto1.umap
[2018.03.04-16.52.14:183][542]LogFileHelpers: Editor autosave (incl. sublevels) for '/Game/Maps/Map1' took 0.304
[2018.03.04-16.52.14:183][542]LogFileHelpers: Editor autosave (incl. sublevels) for all levels took 0.304
[2018.03.04-16.52.16:913][854]LogTemp: Repeting last play command: Selected Viewport
[2018.03.04-16.52.16:952][854]LogBlueprintUserMessages: Early PlayInEditor Detection: Level '/Game/Maps/Map1.Map1:PersistentLevel' has LevelScriptBlueprint '/Game/Maps/Map1.Map1:PersistentLevel.Map1' with GeneratedClass '/Game/Maps/Map1.Map1_C' with ClassGeneratedBy '/Game/Maps/Map1.Map1:PersistentLevel.Map1'
[2018.03.04-16.52.16:952][854]LogPlayLevel: PlayLevel: No blueprints needed recompiling
[2018.03.04-16.52.16:952][854]PIE: New page: PIE session: Map1 (4 Mar 2018 16:52:16)
[2018.03.04-16.52.16:952][854]LogPlayLevel: Creating play world package: /Game/Maps/UEDPIE_0_Map1
[2018.03.04-16.52.16:962][854]LogPlayLevel: PIE: StaticDuplicateObject took: (0.010137s)
[2018.03.04-16.52.16:962][854]LogAIModule: Creating AISystem for world Map1
[2018.03.04-16.52.16:963][854]LogPlayLevel: PIE: World Init took: (0.000510s)
[2018.03.04-16.52.16:963][854]LogPlayLevel: PIE: Created PIE world by copying editor world from /Game/Maps/Map1.Map1 to /Game/Maps/UEDPIE_0_Map1.Map1 (0.010810s)
[2018.03.04-16.52.16:973][854]LogInit: XAudio2 using 'Speakers (High Definition Audio Device)' : 2 channels at 48 kHz using 16 bits per sample (channel mask 0x3)
[2018.03.04-16.52.16:979][854]LogInit: FAudioDevice initialized.
[2018.03.04-16.52.17:016][854]LogLoad: Game class is 'GameMode'
[2018.03.04-16.52.17:253][854]LogWorld: Bringing World /Game/Maps/UEDPIE_0_Map1.Map1 up for play (max tick rate 0) at 2018.03.04-16.52.17
[2018.03.04-16.52.17:361][854]LogWorld: Bringing up level for play took: 0.111493
[2018.03.04-16.52.17:402][854]LogContentBrowser: Native class hierarchy updated for 'MovieSceneCapture' in 0.0006 seconds. Added 11 classes and 0 folders.
[2018.03.04-16.52.17:402][854]LogGameMode:Display: Match State Changed from EnteringMap to WaitingToStart
[2018.03.04-16.52.17:402][854]LogGameState: Match State Changed from EnteringMap to WaitingToStart
[2018.03.04-16.52.17:402][854]LogGameMode:Display: Match State Changed from WaitingToStart to InProgress
[2018.03.04-16.52.17:404][854]LogGameState: Match State Changed from WaitingToStart to InProgress
[2018.03.04-16.52.17:404][854]PIE: Info Play in editor start time for /Game/Maps/UEDPIE_0_Map1 0.348
[2018.03.04-16.52.17:405][854]LogBlueprintUserMessages: Late PlayInEditor Detection: Level '/Game/Maps/Map1.Map1:PersistentLevel' has LevelScriptBlueprint '/Game/Maps/Map1.Map1:PersistentLevel.Map1' with GeneratedClass '/Game/Maps/Map1.Map1_C' with ClassGeneratedBy '/Game/Maps/Map1.Map1:PersistentLevel.Map1'
[2018.03.04-16.52.17:460][855]LogCharacterMovement:Warning: GetSimulationTimeStep() - Max iterations 8 hit while remaining time 0.089746 > MaxSimulationTimeStep (0.050) for 'Jon_C_0', movement 'Walking'
[2018.03.04-16.52.49:643][711]LogBlueprintUserMessages: Early EndPlayMap Detection: Level '/Game/Maps/Map1.Map1:PersistentLevel' has LevelScriptBlueprint '/Game/Maps/Map1.Map1:PersistentLevel.Map1' with GeneratedClass '/Game/Maps/Map1.Map1_C' with ClassGeneratedBy '/Game/Maps/Map1.Map1:PersistentLevel.Map1'
[2018.03.04-16.52.49:679][711]LogBlueprintUserMessages: Late EndPlayMap Detection: Level '/Game/Maps/Map1.Map1:PersistentLevel' has LevelScriptBlueprint '/Game/Maps/Map1.Map1:PersistentLevel.Map1' with GeneratedClass '/Game/Maps/Map1.Map1_C' with ClassGeneratedBy '/Game/Maps/Map1.Map1:PersistentLevel.Map1'
[2018.03.04-16.52.52:184][995]LogTemp: Repeting last play command: Selected Viewport
[2018.03.04-16.52.52:201][995]LogBlueprintUserMessages: Early PlayInEditor Detection: Level '/Game/Maps/Map1.Map1:PersistentLevel' has LevelScriptBlueprint '/Game/Maps/Map1.Map1:PersistentLevel.Map1' with GeneratedClass '/Game/Maps/Map1.Map1_C' with ClassGeneratedBy '/Game/Maps/Map1.Map1:PersistentLevel.Map1'
[2018.03.04-16.52.52:201][995]LogPlayLevel: PlayLevel: No blueprints needed recompiling
[2018.03.04-16.52.52:201][995]PIE: New page: PIE session: Map1 (4 Mar 2018 16:52:52)
[2018.03.04-16.52.52:201][995]LogPlayLevel: Creating play world package: /Game/Maps/UEDPIE_0_Map1
[2018.03.04-16.52.52:211][995]LogPlayLevel: PIE: StaticDuplicateObject took: (0.010149s)
[2018.03.04-16.52.52:211][995]LogAIModule: Creating AISystem for world Map1
[2018.03.04-16.52.52:211][995]LogPlayLevel: PIE: World Init took: (0.000476s)
[2018.03.04-16.52.52:212][995]LogPlayLevel: PIE: Created PIE world by copying editor world from /Game/Maps/Map1.Map1 to /Game/Maps/UEDPIE_0_Map1.Map1 (0.010757s)
[2018.03.04-16.52.52:221][995]LogInit: XAudio2 using 'Speakers (High Definition Audio Device)' : 2 channels at 48 kHz using 16 bits per sample (channel mask 0x3)
[2018.03.04-16.52.52:225][995]LogInit: FAudioDevice initialized.
[2018.03.04-16.52.52:256][995]LogLoad: Game class is 'GameMode'
[2018.03.04-16.52.52:258][995]LogWorld: Bringing World /Game/Maps/UEDPIE_0_Map1.Map1 up for play (max tick rate 0) at 2018.03.04-16.52.52
[2018.03.04-16.52.52:260][995]LogWorld: Bringing up level for play took: 0.002421
[2018.03.04-16.52.52:260][995]LogGameMode:Display: Match State Changed from EnteringMap to WaitingToStart
[2018.03.04-16.52.52:260][995]LogGameState: Match State Changed from EnteringMap to WaitingToStart
[2018.03.04-16.52.52:260][995]LogGameMode:Display: Match State Changed from WaitingToStart to InProgress
[2018.03.04-16.52.52:261][995]LogGameState: Match State Changed from WaitingToStart to InProgress
[2018.03.04-16.52.52:261][995]PIE: Info Play in editor start time for /Game/Maps/UEDPIE_0_Map1 -0.795
[2018.03.04-16.52.52:261][995]LogBlueprintUserMessages: Late PlayInEditor Detection: Level '/Game/Maps/Map1.Map1:PersistentLevel' has LevelScriptBlueprint '/Game/Maps/Map1.Map1:PersistentLevel.Map1' with GeneratedClass '/Game/Maps/Map1.Map1_C' with ClassGeneratedBy '/Game/Maps/Map1.Map1:PersistentLevel.Map1'
[2018.03.04-16.53.12:365][407]LogBlueprintUserMessages: Early EndPlayMap Detection: Level '/Game/Maps/Map1.Map1:PersistentLevel' has LevelScriptBlueprint '/Game/Maps/Map1.Map1:PersistentLevel.Map1' with GeneratedClass '/Game/Maps/Map1.Map1_C' with ClassGeneratedBy '/Game/Maps/Map1.Map1:PersistentLevel.Map1'
[2018.03.04-16.53.12:397][407]LogBlueprintUserMessages: Late EndPlayMap Detection: Level '/Game/Maps/Map1.Map1:PersistentLevel' has LevelScriptBlueprint '/Game/Maps/Map1.Map1:PersistentLevel.Map1' with GeneratedClass '/Game/Maps/Map1.Map1_C' with ClassGeneratedBy '/Game/Maps/Map1.Map1:PersistentLevel.Map1'
[2018.03.04-16.53.16:679][885]LogEditorViewport: Clicking on Actor (context menu): Camera_1_C (Camera_3)
[2018.03.04-16.53.22:603][546]LogInit: Transaction tracking system initialized
[2018.03.04-16.53.22:603][546]EditorErrors: New page: Matinee Initialization
[2018.03.04-16.53.26:719][ 16]LogEditorActor: Deleted Actor: MatineeActor
[2018.03.04-16.53.26:724][ 16]LogExit: Transaction tracking system shut down
[2018.03.04-16.53.26:724][ 16]LogEditorActor: Deleted 1 Actors (0.006 secs)
[2018.03.04-16.53.30:366][319]LogInit: Transaction tracking system initialized
[2018.03.04-16.53.30:366][319]EditorErrors: New page: Matinee Initialization
[2018.03.04-16.55.25:580][520]Cmd: OBJ SAVEPACKAGE PACKAGE="/Game/Maps/Map1" FILE="C:/Users/MikeyTBS/Documents/GitHub/Group-E-Ass2-Game/PeterIsTheCaptain V0.2/Content/Maps/Map1.umap" SILENT=true AUTOSAVING=false KEEPDIRTY=false
[2018.03.04-16.55.25:822][520]LogSavePackage: Save=218.36ms
[2018.03.04-16.55.25:822][520]LogSavePackage: Moving 'C:/Users/MikeyTBS/Documents/GitHub/Group-E-Ass2-Game/PeterIsTheCaptain V0.2/Saved/Map17574904D4D77097C410201AECC4B4225.tmp' to 'C:/Users/MikeyTBS/Documents/GitHub/Group-E-Ass2-Game/PeterIsTheCaptain V0.2/Content/Maps/Map1.umap'
[2018.03.04-16.55.25:826][520]LogSavePackage:Display: Finished SavePackage C:/Users/MikeyTBS/Documents/GitHub/Group-E-Ass2-Game/PeterIsTheCaptain V0.2/Content/Maps/Map1.umap
[2018.03.04-16.55.25:856][520]LogFileHelpers: Saving map 'Map1' took 0.308
[2018.03.04-16.55.29:052][871]LogTemp: Repeting last play command: Selected Viewport
[2018.03.04-16.55.29:068][871]LogBlueprintUserMessages: Early PlayInEditor Detection: Level '/Game/Maps/Map1.Map1:PersistentLevel' has LevelScriptBlueprint '/Game/Maps/Map1.Map1:PersistentLevel.Map1' with GeneratedClass '/Game/Maps/Map1.Map1_C' with ClassGeneratedBy '/Game/Maps/Map1.Map1:PersistentLevel.Map1'
[2018.03.04-16.55.29:068][871]LogPlayLevel: PlayLevel: No blueprints needed recompiling
[2018.03.04-16.55.29:068][871]PIE: New page: PIE session: Map1 (4 Mar 2018 16:55:29)
[2018.03.04-16.55.29:068][871]LogPlayLevel: Creating play world package: /Game/Maps/UEDPIE_0_Map1
[2018.03.04-16.55.29:079][871]LogPlayLevel: PIE: StaticDuplicateObject took: (0.010165s)
[2018.03.04-16.55.29:079][871]LogAIModule: Creating AISystem for world Map1
[2018.03.04-16.55.29:079][871]LogPlayLevel: PIE: World Init took: (0.000449s)
[2018.03.04-16.55.29:079][871]LogPlayLevel: PIE: Created PIE world by copying editor world from /Game/Maps/Map1.Map1 to /Game/Maps/UEDPIE_0_Map1.Map1 (0.010748s)
[2018.03.04-16.55.29:085][871]LogExit: Transaction tracking system shut down
[2018.03.04-16.55.29:090][871]LogInit: XAudio2 using 'Speakers (High Definition Audio Device)' : 2 channels at 48 kHz using 16 bits per sample (channel mask 0x3)
[2018.03.04-16.55.29:095][871]LogInit: FAudioDevice initialized.
[2018.03.04-16.55.29:125][871]LogLoad: Game class is 'GameMode'
[2018.03.04-16.55.29:127][871]LogWorld: Bringing World /Game/Maps/UEDPIE_0_Map1.Map1 up for play (max tick rate 0) at 2018.03.04-16.55.29
[2018.03.04-16.55.29:129][871]LogWorld: Bringing up level for play took: 0.002624
[2018.03.04-16.55.29:129][871]LogGameMode:Display: Match State Changed from EnteringMap to WaitingToStart
[2018.03.04-16.55.29:129][871]LogGameState: Match State Changed from EnteringMap to WaitingToStart
[2018.03.04-16.55.29:129][871]LogGameMode:Display: Match State Changed from WaitingToStart to InProgress
[2018.03.04-16.55.29:130][871]LogGameState: Match State Changed from WaitingToStart to InProgress
[2018.03.04-16.55.29:130][871]PIE: Info Play in editor start time for /Game/Maps/UEDPIE_0_Map1 0.075
[2018.03.04-16.55.29:131][871]LogBlueprintUserMessages: Late PlayInEditor Detection: Level '/Game/Maps/Map1.Map1:PersistentLevel' has LevelScriptBlueprint '/Game/Maps/Map1.Map1:PersistentLevel.Map1' with GeneratedClass '/Game/Maps/Map1.Map1_C' with ClassGeneratedBy '/Game/Maps/Map1.Map1:PersistentLevel.Map1'
[2018.03.04-16.56.09:802][751]LogGameMode:Display: Match State Changed from InProgress to LeavingMap
[2018.03.04-16.56.09:802][751]LogGameState: Match State Changed from InProgress to LeavingMap
[2018.03.04-16.56.09:802][751]LogNet: Browse: /Game/Levels/Pacman_minigame
[2018.03.04-16.56.09:802][751]LogLoad: LoadMap: /Game/Levels/Pacman_minigame
[2018.03.04-16.56.09:811][751]Cmd: MEM
[2018.03.04-16.56.09:817][751]LogMemory: Platform Memory Stats for Windows
[2018.03.04-16.56.09:817][751]LogMemory: Process Physical Memory: 1359.78 MB used, 1419.66 MB peak
[2018.03.04-16.56.09:817][751]LogMemory: Process Virtual Memory: 2080.13 MB used, 2130.33 MB peak
[2018.03.04-16.56.09:817][751]LogMemory: Physical Memory: 5249.99 MB used,  11074.17 MB free, 16324.16 MB total
[2018.03.04-16.56.09:817][751]LogMemory: Virtual Memory: 2953.93 MB used,  11074.17 MB free, 134217728.00 MB total
[2018.03.04-16.56.09:817][751]LogMemory: 
[2018.03.04-16.56.09:817][751]Allocator Stats for TBB: (not implemented)
[2018.03.04-16.56.10:389][751]LogAIModule: Creating AISystem for world Pacman_minigame
[2018.03.04-16.56.10:389][751]LogLoad: Game class is 'GameMode'
[2018.03.04-16.56.10:427][751]LogWorld: Bringing World /Game/Levels/UEDPIE_0_Pacman_minigame.Pacman_minigame up for play (max tick rate 0) at 2018.03.04-16.56.10
[2018.03.04-16.56.10:427][751]LogWorld: Bringing up level for play took: 0.036168
[2018.03.04-16.56.10:427][751]LogGameMode: FindPlayerStart: PATHS NOT DEFINED or NO PLAYERSTART with positive rating
[2018.03.04-16.56.10:427][751]LogGameMode:Display: Match State Changed from EnteringMap to WaitingToStart
[2018.03.04-16.56.10:428][751]LogGameState: Match State Changed from EnteringMap to WaitingToStart
[2018.03.04-16.56.10:428][751]LogGameMode:Display: Match State Changed from WaitingToStart to InProgress
[2018.03.04-16.56.10:428][751]LogGameState: Match State Changed from WaitingToStart to InProgress
[2018.03.04-16.56.10:428][751]LogLoad: Took 0.626177 seconds to LoadMap(/Game/Levels/Pacman_minigame)
[2018.03.04-16.56.10:437][752]LogBlueprintUserMessages: [MingameChar_C_0] 1
[2018.03.04-16.56.10:438][752]LogBlueprintUserMessages: [MingameChar_C_0] 2
[2018.03.04-16.56.10:577][769]LogBlueprintUserMessages: [MingameChar_C_0] 3
[2018.03.04-16.56.10:860][803]LogBlueprintUserMessages: [MingameChar_C_0] 4
[2018.03.04-16.56.11:727][907]LogBlueprintUserMessages: Early EndPlayMap Detection: Level '/Game/Maps/Map1.Map1:PersistentLevel' has LevelScriptBlueprint '/Game/Maps/Map1.Map1:PersistentLevel.Map1' with GeneratedClass '/Game/Maps/Map1.Map1_C' with ClassGeneratedBy '/Game/Maps/Map1.Map1:PersistentLevel.Map1'
[2018.03.04-16.56.11:780][907]LogBlueprintUserMessages: Late EndPlayMap Detection: Level '/Game/Maps/Map1.Map1:PersistentLevel' has LevelScriptBlueprint '/Game/Maps/Map1.Map1:PersistentLevel.Map1' with GeneratedClass '/Game/Maps/Map1.Map1_C' with ClassGeneratedBy '/Game/Maps/Map1.Map1:PersistentLevel.Map1'
[2018.03.04-16.56.14:923][276]LogEditorViewport: Clicking on Actor (context menu): Camera_1_C (Camera_3)
[2018.03.04-16.56.15:502][342]LogEditorViewport: Clicking on Actor (LMB): StaticMeshActor (Floor)
[2018.03.04-16.56.15:977][395]LogEditorViewport: Clicking on Actor (LMB): Camera_1_C (Camera_3)
[2018.03.04-16.56.24:042][206]LogInit: Transaction tracking system initialized
[2018.03.04-16.56.24:043][206]EditorErrors: New page: Matinee Initialization
[2018.03.04-16.56.40:468][160]LogEditorTransaction: Undo Track Delete
[2018.03.04-16.58.02:550][641]LogTemp: Repeting last play command: Selected Viewport
[2018.03.04-16.58.03:859][641]LogBlueprintUserMessages: Early PlayInEditor Detection: Level '/Game/Maps/Map1.Map1:PersistentLevel' has LevelScriptBlueprint '/Game/Maps/Map1.Map1:PersistentLevel.Map1' with GeneratedClass '/Game/Maps/Map1.Map1_C' with ClassGeneratedBy '/Game/Maps/Map1.Map1:PersistentLevel.Map1'
[2018.03.04-16.58.03:859][641]LogPlayLevel: PlayLevel: No blueprints needed recompiling
[2018.03.04-16.58.03:860][641]PIE: New page: PIE session: Map1 (4 Mar 2018 16:58:03)
[2018.03.04-16.58.03:860][641]LogPlayLevel: Creating play world package: /Game/Maps/UEDPIE_0_Map1
[2018.03.04-16.58.03:870][641]LogPlayLevel: PIE: StaticDuplicateObject took: (0.010279s)
[2018.03.04-16.58.03:870][641]LogAIModule: Creating AISystem for world Map1
[2018.03.04-16.58.03:870][641]LogPlayLevel: PIE: World Init took: (0.000426s)
[2018.03.04-16.58.03:870][641]LogPlayLevel: PIE: Created PIE world by copying editor world from /Game/Maps/Map1.Map1 to /Game/Maps/UEDPIE_0_Map1.Map1 (0.010844s)
[2018.03.04-16.58.03:877][641]LogExit: Transaction tracking system shut down
[2018.03.04-16.58.03:881][641]LogInit: XAudio2 using 'Speakers (High Definition Audio Device)' : 2 channels at 48 kHz using 16 bits per sample (channel mask 0x3)
[2018.03.04-16.58.03:886][641]LogInit: FAudioDevice initialized.
[2018.03.04-16.58.03:913][641]LogLoad: Game class is 'GameMode'
[2018.03.04-16.58.03:915][641]LogWorld: Bringing World /Game/Maps/UEDPIE_0_Map1.Map1 up for play (max tick rate 0) at 2018.03.04-16.58.03
[2018.03.04-16.58.03:916][641]LogWorld: Bringing up level for play took: 0.002377
[2018.03.04-16.58.03:916][641]LogGameMode:Display: Match State Changed from EnteringMap to WaitingToStart
[2018.03.04-16.58.03:916][641]LogGameState: Match State Changed from EnteringMap to WaitingToStart
[2018.03.04-16.58.03:916][641]LogGameMode:Display: Match State Changed from WaitingToStart to InProgress
[2018.03.04-16.58.03:918][641]LogGameState: Match State Changed from WaitingToStart to InProgress
[2018.03.04-16.58.03:918][641]PIE: Info Play in editor start time for /Game/Maps/UEDPIE_0_Map1 0.862
[2018.03.04-16.58.03:918][641]LogBlueprintUserMessages: Late PlayInEditor Detection: Level '/Game/Maps/Map1.Map1:PersistentLevel' has LevelScriptBlueprint '/Game/Maps/Map1.Map1:PersistentLevel.Map1' with GeneratedClass '/Game/Maps/Map1.Map1_C' with ClassGeneratedBy '/Game/Maps/Map1.Map1:PersistentLevel.Map1'
[2018.03.04-16.58.03:926][642]LogCharacterMovement:Warning: GetSimulationTimeStep() - Max iterations 8 hit while remaining time 0.089747 > MaxSimulationTimeStep (0.050) for 'Jon_C_0', movement 'Walking'
[2018.03.04-16.58.33:854][233]LogBlueprintUserMessages: Early EndPlayMap Detection: Level '/Game/Maps/Map1.Map1:PersistentLevel' has LevelScriptBlueprint '/Game/Maps/Map1.Map1:PersistentLevel.Map1' with GeneratedClass '/Game/Maps/Map1.Map1_C' with ClassGeneratedBy '/Game/Maps/Map1.Map1:PersistentLevel.Map1'
[2018.03.04-16.58.33:908][233]LogBlueprintUserMessages: Late EndPlayMap Detection: Level '/Game/Maps/Map1.Map1:PersistentLevel' has LevelScriptBlueprint '/Game/Maps/Map1.Map1:PersistentLevel.Map1' with GeneratedClass '/Game/Maps/Map1.Map1_C' with ClassGeneratedBy '/Game/Maps/Map1.Map1:PersistentLevel.Map1'
[2018.03.04-16.58.37:431][404]Cmd: OBJ SAVEPACKAGE PACKAGE="/Game/Maps/Map1" FILE="C:/Users/MikeyTBS/Documents/GitHub/Group-E-Ass2-Game/PeterIsTheCaptain V0.2/Content/Maps/Map1.umap" SILENT=true AUTOSAVING=false KEEPDIRTY=false
[2018.03.04-16.58.37:674][404]LogSavePackage: Save=217.39ms
[2018.03.04-16.58.37:674][404]LogSavePackage: Moving 'C:/Users/MikeyTBS/Documents/GitHub/Group-E-Ass2-Game/PeterIsTheCaptain V0.2/Saved/Map12B03BAD949AD9F7155E1FC8A19912F75.tmp' to 'C:/Users/MikeyTBS/Documents/GitHub/Group-E-Ass2-Game/PeterIsTheCaptain V0.2/Content/Maps/Map1.umap'
[2018.03.04-16.58.37:677][404]LogSavePackage:Display: Finished SavePackage C:/Users/MikeyTBS/Documents/GitHub/Group-E-Ass2-Game/PeterIsTheCaptain V0.2/Content/Maps/Map1.umap
[2018.03.04-16.58.37:705][404]LogFileHelpers: Saving map 'Map1' took 0.308
[2018.03.04-16.58.37:934][405]Cmd: QUIT_EDITOR
[2018.03.04-16.58.38:675][405]LogWindowsTextInputMethodSystem:Display: IME system now deactivated.
[2018.03.04-16.58.38:707][405]LogExit: Preparing to exit.
[2018.03.04-16.58.39:496][405]LogExit: Editor shut down
[2018.03.04-16.58.39:501][405]LogExit: Transaction tracking system shut down
[2018.03.04-16.58.39:705][405]LogObj: Freed 0b from 0 cluster array pools.
[2018.03.04-16.58.39:705][405]LogExit: Object subsystem successfully closed.
[2018.03.04-16.58.39:800][405]LogD3D11RHI: Shutdown
[2018.03.04-16.58.39:800][405]LogD3D11RHI: CleanupD3DDevice
[2018.03.04-16.58.39:899][405]LogD3D11RHI: ~FD3D11DynamicRHI
[2018.03.04-16.58.39:911][405]LogModuleManager: Shutting down and abandoning module MovieSceneCapture (530)
[2018.03.04-16.58.39:911][405]LogModuleManager: Shutting down and abandoning module DistCurveEditor (528)
[2018.03.04-16.58.39:911][405]LogModuleManager: Shutting down and abandoning module Matinee (526)
[2018.03.04-16.58.39:911][405]LogModuleManager: Shutting down and abandoning module HierarchicalLODOutliner (524)
[2018.03.04-16.58.39:911][405]LogModuleManager: Shutting down and abandoning module CrashTracker (522)
[2018.03.04-16.58.39:911][405]LogModuleManager: Shutting down and abandoning module SceneOutliner (520)
[2018.03.04-16.58.39:911][405]LogModuleManager: Shutting down and abandoning module AddContentDialog (518)
[2018.03.04-16.58.39:912][405]LogDirectoryWatcher: A directory notification for 'D:/Unreal Engine/UE_4.16/FeaturePacks/' was aborted.
[2018.03.04-16.58.39:913][405]LogModuleManager: Shutting down and abandoning module WidgetCarousel (517)
[2018.03.04-16.58.39:913][405]LogModuleManager: Shutting down and abandoning module EditorWidgets (514)
[2018.03.04-16.58.39:913][405]LogModuleManager: Shutting down and abandoning module CollectionManager (512)
[2018.03.04-16.58.39:913][405]LogDirectoryWatcher: A directory notification for 'C:/Users/MikeyTBS/Documents/GitHub/Group-E-Ass2-Game/PeterIsTheCaptain V0.2/Content/Collections/' was aborted.
[2018.03.04-16.58.39:913][405]LogDirectoryWatcher: A directory notification for 'C:/Users/MikeyTBS/Documents/GitHub/Group-E-Ass2-Game/PeterIsTheCaptain V0.2/Content/Developers/MikeyTBS/Collections/' was aborted.
[2018.03.04-16.58.39:913][405]LogDirectoryWatcher: A directory notification for 'C:/Users/MikeyTBS/Documents/GitHub/Group-E-Ass2-Game/PeterIsTheCaptain V0.2/Saved/Collections/' was aborted.
[2018.03.04-16.58.39:913][405]LogModuleManager: Shutting down and abandoning module StatsViewer (510)
[2018.03.04-16.58.39:913][405]LogModuleManager: Shutting down and abandoning module FoliageEdit (508)
[2018.03.04-16.58.39:913][405]LogModuleManager: Shutting down and abandoning module LandscapeEditor (506)
[2018.03.04-16.58.39:913][405]LogModuleManager: Shutting down and abandoning module MeshPaintMode (504)
[2018.03.04-16.58.39:913][405]LogModuleManager: Shutting down and abandoning module SceneDepthPickerMode (502)
[2018.03.04-16.58.39:913][405]LogModuleManager: Shutting down and abandoning module ActorPickerMode (500)
[2018.03.04-16.58.39:913][405]LogModuleManager: Shutting down and abandoning module GeometryMode (498)
[2018.03.04-16.58.39:913][405]LogModuleManager: Shutting down and abandoning module TextureAlignMode (496)
[2018.03.04-16.58.39:913][405]LogModuleManager: Shutting down and abandoning module BspMode (494)
[2018.03.04-16.58.39:913][405]LogModuleManager: Shutting down and abandoning module HardwareSurvey (492)
[2018.03.04-16.58.39:913][405]LogModuleManager: Shutting down and abandoning module SequenceRecorderSections (490)
[2018.03.04-16.58.39:913][405]LogModuleManager: Shutting down and abandoning module AutomationWorker (488)
[2018.03.04-16.58.39:913][405]LogModuleManager: Shutting down and abandoning module MatineeToLevelSequence (486)
[2018.03.04-16.58.39:913][405]LogModuleManager: Shutting down and abandoning module LevelSequenceEditor (484)
[2018.03.04-16.58.39:913][405]LogModuleManager: Shutting down and abandoning module PlacementMode (483)
[2018.03.04-16.58.39:913][405]LogModuleManager: Shutting down and abandoning module WmfMediaFactory (480)
[2018.03.04-16.58.39:913][405]LogModuleManager: Shutting down and abandoning module WmfMediaEditor (478)
[2018.03.04-16.58.39:913][405]LogModuleManager: Shutting down and abandoning module AvfMediaFactory (476)
[2018.03.04-16.58.39:913][405]LogModuleManager: Shutting down and abandoning module AvfMediaEditor (474)
[2018.03.04-16.58.39:913][405]LogModuleManager: Shutting down and abandoning module AndroidMediaFactory (472)
[2018.03.04-16.58.39:913][405]LogModuleManager: Shutting down and abandoning module Media (471)
[2018.03.04-16.58.39:913][405]LogModuleManager: Shutting down and abandoning module AndroidMediaEditor (468)
[2018.03.04-16.58.39:913][405]LogModuleManager: Shutting down and abandoning module CharacterAI (466)
[2018.03.04-16.58.39:913][405]LogModuleManager: Shutting down and abandoning module AudioCapture (464)
[2018.03.04-16.58.39:913][405]LogModuleManager: Shutting down and abandoning module SequenceRecorder (463)
[2018.03.04-16.58.39:913][405]LogModuleManager: Shutting down and abandoning module SmartSnapping (460)
[2018.03.04-16.58.39:913][405]LogModuleManager: Shutting down and abandoning module SessionServices (458)
[2018.03.04-16.58.39:913][405]LogModuleManager: Shutting down and abandoning module ViewportSnapping (456)
[2018.03.04-16.58.39:913][405]LogModuleManager: Shutting down and abandoning module ViewportInteraction (454)
[2018.03.04-16.58.39:913][405]LogModuleManager: Shutting down and abandoning module ClothPainter (452)
[2018.03.04-16.58.39:913][405]LogModuleManager: Shutting down and abandoning module LogVisualizer (450)
[2018.03.04-16.58.39:913][405]LogModuleManager: Shutting down and abandoning module IntroTutorials (448)
[2018.03.04-16.58.39:913][405]LogModuleManager: Shutting down and abandoning module GameProjectGeneration (447)
[2018.03.04-16.58.39:913][405]LogModuleManager: Shutting down and abandoning module EditorLiveStreaming (444)
[2018.03.04-16.58.39:914][405]LogModuleManager: Shutting down and abandoning module IOSPlatformEditor (442)
[2018.03.04-16.58.39:914][405]LogModuleManager: Shutting down and abandoning module HTML5PlatformEditor (440)
[2018.03.04-16.58.39:914][405]LogModuleManager: Shutting down and abandoning module AndroidPlatformEditor (438)
[2018.03.04-16.58.39:914][405]LogModuleManager: Shutting down and abandoning module AndroidDeviceDetection (437)
[2018.03.04-16.58.40:836][405]LogModuleManager: Shutting down and abandoning module IOSRuntimeSettings (434)
[2018.03.04-16.58.40:836][405]LogModuleManager: Shutting down and abandoning module AndroidRuntimeSettings (432)
[2018.03.04-16.58.40:836][405]LogModuleManager: Shutting down and abandoning module InputBindingEditor (430)
[2018.03.04-16.58.40:836][405]LogModuleManager: Shutting down and abandoning module MergeActors (428)
[2018.03.04-16.58.40:836][405]LogModuleManager: Shutting down and abandoning module SizeMap (426)
[2018.03.04-16.58.40:836][405]LogModuleManager: Shutting down and abandoning module TreeMap (424)
[2018.03.04-16.58.40:836][405]LogModuleManager: Shutting down and abandoning module ReferenceViewer (422)
[2018.03.04-16.58.40:836][405]LogModuleManager: Shutting down and abandoning module LocalizationDashboard (420)
[2018.03.04-16.58.40:836][405]LogModuleManager: Shutting down and abandoning module LocalizationService (419)
[2018.03.04-16.58.40:836][405]LogModuleManager: Shutting down and abandoning module HardwareTargeting (416)
[2018.03.04-16.58.40:836][405]LogModuleManager: Shutting down and abandoning module DeviceProfileEditor (414)
[2018.03.04-16.58.40:836][405]LogModuleManager: Shutting down and abandoning module UndoHistory (412)
[2018.03.04-16.58.40:836][405]LogModuleManager: Shutting down and abandoning module UserFeedback (410)
[2018.03.04-16.58.40:836][405]LogModuleManager: Shutting down and abandoning module XmlParser (408)
[2018.03.04-16.58.40:836][405]LogModuleManager: Shutting down and abandoning module Blutility (406)
[2018.03.04-16.58.40:836][405]LogModuleManager: Shutting down and abandoning module ProjectSettingsViewer (404)
[2018.03.04-16.58.40:836][405]LogModuleManager: Shutting down and abandoning module ProjectTargetPlatformEditor (403)
[2018.03.04-16.58.40:836][405]LogModuleManager: Shutting down and abandoning module EditorSettingsViewer (400)
[2018.03.04-16.58.40:836][405]LogModuleManager: Shutting down and abandoning module SettingsEditor (398)
[2018.03.04-16.58.40:836][405]LogModuleManager: Shutting down and abandoning module ProjectLauncher (396)
[2018.03.04-16.58.40:836][405]LogModuleManager: Shutting down and abandoning module SessionFrontend (394)
[2018.03.04-16.58.40:836][405]LogModuleManager: Shutting down and abandoning module ProfilerClient (392)
[2018.03.04-16.58.40:836][405]LogModuleManager: Shutting down and abandoning module DeviceManager (390)
[2018.03.04-16.58.40:836][405]LogModuleManager: Shutting down and abandoning module TargetDeviceServices (389)
[2018.03.04-16.58.40:887][405]LogModuleManager: Shutting down and abandoning module AutomationController (386)
[2018.03.04-16.58.40:887][405]LogModuleManager: Shutting down and abandoning module AutomationWindow (384)
[2018.03.04-16.58.40:887][405]LogModuleManager: Shutting down and abandoning module Layers (382)
[2018.03.04-16.58.40:887][405]LogModuleManager: Shutting down and abandoning module ComponentVisualizers (380)
[2018.03.04-16.58.40:887][405]LogModuleManager: Shutting down and abandoning module DetailCustomizations (378)
[2018.03.04-16.58.40:887][405]LogModuleManager: Shutting down and abandoning module PackagesDialog (376)
[2018.03.04-16.58.40:887][405]LogModuleManager: Shutting down and abandoning module Persona (374)
[2018.03.04-16.58.40:887][405]LogModuleManager: Shutting down and abandoning module AdvancedPreviewScene (373)
[2018.03.04-16.58.40:887][405]LogModuleManager: Shutting down and abandoning module AnimGraph (371)
[2018.03.04-16.58.40:887][405]LogModuleManager: Shutting down and abandoning module Kismet (368)
[2018.03.04-16.58.40:887][405]LogModuleManager: Shutting down and abandoning module ClassViewer (366)
[2018.03.04-16.58.40:887][405]LogModuleManager: Shutting down and abandoning module Toolbox (364)
[2018.03.04-16.58.40:887][405]LogModuleManager: Shutting down and abandoning module ModuleUI (362)
[2018.03.04-16.58.40:887][405]LogModuleManager: Shutting down and abandoning module MovieSceneTools (360)
[2018.03.04-16.58.40:887][405]LogModuleManager: Shutting down and abandoning module OutputLog (358)
[2018.03.04-16.58.40:887][405]LogModuleManager: Shutting down and abandoning module GammaUI (356)
[2018.03.04-16.58.40:887][405]LogModuleManager: Shutting down and abandoning module Documentation (354)
[2018.03.04-16.58.40:887][405]LogModuleManager: Shutting down and abandoning module MovieSceneTracks (352)
[2018.03.04-16.58.40:887][405]LogModuleManager: Shutting down and abandoning module MovieScene (350)
[2018.03.04-16.58.40:887][405]LogModuleManager: Shutting down and abandoning module Niagara (348)
[2018.03.04-16.58.40:887][405]LogModuleManager: Shutting down and abandoning module NiagaraEditor (347)
[2018.03.04-16.58.40:888][405]LogModuleManager: Shutting down and abandoning module StreamingPauseRendering (344)
[2018.03.04-16.58.40:888][405]LogModuleManager: Shutting down and abandoning module AnalyticsET (342)
[2018.03.04-16.58.40:888][405]LogModuleManager: Shutting down and abandoning module PortalServices (340)
[2018.03.04-16.58.40:888][405]LogModuleManager: Shutting down and abandoning module PortalRpc (338)
[2018.03.04-16.58.40:888][405]LogModuleManager: Shutting down and abandoning module MessagingRpc (336)
[2018.03.04-16.58.40:888][405]LogModuleManager: Shutting down and abandoning module AIModule (334)
[2018.03.04-16.58.40:888][405]LogModuleManager: Shutting down and abandoning module GameplayDebugger (333)
[2018.03.04-16.58.40:888][405]LogModuleManager: Shutting down and abandoning module AITestSuite (331)
[2018.03.04-16.58.40:888][405]LogModuleManager: Shutting down and abandoning module ProfilerService (328)
[2018.03.04-16.58.40:952][405]LogModuleManager: Shutting down and abandoning module TaskGraph (326)
[2018.03.04-16.58.40:952][405]LogModuleManager: Shutting down and abandoning module SteamVRController (324)
[2018.03.04-16.58.40:952][405]LogModuleManager: Shutting down and abandoning module SteamVR (322)
[2018.03.04-16.58.40:952][405]LogModuleManager: Shutting down and abandoning module ProceduralMeshComponentEditor (320)
[2018.03.04-16.58.40:952][405]LogModuleManager: Shutting down and abandoning module ProceduralMeshComponent (318)
[2018.03.04-16.58.40:952][405]LogModuleManager: Shutting down and abandoning module OculusLibrary (316)
[2018.03.04-16.58.40:952][405]LogModuleManager: Shutting down and abandoning module OculusInput (314)
[2018.03.04-16.58.40:952][405]LogModuleManager: Shutting down and abandoning module MobilePatchingUtils (312)
[2018.03.04-16.58.40:952][405]LogModuleManager: Shutting down and abandoning module CustomMeshComponent (310)
[2018.03.04-16.58.40:952][405]LogModuleManager: Shutting down and abandoning module CableComponent (308)
[2018.03.04-16.58.40:952][405]LogModuleManager: Shutting down and abandoning module ArchVisCharacter (306)
[2018.03.04-16.58.40:952][405]LogModuleManager: Shutting down and abandoning module AndroidPermission (304)
[2018.03.04-16.58.40:952][405]LogModuleManager: Shutting down and abandoning module MediaPlayerEditor (300)
[2018.03.04-16.58.40:952][405]LogModuleManager: Shutting down and abandoning module HTML5Networking (298)
[2018.03.04-16.58.40:952][405]LogModuleManager: Shutting down and abandoning module AlembicImporter (296)
[2018.03.04-16.58.40:952][405]LogModuleManager: Shutting down and abandoning module AlembicLibrary (295)
[2018.03.04-16.58.40:952][405]LogModuleManager: Shutting down and abandoning module GeometryCache (294)
[2018.03.04-16.58.40:952][405]LogModuleManager: Shutting down and abandoning module GeometryCacheEd (293)
[2018.03.04-16.58.40:952][405]LogModuleManager: Shutting down and abandoning module SuperSearchEditor (288)
[2018.03.04-16.58.40:952][405]LogModuleManager: Shutting down and abandoning module SuperSearch (287)
[2018.03.04-16.58.40:952][405]LogModuleManager: Shutting down and abandoning module SpeedTreeImporter (284)
[2018.03.04-16.58.40:952][405]LogModuleManager: Shutting down and abandoning module PluginBrowser (282)
[2018.03.04-16.58.40:952][405]LogModuleManager: Shutting down and abandoning module MobileLauncherProfileWizard (280)
[2018.03.04-16.58.40:952][405]LogModuleManager: Shutting down and abandoning module VisualStudioSourceCodeAccess (278)
[2018.03.04-16.58.40:952][405]LogModuleManager: Shutting down and abandoning module DesktopPlatform (277)
[2018.03.04-16.58.40:952][405]LogModuleManager: Shutting down and abandoning module UObjectPlugin (274)
[2018.03.04-16.58.40:952][405]LogModuleManager: Shutting down and abandoning module SubversionSourceControl (272)
[2018.03.04-16.58.40:952][405]LogModuleManager: Shutting down and abandoning module PerforceSourceControl (270)
[2018.03.04-16.58.40:952][405]LogModuleManager: Shutting down and abandoning module GitSourceControl (268)
[2018.03.04-16.58.40:952][405]LogModuleManager: Shutting down and abandoning module SourceControl (267)
[2018.03.04-16.58.40:952][405]LogModuleManager: Shutting down and abandoning module LightPropagationVolumeEditor (264)
[2018.03.04-16.58.40:952][405]LogModuleManager: Shutting down and abandoning module PaperTiledImporter (262)
[2018.03.04-16.58.40:952][405]LogModuleManager: Shutting down and abandoning module PaperSpriteSheetImporter (260)
[2018.03.04-16.58.40:952][405]LogModuleManager: Shutting down and abandoning module Paper2DEditor (258)
[2018.03.04-16.58.40:952][405]LogModuleManager: Shutting down and abandoning module MeshPaint (257)
[2018.03.04-16.58.40:952][405]LogModuleManager: Shutting down and abandoning module LevelEditor (255)
[2018.03.04-16.58.40:953][405]LogModuleManager: Shutting down and abandoning module PixelInspectorModule (254)
[2018.03.04-16.58.40:953][405]LogModuleManager: Shutting down and abandoning module MainFrame (252)
[2018.03.04-16.58.40:953][405]LogModuleManager: Shutting down and abandoning module HotReload (251)
[2018.03.04-16.58.40:953][405]LogModuleManager: Shutting down and abandoning module PhysXVehiclesEditor (246)
[2018.03.04-16.58.40:953][405]LogModuleManager: Shutting down and abandoning module PhysXVehicles (244)
[2018.03.04-16.58.40:953][405]LogModuleManager: Shutting down and abandoning module LocationServicesBPLibrary (242)
[2018.03.04-16.58.40:953][405]LogModuleManager: Shutting down and abandoning module ImmediatePhysicsEditor (240)
[2018.03.04-16.58.40:953][405]LogModuleManager: Shutting down and abandoning module ImmediatePhysics (238)
[2018.03.04-16.58.40:953][405]LogModuleManager: Shutting down and abandoning module UdpMessaging (236)
[2018.03.04-16.58.41:053][405]LogModuleManager: Shutting down and abandoning module TcpMessaging (234)
[2018.03.04-16.58.41:154][405]LogModuleManager: Shutting down and abandoning module GameplayTagsEditor (232)
[2018.03.04-16.58.41:154][405]LogModuleManager: Shutting down and abandoning module FacialAnimationEditor (230)
[2018.03.04-16.58.41:154][405]LogModuleManager: Shutting down and abandoning module FacialAnimation (228)
[2018.03.04-16.58.41:154][405]LogModuleManager: Shutting down and abandoning module AssetManagerEditor (226)
[2018.03.04-16.58.41:154][405]LogModuleManager: Shutting down and abandoning module GraphEditor (225)
[2018.03.04-16.58.41:154][405]LogModuleManager: Shutting down and abandoning module ContentBrowser (223)
[2018.03.04-16.58.41:154][405]LogModuleManager: Shutting down and abandoning module LightPropagationVolumeRuntime (220)
[2018.03.04-16.58.41:154][405]LogModuleManager: Shutting down and abandoning module Paper2D (218)
[2018.03.04-16.58.41:154][405]LogModuleManager: Shutting down and abandoning module WindowsMoviePlayer (216)
[2018.03.04-16.58.41:154][405]LogModuleManager: Shutting down and abandoning module WmfMedia (214)
[2018.03.04-16.58.41:156][405]LogModuleManager: Shutting down and abandoning module ClothingSystemEditor (212)
[2018.03.04-16.58.41:156][405]LogModuleManager: Shutting down and abandoning module ClothingSystemRuntime (210)
[2018.03.04-16.58.41:185][405]LogModuleManager: Shutting down and abandoning module MediaAssets (208)
[2018.03.04-16.58.41:185][405]LogModuleManager: Shutting down and abandoning module GameLiveStreaming (206)
[2018.03.04-16.58.41:185][405]LogModuleManager: Shutting down and abandoning module VREditor (204)
[2018.03.04-16.58.41:185][405]LogModuleManager: Shutting down and abandoning module StringTableEditor (202)
[2018.03.04-16.58.41:185][405]LogModuleManager: Shutting down and abandoning module GameplayTasksEditor (200)
[2018.03.04-16.58.41:185][405]LogModuleManager: Shutting down and abandoning module BehaviorTreeEditor (198)
[2018.03.04-16.58.41:185][405]LogModuleManager: Shutting down and abandoning module FunctionalTesting (196)
[2018.03.04-16.58.41:185][405]LogModuleManager: Shutting down and abandoning module CollisionAnalyzer (194)
[2018.03.04-16.58.41:185][405]LogModuleManager: Shutting down and abandoning module UMG (192)
[2018.03.04-16.58.41:185][405]LogModuleManager: Shutting down and abandoning module UMGEditor (191)
[2018.03.04-16.58.41:185][405]LogModuleManager: Shutting down and abandoning module Sequencer (190)
[2018.03.04-16.58.41:185][405]LogModuleManager: Shutting down and abandoning module AssetTools (188)
[2018.03.04-16.58.41:185][405]LogModuleManager: Shutting down and abandoning module MessageLog (187)
[2018.03.04-16.58.41:185][405]LogModuleManager: Shutting down and abandoning module WorkspaceMenuStructure (186)
[2018.03.04-16.58.41:185][405]LogModuleManager: Shutting down and abandoning module SlateReflector (180)
[2018.03.04-16.58.41:185][405]LogModuleManager: Shutting down and abandoning module Slate (178)
[2018.03.04-16.58.41:185][405]LogModuleManager: Shutting down and abandoning module EditorStyle (176)
[2018.03.04-16.58.41:186][405]LogModuleManager: Shutting down and abandoning module SourceCodeAccess (174)
[2018.03.04-16.58.41:186][405]LogModuleManager: Shutting down and abandoning module HeadMountedDisplay (172)
[2018.03.04-16.58.41:186][405]LogModuleManager: Shutting down and abandoning module XAudio2 (170)
[2018.03.04-16.58.41:186][405]LogModuleManager: Shutting down and abandoning module Networking (168)
[2018.03.04-16.58.41:186][405]LogModuleManager: Shutting down and abandoning module Core (164)
[2018.03.04-16.58.41:186][405]LogModuleManager: Shutting down and abandoning module AssetRegistry (162)
[2018.03.04-16.58.41:306][405]LogDirectoryWatcher: A directory notification for '../../../Engine/Content/' was aborted.
[2018.03.04-16.58.41:306][405]LogDirectoryWatcher: A directory notification for 'C:/Users/MikeyTBS/Documents/GitHub/Group-E-Ass2-Game/PeterIsTheCaptain V0.2/Content/' was aborted.
[2018.03.04-16.58.41:306][405]LogDirectoryWatcher: A directory notification for '../../../Engine/Plugins/2D/Paper2D/Content/' was aborted.
[2018.03.04-16.58.41:306][405]LogDirectoryWatcher: A directory notification for '../../../Engine/Plugins/Runtime/GearVR/Content/' was aborted.
[2018.03.04-16.58.41:308][405]LogModuleManager: Shutting down and abandoning module DirectoryWatcher (161)
[2018.03.04-16.58.41:309][405]LogModuleManager: Shutting down and abandoning module KismetCompiler (158)
[2018.03.04-16.58.41:309][405]LogModuleManager: Shutting down and abandoning module LevelSequence (156)
[2018.03.04-16.58.41:309][405]LogModuleManager: Shutting down and abandoning module PhysXFormats (154)
[2018.03.04-16.58.41:309][405]LogModuleManager: Shutting down and abandoning module MeshUtilities (152)
[2018.03.04-16.58.41:309][405]LogModuleManager: Shutting down and abandoning module SimplygonSwarm (151)
[2018.03.04-16.58.41:309][405]LogModuleManager: Shutting down and abandoning module SimplygonMeshReduction (149)
[2018.03.04-16.58.41:309][405]LogModuleManager: Shutting down and abandoning module QuadricMeshReduction (147)
[2018.03.04-16.58.41:309][405]LogModuleManager: Shutting down and abandoning module DerivedDataCache (144)
[2018.03.04-16.58.41:313][405]LogDerivedDataCache: Shutdown
[2018.03.04-16.58.41:313][405]LogModuleManager: Shutting down and abandoning module TargetPlatform (142)
[2018.03.04-16.58.41:313][405]LogModuleManager: Shutting down and abandoning module VulkanShaderFormat (141)
[2018.03.04-16.58.41:313][405]LogModuleManager: Shutting down and abandoning module ShaderFormatVectorVM (139)
[2018.03.04-16.58.41:313][405]LogModuleManager: Shutting down and abandoning module ShaderFormatOpenGL (137)
[2018.03.04-16.58.41:313][405]LogModuleManager: Shutting down and abandoning module ShaderFormatD3D (135)
[2018.03.04-16.58.41:313][405]LogModuleManager: Shutting down and abandoning module MetalShaderFormat (133)
[2018.03.04-16.58.41:313][405]LogModuleManager: Shutting down and abandoning module TextureFormatUncompressed (131)
[2018.03.04-16.58.41:313][405]LogModuleManager: Shutting down and abandoning module TextureFormatPVR (129)
[2018.03.04-16.58.41:313][405]LogModuleManager: Shutting down and abandoning module TextureFormatDXT (127)
[2018.03.04-16.58.41:313][405]LogModuleManager: Shutting down and abandoning module TextureFormatIntelISPCTexComp (125)
[2018.03.04-16.58.41:313][405]LogModuleManager: Shutting down and abandoning module TextureFormatASTC (123)
[2018.03.04-16.58.41:313][405]LogModuleManager: Shutting down and abandoning module ImageWrapper (122)
[2018.03.04-16.58.41:313][405]LogModuleManager: Shutting down and abandoning module TextureFormatAndroid (119)
[2018.03.04-16.58.41:313][405]LogModuleManager: Shutting down and abandoning module AudioFormatOpus (117)
[2018.03.04-16.58.41:313][405]LogModuleManager: Shutting down and abandoning module AudioFormatOgg (115)
[2018.03.04-16.58.41:313][405]LogModuleManager: Shutting down and abandoning module AudioFormatADPCM (113)
[2018.03.04-16.58.41:313][405]LogModuleManager: Shutting down and abandoning module LinuxTargetPlatform (111)
[2018.03.04-16.58.41:313][405]LogModuleManager: Shutting down and abandoning module LinuxServerTargetPlatform (109)
[2018.03.04-16.58.41:313][405]LogModuleManager: Shutting down and abandoning module LinuxNoEditorTargetPlatform (107)
[2018.03.04-16.58.41:313][405]LogModuleManager: Shutting down and abandoning module LinuxClientTargetPlatform (105)
[2018.03.04-16.58.41:313][405]LogModuleManager: Shutting down and abandoning module TVOSTargetPlatform (103)
[2018.03.04-16.58.41:313][405]LogModuleManager: Shutting down and abandoning module Messaging (101)
[2018.03.04-16.58.41:313][405]LogModuleManager: Shutting down and abandoning module IOSTargetPlatform (99)
[2018.03.04-16.58.41:313][405]LogModuleManager: Shutting down and abandoning module HTML5TargetPlatform (97)
[2018.03.04-16.58.41:313][405]LogModuleManager: Shutting down and abandoning module Android_PVRTCTargetPlatform (95)
[2018.03.04-16.58.41:313][405]LogModuleManager: Shutting down and abandoning module Android_MultiTargetPlatform (93)
[2018.03.04-16.58.41:313][405]LogModuleManager: Shutting down and abandoning module Android_ETC2TargetPlatform (91)
[2018.03.04-16.58.41:313][405]LogModuleManager: Shutting down and abandoning module Android_ETC1TargetPlatform (89)
[2018.03.04-16.58.41:313][405]LogModuleManager: Shutting down and abandoning module Android_DXTTargetPlatform (87)
[2018.03.04-16.58.41:313][405]LogModuleManager: Shutting down and abandoning module Android_ATCTargetPlatform (85)
[2018.03.04-16.58.41:313][405]LogModuleManager: Shutting down and abandoning module Android_ASTCTargetPlatform (83)
[2018.03.04-16.58.41:313][405]LogModuleManager: Shutting down and abandoning module AndroidTargetPlatform (81)
[2018.03.04-16.58.41:313][405]LogModuleManager: Shutting down and abandoning module WindowsTargetPlatform (79)
[2018.03.04-16.58.41:313][405]LogModuleManager: Shutting down and abandoning module WindowsServerTargetPlatform (77)
[2018.03.04-16.58.41:313][405]LogModuleManager: Shutting down and abandoning module WindowsNoEditorTargetPlatform (75)
[2018.03.04-16.58.41:313][405]LogModuleManager: Shutting down and abandoning module WindowsClientTargetPlatform (73)
[2018.03.04-16.58.41:313][405]LogModuleManager: Shutting down and abandoning module MacTargetPlatform (71)
[2018.03.04-16.58.41:313][405]LogModuleManager: Shutting down and abandoning module MacServerTargetPlatform (69)
[2018.03.04-16.58.41:313][405]LogModuleManager: Shutting down and abandoning module MacNoEditorTargetPlatform (67)
[2018.03.04-16.58.41:313][405]LogModuleManager: Shutting down and abandoning module MacClientTargetPlatform (65)
[2018.03.04-16.58.41:313][405]LogModuleManager: Shutting down and abandoning module AllDesktopTargetPlatform (63)
[2018.03.04-16.58.41:313][405]LogModuleManager: Shutting down and abandoning module InputCore (60)
[2018.03.04-16.58.41:313][405]LogModuleManager: Shutting down and abandoning module Settings (58)
[2018.03.04-16.58.41:313][405]LogModuleManager: Shutting down and abandoning module OculusRift (56)
[2018.03.04-16.58.41:313][405]LogModuleManager: Shutting down and abandoning module GearVRController (54)
[2018.03.04-16.58.41:313][405]LogModuleManager: Shutting down and abandoning module GearVR (52)
[2018.03.04-16.58.41:313][405]LogModuleManager: Shutting down and abandoning module ExampleDeviceProfileSelector (50)
[2018.03.04-16.58.41:313][405]LogModuleManager: Shutting down and abandoning module OnlineBlueprintSupport (48)
[2018.03.04-16.58.41:313][405]LogModuleManager: Shutting down and abandoning module OnlineSubsystem (44)
[2018.03.04-16.58.41:313][405]LogOnline:Display: Unloading online subsystem: NULL
[2018.03.04-16.58.41:313][405]LogModuleManager: Shutting down and abandoning module XMPP (43)
[2018.03.04-16.58.41:313][405]LogModuleManager: Shutting down and abandoning module HTTP (41)
[2018.03.04-16.58.41:313][405]LogHttp:Display: Http module shutting down, but needs to wait on 1 outstanding Http requests:
[2018.03.04-16.58.41:313][405]LogHttp:Display: 	verb=[POST] url=[https://datarouter.ol.epicgames.com/datarouter/api/v1/public/data?SessionID=%7B5D3B88B8-4B51-4AF8-FD41-12B27F4CD52D%7D&AppID=UEEditor.Rocket.Release&AppVersion=4.16.3-3561208%2B%2B%2BUE4%2BRelease-4.16&UserID=08bdeaaa469ca7dc46c0efb84ccccd31%7Ca7dbd89a92334a018807d698abe31d30%7Cb3bfda91-03d4-459b-84f6-111943cc4af6&AppEnvironment=datacollector-binary&UploadType=eteventstream] status=Processing
[2018.03.04-16.58.41:335][405]LogModuleManager: Shutting down and abandoning module SSL (40)
[2018.03.04-16.58.41:336][405]LogModuleManager: Shutting down and abandoning module HTTPChunkInstaller (36)
[2018.03.04-16.58.41:336][405]LogModuleManager: Shutting down and abandoning module AnimationModifiers (34)
[2018.03.04-16.58.41:337][405]LogModuleManager: Shutting down and abandoning module PropertyEditor (33)
[2018.03.04-16.58.41:337][405]LogModuleManager: Shutting down and abandoning module AudioEditor (30)
[2018.03.04-16.58.41:337][405]LogModuleManager: Shutting down and abandoning module TextureCompressor (28)
[2018.03.04-16.58.41:337][405]LogModuleManager: Shutting down and abandoning module ShaderCore (26)
[2018.03.04-16.58.41:337][405]LogModuleManager: Shutting down and abandoning module Landscape (24)
[2018.03.04-16.58.41:337][405]LogModuleManager: Shutting down and abandoning module SlateRHIRenderer (22)
[2018.03.04-16.58.41:337][405]LogModuleManager: Shutting down and abandoning module OpenGLDrv (20)
[2018.03.04-16.58.41:337][405]LogModuleManager: Shutting down and abandoning module D3D11RHI (18)
[2018.03.04-16.58.41:337][405]LogModuleManager: Shutting down and abandoning module AnimGraphRuntime (16)
[2018.03.04-16.58.41:337][405]LogModuleManager: Shutting down and abandoning module Renderer (14)
[2018.03.04-16.58.41:337][405]LogModuleManager: Shutting down and abandoning module Engine (12)
[2018.03.04-16.58.41:337][405]LogModuleManager: Shutting down and abandoning module CoreUObject (10)
[2018.03.04-16.58.41:337][405]LogModuleManager: Shutting down and abandoning module NetworkFile (8)
[2018.03.04-16.58.41:337][405]LogModuleManager: Shutting down and abandoning module StreamingFile (6)
[2018.03.04-16.58.41:337][405]LogModuleManager: Shutting down and abandoning module SandboxFile (4)
[2018.03.04-16.58.41:337][405]LogModuleManager: Shutting down and abandoning module PakFile (2)
[2018.03.04-16.58.41:339][405]LogExit: Exiting.
[2018.03.04-16.58.41:353][405]Log file closed, 03/04/18 16:58:41
