Log file open, 02/05/18 12:50:16
LogInit:Display: Running engine for game: PeterIsTheCaptain
LogPlatformFile: Not using cached read wrapper
LogInit:Display: RandInit(1503931781) SRandInit(1503931781).
LogTaskGraph: Started task graph with 5 named threads and 8 total threads with 1 sets of task threads.
LogStats: Stats thread started at 0.076811
LogInit: Using libcurl 7.47.1
LogInit:  - built for x86_64-pc-win32
LogInit:  - supports SSL with OpenSSL/1.0.2g
LogInit:  - supports HTTP deflate (compression) using libz 1.2.8
LogInit:  - other features:
LogInit:      CURL_VERSION_SSL
LogInit:      CURL_VERSION_LIBZ
LogInit:      CURL_VERSION_IPV6
LogInit:      CURL_VERSION_ASYNCHDNS
LogInit:      CURL_VERSION_LARGEFILE
LogInit:      CURL_VERSION_IDN
LogInit:  CurlRequestOptions (configurable via config and command line):
LogInit:  - bVerifyPeer = false  - Libcurl will NOT verify peer certificate
LogInit:  - bUseHttpProxy = false  - Libcurl will NOT use HTTP proxy
LogInit:  - bDontReuseConnections = false  - Libcurl will reuse connections
LogInit:  - CertBundlePath = nullptr  - Libcurl will use whatever was configured at build time.
LogInit: Build: ++UE4+Release-4.16-CL-3561208
LogInit: Engine Version: 4.16.3-3561208+++UE4+Release-4.16
LogInit: Compatible Engine Version: 4.16.0-3452394+++UE4+Release-4.16
LogInit: Net CL: 3452394
LogDevObjectVersion: Number of dev versions registered: 16
LogDevObjectVersion:   Dev-Blueprints (B0D832E4-1F89-4F0D-ACCF-7EB736FD4AA2): 9
LogDevObjectVersion:   Dev-Build (E1C64328-A22C-4D53-A36C-8E866417BD8C): 0
LogDevObjectVersion:   Dev-Core (375EC13C-06E4-48FB-B500-84F0262A717E): 2
LogDevObjectVersion:   Dev-Editor (E4B068ED-F494-42E9-A231-DA0B2E46BB41): 17
LogDevObjectVersion:   Dev-Framework (CFFC743F-43B0-4480-9391-14DF171D2073): 23
LogDevObjectVersion:   Dev-Mobile (B02B49B5-BB20-44E9-A304-32B752E40360): 0
LogDevObjectVersion:   Dev-Networking (A4E4105C-59A1-49B5-A7C5-40C4547EDFEE): 0
LogDevObjectVersion:   Dev-Online (39C831C9-5AE6-47DC-9A44-9C173E1C8E7C): 0
LogDevObjectVersion:   Dev-Physics (78F01B33-EBEA-4F98-B9B4-84EACCB95AA2): 0
LogDevObjectVersion:   Dev-Platform (6631380F-2D4D-43E0-8009-CF276956A95A): 0
LogDevObjectVersion:   Dev-Rendering (12F88B9F-8875-4AFC-A67C-D90C383ABD29): 15
LogDevObjectVersion:   Dev-Sequencer (7B5AE74C-D270-4C10-A958-57980B212A5A): 4
LogDevObjectVersion:   Dev-VR (D7296918-1DD6-4BDD-9DE2-64A83CC13884): 0
LogDevObjectVersion:   Dev-LoadTimes (C2A15278-BFE7-4AFE-6C17-90FF531DF755): 1
LogDevObjectVersion:   Private-Geometry (6EACA3D4-40EC-4CC1-B786-8BED09428FC5): 1
LogDevObjectVersion:   Dev-AnimPhys (29E575DD-E0A3-4627-9D10-D276232CDCEA): 3
LogInit: Compiled (64-bit): Jul 28 2017 11:49:47
LogInit: Compiled with Visual C++: 19.00.24215.01
LogInit: Build Configuration: Development
LogInit: Branch Name: ++UE4+Release-4.16
LogInit: Command line:  
LogInit: Base directory: C:/Program Files (x86)/Epic Games/UE_4.16/Engine/Binaries/Win64/
LogInit: Installed Engine Build: 1
LogInit: Presizing for max 8388607 objects, including 0 objects not considered by GC, pre-allocating 0 bytes for permanent pool.
LogInit: Object subsystem initialized
[2018.02.05-12.50.16:847][  0]LogInit: Selected Device Profile: [Windows]
[2018.02.05-12.50.16:847][  0]LogInit: Applying CVar settings loaded from the selected device profile: [Windows]
[2018.02.05-12.50.16:863][  0]LogInit: Computer: TRJ208-20A
[2018.02.05-12.50.16:863][  0]LogInit: User: 17062683
[2018.02.05-12.50.16:863][  0]LogInit: CPU Page size=4096, Cores=4
[2018.02.05-12.50.16:863][  0]LogInit: High frequency timer resolution =3.507724 MHz
[2018.02.05-12.50.16:863][  0]LogMemory: Memory total: Physical=31.8GB (32GB approx)
[2018.02.05-12.50.16:863][  0]LogMemory: Platform Memory Stats for Windows
[2018.02.05-12.50.16:863][  0]LogMemory: Process Physical Memory: 275.43 MB used, 275.43 MB peak
[2018.02.05-12.50.16:863][  0]LogMemory: Process Virtual Memory: 263.93 MB used, 263.93 MB peak
[2018.02.05-12.50.16:863][  0]LogMemory: Physical Memory: 5531.36 MB used,  27077.63 MB free, 32608.99 MB total
[2018.02.05-12.50.16:863][  0]LogMemory: Virtual Memory: 622.65 MB used,  27077.63 MB free, 8388608.00 MB total
[2018.02.05-12.50.16:912][  0]LogInit: Using OS detected language (en-GB).
[2018.02.05-12.50.16:912][  0]LogInit: Using OS detected locale (en-GB).
[2018.02.05-12.50.16:914][  0]LogTextLocalizationManager: No specific localization for 'en-GB' exists, so the 'en' localization will be used.
[2018.02.05-12.50.17:631][  0]LogD3D11RHI: D3D11 adapters:
[2018.02.05-12.50.17:648][  0]LogD3D11RHI:    0. 'NVIDIA GeForce GTX 970' (Feature Level 11_0)
[2018.02.05-12.50.17:648][  0]LogD3D11RHI:       4007/0/16048 MB DedicatedVideo/DedicatedSystem/SharedSystem, Outputs:1, VendorId:0x10de
[2018.02.05-12.50.17:655][  0]LogD3D11RHI:    1. 'Intel(R) HD Graphics 4600' (Feature Level 11_0)
[2018.02.05-12.50.17:655][  0]LogD3D11RHI:       192/0/1632 MB DedicatedVideo/DedicatedSystem/SharedSystem, Outputs:0, VendorId:0x8086
[2018.02.05-12.50.17:655][  0]LogD3D11RHI: Chosen D3D11 Adapter: 0
[2018.02.05-12.50.17:659][  0]LogD3D11RHI: Creating new Direct3DDevice
[2018.02.05-12.50.17:659][  0]LogD3D11RHI:     GPU DeviceId: 0x13c2 (for the marketing name, search the web for "GPU Device Id")
[2018.02.05-12.50.17:659][  0]LogWindows: EnumDisplayDevices:
[2018.02.05-12.50.17:659][  0]LogWindows:    0. 'NVIDIA GeForce GTX 970' (P:1 D:1)
[2018.02.05-12.50.17:659][  0]LogWindows:    1. 'NVIDIA GeForce GTX 970' (P:0 D:0)
[2018.02.05-12.50.17:659][  0]LogWindows:    2. 'NVIDIA GeForce GTX 970' (P:0 D:0)
[2018.02.05-12.50.17:659][  0]LogWindows:    3. 'NVIDIA GeForce GTX 970' (P:0 D:0)
[2018.02.05-12.50.17:659][  0]LogWindows:    4. 'Intel(R) HD Graphics 4600' (P:0 D:0)
[2018.02.05-12.50.17:659][  0]LogWindows:    5. 'Intel(R) HD Graphics 4600' (P:0 D:0)
[2018.02.05-12.50.17:659][  0]LogWindows:    6. 'Intel(R) HD Graphics 4600' (P:0 D:0)
[2018.02.05-12.50.17:659][  0]LogWindows:    7. 'RDPDD Chained DD' (P:0 D:0)
[2018.02.05-12.50.17:659][  0]LogWindows:    8. 'RDP Encoder Mirror Driver' (P:0 D:0)
[2018.02.05-12.50.17:660][  0]LogWindows:    9. 'RDP Reflector Display Driver' (P:0 D:0)
[2018.02.05-12.50.17:660][  0]LogWindows: DebugString: PrimaryIsNotTheChoosenAdapter PrimaryIsNotTheChoosenAdapter PrimaryIsNotTheChoosenAdapter GetVideoDriverDetailsInvalid PrimaryIsNotTheChoosenAdapter GetVideoDriverDetailsInvalid PrimaryIsNotTheChoosenAdapter GetVideoDriverDetailsInvalid PrimaryIsNotTheChoosenAdapter FoundDriverCount:4 
[2018.02.05-12.50.17:660][  0]LogD3D11RHI:     Adapter Name: NVIDIA GeForce GTX 970
[2018.02.05-12.50.17:660][  0]LogD3D11RHI:   Driver Version: 368.39 (internal:10.18.13.6839, unified:368.39)
[2018.02.05-12.50.17:660][  0]LogD3D11RHI:      Driver Date: 6-2-2016
[2018.02.05-12.50.17:660][  0]LogRHI: Texture pool is 1361 MB (70% of 1945 MB)
[2018.02.05-12.50.17:666][  0]LogD3D11RHI: Async texture creation enabled
[2018.02.05-12.50.17:680][  0]LogD3D11RHI: GPU Timing Frequency: 1000.000000 (Debug: 2 2)
[2018.02.05-12.50.17:728][  0]LogShaderCompilers: Guid format shader working directory is -14 characters bigger than the processId version (F:/My Documents/GitHub/Group-E-Ass2-Game/PeterIsTheCaptain V0.2/Intermediate/Shaders/WorkingDirectory/3356/).
[2018.02.05-12.50.17:728][  0]LogShaderCompilers: Cleaned the shader compiler working directory 'C:/Users/17062683/AppData/Local/Temp/UnrealShaderWorkingDir/8802020141597524239DD998C68D4B3F/'.
[2018.02.05-12.50.17:728][  0]LogShaderCompilers:Display: Using Local Shader Compiler.
[2018.02.05-12.50.18:563][  0]LogTemp:Display: Loaded TP AllDesktopTargetPlatform
[2018.02.05-12.50.18:599][  0]LogTemp:Display: Loaded TP MacClientTargetPlatform
[2018.02.05-12.50.18:635][  0]LogTemp:Display: Loaded TP MacNoEditorTargetPlatform
[2018.02.05-12.50.18:671][  0]LogTemp:Display: Loaded TP MacServerTargetPlatform
[2018.02.05-12.50.18:707][  0]LogTemp:Display: Loaded TP MacTargetPlatform
[2018.02.05-12.50.18:743][  0]LogTemp:Display: Loaded TP WindowsClientTargetPlatform
[2018.02.05-12.50.18:779][  0]LogTemp:Display: Loaded TP WindowsNoEditorTargetPlatform
[2018.02.05-12.50.18:815][  0]LogTemp:Display: Loaded TP WindowsServerTargetPlatform
[2018.02.05-12.50.18:843][  0]LogTemp:Display: Loaded TP WindowsTargetPlatform
[2018.02.05-12.50.18:878][  0]LogTemp:Display: Loaded TP AndroidTargetPlatform
[2018.02.05-12.50.18:912][  0]LogTemp:Display: Loaded TP Android_ASTCTargetPlatform
[2018.02.05-12.50.18:947][  0]LogTemp:Display: Loaded TP Android_ATCTargetPlatform
[2018.02.05-12.50.18:982][  0]LogTemp:Display: Loaded TP Android_DXTTargetPlatform
[2018.02.05-12.50.19:017][  0]LogTemp:Display: Loaded TP Android_ETC1TargetPlatform
[2018.02.05-12.50.19:055][  0]LogTemp:Display: Loaded TP Android_ETC2TargetPlatform
[2018.02.05-12.50.19:129][  0]LogTemp:Display: Loaded TP Android_MultiTargetPlatform
[2018.02.05-12.50.19:129][  0]LogTemp:Display: Loaded TP Android_PVRTCTargetPlatform
[2018.02.05-12.50.19:153][  0]LogTemp:Display: Loaded TP HTML5TargetPlatform
[2018.02.05-12.50.19:221][  0]LogTemp:Display: Loaded TP IOSTargetPlatform
[2018.02.05-12.50.19:243][  0]LogTemp:Display: Loaded TP TVOSTargetPlatform
[2018.02.05-12.50.19:277][  0]LogTemp:Display: Loaded TP LinuxClientTargetPlatform
[2018.02.05-12.50.19:312][  0]LogTemp:Display: Loaded TP LinuxNoEditorTargetPlatform
[2018.02.05-12.50.19:346][  0]LogTemp:Display: Loaded TP LinuxServerTargetPlatform
[2018.02.05-12.50.19:381][  0]LogTemp:Display: Loaded TP LinuxTargetPlatform
[2018.02.05-12.50.19:381][  0]LogTargetPlatformManager:Display: Building Assets For Windows
[2018.02.05-12.50.19:687][  0]LogDerivedDataCache:Display: Max Cache Size: 512 MB
[2018.02.05-12.50.19:763][  0]LogDerivedDataCache: Loaded boot cache 0.08s 90MB C:/Users/17062683/AppData/Local/UnrealEngine/4.16/DerivedDataCache/Boot.ddc.
[2018.02.05-12.50.19:763][  0]LogDerivedDataCache:Display: Loaded Boot cache: C:/Users/17062683/AppData/Local/UnrealEngine/4.16/DerivedDataCache/Boot.ddc
[2018.02.05-12.50.19:764][  0]LogDerivedDataCache: FDerivedDataBackendGraph:  Pak pak cache file F:/My Documents/GitHub/Group-E-Ass2-Game/PeterIsTheCaptain V0.2/DerivedDataCache/DDC.ddp not found, will not use a pak cache.
[2018.02.05-12.50.19:764][  0]LogDerivedDataCache: Unable to find inner node Pak for hierarchical cache Hierarchy.
[2018.02.05-12.50.19:764][  0]LogDerivedDataCache: FDerivedDataBackendGraph:  CompressedPak pak cache file F:/My Documents/GitHub/Group-E-Ass2-Game/PeterIsTheCaptain V0.2/DerivedDataCache/Compressed.ddp not found, will not use a pak cache.
[2018.02.05-12.50.19:764][  0]LogDerivedDataCache: Unable to find inner node CompressedPak for hierarchical cache Hierarchy.
[2018.02.05-12.50.19:780][  0]LogDerivedDataCache:Display: Pak cache opened for reading ../../../Engine/DerivedDataCache/Compressed.ddp.
[2018.02.05-12.50.19:791][  0]LogDerivedDataCache: Using Local data cache path C:/Users/17062683/AppData/Local/UnrealEngine/Common/DerivedDataCache: Writable
[2018.02.05-12.50.19:799][  0]LogMaterial: Verifying Global Shaders for PCD3D_SM5
[2018.02.05-12.50.19:800][  0]LogSlate: Using Freetype 2.6.0
[2018.02.05-12.50.19:800][  0]LogSlate: SlateFontCache - WITH_FREETYPE: 1, WITH_HARFBUZZ: 1
[2018.02.05-12.50.19:800][  0]LogSlate: SlateFontCache - WITH_FREETYPE: 1, WITH_HARFBUZZ: 1
[2018.02.05-12.50.20:091][  0]LogInit: Selected Device Profile: [Windows]
[2018.02.05-12.50.20:095][  0]LogContentStreaming: Texture pool size is 0.00 MB
[2018.02.05-12.50.20:281][  0]LogMeshUtilities: Using QuadricMeshReduction for automatic static mesh reduction
[2018.02.05-12.50.20:309][  0]LogSimplygon: Simplygon DLL not present - disabling.
[2018.02.05-12.50.20:338][  0]LogMeshUtilities: Using SimplygonSwarm for distributed automatic mesh merging
[2018.02.05-12.50.20:338][  0]LogMeshUtilities: No automatic skeletal mesh reduction module available
[2018.02.05-12.50.20:338][  0]LogMeshUtilities: No automatic mesh merging module available
[2018.02.05-12.50.20:739][  0]LogNetVersion: PeterIsTheCaptain , NetCL: 3452394, EngineNetVer: 2, GameNetVer: 0 (Checksum: 1858553666)
[2018.02.05-12.50.20:794][  0]LogAssetRegistry: FAssetRegistry took 0.0269 seconds to start up
[2018.02.05-12.50.20:907][  0]LogPackageLocalizationCache: Processed 4 localized package path(s) for 2 prioritized culture(s) in 0.093495 seconds
[2018.02.05-12.50.20:913][  0]LogUObjectArray: 34194 objects as part of root set at end of initial load.
[2018.02.05-12.50.20:913][  0]LogUObjectAllocator: 7260424 out of 0 bytes used by permanent object pool.
[2018.02.05-12.50.20:913][  0]LogUObjectArray: CloseDisregardForGC: 0/0 objects in disregard for GC pool
[2018.02.05-12.50.20:959][  0]LogInit: WinSock: version 1.1 (2.2), MaxSocks=32767, MaxUdp=65467
[2018.02.05-12.50.22:862][  0]LogTcpMessaging: Initializing TcpMessaging bridge
[2018.02.05-12.50.22:890][  0]LogUdpMessaging: Initializing bridge on interface 0.0.0.0:0 to multicast group 230.0.0.1:6666.
[2018.02.05-12.50.22:890][  0]LogDirectoryWatcher: A directory notification failed for 'F:/My Documents/GitHub/Group-E-Ass2-Game/PeterIsTheCaptain V0.2/Content/' because it was empty or there was a buffer overflow. Attemping another request...
[2018.02.05-12.50.23:269][  0]LogMaterial: Uniform references updated for custom material expression Custom.
[2018.02.05-12.50.23:549][  0]SourceControl: Info Source control is disabled
[2018.02.05-12.50.23:669][  0]SourceControl: Info Source control is disabled
[2018.02.05-12.50.23:700][  0]SourceControl: Info Source control is disabled
[2018.02.05-12.50.23:730][  0]SourceControl: Info Source control is disabled
[2018.02.05-12.50.24:164][  0]LogAndroidPermission: UAndroidPermissionCallbackProxy::GetInstance
[2018.02.05-12.50.24:576][  0]LogEngine: Initializing Engine...
[2018.02.05-12.50.24:577][  0]LogHMD: Failed to initialize OpenVR with code 110
[2018.02.05-12.50.24:751][  0]LogStats: UGameplayTagsManager::ConstructGameplayTagTree: Construct from data asset -  0.000 s
[2018.02.05-12.50.24:751][  0]LogStats: UGameplayTagsManager::ConstructGameplayTagTree: GameplayTagTreeChangedEvent.Broadcast -  0.000 s
[2018.02.05-12.50.24:839][  0]LogAIModule: Creating AISystem for world Untitled
[2018.02.05-12.50.24:845][  0]LogInit: XAudio2 using 'Speakers (High Definition Audio Device)' : 2 channels at 44.1 kHz using 16 bits per sample (channel mask 0x3)
[2018.02.05-12.50.24:878][  0]LogInit: FAudioDevice initialized.
[2018.02.05-12.50.24:913][  0]LogDerivedDataCache: Saved boot cache 0.03s 90MB C:/Users/17062683/AppData/Local/UnrealEngine/4.16/DerivedDataCache/Boot.ddc.
[2018.02.05-12.50.24:922][  0]LogInit: Texture streaming: Enabled
[2018.02.05-12.50.24:986][  0]LogEngineSessionManager: EngineSessionManager initialized
[2018.02.05-12.50.25:127][  0]LogInit: Transaction tracking system initialized
[2018.02.05-12.50.25:321][  0]BlueprintLog: New page: Editor Load
[2018.02.05-12.50.25:930][  0]LocalizationService: Info Localization service is disabled
[2018.02.05-12.50.26:377][  0]LogConsoleResponse:Display: 
[2018.02.05-12.50.26:497][  0]LogCook:Display: Max memory allowance for cook 16384mb min free memory 0mb
[2018.02.05-12.50.26:497][  0]LogCook:Display: Mobile HDR setting 1
[2018.02.05-12.50.27:191][  0]LogFileCache: Scanning file cache for directory 'F:/My Documents/GitHub/Group-E-Ass2-Game/PeterIsTheCaptain V0.2/Content/' took 0.03s
[2018.02.05-12.50.27:191][  0]SourceControl: Info Source control is disabled
[2018.02.05-12.50.27:191][  0]Cmd: MAP LOAD FILE="../../../Engine/Content/Maps/Templates/Template_Default.umap" TEMPLATE=1 SHOWPROGRESS=1 FEATURELEVEL=3
[2018.02.05-12.50.27:191][  0]LightingResults: New page: Lighting Build
[2018.02.05-12.50.27:218][  0]MapCheck: New page: Map Check
[2018.02.05-12.50.27:218][  0]LightingResults: New page: Lighting Build
[2018.02.05-12.50.27:385][  0]LogAIModule: Creating AISystem for world Untitled_1
[2018.02.05-12.50.27:385][  0]LogActorComponent: RegisterComponentWithWorld: (/Temp/Untitled_1.Untitled_1:PersistentLevel.WorldSettings_1.StaticMeshComponent0) Trying to register component with IsPendingKill() == true. Aborting.
[2018.02.05-12.50.27:389][  0]LogEditorServer: Finished looking for orphan Actors (0.000 secs)
[2018.02.05-12.50.27:401][  0]Cmd: MAP CHECKDEP NOCLEARLOG
[2018.02.05-12.50.27:427][  0]MapCheck: Info Map check complete: 0 Error(s), 0 Warning(s), took 25.578ms to complete.
[2018.02.05-12.50.27:427][  0]LogFileHelpers: Loading map 'Template_Default' took 0.236
[2018.02.05-12.50.27:531][  0]LogCollectionManager: Loaded 0 collections in 0.002077 seconds
[2018.02.05-12.50.27:595][  0]LogFileCache: Scanning file cache for directory 'F:/My Documents/GitHub/Group-E-Ass2-Game/PeterIsTheCaptain V0.2/Saved/Collections/' took 0.01s
[2018.02.05-12.50.27:595][  0]LogFileCache: Scanning file cache for directory 'F:/My Documents/GitHub/Group-E-Ass2-Game/PeterIsTheCaptain V0.2/Content/Developers/17062683/Collections/' took 0.01s
[2018.02.05-12.50.27:595][  0]LogFileCache: Scanning file cache for directory 'F:/My Documents/GitHub/Group-E-Ass2-Game/PeterIsTheCaptain V0.2/Content/Collections/' took 0.01s
[2018.02.05-12.50.27:595][  0]LogCollectionManager: Rebuilt the GUID cache for 0 collections in 0.000001 seconds
[2018.02.05-12.50.27:606][  0]LogContentBrowser: Native class hierarchy populated in 0.0110 seconds. Added 2329 classes and 491 folders.
[2018.02.05-12.50.27:655][  0]LogContentBrowser: Native class hierarchy updated for 'WidgetCarousel' in 0.0005 seconds. Added 0 classes and 0 folders.
[2018.02.05-12.50.27:682][  0]LogContentBrowser: Native class hierarchy updated for 'AddContentDialog' in 0.0005 seconds. Added 0 classes and 0 folders.
[2018.02.05-12.50.27:712][  0]LogContentBrowser: Native class hierarchy updated for 'SceneOutliner' in 0.0005 seconds. Added 1 classes and 2 folders.
[2018.02.05-12.50.27:749][  0]LogCrashTracker: Crashtracker disabled due to settings.
[2018.02.05-12.50.27:752][  0]LogSlate: Took 0.000108 seconds to synchronously load lazily loaded font '../../../Engine/Content/Slate/Fonts/Roboto-Regular.ttf' (155K)
[2018.02.05-12.50.27:754][  0]LogSlate: Took 0.000086 seconds to synchronously load lazily loaded font '../../../Engine/Content/Slate/Fonts/Roboto-Bold.ttf' (160K)
[2018.02.05-12.50.27:758][  0]LogSlate: Took 0.000106 seconds to synchronously load lazily loaded font '../../../Engine/Content/Editor/Slate/Fonts/FontAwesome.ttf' (139K)
[2018.02.05-12.50.27:825][  0]LogRenderer: Reallocating scene render targets to support 1208x576 NumSamples 1 (Frame:1).
[2018.02.05-12.50.27:957][  0]LogUObjectGlobals:Warning: Failed to find object 'Class None.'
[2018.02.05-12.50.28:008][  0]LogContentBrowser: Native class hierarchy updated for 'HierarchicalLODOutliner' in 0.0006 seconds. Added 1 classes and 2 folders.
[2018.02.05-12.50.28:009][  0]LogLoad: (Engine Initialization) Total time: 12.56 seconds
[2018.02.05-12.50.28:009][  0]LogLoad: (Engine Initialization) Total Blueprint compile time: 0.08 seconds
[2018.02.05-12.50.28:009][  0]LogExternalProfiler: Found external profiler: VSPerf
[2018.02.05-12.50.28:009][  0]LogExternalProfiler: Using external profiler: VSPerf
[2018.02.05-12.50.28:018][  0]LogOcInput: OculusInput pre-init called
[2018.02.05-12.50.28:018][  0]LogHMD: Starting GearVRController plugin
[2018.02.05-12.50.28:034][  0]LogDirectoryWatcher: A directory notification failed for 'F:/My Documents/GitHub/Group-E-Ass2-Game/PeterIsTheCaptain V0.2/Content/' because it was empty or there was a buffer overflow. Attemping another request...
[2018.02.05-12.50.28:035][  0]LogDirectoryWatcher: A directory notification failed for 'F:/My Documents/GitHub/Group-E-Ass2-Game/PeterIsTheCaptain V0.2/Content/', and we were unable to create a new request.
[2018.02.05-12.50.28:035][  0]LogDirectoryWatcher: A directory notification failed for 'F:/My Documents/GitHub/Group-E-Ass2-Game/PeterIsTheCaptain V0.2/Saved/Collections/' because it was empty or there was a buffer overflow. Attemping another request...
[2018.02.05-12.50.28:035][  0]LogDirectoryWatcher: A directory notification failed for 'F:/My Documents/GitHub/Group-E-Ass2-Game/PeterIsTheCaptain V0.2/Content/Developers/17062683/Collections/' because it was empty or there was a buffer overflow. Attemping another request...
[2018.02.05-12.50.28:035][  0]LogDirectoryWatcher: A directory notification failed for 'F:/My Documents/GitHub/Group-E-Ass2-Game/PeterIsTheCaptain V0.2/Content/Collections/' because it was empty or there was a buffer overflow. Attemping another request...
[2018.02.05-12.50.28:037][  0]LogContentStreaming: Texture pool size now 1000 MB
[2018.02.05-12.50.28:088][  0]LogSlate: Took 0.000111 seconds to synchronously load lazily loaded font '../../../Engine/Content/Slate/Fonts/Roboto-Light.ttf' (159K)
[2018.02.05-12.50.28:101][  1]LogAssetRegistry: Asset discovery search completed in 7.3276 seconds
[2018.02.05-12.50.28:102][  1]LogCollectionManager: Rebuilt the object cache for 0 collections in 0.000001 seconds (found 0 objects)
[2018.02.05-12.50.28:102][  1]LogCollectionManager: Fixed up redirectors for 0 collections in 0.000021 seconds (updated 0 objects)
[2018.02.05-12.50.28:102][  1]LogDirectoryWatcher: A directory notification failed for 'F:/My Documents/GitHub/Group-E-Ass2-Game/PeterIsTheCaptain V0.2/Saved/Collections/' because it was empty or there was a buffer overflow. Attemping another request...
[2018.02.05-12.50.28:103][  1]LogDirectoryWatcher: A directory notification failed for 'F:/My Documents/GitHub/Group-E-Ass2-Game/PeterIsTheCaptain V0.2/Saved/Collections/', and we were unable to create a new request.
[2018.02.05-12.50.28:103][  1]LogDirectoryWatcher: A directory notification failed for 'F:/My Documents/GitHub/Group-E-Ass2-Game/PeterIsTheCaptain V0.2/Content/Developers/17062683/Collections/' because it was empty or there was a buffer overflow. Attemping another request...
[2018.02.05-12.50.28:103][  1]LogDirectoryWatcher: A directory notification failed for 'F:/My Documents/GitHub/Group-E-Ass2-Game/PeterIsTheCaptain V0.2/Content/Developers/17062683/Collections/', and we were unable to create a new request.
[2018.02.05-12.50.28:103][  1]LogDirectoryWatcher: A directory notification failed for 'F:/My Documents/GitHub/Group-E-Ass2-Game/PeterIsTheCaptain V0.2/Content/Collections/' because it was empty or there was a buffer overflow. Attemping another request...
[2018.02.05-12.50.28:103][  1]LogDirectoryWatcher: A directory notification failed for 'F:/My Documents/GitHub/Group-E-Ass2-Game/PeterIsTheCaptain V0.2/Content/Collections/', and we were unable to create a new request.
[2018.02.05-12.50.34:353][744]LogSlate: Took 0.000104 seconds to synchronously load lazily loaded font '../../../Engine/Content/Slate/Fonts/Roboto-Light.ttf' (159K)
[2018.02.05-12.50.34:663][744]LogContentBrowser: Native class hierarchy updated for 'BlueprintGraph' in 0.0011 seconds. Added 112 classes and 0 folders.
[2018.02.05-12.50.35:170][744]LogSlate: Took 0.000098 seconds to synchronously load lazily loaded font '../../../Engine/Content/Slate/Fonts/Roboto-Regular.ttf' (155K)
[2018.02.05-12.50.35:219][744]LogSlate: Took 0.000133 seconds to synchronously load lazily loaded font '../../../Engine/Content/Editor/Slate/Fonts/Roboto-BoldCondensed.ttf' (158K)
[2018.02.05-12.50.35:286][745]LogSlate: Took 0.000128 seconds to synchronously load lazily loaded font '../../../Engine/Content/Editor/Slate/Fonts/Roboto-Italic.ttf' (157K)
[2018.02.05-12.55.47:852][184]BlueprintLog: New page: Compile Main_Character
[2018.02.05-12.55.52:231][684]LogTemp: Repeting last play command: Selected Viewport
[2018.02.05-12.55.52:313][684]LogPlayLevel: PlayLevel: No blueprints needed recompiling
[2018.02.05-12.55.52:313][684]PIE: New page: PIE session: Untitled_1 (5 Feb 2018 12:55:52)
[2018.02.05-12.55.52:313][684]LogPlayLevel: Creating play world package: /Temp/UEDPIE_0_Untitled_1
[2018.02.05-12.55.52:315][684]LogPlayLevel: PIE: StaticDuplicateObject took: (0.002011s)
[2018.02.05-12.55.52:316][684]LogAIModule: Creating AISystem for world Untitled_1
[2018.02.05-12.55.52:316][684]LogPlayLevel: PIE: World Init took: (0.000728s)
[2018.02.05-12.55.52:316][684]LogPlayLevel: PIE: Created PIE world by copying editor world from /Temp/Untitled_1.Untitled_1 to /Temp/UEDPIE_0_Untitled_1.Untitled_1 (0.002894s)
[2018.02.05-12.55.52:334][684]LogInit: XAudio2 using 'Speakers (High Definition Audio Device)' : 2 channels at 44.1 kHz using 16 bits per sample (channel mask 0x3)
[2018.02.05-12.55.52:338][684]LogInit: FAudioDevice initialized.
[2018.02.05-12.55.52:383][684]LogLoad: Game class is 'Game_Mode_1_C'
[2018.02.05-12.55.52:385][684]LogWorld: Bringing World /Temp/UEDPIE_0_Untitled_1.Untitled_1 up for play (max tick rate 0) at 2018.02.05-12.55.52
[2018.02.05-12.55.52:385][684]LogWorld: Bringing up level for play took: 0.000833
[2018.02.05-12.55.52:429][684]LogContentBrowser: Native class hierarchy updated for 'MovieSceneCapture' in 0.0009 seconds. Added 11 classes and 0 folders.
[2018.02.05-12.55.52:429][684]LogGameMode:Display: Match State Changed from EnteringMap to WaitingToStart
[2018.02.05-12.55.52:429][684]LogGameState: Match State Changed from EnteringMap to WaitingToStart
[2018.02.05-12.55.52:429][684]LogGameMode:Display: Match State Changed from WaitingToStart to InProgress
[2018.02.05-12.55.52:430][684]LogGameState: Match State Changed from WaitingToStart to InProgress
[2018.02.05-12.55.52:430][684]PIE: Info Play in editor start time for /Temp/UEDPIE_0_Untitled_1 0.206
[2018.02.05-12.55.57:666][290]LogAIModule: Creating AISystem for world NewMap
[2018.02.05-12.55.59:201][290]Cmd: OBJ SAVEPACKAGE PACKAGE="/Game/Blueprints/Main_Character" FILE="F:/My Documents/GitHub/Group-E-Ass2-Game/PeterIsTheCaptain V0.2/Content/Blueprints/Main_Character.uasset" SILENT=true
[2018.02.05-12.55.59:347][290]LogSavePackage: Save=121.20ms
[2018.02.05-12.55.59:347][290]LogSavePackage: Moving 'F:/My Documents/GitHub/Group-E-Ass2-Game/PeterIsTheCaptain V0.2/Saved/Main_Character8273C28448AECA103372AA954282817B.tmp' to 'F:/My Documents/GitHub/Group-E-Ass2-Game/PeterIsTheCaptain V0.2/Content/Blueprints/Main_Character.uasset'
[2018.02.05-12.55.59:356][290]LogSavePackage:Display: Finished SavePackage F:/My Documents/GitHub/Group-E-Ass2-Game/PeterIsTheCaptain V0.2/Content/Blueprints/Main_Character.uasset
[2018.02.05-12.55.59:357][290]Cmd: MAP LOAD FILE="F:/My Documents/GitHub/Group-E-Ass2-Game/PeterIsTheCaptain V0.2/Content/Maps/NewMap.umap" TEMPLATE=0 SHOWPROGRESS=1 FEATURELEVEL=3
[2018.02.05-12.55.59:357][290]LightingResults: New page: Lighting Build
[2018.02.05-12.55.59:357][290]LoadErrors: New page: Loading map: NewMap.umap
[2018.02.05-12.55.59:358][290]MapCheck: New page: Map Check
[2018.02.05-12.55.59:358][290]LightingResults: New page: Lighting Build
[2018.02.05-12.55.59:379][290]LogEditorServer: Finished looking for orphan Actors (0.000 secs)
[2018.02.05-12.55.59:416][290]Cmd: MAP CHECKDEP NOCLEARLOG
[2018.02.05-12.55.59:451][290]MapCheck: Info Map check complete: 0 Error(s), 0 Warning(s), took 34.333ms to complete.
[2018.02.05-12.55.59:451][290]LogFileHelpers: Loading map 'NewMap' took 0.095
[2018.02.05-12.56.02:322][622]LogTemp: Repeting last play command: Selected Viewport
[2018.02.05-12.56.02:338][622]LogPlayLevel: PlayLevel: No blueprints needed recompiling
[2018.02.05-12.56.02:338][622]PIE: New page: PIE session: NewMap (5 Feb 2018 12:56:02)
[2018.02.05-12.56.02:338][622]LogPlayLevel: Creating play world package: /Game/Maps/UEDPIE_0_NewMap
[2018.02.05-12.56.02:353][622]LogPlayLevel: PIE: StaticDuplicateObject took: (0.014542s)
[2018.02.05-12.56.02:353][622]LogAIModule: Creating AISystem for world NewMap
[2018.02.05-12.56.02:353][622]LogPlayLevel: PIE: World Init took: (0.000556s)
[2018.02.05-12.56.02:353][622]LogPlayLevel: PIE: Created PIE world by copying editor world from /Game/Maps/NewMap.NewMap to /Game/Maps/UEDPIE_0_NewMap.NewMap (0.015276s)
[2018.02.05-12.56.02:370][622]LogInit: XAudio2 using 'Speakers (High Definition Audio Device)' : 2 channels at 44.1 kHz using 16 bits per sample (channel mask 0x3)
[2018.02.05-12.56.02:373][622]LogInit: FAudioDevice initialized.
[2018.02.05-12.56.02:401][622]LogLoad: Game class is 'Game_Mode_1_C'
[2018.02.05-12.56.02:403][622]LogWorld: Bringing World /Game/Maps/UEDPIE_0_NewMap.NewMap up for play (max tick rate 0) at 2018.02.05-12.56.02
[2018.02.05-12.56.02:404][622]LogWorld: Bringing up level for play took: 0.001449
[2018.02.05-12.56.02:404][622]LogGameMode:Display: Match State Changed from EnteringMap to WaitingToStart
[2018.02.05-12.56.02:404][622]LogGameState: Match State Changed from EnteringMap to WaitingToStart
[2018.02.05-12.56.02:404][622]LogGameMode:Display: Match State Changed from WaitingToStart to InProgress
[2018.02.05-12.56.02:405][622]LogGameState: Match State Changed from WaitingToStart to InProgress
[2018.02.05-12.56.02:406][622]PIE: Info Play in editor start time for /Game/Maps/UEDPIE_0_NewMap 0.181
[2018.02.05-13.01.39:243][272]LogActorComponent: UnregisterComponent: (/Engine/Transient.EditorFloorComp) Not registered. Aborting.
[2018.02.05-13.01.39:428][273]Cmd: QUIT_EDITOR
[2018.02.05-13.01.39:450][273]LogExit: Preparing to exit.
[2018.02.05-13.01.40:032][273]LogExit: Editor shut down
[2018.02.05-13.01.40:034][273]LogExit: Transaction tracking system shut down
[2018.02.05-13.01.40:116][273]LogObj: Freed 0b from 0 cluster array pools.
[2018.02.05-13.01.40:117][273]LogExit: Object subsystem successfully closed.
[2018.02.05-13.01.40:136][273]LogD3D11RHI: Shutdown
[2018.02.05-13.01.40:136][273]LogD3D11RHI: CleanupD3DDevice
[2018.02.05-13.01.40:172][273]LogD3D11RHI: ~FD3D11DynamicRHI
[2018.02.05-13.01.40:180][273]LogModuleManager: Shutting down and abandoning module MovieSceneCapture (530)
[2018.02.05-13.01.40:180][273]LogModuleManager: Shutting down and abandoning module BlueprintGraph (528)
[2018.02.05-13.01.40:180][273]LogModuleManager: Shutting down and abandoning module BlueprintProfiler (526)
[2018.02.05-13.01.40:180][273]LogModuleManager: Shutting down and abandoning module HierarchicalLODOutliner (524)
[2018.02.05-13.01.40:180][273]LogModuleManager: Shutting down and abandoning module CrashTracker (522)
[2018.02.05-13.01.40:180][273]LogModuleManager: Shutting down and abandoning module SceneOutliner (520)
[2018.02.05-13.01.40:180][273]LogModuleManager: Shutting down and abandoning module AddContentDialog (518)
[2018.02.05-13.01.40:180][273]LogDirectoryWatcher: A directory notification for 'C:/Program Files (x86)/Epic Games/UE_4.16/FeaturePacks/' was aborted.
[2018.02.05-13.01.40:181][273]LogModuleManager: Shutting down and abandoning module WidgetCarousel (517)
[2018.02.05-13.01.40:181][273]LogModuleManager: Shutting down and abandoning module EditorWidgets (514)
[2018.02.05-13.01.40:181][273]LogModuleManager: Shutting down and abandoning module CollectionManager (512)
[2018.02.05-13.01.40:181][273]LogModuleManager: Shutting down and abandoning module StatsViewer (510)
[2018.02.05-13.01.40:181][273]LogModuleManager: Shutting down and abandoning module FoliageEdit (508)
[2018.02.05-13.01.40:181][273]LogModuleManager: Shutting down and abandoning module LandscapeEditor (506)
[2018.02.05-13.01.40:181][273]LogModuleManager: Shutting down and abandoning module MeshPaintMode (504)
[2018.02.05-13.01.40:181][273]LogModuleManager: Shutting down and abandoning module SceneDepthPickerMode (502)
[2018.02.05-13.01.40:181][273]LogModuleManager: Shutting down and abandoning module ActorPickerMode (500)
[2018.02.05-13.01.40:181][273]LogModuleManager: Shutting down and abandoning module GeometryMode (498)
[2018.02.05-13.01.40:181][273]LogModuleManager: Shutting down and abandoning module TextureAlignMode (496)
[2018.02.05-13.01.40:181][273]LogModuleManager: Shutting down and abandoning module BspMode (494)
[2018.02.05-13.01.40:181][273]LogModuleManager: Shutting down and abandoning module HardwareSurvey (492)
[2018.02.05-13.01.40:181][273]LogModuleManager: Shutting down and abandoning module SequenceRecorderSections (490)
[2018.02.05-13.01.40:181][273]LogModuleManager: Shutting down and abandoning module AutomationWorker (488)
[2018.02.05-13.01.40:181][273]LogModuleManager: Shutting down and abandoning module MatineeToLevelSequence (486)
[2018.02.05-13.01.40:181][273]LogModuleManager: Shutting down and abandoning module LevelSequenceEditor (484)
[2018.02.05-13.01.40:181][273]LogModuleManager: Shutting down and abandoning module PlacementMode (483)
[2018.02.05-13.01.40:181][273]LogModuleManager: Shutting down and abandoning module WmfMediaFactory (480)
[2018.02.05-13.01.40:181][273]LogModuleManager: Shutting down and abandoning module WmfMediaEditor (478)
[2018.02.05-13.01.40:181][273]LogModuleManager: Shutting down and abandoning module AvfMediaFactory (476)
[2018.02.05-13.01.40:181][273]LogModuleManager: Shutting down and abandoning module AvfMediaEditor (474)
[2018.02.05-13.01.40:181][273]LogModuleManager: Shutting down and abandoning module AndroidMediaFactory (472)
[2018.02.05-13.01.40:181][273]LogModuleManager: Shutting down and abandoning module Media (471)
[2018.02.05-13.01.40:181][273]LogModuleManager: Shutting down and abandoning module AndroidMediaEditor (468)
[2018.02.05-13.01.40:181][273]LogModuleManager: Shutting down and abandoning module CharacterAI (466)
[2018.02.05-13.01.40:181][273]LogModuleManager: Shutting down and abandoning module AudioCapture (464)
[2018.02.05-13.01.40:181][273]LogModuleManager: Shutting down and abandoning module SequenceRecorder (463)
[2018.02.05-13.01.40:181][273]LogModuleManager: Shutting down and abandoning module SmartSnapping (460)
[2018.02.05-13.01.40:181][273]LogModuleManager: Shutting down and abandoning module SessionServices (458)
[2018.02.05-13.01.40:181][273]LogModuleManager: Shutting down and abandoning module ViewportSnapping (456)
[2018.02.05-13.01.40:181][273]LogModuleManager: Shutting down and abandoning module ViewportInteraction (454)
[2018.02.05-13.01.40:181][273]LogModuleManager: Shutting down and abandoning module ClothPainter (452)
[2018.02.05-13.01.40:181][273]LogModuleManager: Shutting down and abandoning module LogVisualizer (450)
[2018.02.05-13.01.40:181][273]LogModuleManager: Shutting down and abandoning module IntroTutorials (448)
[2018.02.05-13.01.40:181][273]LogModuleManager: Shutting down and abandoning module GameProjectGeneration (447)
[2018.02.05-13.01.40:181][273]LogModuleManager: Shutting down and abandoning module EditorLiveStreaming (444)
[2018.02.05-13.01.40:181][273]LogModuleManager: Shutting down and abandoning module IOSPlatformEditor (442)
[2018.02.05-13.01.40:181][273]LogModuleManager: Shutting down and abandoning module HTML5PlatformEditor (440)
[2018.02.05-13.01.40:181][273]LogModuleManager: Shutting down and abandoning module AndroidPlatformEditor (438)
[2018.02.05-13.01.40:181][273]LogModuleManager: Shutting down and abandoning module AndroidDeviceDetection (437)
