Log file open, 02/28/18 10:02:31
LogInit:Display: Running engine for game: PeterIsTheCaptain
LogPlatformFile: Not using cached read wrapper
LogInit:Display: RandInit(492103998) SRandInit(492103998).
LogTaskGraph: Started task graph with 5 named threads and 10 total threads with 1 sets of task threads.
LogStats: Stats thread started at 0.096256
LogInit: Using libcurl 7.47.1
LogInit:  - built for x86_64-pc-win32
LogInit:  - supports SSL with OpenSSL/1.0.2g
LogInit:  - supports HTTP deflate (compression) using libz 1.2.8
LogInit:  - other features:
LogInit:      CURL_VERSION_SSL
LogInit:      CURL_VERSION_LIBZ
LogInit:      CURL_VERSION_IPV6
LogInit:      CURL_VERSION_ASYNCHDNS
LogInit:      CURL_VERSION_LARGEFILE
LogInit:      CURL_VERSION_IDN
LogInit:  CurlRequestOptions (configurable via config and command line):
LogInit:  - bVerifyPeer = false  - Libcurl will NOT verify peer certificate
LogInit:  - bUseHttpProxy = false  - Libcurl will NOT use HTTP proxy
LogInit:  - bDontReuseConnections = false  - Libcurl will reuse connections
LogInit:  - CertBundlePath = nullptr  - Libcurl will use whatever was configured at build time.
LogInit: Build: ++UE4+Release-4.16-CL-3561208
LogInit: Engine Version: 4.16.3-3561208+++UE4+Release-4.16
LogInit: Compatible Engine Version: 4.16.0-3452394+++UE4+Release-4.16
LogInit: Net CL: 3452394
LogDevObjectVersion: Number of dev versions registered: 16
LogDevObjectVersion:   Dev-Blueprints (B0D832E4-1F89-4F0D-ACCF-7EB736FD4AA2): 9
LogDevObjectVersion:   Dev-Build (E1C64328-A22C-4D53-A36C-8E866417BD8C): 0
LogDevObjectVersion:   Dev-Core (375EC13C-06E4-48FB-B500-84F0262A717E): 2
LogDevObjectVersion:   Dev-Editor (E4B068ED-F494-42E9-A231-DA0B2E46BB41): 17
LogDevObjectVersion:   Dev-Framework (CFFC743F-43B0-4480-9391-14DF171D2073): 23
LogDevObjectVersion:   Dev-Mobile (B02B49B5-BB20-44E9-A304-32B752E40360): 0
LogDevObjectVersion:   Dev-Networking (A4E4105C-59A1-49B5-A7C5-40C4547EDFEE): 0
LogDevObjectVersion:   Dev-Online (39C831C9-5AE6-47DC-9A44-9C173E1C8E7C): 0
LogDevObjectVersion:   Dev-Physics (78F01B33-EBEA-4F98-B9B4-84EACCB95AA2): 0
LogDevObjectVersion:   Dev-Platform (6631380F-2D4D-43E0-8009-CF276956A95A): 0
LogDevObjectVersion:   Dev-Rendering (12F88B9F-8875-4AFC-A67C-D90C383ABD29): 15
LogDevObjectVersion:   Dev-Sequencer (7B5AE74C-D270-4C10-A958-57980B212A5A): 4
LogDevObjectVersion:   Dev-VR (D7296918-1DD6-4BDD-9DE2-64A83CC13884): 0
LogDevObjectVersion:   Dev-LoadTimes (C2A15278-BFE7-4AFE-6C17-90FF531DF755): 1
LogDevObjectVersion:   Private-Geometry (6EACA3D4-40EC-4CC1-B786-8BED09428FC5): 1
LogDevObjectVersion:   Dev-AnimPhys (29E575DD-E0A3-4627-9D10-D276232CDCEA): 3
LogInit: Compiled (64-bit): Jul 28 2017 11:49:47
LogInit: Compiled with Visual C++: 19.00.24215.01
LogInit: Build Configuration: Development
LogInit: Branch Name: ++UE4+Release-4.16
LogInit: Command line:  
LogInit: Base directory: D:/Unreal Engine/UE_4.16/Engine/Binaries/Win64/
LogInit: Installed Engine Build: 1
LogInit: Presizing for max 8388607 objects, including 0 objects not considered by GC, pre-allocating 0 bytes for permanent pool.
LogInit: Object subsystem initialized
[2018.02.28-10.02.31:285][  0]LogInit: Selected Device Profile: [Windows]
[2018.02.28-10.02.31:285][  0]LogInit: Applying CVar settings loaded from the selected device profile: [Windows]
[2018.02.28-10.02.31:292][  0]LogInit: Computer: DESKTOP-HPDLR00
[2018.02.28-10.02.31:293][  0]LogInit: User: MikeyTBS
[2018.02.28-10.02.31:293][  0]LogInit: CPU Page size=4096, Cores=6
[2018.02.28-10.02.31:293][  0]LogInit: High frequency timer resolution =3.609375 MHz
[2018.02.28-10.02.31:293][  0]LogMemory: Memory total: Physical=15.9GB (16GB approx)
[2018.02.28-10.02.31:293][  0]LogMemory: Platform Memory Stats for Windows
[2018.02.28-10.02.31:293][  0]LogMemory: Process Physical Memory: 274.79 MB used, 274.79 MB peak
[2018.02.28-10.02.31:293][  0]LogMemory: Process Virtual Memory: 271.24 MB used, 271.24 MB peak
[2018.02.28-10.02.31:293][  0]LogMemory: Physical Memory: 4501.48 MB used,  11822.68 MB free, 16324.16 MB total
[2018.02.28-10.02.31:293][  0]LogMemory: Virtual Memory: 685.25 MB used,  11822.68 MB free, 134217728.00 MB total
[2018.02.28-10.02.31:328][  0]LogInit: Using OS detected language (en-GB).
[2018.02.28-10.02.31:328][  0]LogInit: Using OS detected locale (en-GB).
[2018.02.28-10.02.31:330][  0]LogTextLocalizationManager: No specific localization for 'en-GB' exists, so the 'en' localization will be used.
[2018.02.28-10.02.31:980][  0]LogD3D11RHI: D3D11 adapters:
[2018.02.28-10.02.32:034][  0]LogD3D11RHI:    0. 'NVIDIA GeForce GTX 1060 6GB' (Feature Level 11_0)
[2018.02.28-10.02.32:034][  0]LogD3D11RHI:       6061/0/8162 MB DedicatedVideo/DedicatedSystem/SharedSystem, Outputs:1, VendorId:0x10de
[2018.02.28-10.02.32:036][  0]LogD3D11RHI:    1. 'Microsoft Basic Render Driver' (Feature Level 11_0)
[2018.02.28-10.02.32:036][  0]LogD3D11RHI:       0/0/8162 MB DedicatedVideo/DedicatedSystem/SharedSystem, Outputs:0, VendorId:0x1414
[2018.02.28-10.02.32:036][  0]LogD3D11RHI: Chosen D3D11 Adapter: 0
[2018.02.28-10.02.32:039][  0]LogD3D11RHI: Creating new Direct3DDevice
[2018.02.28-10.02.32:039][  0]LogD3D11RHI:     GPU DeviceId: 0x1c03 (for the marketing name, search the web for "GPU Device Id")
[2018.02.28-10.02.32:039][  0]LogWindows: EnumDisplayDevices:
[2018.02.28-10.02.32:039][  0]LogWindows:    0. 'NVIDIA GeForce GTX 1060 6GB' (P:1 D:1)
[2018.02.28-10.02.32:039][  0]LogWindows:    1. 'NVIDIA GeForce GTX 1060 6GB' (P:0 D:0)
[2018.02.28-10.02.32:040][  0]LogWindows:    2. 'NVIDIA GeForce GTX 1060 6GB' (P:0 D:0)
[2018.02.28-10.02.32:040][  0]LogWindows:    3. 'NVIDIA GeForce GTX 1060 6GB' (P:0 D:0)
[2018.02.28-10.02.32:040][  0]LogWindows: DebugString: GetVideoDriverDetailsInvalid PrimaryIsNotTheChoosenAdapter GetVideoDriverDetailsInvalid PrimaryIsNotTheChoosenAdapter GetVideoDriverDetailsInvalid PrimaryIsNotTheChoosenAdapter GetVideoDriverDetailsInvalid PrimaryIsNotTheChoosenAdapter FoundDriverCount:0 
[2018.02.28-10.02.32:040][  0]LogD3D11RHI:     Adapter Name: NVIDIA GeForce GTX 1060 6GB
[2018.02.28-10.02.32:040][  0]LogD3D11RHI:   Driver Version: Unknown (internal:Unknown, unified:Unknown)
[2018.02.28-10.02.32:040][  0]LogD3D11RHI:      Driver Date: Unknown
[2018.02.28-10.02.32:040][  0]LogRHI: Texture pool is 1361 MB (70% of 1945 MB)
[2018.02.28-10.02.32:060][  0]LogD3D11RHI: Async texture creation enabled
[2018.02.28-10.02.32:069][  0]LogD3D11RHI: GPU Timing Frequency: 1000.000000 (Debug: 2 1)
[2018.02.28-10.02.32:117][  0]LogShaderCompilers: Guid format shader working directory is -26 characters bigger than the processId version (C:/Users/MikeyTBS/Documents/GitHub/Group-E-Ass2-Game/PeterIsTheCaptain V0.2/Intermediate/Shaders/WorkingDirectory/5052/).
[2018.02.28-10.02.32:117][  0]LogShaderCompilers: Cleaned the shader compiler working directory 'C:/Users/MikeyTBS/AppData/Local/Temp/UnrealShaderWorkingDir/649A1C76406BE97F2E27F887321CC6BD/'.
[2018.02.28-10.02.32:117][  0]LogShaderCompilers:Display: Using Local Shader Compiler.
[2018.02.28-10.02.32:854][  0]LogTemp:Display: Loaded TP AllDesktopTargetPlatform
[2018.02.28-10.02.32:882][  0]LogTemp:Display: Loaded TP MacClientTargetPlatform
[2018.02.28-10.02.32:910][  0]LogTemp:Display: Loaded TP MacNoEditorTargetPlatform
[2018.02.28-10.02.32:940][  0]LogTemp:Display: Loaded TP MacServerTargetPlatform
[2018.02.28-10.02.32:968][  0]LogTemp:Display: Loaded TP MacTargetPlatform
[2018.02.28-10.02.32:997][  0]LogTemp:Display: Loaded TP WindowsClientTargetPlatform
[2018.02.28-10.02.33:025][  0]LogTemp:Display: Loaded TP WindowsNoEditorTargetPlatform
[2018.02.28-10.02.33:054][  0]LogTemp:Display: Loaded TP WindowsServerTargetPlatform
[2018.02.28-10.02.33:078][  0]LogTemp:Display: Loaded TP WindowsTargetPlatform
[2018.02.28-10.02.33:107][  0]LogTemp:Display: Loaded TP AndroidTargetPlatform
[2018.02.28-10.02.33:136][  0]LogTemp:Display: Loaded TP Android_ASTCTargetPlatform
[2018.02.28-10.02.33:164][  0]LogTemp:Display: Loaded TP Android_ATCTargetPlatform
[2018.02.28-10.02.33:192][  0]LogTemp:Display: Loaded TP Android_DXTTargetPlatform
[2018.02.28-10.02.33:220][  0]LogTemp:Display: Loaded TP Android_ETC1TargetPlatform
[2018.02.28-10.02.33:248][  0]LogTemp:Display: Loaded TP Android_ETC2TargetPlatform
[2018.02.28-10.02.33:305][  0]LogTemp:Display: Loaded TP Android_MultiTargetPlatform
[2018.02.28-10.02.33:305][  0]LogTemp:Display: Loaded TP Android_PVRTCTargetPlatform
[2018.02.28-10.02.33:326][  0]LogTemp:Display: Loaded TP HTML5TargetPlatform
[2018.02.28-10.02.33:388][  0]LogTemp:Display: Loaded TP IOSTargetPlatform
[2018.02.28-10.02.33:405][  0]LogTemp:Display: Loaded TP TVOSTargetPlatform
[2018.02.28-10.02.33:434][  0]LogTemp:Display: Loaded TP LinuxClientTargetPlatform
[2018.02.28-10.02.33:462][  0]LogTemp:Display: Loaded TP LinuxNoEditorTargetPlatform
[2018.02.28-10.02.33:491][  0]LogTemp:Display: Loaded TP LinuxServerTargetPlatform
[2018.02.28-10.02.33:520][  0]LogTemp:Display: Loaded TP LinuxTargetPlatform
[2018.02.28-10.02.33:520][  0]LogTargetPlatformManager:Display: Building Assets For Windows
[2018.02.28-10.02.33:781][  0]LogDerivedDataCache:Display: Max Cache Size: 512 MB
[2018.02.28-10.02.33:837][  0]LogDerivedDataCache: Loaded boot cache 0.06s 90MB C:/Users/MikeyTBS/AppData/Local/UnrealEngine/4.16/DerivedDataCache/Boot.ddc.
[2018.02.28-10.02.33:837][  0]LogDerivedDataCache:Display: Loaded Boot cache: C:/Users/MikeyTBS/AppData/Local/UnrealEngine/4.16/DerivedDataCache/Boot.ddc
[2018.02.28-10.02.33:837][  0]LogDerivedDataCache: FDerivedDataBackendGraph:  Pak pak cache file C:/Users/MikeyTBS/Documents/GitHub/Group-E-Ass2-Game/PeterIsTheCaptain V0.2/DerivedDataCache/DDC.ddp not found, will not use a pak cache.
[2018.02.28-10.02.33:837][  0]LogDerivedDataCache: Unable to find inner node Pak for hierarchical cache Hierarchy.
[2018.02.28-10.02.33:837][  0]LogDerivedDataCache: FDerivedDataBackendGraph:  CompressedPak pak cache file C:/Users/MikeyTBS/Documents/GitHub/Group-E-Ass2-Game/PeterIsTheCaptain V0.2/DerivedDataCache/Compressed.ddp not found, will not use a pak cache.
[2018.02.28-10.02.33:837][  0]LogDerivedDataCache: Unable to find inner node CompressedPak for hierarchical cache Hierarchy.
[2018.02.28-10.02.33:848][  0]LogDerivedDataCache:Display: Pak cache opened for reading ../../../Engine/DerivedDataCache/Compressed.ddp.
[2018.02.28-10.02.33:860][  0]LogDerivedDataCache: Using Local data cache path C:/Users/MikeyTBS/AppData/Local/UnrealEngine/Common/DerivedDataCache: Writable
[2018.02.28-10.02.33:867][  0]LogMaterial: Verifying Global Shaders for PCD3D_SM5
[2018.02.28-10.02.33:867][  0]LogSlate: Using Freetype 2.6.0
[2018.02.28-10.02.33:867][  0]LogSlate: SlateFontCache - WITH_FREETYPE: 1, WITH_HARFBUZZ: 1
[2018.02.28-10.02.33:867][  0]LogSlate: SlateFontCache - WITH_FREETYPE: 1, WITH_HARFBUZZ: 1
[2018.02.28-10.02.40:111][  0]LogInit: Selected Device Profile: [Windows]
[2018.02.28-10.02.40:611][  0]LogContentStreaming: Texture pool size is 0.00 MB
[2018.02.28-10.02.41:199][  0]LogMeshUtilities: Using QuadricMeshReduction for automatic static mesh reduction
[2018.02.28-10.02.41:385][  0]LogSimplygon: Simplygon DLL not present - disabling.
[2018.02.28-10.02.41:472][  0]LogMeshUtilities: Using SimplygonSwarm for distributed automatic mesh merging
[2018.02.28-10.02.41:472][  0]LogMeshUtilities: No automatic skeletal mesh reduction module available
[2018.02.28-10.02.41:472][  0]LogMeshUtilities: No automatic mesh merging module available
[2018.02.28-10.02.45:613][  0]LogNetVersion: PeterIsTheCaptain , NetCL: 3452394, EngineNetVer: 2, GameNetVer: 0 (Checksum: 1858553666)
[2018.02.28-10.02.45:977][  0]LogAssetRegistry: FAssetRegistry took 0.0274 seconds to start up
[2018.02.28-10.02.45:992][  0]LogAssetRegistry:Error: Failed to open file for write C:/Users/MikeyTBS/Documents/GitHub/Group-E-Ass2-Game/PeterIsTheCaptain V0.2/Intermediate/AssetRegistryCache/e8c2d44a.bin
[2018.02.28-10.02.46:064][  0]LogAssetRegistry:Error: Failed to open file for write C:/Users/MikeyTBS/Documents/GitHub/Group-E-Ass2-Game/PeterIsTheCaptain V0.2/Intermediate/AssetRegistryCache/266574c4.bin
[2018.02.28-10.02.46:072][  0]LogFileManager:Warning: MoveFile was unable to move 'C:/Users/MikeyTBS/Documents/GitHub/Group-E-Ass2-Game/PeterIsTheCaptain V0.2/Intermediate/AssetRegistryCache/8c0e1344.bin.tmp' to 'C:/Users/MikeyTBS/Documents/GitHub/Group-E-Ass2-Game/PeterIsTheCaptain V0.2/Intermediate/AssetRegistryCache/8c0e1344.bin', retrying in .5s...
[2018.02.28-10.02.46:573][  0]LogFileManager:Warning: MoveFile was unable to move 'C:/Users/MikeyTBS/Documents/GitHub/Group-E-Ass2-Game/PeterIsTheCaptain V0.2/Intermediate/AssetRegistryCache/8c0e1344.bin.tmp' to 'C:/Users/MikeyTBS/Documents/GitHub/Group-E-Ass2-Game/PeterIsTheCaptain V0.2/Intermediate/AssetRegistryCache/8c0e1344.bin', retrying in .5s...
[2018.02.28-10.02.47:073][  0]LogFileManager:Warning: MoveFile was unable to move 'C:/Users/MikeyTBS/Documents/GitHub/Group-E-Ass2-Game/PeterIsTheCaptain V0.2/Intermediate/AssetRegistryCache/8c0e1344.bin.tmp' to 'C:/Users/MikeyTBS/Documents/GitHub/Group-E-Ass2-Game/PeterIsTheCaptain V0.2/Intermediate/AssetRegistryCache/8c0e1344.bin', retrying in .5s...
[2018.02.28-10.02.47:574][  0]LogFileManager:Warning: MoveFile was unable to move 'C:/Users/MikeyTBS/Documents/GitHub/Group-E-Ass2-Game/PeterIsTheCaptain V0.2/Intermediate/AssetRegistryCache/8c0e1344.bin.tmp' to 'C:/Users/MikeyTBS/Documents/GitHub/Group-E-Ass2-Game/PeterIsTheCaptain V0.2/Intermediate/AssetRegistryCache/8c0e1344.bin', retrying in .5s...
[2018.02.28-10.02.48:074][  0]LogFileManager:Warning: MoveFile was unable to move 'C:/Users/MikeyTBS/Documents/GitHub/Group-E-Ass2-Game/PeterIsTheCaptain V0.2/Intermediate/AssetRegistryCache/8c0e1344.bin.tmp' to 'C:/Users/MikeyTBS/Documents/GitHub/Group-E-Ass2-Game/PeterIsTheCaptain V0.2/Intermediate/AssetRegistryCache/8c0e1344.bin', retrying in .5s...
[2018.02.28-10.02.48:575][  0]LogFileManager:Warning: MoveFile was unable to move 'C:/Users/MikeyTBS/Documents/GitHub/Group-E-Ass2-Game/PeterIsTheCaptain V0.2/Intermediate/AssetRegistryCache/8c0e1344.bin.tmp' to 'C:/Users/MikeyTBS/Documents/GitHub/Group-E-Ass2-Game/PeterIsTheCaptain V0.2/Intermediate/AssetRegistryCache/8c0e1344.bin', retrying in .5s...
[2018.02.28-10.02.49:075][  0]LogFileManager:Warning: MoveFile was unable to move 'C:/Users/MikeyTBS/Documents/GitHub/Group-E-Ass2-Game/PeterIsTheCaptain V0.2/Intermediate/AssetRegistryCache/8c0e1344.bin.tmp' to 'C:/Users/MikeyTBS/Documents/GitHub/Group-E-Ass2-Game/PeterIsTheCaptain V0.2/Intermediate/AssetRegistryCache/8c0e1344.bin', retrying in .5s...
[2018.02.28-10.02.49:575][  0]LogFileManager:Warning: MoveFile was unable to move 'C:/Users/MikeyTBS/Documents/GitHub/Group-E-Ass2-Game/PeterIsTheCaptain V0.2/Intermediate/AssetRegistryCache/8c0e1344.bin.tmp' to 'C:/Users/MikeyTBS/Documents/GitHub/Group-E-Ass2-Game/PeterIsTheCaptain V0.2/Intermediate/AssetRegistryCache/8c0e1344.bin', retrying in .5s...
[2018.02.28-10.02.50:076][  0]LogFileManager:Warning: MoveFile was unable to move 'C:/Users/MikeyTBS/Documents/GitHub/Group-E-Ass2-Game/PeterIsTheCaptain V0.2/Intermediate/AssetRegistryCache/8c0e1344.bin.tmp' to 'C:/Users/MikeyTBS/Documents/GitHub/Group-E-Ass2-Game/PeterIsTheCaptain V0.2/Intermediate/AssetRegistryCache/8c0e1344.bin', retrying in .5s...
[2018.02.28-10.02.50:577][  0]LogFileManager:Warning: MoveFile was unable to move 'C:/Users/MikeyTBS/Documents/GitHub/Group-E-Ass2-Game/PeterIsTheCaptain V0.2/Intermediate/AssetRegistryCache/8c0e1344.bin.tmp' to 'C:/Users/MikeyTBS/Documents/GitHub/Group-E-Ass2-Game/PeterIsTheCaptain V0.2/Intermediate/AssetRegistryCache/8c0e1344.bin', retrying in .5s...
[2018.02.28-10.02.51:078][  0]LogFileManager:Error: Error moving file 'C:/Users/MikeyTBS/Documents/GitHub/Group-E-Ass2-Game/PeterIsTheCaptain V0.2/Intermediate/AssetRegistryCache/8c0e1344.bin.tmp' to 'C:/Users/MikeyTBS/Documents/GitHub/Group-E-Ass2-Game/PeterIsTheCaptain V0.2/Intermediate/AssetRegistryCache/8c0e1344.bin'.
[2018.02.28-10.02.51:112][  0]LogPackageLocalizationCache: Processed 4 localized package path(s) for 2 prioritized culture(s) in 5.122786 seconds
[2018.02.28-10.02.51:125][  0]LogUObjectArray: 34194 objects as part of root set at end of initial load.
[2018.02.28-10.02.51:125][  0]LogUObjectAllocator: 7260416 out of 0 bytes used by permanent object pool.
[2018.02.28-10.02.51:125][  0]LogUObjectArray: CloseDisregardForGC: 0/0 objects in disregard for GC pool
[2018.02.28-10.02.51:206][  0]LogInit: WinSock: version 1.1 (2.2), MaxSocks=32767, MaxUdp=65467
[2018.02.28-10.03.19:948][  0]LogTcpMessaging: Initializing TcpMessaging bridge
[2018.02.28-10.03.20:048][  0]LogUdpMessaging: Initializing bridge on interface 0.0.0.0:0 to multicast group 230.0.0.1:6666.
[2018.02.28-10.03.21:798][  0]LogMaterial: Uniform references updated for custom material expression Custom.
[2018.02.28-10.03.22:324][  0]SourceControl: Info Source control is disabled
[2018.02.28-10.03.22:325][  0]SourceControl: Info Source control is disabled
[2018.02.28-10.03.22:460][  0]SourceControl: Info Source control is disabled
[2018.02.28-10.03.22:530][  0]SourceControl: Info Source control is disabled
[2018.02.28-10.03.24:229][  0]LogAndroidPermission: UAndroidPermissionCallbackProxy::GetInstance
[2018.02.28-10.03.25:267][  0]LogEngine: Initializing Engine...
[2018.02.28-10.03.25:268][  0]LogHMD: Failed to initialize OpenVR with code 110
[2018.02.28-10.03.25:468][  0]LogStats: UGameplayTagsManager::ConstructGameplayTagTree: Construct from data asset -  0.000 s
[2018.02.28-10.03.25:468][  0]LogStats: UGameplayTagsManager::ConstructGameplayTagTree: GameplayTagTreeChangedEvent.Broadcast -  0.000 s
[2018.02.28-10.03.25:600][  0]LogAIModule: Creating AISystem for world Untitled
[2018.02.28-10.03.25:611][  0]LogInit: XAudio2 using 'Speakers (High Definition Audio Device)' : 2 channels at 48 kHz using 16 bits per sample (channel mask 0x3)
[2018.02.28-10.03.25:622][  0]LogInit: FAudioDevice initialized.
[2018.02.28-10.03.25:657][  0]LogDerivedDataCache: Saved boot cache 0.04s 90MB C:/Users/MikeyTBS/AppData/Local/UnrealEngine/4.16/DerivedDataCache/Boot.ddc.
[2018.02.28-10.03.25:663][  0]LogInit: Texture streaming: Enabled
[2018.02.28-10.03.25:824][  0]LogEngineSessionManager: EngineSessionManager initialized
[2018.02.28-10.03.26:831][  0]LogInit: Transaction tracking system initialized
[2018.02.28-10.03.27:158][  0]BlueprintLog: New page: Editor Load
[2018.02.28-10.03.27:884][  0]LogAssetRegistry:Error: Failed to open file for write C:/Users/MikeyTBS/Documents/GitHub/Group-E-Ass2-Game/PeterIsTheCaptain V0.2/Intermediate/CachedAssetRegistry.bin
[2018.02.28-10.03.29:147][  0]LogConfig:Warning: Failed to saved backup for config[LocalizationServiceSettings]
[2018.02.28-10.03.29:187][  0]LocalizationService: Info Localization service is disabled
[2018.02.28-10.03.30:979][  0]LogConsoleResponse:Display: 
[2018.02.28-10.03.31:975][  0]LogCook:Display: Max memory allowance for cook 16384mb min free memory 0mb
[2018.02.28-10.03.31:975][  0]LogCook:Display: Mobile HDR setting 1
[2018.02.28-10.03.32:640][  0]LogFileCache: Scanning file cache for directory 'C:/Users/MikeyTBS/Documents/GitHub/Group-E-Ass2-Game/PeterIsTheCaptain V0.2/Content/' took 0.02s
[2018.02.28-10.03.36:802][  0]SourceControl: Info Source control is disabled
[2018.02.28-10.03.36:803][  0]Cmd: MAP LOAD FILE="C:/Users/MikeyTBS/Documents/GitHub/Group-E-Ass2-Game/PeterIsTheCaptain V0.2/Content/Levels/MainMenu.umap" TEMPLATE=0 SHOWPROGRESS=1 FEATURELEVEL=3
[2018.02.28-10.03.36:803][  0]LightingResults: New page: Lighting Build
[2018.02.28-10.03.36:828][  0]MapCheck: New page: Map Check
[2018.02.28-10.03.36:828][  0]LightingResults: New page: Lighting Build
[2018.02.28-10.03.36:866][  0]LogAIModule: Creating AISystem for world MainMenu
[2018.02.28-10.03.36:867][  0]LogEditorServer: Finished looking for orphan Actors (0.000 secs)
[2018.02.28-10.03.36:874][  0]Cmd: MAP CHECKDEP NOCLEARLOG
[2018.02.28-10.03.36:901][  0]MapCheck: Info Map check complete: 0 Error(s), 0 Warning(s), took 27.509ms to complete.
[2018.02.28-10.03.36:901][  0]LogFileHelpers: Loading map 'MainMenu' took 0.099
[2018.02.28-10.03.37:502][  0]LogCollectionManager: Loaded 0 collections in 0.001196 seconds
[2018.02.28-10.03.37:609][  0]LogFileCache: Scanning file cache for directory 'C:/Users/MikeyTBS/Documents/GitHub/Group-E-Ass2-Game/PeterIsTheCaptain V0.2/Saved/Collections/' took 0.01s
[2018.02.28-10.03.37:609][  0]LogFileCache: Scanning file cache for directory 'C:/Users/MikeyTBS/Documents/GitHub/Group-E-Ass2-Game/PeterIsTheCaptain V0.2/Content/Developers/MikeyTBS/Collections/' took 0.01s
[2018.02.28-10.03.37:609][  0]LogFileCache: Scanning file cache for directory 'C:/Users/MikeyTBS/Documents/GitHub/Group-E-Ass2-Game/PeterIsTheCaptain V0.2/Content/Collections/' took 0.01s
[2018.02.28-10.03.37:609][  0]LogCollectionManager: Rebuilt the GUID cache for 0 collections in 0.000006 seconds
[2018.02.28-10.03.37:618][  0]LogContentBrowser: Native class hierarchy populated in 0.0091 seconds. Added 2329 classes and 491 folders.
[2018.02.28-10.03.37:658][  0]LogContentBrowser: Native class hierarchy updated for 'WidgetCarousel' in 0.0004 seconds. Added 0 classes and 0 folders.
[2018.02.28-10.03.44:279][  0]LogContentBrowser: Native class hierarchy updated for 'AddContentDialog' in 0.0008 seconds. Added 0 classes and 0 folders.
[2018.02.28-10.03.44:488][  0]LogContentBrowser: Native class hierarchy updated for 'SceneOutliner' in 0.0010 seconds. Added 1 classes and 2 folders.
[2018.02.28-10.03.44:682][  0]LogCrashTracker: Crashtracker disabled due to settings.
[2018.02.28-10.03.44:764][  0]LogSlate: Took 0.076241 seconds to synchronously load lazily loaded font '../../../Engine/Content/Slate/Fonts/Roboto-Regular.ttf' (155K)
[2018.02.28-10.03.44:794][  0]LogSlate: Took 0.028985 seconds to synchronously load lazily loaded font '../../../Engine/Content/Slate/Fonts/Roboto-Bold.ttf' (160K)
[2018.02.28-10.03.44:817][  0]LogSlate: Took 0.019186 seconds to synchronously load lazily loaded font '../../../Engine/Content/Editor/Slate/Fonts/FontAwesome.ttf' (139K)
[2018.02.28-10.03.45:072][  0]LogRenderer: Reallocating scene render targets to support 1120x576 NumSamples 1 (Frame:1).
[2018.02.28-10.03.45:178][  0]LogUObjectGlobals:Warning: Failed to find object 'Class None.'
[2018.02.28-10.03.45:412][  0]LogContentBrowser: Native class hierarchy updated for 'HierarchicalLODOutliner' in 0.0004 seconds. Added 1 classes and 2 folders.
[2018.02.28-10.03.45:412][  0]LogLoad: (Engine Initialization) Total time: 75.22 seconds
[2018.02.28-10.03.45:412][  0]LogLoad: (Engine Initialization) Total Blueprint compile time: 0.24 seconds
[2018.02.28-10.03.45:412][  0]LogExternalProfiler: Found external profiler: VSPerf
[2018.02.28-10.03.45:412][  0]LogExternalProfiler: Using external profiler: VSPerf
[2018.02.28-10.03.45:751][  0]LogOcInput: OculusInput pre-init called
[2018.02.28-10.03.45:751][  0]LogHMD: Starting GearVRController plugin
[2018.02.28-10.03.45:764][  0]LogAssetRegistry: Asset discovery search completed in 59.8086 seconds
[2018.02.28-10.03.45:766][  0]LogCollectionManager: Rebuilt the object cache for 0 collections in 0.000001 seconds (found 0 objects)
[2018.02.28-10.03.45:766][  0]LogCollectionManager: Fixed up redirectors for 0 collections in 0.000025 seconds (updated 0 objects)
[2018.02.28-10.03.45:767][  0]LogContentStreaming: Texture pool size now 1000 MB
[2018.02.28-10.03.45:845][  0]LogSlate: Took 0.034114 seconds to synchronously load lazily loaded font '../../../Engine/Content/Slate/Fonts/Roboto-Light.ttf' (159K)
[2018.02.28-10.03.46:752][  3]LogSlate: Took 0.000160 seconds to synchronously load lazily loaded font '../../../Engine/Content/Slate/Fonts/Roboto-Light.ttf' (159K)
[2018.02.28-10.09.55:800][544]LogTemp: Repeting last play command: Selected Viewport
[2018.02.28-10.09.55:830][544]LogBlueprintUserMessages: Early PlayInEditor Detection: Level '/Game/Levels/MainMenu.MainMenu:PersistentLevel' has LevelScriptBlueprint '/Game/Levels/MainMenu.MainMenu:PersistentLevel.MainMenu' with GeneratedClass '/Game/Levels/MainMenu.MainMenu_C' with ClassGeneratedBy '/Game/Levels/MainMenu.MainMenu:PersistentLevel.MainMenu'
[2018.02.28-10.09.55:830][544]LogPlayLevel: PlayLevel: No blueprints needed recompiling
[2018.02.28-10.09.55:830][544]PIE: New page: PIE session: MainMenu (28 Feb 2018 10:09:55)
[2018.02.28-10.09.55:830][544]LogPlayLevel: Creating play world package: /Game/Levels/UEDPIE_0_MainMenu
[2018.02.28-10.09.55:831][544]LogPlayLevel: PIE: StaticDuplicateObject took: (0.000816s)
[2018.02.28-10.09.55:832][544]LogAIModule: Creating AISystem for world MainMenu
[2018.02.28-10.09.55:832][544]LogPlayLevel: PIE: World Init took: (0.000587s)
[2018.02.28-10.09.55:832][544]LogPlayLevel: PIE: Created PIE world by copying editor world from /Game/Levels/MainMenu.MainMenu to /Game/Levels/UEDPIE_0_MainMenu.MainMenu (0.001557s)
[2018.02.28-10.09.55:841][544]LogInit: XAudio2 using 'Speakers (High Definition Audio Device)' : 2 channels at 48 kHz using 16 bits per sample (channel mask 0x3)
[2018.02.28-10.09.55:846][544]LogInit: FAudioDevice initialized.
[2018.02.28-10.09.55:884][544]LogLoad: Game class is 'GameMode'
[2018.02.28-10.09.55:886][544]LogWorld: Bringing World /Game/Levels/UEDPIE_0_MainMenu.MainMenu up for play (max tick rate 0) at 2018.02.28-10.09.55
[2018.02.28-10.09.55:886][544]LogWorld: Bringing up level for play took: 0.000669
[2018.02.28-10.09.55:909][544]LogContentBrowser: Native class hierarchy updated for 'MovieSceneCapture' in 0.0004 seconds. Added 11 classes and 0 folders.
[2018.02.28-10.09.55:909][544]LogGameMode:Display: Match State Changed from EnteringMap to WaitingToStart
[2018.02.28-10.09.55:909][544]LogGameState: Match State Changed from EnteringMap to WaitingToStart
[2018.02.28-10.09.55:909][544]LogGameMode:Display: Match State Changed from WaitingToStart to InProgress
[2018.02.28-10.09.55:911][544]LogGameState: Match State Changed from WaitingToStart to InProgress
[2018.02.28-10.09.55:911][544]PIE: Info Play in editor start time for /Game/Levels/UEDPIE_0_MainMenu -0.133
[2018.02.28-10.09.55:911][544]LogBlueprintUserMessages: Late PlayInEditor Detection: Level '/Game/Levels/MainMenu.MainMenu:PersistentLevel' has LevelScriptBlueprint '/Game/Levels/MainMenu.MainMenu:PersistentLevel.MainMenu' with GeneratedClass '/Game/Levels/MainMenu.MainMenu_C' with ClassGeneratedBy '/Game/Levels/MainMenu.MainMenu:PersistentLevel.MainMenu'
[2018.02.28-10.09.56:779][646]LogGameMode:Display: Match State Changed from InProgress to LeavingMap
[2018.02.28-10.09.56:779][646]LogGameState: Match State Changed from InProgress to LeavingMap
[2018.02.28-10.09.56:779][646]LogNet: Browse: /Game/Maps/Map1
[2018.02.28-10.09.56:779][646]LogLoad: LoadMap: /Game/Maps/Map1
[2018.02.28-10.09.56:786][646]Cmd: MEM
[2018.02.28-10.09.56:792][646]LogMemory: Platform Memory Stats for Windows
[2018.02.28-10.09.56:792][646]LogMemory: Process Physical Memory: 951.42 MB used, 1126.39 MB peak
[2018.02.28-10.09.56:792][646]LogMemory: Process Virtual Memory: 1319.64 MB used, 1430.96 MB peak
[2018.02.28-10.09.56:792][646]LogMemory: Physical Memory: 5737.77 MB used,  10586.39 MB free, 16324.16 MB total
[2018.02.28-10.09.56:792][646]LogMemory: Virtual Memory: 2188.44 MB used,  10586.39 MB free, 134217728.00 MB total
[2018.02.28-10.09.56:792][646]LogMemory: 
[2018.02.28-10.09.56:792][646]Allocator Stats for TBB: (not implemented)
[2018.02.28-10.09.57:130][646]LogAIModule: Creating AISystem for world Map1
[2018.02.28-10.09.57:130][646]LogLoad: Game class is 'GameMode'
[2018.02.28-10.09.57:134][646]LogWorld: Bringing World /Game/Maps/UEDPIE_0_Map1.Map1 up for play (max tick rate 0) at 2018.02.28-10.09.57
[2018.02.28-10.09.57:135][646]LogWorld: Bringing up level for play took: 0.004287
[2018.02.28-10.09.57:135][646]LogGameMode: FindPlayerStart: PATHS NOT DEFINED or NO PLAYERSTART with positive rating
[2018.02.28-10.09.57:136][646]LogGameMode:Display: Match State Changed from EnteringMap to WaitingToStart
[2018.02.28-10.09.57:136][646]LogGameState: Match State Changed from EnteringMap to WaitingToStart
[2018.02.28-10.09.57:136][646]LogGameMode:Display: Match State Changed from WaitingToStart to InProgress
[2018.02.28-10.09.57:138][646]LogGameState: Match State Changed from WaitingToStart to InProgress
[2018.02.28-10.09.57:138][646]LogLoad: Took 0.358202 seconds to LoadMap(/Game/Maps/Map1)
[2018.02.28-10.09.57:151][647]LogCharacterMovement:Warning: GetSimulationTimeStep() - Max iterations 8 hit while remaining time 0.061274 > MaxSimulationTimeStep (0.050) for 'Jon_C_0', movement 'Walking'
[2018.02.28-10.09.58:548][813]LogBlueprintUserMessages: Early EndPlayMap Detection: Level '/Game/Levels/MainMenu.MainMenu:PersistentLevel' has LevelScriptBlueprint '/Game/Levels/MainMenu.MainMenu:PersistentLevel.MainMenu' with GeneratedClass '/Game/Levels/MainMenu.MainMenu_C' with ClassGeneratedBy '/Game/Levels/MainMenu.MainMenu:PersistentLevel.MainMenu'
[2018.02.28-10.09.58:578][813]LogBlueprintUserMessages: Late EndPlayMap Detection: Level '/Game/Levels/MainMenu.MainMenu:PersistentLevel' has LevelScriptBlueprint '/Game/Levels/MainMenu.MainMenu:PersistentLevel.MainMenu' with GeneratedClass '/Game/Levels/MainMenu.MainMenu_C' with ClassGeneratedBy '/Game/Levels/MainMenu.MainMenu:PersistentLevel.MainMenu'
[2018.02.28-10.10.02:971][338]LogSlate: Took 0.000109 seconds to synchronously load lazily loaded font '../../../Engine/Content/Slate/Fonts/Roboto-Light.ttf' (159K)
[2018.02.28-10.10.02:995][338]LogAIModule: Creating AISystem for world Map3
[2018.02.28-10.10.03:008][338]Cmd: MAP LOAD FILE="C:/Users/MikeyTBS/Documents/GitHub/Group-E-Ass2-Game/PeterIsTheCaptain V0.2/Content/Maps/Map3.umap" TEMPLATE=0 SHOWPROGRESS=1 FEATURELEVEL=3
[2018.02.28-10.10.03:008][338]LightingResults: New page: Lighting Build
[2018.02.28-10.10.03:008][338]LoadErrors: New page: Loading map: Map3.umap
[2018.02.28-10.10.03:008][338]MapCheck: New page: Map Check
[2018.02.28-10.10.03:008][338]LightingResults: New page: Lighting Build
[2018.02.28-10.10.03:043][338]LogEditorServer: Finished looking for orphan Actors (0.000 secs)
[2018.02.28-10.10.03:075][338]Cmd: MAP CHECKDEP NOCLEARLOG
[2018.02.28-10.10.03:104][338]MapCheck: Info Map check complete: 0 Error(s), 0 Warning(s), took 28.661ms to complete.
[2018.02.28-10.10.03:104][338]LogFileHelpers: Loading map 'Map3' took 0.097
[2018.02.28-10.10.05:535][620]LogLinker:Warning: Can't find file '/Game/Maps/Map2_BuiltData'
[2018.02.28-10.10.05:535][620]LogLinker:Warning: Can't find file for asset '/Game/Maps/Map2_BuiltData' while loading C:/Users/MikeyTBS/Documents/GitHub/Group-E-Ass2-Game/PeterIsTheCaptain V0.2/Content/Maps/Map2.umap.
[2018.02.28-10.10.05:535][620]LoadErrors:Error: Error /Game/Maps/Map2 : Can't find file for asset. /Game/Maps/Map2_BuiltData
[2018.02.28-10.10.05:536][620]LogLinker:Warning: Can't find file '/Game/Maps/Map2_BuiltData'
[2018.02.28-10.10.05:536][620]LogLinker:Warning: Can't find file for asset '/Game/Maps/Map2_BuiltData' while loading C:/Users/MikeyTBS/Documents/GitHub/Group-E-Ass2-Game/PeterIsTheCaptain V0.2/Content/Maps/Map2.umap.
[2018.02.28-10.10.05:537][620]LogLinker:Warning: Can't find file '/Game/Maps/Map2_BuiltData'
[2018.02.28-10.10.05:537][620]LogLinker:Warning: Can't find file for asset '/Game/Maps/Map2_BuiltData' while loading NULL.
[2018.02.28-10.10.05:538][620]LogLinker:Warning: Can't find file '/Game/Maps/Map2_BuiltData'
[2018.02.28-10.10.05:538][620]LogLinker:Warning: Can't find file for asset '/Game/Maps/Map2_BuiltData' while loading NULL.
[2018.02.28-10.10.05:553][620]LogLinker:Warning: Can't find file '/Game/Maps/Map2_BuiltData'
[2018.02.28-10.10.05:553][620]LoadErrors: Info Failed to load /Game/Maps/Map2_BuiltData.Map2_BuiltData Referenced by PersistentLevel
[2018.02.28-10.10.05:553][620]LogLinker:Warning: Can't find file for asset '/Game/Maps/Map2_BuiltData' while loading NULL.
[2018.02.28-10.10.05:559][620]LogAIModule: Creating AISystem for world Map2
[2018.02.28-10.10.05:571][620]Cmd: MAP LOAD FILE="C:/Users/MikeyTBS/Documents/GitHub/Group-E-Ass2-Game/PeterIsTheCaptain V0.2/Content/Maps/Map2.umap" TEMPLATE=0 SHOWPROGRESS=1 FEATURELEVEL=3
[2018.02.28-10.10.05:571][620]LightingResults: New page: Lighting Build
[2018.02.28-10.10.05:571][620]LoadErrors: New page: Loading map: Map2.umap
[2018.02.28-10.10.05:572][620]MapCheck: New page: Map Check
[2018.02.28-10.10.05:572][620]LightingResults: New page: Lighting Build
[2018.02.28-10.10.05:623][620]LogEditorServer: Finished looking for orphan Actors (0.000 secs)
[2018.02.28-10.10.05:656][620]Cmd: MAP CHECKDEP NOCLEARLOG
[2018.02.28-10.10.05:685][620]MapCheck: Info Map check complete: 0 Error(s), 0 Warning(s), took 29.267ms to complete.
[2018.02.28-10.10.05:685][620]LogFileHelpers: Loading map 'Map2' took 0.115
[2018.02.28-10.10.07:032][779]LogTemp: Repeting last play command: Selected Viewport
[2018.02.28-10.10.07:048][779]LogBlueprintUserMessages: Early PlayInEditor Detection: Level '/Game/Maps/Map2.Map2:PersistentLevel' has LevelScriptBlueprint '/Game/Maps/Map2.Map2:PersistentLevel.Map2' with GeneratedClass '/Game/Maps/Map2.Map2_C' with ClassGeneratedBy '/Game/Maps/Map2.Map2:PersistentLevel.Map2'
[2018.02.28-10.10.07:048][779]LogPlayLevel: PlayLevel: No blueprints needed recompiling
[2018.02.28-10.10.07:048][779]PIE: New page: PIE session: Map2 (28 Feb 2018 10:10:07)
[2018.02.28-10.10.07:048][779]LogPlayLevel: Creating play world package: /Game/Maps/UEDPIE_0_Map2
[2018.02.28-10.10.07:059][779]LogPlayLevel: PIE: StaticDuplicateObject took: (0.010786s)
[2018.02.28-10.10.07:059][779]LogAIModule: Creating AISystem for world Map2
[2018.02.28-10.10.07:059][779]LogPlayLevel: PIE: World Init took: (0.000486s)
[2018.02.28-10.10.07:059][779]LogPlayLevel: PIE: Created PIE world by copying editor world from /Game/Maps/Map2.Map2 to /Game/Maps/UEDPIE_0_Map2.Map2 (0.011419s)
[2018.02.28-10.10.07:068][779]LogInit: XAudio2 using 'Speakers (High Definition Audio Device)' : 2 channels at 48 kHz using 16 bits per sample (channel mask 0x3)
[2018.02.28-10.10.07:073][779]LogInit: FAudioDevice initialized.
[2018.02.28-10.10.07:104][779]LogLoad: Game class is 'GameMode'
[2018.02.28-10.10.07:106][779]LogWorld: Bringing World /Game/Maps/UEDPIE_0_Map2.Map2 up for play (max tick rate 0) at 2018.02.28-10.10.07
[2018.02.28-10.10.07:107][779]LogWorld: Bringing up level for play took: 0.002080
[2018.02.28-10.10.07:108][779]LogGameMode:Display: Match State Changed from EnteringMap to WaitingToStart
[2018.02.28-10.10.07:108][779]LogGameState: Match State Changed from EnteringMap to WaitingToStart
[2018.02.28-10.10.07:108][779]LogGameMode:Display: Match State Changed from WaitingToStart to InProgress
[2018.02.28-10.10.07:109][779]LogGameState: Match State Changed from WaitingToStart to InProgress
[2018.02.28-10.10.07:109][779]PIE: Info Play in editor start time for /Game/Maps/UEDPIE_0_Map2 -0.935
[2018.02.28-10.10.07:109][779]LogBlueprintUserMessages: Late PlayInEditor Detection: Level '/Game/Maps/Map2.Map2:PersistentLevel' has LevelScriptBlueprint '/Game/Maps/Map2.Map2:PersistentLevel.Map2' with GeneratedClass '/Game/Maps/Map2.Map2_C' with ClassGeneratedBy '/Game/Maps/Map2.Map2:PersistentLevel.Map2'
[2018.02.28-10.10.07:799][861]LogBlueprintUserMessages: Early EndPlayMap Detection: Level '/Game/Maps/Map2.Map2:PersistentLevel' has LevelScriptBlueprint '/Game/Maps/Map2.Map2:PersistentLevel.Map2' with GeneratedClass '/Game/Maps/Map2.Map2_C' with ClassGeneratedBy '/Game/Maps/Map2.Map2:PersistentLevel.Map2'
[2018.02.28-10.10.07:826][861]LogBlueprintUserMessages: Late EndPlayMap Detection: Level '/Game/Maps/Map2.Map2:PersistentLevel' has LevelScriptBlueprint '/Game/Maps/Map2.Map2:PersistentLevel.Map2' with GeneratedClass '/Game/Maps/Map2.Map2_C' with ClassGeneratedBy '/Game/Maps/Map2.Map2:PersistentLevel.Map2'
[2018.02.28-10.12.35:093][113]LogContentBrowser: Native class hierarchy updated for 'BlueprintGraph' in 0.0007 seconds. Added 112 classes and 0 folders.
[2018.02.28-10.12.35:486][113]LogSlate: Took 0.000099 seconds to synchronously load lazily loaded font '../../../Engine/Content/Slate/Fonts/Roboto-Regular.ttf' (155K)
[2018.02.28-10.12.35:516][113]LogSlate: Took 0.000153 seconds to synchronously load lazily loaded font '../../../Engine/Content/Editor/Slate/Fonts/Roboto-BoldCondensed.ttf' (158K)
[2018.02.28-10.12.35:555][114]LogSlate: Took 0.000143 seconds to synchronously load lazily loaded font '../../../Engine/Content/Editor/Slate/Fonts/Roboto-Italic.ttf' (157K)
[2018.02.28-10.13.42:828][290]LogRenderer: Reallocating scene render targets to support 1120x712 NumSamples 1 (Frame:1).
[2018.02.28-10.13.54:328][413]Cmd: QUIT_EDITOR
[2018.02.28-10.13.54:972][413]LogWindowsTextInputMethodSystem:Display: IME system now deactivated.
[2018.02.28-10.13.54:990][413]LogExit: Preparing to exit.
[2018.02.28-10.13.55:304][413]LogExit: Editor shut down
[2018.02.28-10.13.55:309][413]LogExit: Transaction tracking system shut down
[2018.02.28-10.13.55:412][413]LogObj: Freed 0b from 0 cluster array pools.
[2018.02.28-10.13.55:412][413]LogExit: Object subsystem successfully closed.
[2018.02.28-10.13.55:432][413]LogD3D11RHI: Shutdown
[2018.02.28-10.13.55:432][413]LogD3D11RHI: CleanupD3DDevice
[2018.02.28-10.13.55:568][413]LogD3D11RHI: ~FD3D11DynamicRHI
[2018.02.28-10.13.55:587][413]LogModuleManager: Shutting down and abandoning module BlueprintGraph (530)
[2018.02.28-10.13.55:587][413]LogModuleManager: Shutting down and abandoning module BlueprintProfiler (528)
[2018.02.28-10.13.55:587][413]LogModuleManager: Shutting down and abandoning module MovieSceneCapture (526)
[2018.02.28-10.13.55:588][413]LogModuleManager: Shutting down and abandoning module HierarchicalLODOutliner (524)
[2018.02.28-10.13.55:588][413]LogModuleManager: Shutting down and abandoning module CrashTracker (522)
[2018.02.28-10.13.55:588][413]LogModuleManager: Shutting down and abandoning module SceneOutliner (520)
[2018.02.28-10.13.55:588][413]LogModuleManager: Shutting down and abandoning module AddContentDialog (518)
[2018.02.28-10.13.55:588][413]LogDirectoryWatcher: A directory notification for 'D:/Unreal Engine/UE_4.16/FeaturePacks/' was aborted.
[2018.02.28-10.13.55:589][413]LogModuleManager: Shutting down and abandoning module WidgetCarousel (517)
[2018.02.28-10.13.55:589][413]LogModuleManager: Shutting down and abandoning module EditorWidgets (514)
[2018.02.28-10.13.55:589][413]LogModuleManager: Shutting down and abandoning module CollectionManager (512)
[2018.02.28-10.13.55:589][413]LogDirectoryWatcher: A directory notification for 'C:/Users/MikeyTBS/Documents/GitHub/Group-E-Ass2-Game/PeterIsTheCaptain V0.2/Content/Collections/' was aborted.
[2018.02.28-10.13.55:589][413]LogDirectoryWatcher: A directory notification for 'C:/Users/MikeyTBS/Documents/GitHub/Group-E-Ass2-Game/PeterIsTheCaptain V0.2/Content/Developers/MikeyTBS/Collections/' was aborted.
[2018.02.28-10.13.55:589][413]LogDirectoryWatcher: A directory notification for 'C:/Users/MikeyTBS/Documents/GitHub/Group-E-Ass2-Game/PeterIsTheCaptain V0.2/Saved/Collections/' was aborted.
[2018.02.28-10.13.55:589][413]LogModuleManager: Shutting down and abandoning module StatsViewer (510)
[2018.02.28-10.13.55:589][413]LogModuleManager: Shutting down and abandoning module FoliageEdit (508)
[2018.02.28-10.13.55:589][413]LogModuleManager: Shutting down and abandoning module LandscapeEditor (506)
[2018.02.28-10.13.55:590][413]LogModuleManager: Shutting down and abandoning module MeshPaintMode (504)
[2018.02.28-10.13.55:590][413]LogModuleManager: Shutting down and abandoning module SceneDepthPickerMode (502)
[2018.02.28-10.13.55:590][413]LogModuleManager: Shutting down and abandoning module ActorPickerMode (500)
[2018.02.28-10.13.55:590][413]LogModuleManager: Shutting down and abandoning module GeometryMode (498)
[2018.02.28-10.13.55:590][413]LogModuleManager: Shutting down and abandoning module TextureAlignMode (496)
[2018.02.28-10.13.55:590][413]LogModuleManager: Shutting down and abandoning module BspMode (494)
[2018.02.28-10.13.55:590][413]LogModuleManager: Shutting down and abandoning module HardwareSurvey (492)
[2018.02.28-10.13.55:590][413]LogModuleManager: Shutting down and abandoning module SequenceRecorderSections (490)
[2018.02.28-10.13.55:590][413]LogModuleManager: Shutting down and abandoning module AutomationWorker (488)
[2018.02.28-10.13.55:590][413]LogModuleManager: Shutting down and abandoning module MatineeToLevelSequence (486)
[2018.02.28-10.13.55:590][413]LogModuleManager: Shutting down and abandoning module LevelSequenceEditor (484)
[2018.02.28-10.13.55:590][413]LogModuleManager: Shutting down and abandoning module PlacementMode (483)
[2018.02.28-10.13.55:590][413]LogModuleManager: Shutting down and abandoning module WmfMediaFactory (480)
[2018.02.28-10.13.55:590][413]LogModuleManager: Shutting down and abandoning module WmfMediaEditor (478)
[2018.02.28-10.13.55:590][413]LogModuleManager: Shutting down and abandoning module AvfMediaFactory (476)
[2018.02.28-10.13.55:590][413]LogModuleManager: Shutting down and abandoning module AvfMediaEditor (474)
[2018.02.28-10.13.55:590][413]LogModuleManager: Shutting down and abandoning module AndroidMediaFactory (472)
[2018.02.28-10.13.55:590][413]LogModuleManager: Shutting down and abandoning module Media (471)
[2018.02.28-10.13.55:590][413]LogModuleManager: Shutting down and abandoning module AndroidMediaEditor (468)
[2018.02.28-10.13.55:590][413]LogModuleManager: Shutting down and abandoning module CharacterAI (466)
[2018.02.28-10.13.55:590][413]LogModuleManager: Shutting down and abandoning module AudioCapture (464)
[2018.02.28-10.13.55:590][413]LogModuleManager: Shutting down and abandoning module SequenceRecorder (463)
[2018.02.28-10.13.55:590][413]LogModuleManager: Shutting down and abandoning module SmartSnapping (460)
[2018.02.28-10.13.55:590][413]LogModuleManager: Shutting down and abandoning module SessionServices (458)
[2018.02.28-10.13.55:590][413]LogModuleManager: Shutting down and abandoning module ViewportSnapping (456)
[2018.02.28-10.13.55:590][413]LogModuleManager: Shutting down and abandoning module ViewportInteraction (454)
[2018.02.28-10.13.55:590][413]LogModuleManager: Shutting down and abandoning module ClothPainter (452)
[2018.02.28-10.13.55:590][413]LogModuleManager: Shutting down and abandoning module LogVisualizer (450)
[2018.02.28-10.13.55:590][413]LogModuleManager: Shutting down and abandoning module IntroTutorials (448)
[2018.02.28-10.13.55:590][413]LogModuleManager: Shutting down and abandoning module GameProjectGeneration (447)
[2018.02.28-10.13.55:590][413]LogModuleManager: Shutting down and abandoning module EditorLiveStreaming (444)
[2018.02.28-10.13.55:590][413]LogModuleManager: Shutting down and abandoning module IOSPlatformEditor (442)
[2018.02.28-10.13.55:590][413]LogModuleManager: Shutting down and abandoning module HTML5PlatformEditor (440)
[2018.02.28-10.13.55:590][413]LogModuleManager: Shutting down and abandoning module AndroidPlatformEditor (438)
[2018.02.28-10.13.55:590][413]LogModuleManager: Shutting down and abandoning module AndroidDeviceDetection (437)
[2018.02.28-10.13.56:234][413]LogModuleManager: Shutting down and abandoning module IOSRuntimeSettings (434)
[2018.02.28-10.13.56:234][413]LogModuleManager: Shutting down and abandoning module AndroidRuntimeSettings (432)
[2018.02.28-10.13.56:234][413]LogModuleManager: Shutting down and abandoning module InputBindingEditor (430)
[2018.02.28-10.13.56:234][413]LogModuleManager: Shutting down and abandoning module MergeActors (428)
[2018.02.28-10.13.56:234][413]LogModuleManager: Shutting down and abandoning module SizeMap (426)
[2018.02.28-10.13.56:234][413]LogModuleManager: Shutting down and abandoning module TreeMap (424)
[2018.02.28-10.13.56:234][413]LogModuleManager: Shutting down and abandoning module ReferenceViewer (422)
[2018.02.28-10.13.56:234][413]LogModuleManager: Shutting down and abandoning module LocalizationDashboard (420)
[2018.02.28-10.13.56:234][413]LogModuleManager: Shutting down and abandoning module LocalizationService (419)
[2018.02.28-10.13.56:234][413]LogModuleManager: Shutting down and abandoning module HardwareTargeting (416)
[2018.02.28-10.13.56:234][413]LogModuleManager: Shutting down and abandoning module DeviceProfileEditor (414)
[2018.02.28-10.13.56:234][413]LogModuleManager: Shutting down and abandoning module UndoHistory (412)
[2018.02.28-10.13.56:234][413]LogModuleManager: Shutting down and abandoning module UserFeedback (410)
[2018.02.28-10.13.56:234][413]LogModuleManager: Shutting down and abandoning module XmlParser (408)
[2018.02.28-10.13.56:234][413]LogModuleManager: Shutting down and abandoning module Blutility (406)
[2018.02.28-10.13.56:235][413]LogModuleManager: Shutting down and abandoning module ProjectSettingsViewer (404)
[2018.02.28-10.13.56:235][413]LogModuleManager: Shutting down and abandoning module ProjectTargetPlatformEditor (403)
[2018.02.28-10.13.56:235][413]LogModuleManager: Shutting down and abandoning module EditorSettingsViewer (400)
[2018.02.28-10.13.56:235][413]LogModuleManager: Shutting down and abandoning module SettingsEditor (398)
[2018.02.28-10.13.56:235][413]LogModuleManager: Shutting down and abandoning module ProjectLauncher (396)
[2018.02.28-10.13.56:235][413]LogModuleManager: Shutting down and abandoning module SessionFrontend (394)
[2018.02.28-10.13.56:235][413]LogModuleManager: Shutting down and abandoning module ProfilerClient (392)
[2018.02.28-10.13.56:235][413]LogModuleManager: Shutting down and abandoning module DeviceManager (390)
[2018.02.28-10.13.56:235][413]LogModuleManager: Shutting down and abandoning module TargetDeviceServices (389)
[2018.02.28-10.13.56:290][413]LogModuleManager: Shutting down and abandoning module AutomationController (386)
[2018.02.28-10.13.56:290][413]LogModuleManager: Shutting down and abandoning module AutomationWindow (384)
[2018.02.28-10.13.56:290][413]LogModuleManager: Shutting down and abandoning module Layers (382)
[2018.02.28-10.13.56:290][413]LogModuleManager: Shutting down and abandoning module ComponentVisualizers (380)
[2018.02.28-10.13.56:290][413]LogModuleManager: Shutting down and abandoning module DetailCustomizations (378)
[2018.02.28-10.13.56:290][413]LogModuleManager: Shutting down and abandoning module PackagesDialog (376)
[2018.02.28-10.13.56:290][413]LogModuleManager: Shutting down and abandoning module Persona (374)
[2018.02.28-10.13.56:290][413]LogModuleManager: Shutting down and abandoning module AdvancedPreviewScene (373)
[2018.02.28-10.13.56:290][413]LogModuleManager: Shutting down and abandoning module AnimGraph (371)
[2018.02.28-10.13.56:290][413]LogModuleManager: Shutting down and abandoning module Kismet (368)
[2018.02.28-10.13.56:306][413]LogModuleManager: Shutting down and abandoning module ClassViewer (366)
[2018.02.28-10.13.56:309][413]LogModuleManager: Shutting down and abandoning module Toolbox (364)
[2018.02.28-10.13.56:309][413]LogModuleManager: Shutting down and abandoning module ModuleUI (362)
[2018.02.28-10.13.56:309][413]LogModuleManager: Shutting down and abandoning module MovieSceneTools (360)
[2018.02.28-10.13.56:310][413]LogModuleManager: Shutting down and abandoning module OutputLog (358)
[2018.02.28-10.13.56:310][413]LogModuleManager: Shutting down and abandoning module GammaUI (356)
[2018.02.28-10.13.56:310][413]LogModuleManager: Shutting down and abandoning module Documentation (354)
[2018.02.28-10.13.56:310][413]LogModuleManager: Shutting down and abandoning module MovieSceneTracks (352)
[2018.02.28-10.13.56:310][413]LogModuleManager: Shutting down and abandoning module MovieScene (350)
[2018.02.28-10.13.56:310][413]LogModuleManager: Shutting down and abandoning module Niagara (348)
[2018.02.28-10.13.56:310][413]LogModuleManager: Shutting down and abandoning module NiagaraEditor (347)
[2018.02.28-10.13.56:310][413]LogModuleManager: Shutting down and abandoning module StreamingPauseRendering (344)
[2018.02.28-10.13.56:310][413]LogModuleManager: Shutting down and abandoning module AnalyticsET (342)
[2018.02.28-10.13.56:310][413]LogModuleManager: Shutting down and abandoning module PortalServices (340)
[2018.02.28-10.13.56:310][413]LogModuleManager: Shutting down and abandoning module PortalRpc (338)
[2018.02.28-10.13.56:310][413]LogModuleManager: Shutting down and abandoning module MessagingRpc (336)
[2018.02.28-10.13.56:310][413]LogModuleManager: Shutting down and abandoning module AIModule (334)
[2018.02.28-10.13.56:310][413]LogModuleManager: Shutting down and abandoning module GameplayDebugger (333)
[2018.02.28-10.13.56:310][413]LogModuleManager: Shutting down and abandoning module AITestSuite (331)
[2018.02.28-10.13.56:310][413]LogModuleManager: Shutting down and abandoning module ProfilerService (328)
[2018.02.28-10.13.56:390][413]LogModuleManager: Shutting down and abandoning module TaskGraph (326)
[2018.02.28-10.13.56:391][413]LogModuleManager: Shutting down and abandoning module SteamVRController (324)
[2018.02.28-10.13.56:391][413]LogModuleManager: Shutting down and abandoning module SteamVR (322)
[2018.02.28-10.13.56:391][413]LogModuleManager: Shutting down and abandoning module ProceduralMeshComponentEditor (320)
[2018.02.28-10.13.56:391][413]LogModuleManager: Shutting down and abandoning module ProceduralMeshComponent (318)
[2018.02.28-10.13.56:391][413]LogModuleManager: Shutting down and abandoning module OculusLibrary (316)
[2018.02.28-10.13.56:391][413]LogModuleManager: Shutting down and abandoning module OculusInput (314)
[2018.02.28-10.13.56:391][413]LogModuleManager: Shutting down and abandoning module MobilePatchingUtils (312)
[2018.02.28-10.13.56:391][413]LogModuleManager: Shutting down and abandoning module CustomMeshComponent (310)
[2018.02.28-10.13.56:391][413]LogModuleManager: Shutting down and abandoning module CableComponent (308)
[2018.02.28-10.13.56:391][413]LogModuleManager: Shutting down and abandoning module ArchVisCharacter (306)
[2018.02.28-10.13.56:391][413]LogModuleManager: Shutting down and abandoning module AndroidPermission (304)
[2018.02.28-10.13.56:391][413]LogModuleManager: Shutting down and abandoning module MediaPlayerEditor (300)
[2018.02.28-10.13.56:391][413]LogModuleManager: Shutting down and abandoning module HTML5Networking (298)
[2018.02.28-10.13.56:391][413]LogModuleManager: Shutting down and abandoning module AlembicImporter (296)
[2018.02.28-10.13.56:391][413]LogModuleManager: Shutting down and abandoning module AlembicLibrary (295)
[2018.02.28-10.13.56:391][413]LogModuleManager: Shutting down and abandoning module GeometryCache (294)
[2018.02.28-10.13.56:391][413]LogModuleManager: Shutting down and abandoning module GeometryCacheEd (293)
[2018.02.28-10.13.56:391][413]LogModuleManager: Shutting down and abandoning module SuperSearchEditor (288)
[2018.02.28-10.13.56:391][413]LogModuleManager: Shutting down and abandoning module SuperSearch (287)
[2018.02.28-10.13.56:391][413]LogModuleManager: Shutting down and abandoning module SpeedTreeImporter (284)
[2018.02.28-10.13.56:391][413]LogModuleManager: Shutting down and abandoning module PluginBrowser (282)
[2018.02.28-10.13.56:391][413]LogModuleManager: Shutting down and abandoning module MobileLauncherProfileWizard (280)
[2018.02.28-10.13.56:391][413]LogModuleManager: Shutting down and abandoning module VisualStudioSourceCodeAccess (278)
[2018.02.28-10.13.56:391][413]LogModuleManager: Shutting down and abandoning module DesktopPlatform (277)
[2018.02.28-10.13.56:391][413]LogModuleManager: Shutting down and abandoning module UObjectPlugin (274)
[2018.02.28-10.13.56:391][413]LogModuleManager: Shutting down and abandoning module SubversionSourceControl (272)
[2018.02.28-10.13.56:391][413]LogModuleManager: Shutting down and abandoning module PerforceSourceControl (270)
[2018.02.28-10.13.56:391][413]LogModuleManager: Shutting down and abandoning module GitSourceControl (268)
[2018.02.28-10.13.56:391][413]LogModuleManager: Shutting down and abandoning module SourceControl (267)
[2018.02.28-10.13.56:391][413]LogModuleManager: Shutting down and abandoning module LightPropagationVolumeEditor (264)
[2018.02.28-10.13.56:391][413]LogModuleManager: Shutting down and abandoning module PaperTiledImporter (262)
[2018.02.28-10.13.56:391][413]LogModuleManager: Shutting down and abandoning module PaperSpriteSheetImporter (260)
[2018.02.28-10.13.56:391][413]LogModuleManager: Shutting down and abandoning module Paper2DEditor (258)
[2018.02.28-10.13.56:392][413]LogModuleManager: Shutting down and abandoning module MeshPaint (257)
[2018.02.28-10.13.56:392][413]LogModuleManager: Shutting down and abandoning module LevelEditor (255)
[2018.02.28-10.13.56:393][413]LogModuleManager: Shutting down and abandoning module PixelInspectorModule (254)
[2018.02.28-10.13.56:393][413]LogModuleManager: Shutting down and abandoning module MainFrame (252)
[2018.02.28-10.13.56:393][413]LogModuleManager: Shutting down and abandoning module HotReload (251)
[2018.02.28-10.13.56:393][413]LogModuleManager: Shutting down and abandoning module PhysXVehiclesEditor (246)
[2018.02.28-10.13.56:393][413]LogModuleManager: Shutting down and abandoning module PhysXVehicles (244)
[2018.02.28-10.13.56:394][413]LogModuleManager: Shutting down and abandoning module LocationServicesBPLibrary (242)
[2018.02.28-10.13.56:394][413]LogModuleManager: Shutting down and abandoning module ImmediatePhysicsEditor (240)
[2018.02.28-10.13.56:394][413]LogModuleManager: Shutting down and abandoning module ImmediatePhysics (238)
[2018.02.28-10.13.56:394][413]LogModuleManager: Shutting down and abandoning module UdpMessaging (236)
[2018.02.28-10.13.56:495][413]LogModuleManager: Shutting down and abandoning module TcpMessaging (234)
[2018.02.28-10.13.56:595][413]LogModuleManager: Shutting down and abandoning module GameplayTagsEditor (232)
[2018.02.28-10.13.56:595][413]LogModuleManager: Shutting down and abandoning module FacialAnimationEditor (230)
[2018.02.28-10.13.56:595][413]LogModuleManager: Shutting down and abandoning module FacialAnimation (228)
[2018.02.28-10.13.56:595][413]LogModuleManager: Shutting down and abandoning module AssetManagerEditor (226)
[2018.02.28-10.13.56:595][413]LogModuleManager: Shutting down and abandoning module GraphEditor (225)
[2018.02.28-10.13.56:595][413]LogModuleManager: Shutting down and abandoning module ContentBrowser (223)
[2018.02.28-10.13.56:598][413]LogModuleManager: Shutting down and abandoning module LightPropagationVolumeRuntime (220)
[2018.02.28-10.13.56:598][413]LogModuleManager: Shutting down and abandoning module Paper2D (218)
[2018.02.28-10.13.56:598][413]LogModuleManager: Shutting down and abandoning module WindowsMoviePlayer (216)
[2018.02.28-10.13.56:598][413]LogModuleManager: Shutting down and abandoning module WmfMedia (214)
[2018.02.28-10.13.56:603][413]LogModuleManager: Shutting down and abandoning module ClothingSystemEditor (212)
[2018.02.28-10.13.56:603][413]LogModuleManager: Shutting down and abandoning module ClothingSystemRuntime (210)
[2018.02.28-10.13.56:603][413]LogModuleManager: Shutting down and abandoning module MediaAssets (208)
[2018.02.28-10.13.56:603][413]LogModuleManager: Shutting down and abandoning module GameLiveStreaming (206)
[2018.02.28-10.13.56:603][413]LogModuleManager: Shutting down and abandoning module VREditor (204)
[2018.02.28-10.13.56:604][413]LogModuleManager: Shutting down and abandoning module StringTableEditor (202)
[2018.02.28-10.13.56:604][413]LogModuleManager: Shutting down and abandoning module GameplayTasksEditor (200)
[2018.02.28-10.13.56:604][413]LogModuleManager: Shutting down and abandoning module BehaviorTreeEditor (198)
[2018.02.28-10.13.56:604][413]LogModuleManager: Shutting down and abandoning module FunctionalTesting (196)
[2018.02.28-10.13.56:604][413]LogModuleManager: Shutting down and abandoning module CollisionAnalyzer (194)
[2018.02.28-10.13.56:604][413]LogModuleManager: Shutting down and abandoning module UMG (192)
[2018.02.28-10.13.56:604][413]LogModuleManager: Shutting down and abandoning module UMGEditor (191)
[2018.02.28-10.13.56:604][413]LogModuleManager: Shutting down and abandoning module Sequencer (190)
[2018.02.28-10.13.56:604][413]LogModuleManager: Shutting down and abandoning module AssetTools (188)
[2018.02.28-10.13.56:604][413]LogModuleManager: Shutting down and abandoning module MessageLog (187)
[2018.02.28-10.13.56:604][413]LogModuleManager: Shutting down and abandoning module WorkspaceMenuStructure (186)
[2018.02.28-10.13.56:605][413]LogModuleManager: Shutting down and abandoning module SlateReflector (180)
[2018.02.28-10.13.56:605][413]LogModuleManager: Shutting down and abandoning module Slate (178)
[2018.02.28-10.13.56:605][413]LogModuleManager: Shutting down and abandoning module EditorStyle (176)
[2018.02.28-10.13.56:611][413]LogModuleManager: Shutting down and abandoning module SourceCodeAccess (174)
[2018.02.28-10.13.56:611][413]LogModuleManager: Shutting down and abandoning module HeadMountedDisplay (172)
[2018.02.28-10.13.56:611][413]LogModuleManager: Shutting down and abandoning module XAudio2 (170)
[2018.02.28-10.13.56:611][413]LogModuleManager: Shutting down and abandoning module Networking (168)
[2018.02.28-10.13.56:611][413]LogModuleManager: Shutting down and abandoning module Core (164)
[2018.02.28-10.13.56:611][413]LogModuleManager: Shutting down and abandoning module AssetRegistry (162)
[2018.02.28-10.13.56:750][413]LogDirectoryWatcher: A directory notification for '../../../Engine/Content/' was aborted.
[2018.02.28-10.13.56:750][413]LogDirectoryWatcher: A directory notification for 'C:/Users/MikeyTBS/Documents/GitHub/Group-E-Ass2-Game/PeterIsTheCaptain V0.2/Content/' was aborted.
[2018.02.28-10.13.56:750][413]LogDirectoryWatcher: A directory notification for '../../../Engine/Plugins/2D/Paper2D/Content/' was aborted.
[2018.02.28-10.13.56:750][413]LogDirectoryWatcher: A directory notification for '../../../Engine/Plugins/Runtime/GearVR/Content/' was aborted.
[2018.02.28-10.13.56:753][413]LogModuleManager: Shutting down and abandoning module DirectoryWatcher (161)
[2018.02.28-10.13.56:754][413]LogModuleManager: Shutting down and abandoning module KismetCompiler (158)
[2018.02.28-10.13.56:754][413]LogModuleManager: Shutting down and abandoning module LevelSequence (156)
[2018.02.28-10.13.56:754][413]LogModuleManager: Shutting down and abandoning module PhysXFormats (154)
[2018.02.28-10.13.56:754][413]LogModuleManager: Shutting down and abandoning module MeshUtilities (152)
[2018.02.28-10.13.56:754][413]LogModuleManager: Shutting down and abandoning module SimplygonSwarm (151)
[2018.02.28-10.13.56:754][413]LogModuleManager: Shutting down and abandoning module SimplygonMeshReduction (149)
[2018.02.28-10.13.56:754][413]LogModuleManager: Shutting down and abandoning module QuadricMeshReduction (147)
[2018.02.28-10.13.56:754][413]LogModuleManager: Shutting down and abandoning module DerivedDataCache (144)
[2018.02.28-10.13.56:772][413]LogDerivedDataCache: Shutdown
[2018.02.28-10.13.56:772][413]LogModuleManager: Shutting down and abandoning module TargetPlatform (142)
[2018.02.28-10.13.56:772][413]LogModuleManager: Shutting down and abandoning module VulkanShaderFormat (141)
[2018.02.28-10.13.56:772][413]LogModuleManager: Shutting down and abandoning module ShaderFormatVectorVM (139)
[2018.02.28-10.13.56:772][413]LogModuleManager: Shutting down and abandoning module ShaderFormatOpenGL (137)
[2018.02.28-10.13.56:772][413]LogModuleManager: Shutting down and abandoning module ShaderFormatD3D (135)
[2018.02.28-10.13.56:772][413]LogModuleManager: Shutting down and abandoning module MetalShaderFormat (133)
[2018.02.28-10.13.56:772][413]LogModuleManager: Shutting down and abandoning module TextureFormatUncompressed (131)
[2018.02.28-10.13.56:772][413]LogModuleManager: Shutting down and abandoning module TextureFormatPVR (129)
[2018.02.28-10.13.56:772][413]LogModuleManager: Shutting down and abandoning module TextureFormatDXT (127)
[2018.02.28-10.13.56:772][413]LogModuleManager: Shutting down and abandoning module TextureFormatIntelISPCTexComp (125)
[2018.02.28-10.13.56:772][413]LogModuleManager: Shutting down and abandoning module TextureFormatASTC (123)
[2018.02.28-10.13.56:772][413]LogModuleManager: Shutting down and abandoning module ImageWrapper (122)
[2018.02.28-10.13.56:772][413]LogModuleManager: Shutting down and abandoning module TextureFormatAndroid (119)
[2018.02.28-10.13.56:773][413]LogModuleManager: Shutting down and abandoning module AudioFormatOpus (117)
[2018.02.28-10.13.56:773][413]LogModuleManager: Shutting down and abandoning module AudioFormatOgg (115)
[2018.02.28-10.13.56:773][413]LogModuleManager: Shutting down and abandoning module AudioFormatADPCM (113)
[2018.02.28-10.13.56:773][413]LogModuleManager: Shutting down and abandoning module LinuxTargetPlatform (111)
[2018.02.28-10.13.56:773][413]LogModuleManager: Shutting down and abandoning module LinuxServerTargetPlatform (109)
[2018.02.28-10.13.56:773][413]LogModuleManager: Shutting down and abandoning module LinuxNoEditorTargetPlatform (107)
[2018.02.28-10.13.56:773][413]LogModuleManager: Shutting down and abandoning module LinuxClientTargetPlatform (105)
[2018.02.28-10.13.56:773][413]LogModuleManager: Shutting down and abandoning module TVOSTargetPlatform (103)
[2018.02.28-10.13.56:773][413]LogModuleManager: Shutting down and abandoning module Messaging (101)
[2018.02.28-10.13.56:773][413]LogModuleManager: Shutting down and abandoning module IOSTargetPlatform (99)
[2018.02.28-10.13.56:773][413]LogModuleManager: Shutting down and abandoning module HTML5TargetPlatform (97)
[2018.02.28-10.13.56:773][413]LogModuleManager: Shutting down and abandoning module Android_PVRTCTargetPlatform (95)
[2018.02.28-10.13.56:773][413]LogModuleManager: Shutting down and abandoning module Android_MultiTargetPlatform (93)
[2018.02.28-10.13.56:773][413]LogModuleManager: Shutting down and abandoning module Android_ETC2TargetPlatform (91)
[2018.02.28-10.13.56:773][413]LogModuleManager: Shutting down and abandoning module Android_ETC1TargetPlatform (89)
[2018.02.28-10.13.56:773][413]LogModuleManager: Shutting down and abandoning module Android_DXTTargetPlatform (87)
[2018.02.28-10.13.56:773][413]LogModuleManager: Shutting down and abandoning module Android_ATCTargetPlatform (85)
[2018.02.28-10.13.56:773][413]LogModuleManager: Shutting down and abandoning module Android_ASTCTargetPlatform (83)
[2018.02.28-10.13.56:773][413]LogModuleManager: Shutting down and abandoning module AndroidTargetPlatform (81)
[2018.02.28-10.13.56:773][413]LogModuleManager: Shutting down and abandoning module WindowsTargetPlatform (79)
[2018.02.28-10.13.56:773][413]LogModuleManager: Shutting down and abandoning module WindowsServerTargetPlatform (77)
[2018.02.28-10.13.56:773][413]LogModuleManager: Shutting down and abandoning module WindowsNoEditorTargetPlatform (75)
[2018.02.28-10.13.56:773][413]LogModuleManager: Shutting down and abandoning module WindowsClientTargetPlatform (73)
[2018.02.28-10.13.56:773][413]LogModuleManager: Shutting down and abandoning module MacTargetPlatform (71)
[2018.02.28-10.13.56:773][413]LogModuleManager: Shutting down and abandoning module MacServerTargetPlatform (69)
[2018.02.28-10.13.56:773][413]LogModuleManager: Shutting down and abandoning module MacNoEditorTargetPlatform (67)
[2018.02.28-10.13.56:773][413]LogModuleManager: Shutting down and abandoning module MacClientTargetPlatform (65)
[2018.02.28-10.13.56:773][413]LogModuleManager: Shutting down and abandoning module AllDesktopTargetPlatform (63)
[2018.02.28-10.13.56:773][413]LogModuleManager: Shutting down and abandoning module InputCore (60)
[2018.02.28-10.13.56:773][413]LogModuleManager: Shutting down and abandoning module Settings (58)
[2018.02.28-10.13.56:773][413]LogModuleManager: Shutting down and abandoning module OculusRift (56)
[2018.02.28-10.13.56:773][413]LogModuleManager: Shutting down and abandoning module GearVRController (54)
[2018.02.28-10.13.56:773][413]LogModuleManager: Shutting down and abandoning module GearVR (52)
[2018.02.28-10.13.56:773][413]LogModuleManager: Shutting down and abandoning module ExampleDeviceProfileSelector (50)
[2018.02.28-10.13.56:773][413]LogModuleManager: Shutting down and abandoning module OnlineBlueprintSupport (48)
[2018.02.28-10.13.56:773][413]LogModuleManager: Shutting down and abandoning module OnlineSubsystem (44)
[2018.02.28-10.13.56:773][413]LogOnline:Display: Unloading online subsystem: NULL
[2018.02.28-10.13.56:773][413]LogModuleManager: Shutting down and abandoning module XMPP (43)
[2018.02.28-10.13.56:773][413]LogModuleManager: Shutting down and abandoning module HTTP (41)
[2018.02.28-10.13.56:773][413]LogHttp:Display: Http module shutting down, but needs to wait on 1 outstanding Http requests:
[2018.02.28-10.13.56:773][413]LogHttp:Display: 	verb=[POST] url=[https://datarouter.ol.epicgames.com/datarouter/api/v1/public/data?SessionID=%7BFEF40F1E-427B-A8BA-A571-3BBABB8962DC%7D&AppID=UEEditor.Rocket.Release&AppVersion=4.16.3-3561208%2B%2B%2BUE4%2BRelease-4.16&UserID=08bdeaaa469ca7dc46c0efb84ccccd31%7Ca7dbd89a92334a018807d698abe31d30%7Cb3bfda91-03d4-459b-84f6-111943cc4af6&AppEnvironment=datacollector-binary&UploadType=eteventstream] status=Processing
[2018.02.28-10.13.56:795][413]LogModuleManager: Shutting down and abandoning module SSL (40)
[2018.02.28-10.13.56:797][413]LogModuleManager: Shutting down and abandoning module HTTPChunkInstaller (36)
[2018.02.28-10.13.56:798][413]LogModuleManager: Shutting down and abandoning module AnimationModifiers (34)
[2018.02.28-10.13.56:798][413]LogModuleManager: Shutting down and abandoning module PropertyEditor (33)
[2018.02.28-10.13.56:798][413]LogModuleManager: Shutting down and abandoning module AudioEditor (30)
[2018.02.28-10.13.56:798][413]LogModuleManager: Shutting down and abandoning module TextureCompressor (28)
[2018.02.28-10.13.56:798][413]LogModuleManager: Shutting down and abandoning module ShaderCore (26)
[2018.02.28-10.13.56:798][413]LogModuleManager: Shutting down and abandoning module Landscape (24)
[2018.02.28-10.13.56:798][413]LogModuleManager: Shutting down and abandoning module SlateRHIRenderer (22)
[2018.02.28-10.13.56:799][413]LogModuleManager: Shutting down and abandoning module OpenGLDrv (20)
[2018.02.28-10.13.56:799][413]LogModuleManager: Shutting down and abandoning module D3D11RHI (18)
[2018.02.28-10.13.56:799][413]LogModuleManager: Shutting down and abandoning module AnimGraphRuntime (16)
[2018.02.28-10.13.56:799][413]LogModuleManager: Shutting down and abandoning module Renderer (14)
[2018.02.28-10.13.56:799][413]LogModuleManager: Shutting down and abandoning module Engine (12)
[2018.02.28-10.13.56:799][413]LogModuleManager: Shutting down and abandoning module CoreUObject (10)
[2018.02.28-10.13.56:799][413]LogModuleManager: Shutting down and abandoning module NetworkFile (8)
[2018.02.28-10.13.56:799][413]LogModuleManager: Shutting down and abandoning module StreamingFile (6)
[2018.02.28-10.13.56:799][413]LogModuleManager: Shutting down and abandoning module SandboxFile (4)
[2018.02.28-10.13.56:799][413]LogModuleManager: Shutting down and abandoning module PakFile (2)
[2018.02.28-10.13.56:803][413]LogExit: Exiting.
[2018.02.28-10.13.56:835][413]Log file closed, 02/28/18 10:13:56
