"../../../PeterIsTheCaptain/Content/Maps/NewMap_BuiltData.uasset" 0
"../../../Engine/Plugins/2D/Paper2D/Content/DefaultSpriteMaterial.uasset" 1
"../../../Engine/Plugins/2D/Paper2D/Content/TranslucentUnlitSpriteMaterial.uasset" 2
"../../../PeterIsTheCaptain/Content/2Dcharacter/attackUP.uasset" 3
"../../../PeterIsTheCaptain/Content/2Dcharacter/attackUP_Sprite.uasset" 4
"../../../PeterIsTheCaptain/Content/2Dcharacter/Attack.uasset" 5
"../../../PeterIsTheCaptain/Content/2Dcharacter/cursor.uasset" 6
"../../../PeterIsTheCaptain/Content/Attempt2AtAI/AI_BRAIN/BTDecorator_BlueprintBase_New.uasset" 7
"../../../PeterIsTheCaptain/Content/BiggerBetterBadderAI/Tasks/StopLookingAtPlayer.uasset" 8
"../../../PeterIsTheCaptain/Content/Attempt2AtAI/AI_BRAIN/StopLookingAtPlayer_New.uasset" 9
"../../../PeterIsTheCaptain/Content/2Dcharacter/Melee.uasset" 10
"../../../PeterIsTheCaptain/Content/2Dcharacter/ninja-pixilart.uasset" 11
"../../../PeterIsTheCaptain/Content/2Dcharacter/ninja-pixilart_Sprite.uasset" 12
"../../../PeterIsTheCaptain/Content/2Dcharacter/Ninja.uasset" 13
"../../../PeterIsTheCaptain/Content/2Dcharacter/Jon.uasset" 14
"../../../Engine/Content/BasicShapes/BasicShapeMaterial.uasset" 15
"../../../Engine/Content/Functions/Engine_MaterialFunctions01/Opacity/CameraDepthFade.uasset" 16
"../../../Engine/Content/EngineMaterials/T_Default_Material_Grid_M.uasset" 17
"../../../Engine/Content/EngineMaterials/T_Default_Material_Grid_N.uasset" 18
"../../../Engine/Content/EngineMaterials/WorldGridMaterial.uasset" 19
"../../../Engine/Content/BasicShapes/Cube.uasset" 20
"../../../PeterIsTheCaptain/Content/Blueprints/Cube2_Blueprint.uasset" 21
"../../../PeterIsTheCaptain/Content/Materials/Invisible.uasset" 22
"../../../PeterIsTheCaptain/Content/Pacman_minigame/Sprites-Tiles-Flipbooks/orange-pixilart.uasset" 23
"../../../PeterIsTheCaptain/Content/Pacman_minigame/Sprites-Tiles-Flipbooks/orange-pixilart_Sprite.uasset" 24
"../../../PeterIsTheCaptain/Content/Pacman_minigame/Sprites-Tiles-Flipbooks/pacman.uasset" 25
"../../../PeterIsTheCaptain/Content/Pacman_minigame/Sprites-Tiles-Flipbooks/pacman_Sprite.uasset" 26
"../../../PeterIsTheCaptain/Content/Pacman_minigame/Sprites-Tiles-Flipbooks/Pacmanasdasf.uasset" 27
"../../../PeterIsTheCaptain/Content/Pacman_minigame/Sprites-Tiles-Flipbooks/pacman_TileSet.uasset" 28
"../../../PeterIsTheCaptain/Content/Sprites/Bin.uasset" 29
"../../../PeterIsTheCaptain/Content/Sprites/BinSprite.uasset" 30
"../../../PeterIsTheCaptain/Content/Sprites/wall-pixilart.uasset" 31
"../../../PeterIsTheCaptain/Content/Sprites/wall-pixilart_TileSet.uasset" 32
"../../../PeterIsTheCaptain/Content/Sprites/Level1.uasset" 33
"../../../PeterIsTheCaptain/Content/Sprites/plant.uasset" 34
"../../../PeterIsTheCaptain/Content/Sprites/plantSprite.uasset" 35
"../../../PeterIsTheCaptain/Content/Sprites/Server.uasset" 36
"../../../Engine/Content/EngineMaterials/DefaultMaterial.uasset" 37
"../../../Engine/Content/BasicShapes/Cone.uasset" 38
"../../../Engine/Content/BasicShapes/Cylinder.uasset" 39
"../../../Engine/Content/BasicShapes/Plane.uasset" 40
"../../../Engine/Content/BasicShapes/Sphere.uasset" 41
"../../../Engine/Content/EditorLandscapeResources/DataLayer.uasset" 42
"../../../Engine/Content/EditorMaterials/GizmoMaterial.uasset" 43
"../../../Engine/Content/EditorMaterials/MAT_Groups_Toggle.uasset" 44
"../../../Engine/Content/EditorMaterials/MAT_Groups_Visibility.uasset" 45
"../../../Engine/Content/EditorMaterials/PreviewShadowIndicator.uasset" 46
"../../../Engine/Content/EditorMaterials/PreviewShadowIndicatorMaterial.uasset" 47
"../../../Engine/Content/EditorMaterials/AssetViewer/EpicQuadPanorama_CC+EV1.uasset" 48
"../../../Engine/Content/EditorMaterials/MatineeGroups/MAT_ColorTrack.uasset" 49
"../../../Engine/Content/EditorMaterials/MatineeGroups/MAT_Groups_Anim.uasset" 50
"../../../Engine/Content/EditorMaterials/MatineeGroups/MAT_Groups_AudioMaster.uasset" 51
"../../../Engine/Content/EditorMaterials/MatineeGroups/MAT_Groups_Director.uasset" 52
"../../../Engine/Content/EditorMaterials/MatineeGroups/MAT_Groups_Event.uasset" 53
"../../../Engine/Content/EditorMaterials/MatineeGroups/MAT_Groups_Fade.uasset" 54
"../../../Engine/Content/EditorMaterials/MatineeGroups/MAT_Groups_Float.uasset" 55
"../../../Engine/Content/EditorMaterials/MatineeGroups/MAT_Groups_Move.uasset" 56
"../../../Engine/Content/EditorMaterials/MatineeGroups/MAT_Groups_Slomo.uasset" 57
"../../../Engine/Content/EditorMaterials/MatineeGroups/MAT_Groups_Sound.uasset" 58
"../../../Engine/Content/EditorMaterials/MatineeGroups/MAT_Groups_Vector.uasset" 59
"../../../Engine/Content/EditorMaterials/ParticleSystems/PSysThumbnail_NoImage.uasset" 60
"../../../Engine/Content/EditorMaterials/ParticleSystems/PSysThumbnail_OOD.uasset" 61
"../../../Engine/Content/EditorMaterials/Camera/CineMat.uasset" 62
"../../../Engine/Content/EditorMaterials/Camera/MI_CineMat_Rig.uasset" 63
"../../../Engine/Content/EditorMeshes/Camera/SM_CraneRig_Arm.uasset" 64
"../../../Engine/Content/EditorMeshes/Camera/SM_CraneRig_Base.uasset" 65
"../../../Engine/Content/EditorMeshes/Camera/SM_CraneRig_Body.uasset" 66
"../../../Engine/Content/EditorMeshes/Camera/SM_CraneRig_Mount.uasset" 67
"../../../Engine/Content/EditorMeshes/Camera/SM_RailRig_Mount.uasset" 68
"../../../Engine/Content/EditorMeshes/Camera/SM_RailRig_Track.uasset" 69
"../../../Engine/Content/EditorMeshes/ColorCalibrator/M_ChromeBall.uasset" 70
"../../../Engine/Content/EditorMeshes/ColorCalibrator/M_ClearCoat.uasset" 71
"../../../Engine/Content/EditorMeshes/ColorCalibrator/M_ClearCoatBlack.uasset" 72
"../../../Engine/Content/EditorMeshes/ColorCalibrator/T_ColorGrid.uasset" 73
"../../../Engine/Content/EditorMeshes/ColorCalibrator/M_ColorGrid.uasset" 74
"../../../Engine/Content/EditorMeshes/ColorCalibrator/M_GreyBall.uasset" 75
"../../../Engine/Content/EditorMeshes/ColorCalibrator/SM_ColorCalibrator.uasset" 76
"../../../Engine/Content/EditorResources/BSPVertex.uasset" 77
"../../../Engine/Content/EditorResources/EmptyActor.uasset" 78
"../../../Engine/Content/EditorResources/S_Actor.uasset" 79
"../../../Engine/Content/EditorResources/S_Trigger.uasset" 80
"../../../Engine/Content/EditorResources/LightIcons/S_LightError.uasset" 81
"../../../Engine/Content/EditorResources/SequenceRecorder/Countdown.uasset" 82
"../../../Engine/Content/EditorResources/SequenceRecorder/RecordingIndicator.uasset" 83
"../../../Engine/Content/EditorSounds/Notifications/CompileFailed.uasset" 84
"../../../Engine/Content/EditorSounds/Notifications/CompileFailed_Cue.uasset" 85
"../../../Engine/Content/EditorSounds/Notifications/CompileSuccess.uasset" 86
"../../../Engine/Content/EditorSounds/Notifications/CompileStart_Cue.uasset" 87
"../../../Engine/Content/EditorSounds/Notifications/CompileSuccess_Cue.uasset" 88
"../../../Engine/Content/EngineDamageTypes/DmgTypeBP_Environmental.uasset" 89
"../../../Engine/Content/EngineDebugMaterials/HeatmapGradient.uasset" 90
"../../../Engine/Content/EngineDebugMaterials/BoneWeightMaterial.uasset" 91
"../../../Engine/Content/EngineDebugMaterials/ClothMaterial.uasset" 92
"../../../Engine/Content/EngineDebugMaterials/DebugMeshMaterial.uasset" 93
"../../../Engine/Content/EngineDebugMaterials/GeomMaterial.uasset" 94
"../../../Engine/Content/EngineFonts/Faces/RobotoBold.uasset" 95
"../../../Engine/Content/EngineFonts/Faces/RobotoBoldItalic.uasset" 96
"../../../Engine/Content/EngineFonts/Faces/RobotoItalic.uasset" 97
"../../../Engine/Content/EngineFonts/Faces/RobotoLight.uasset" 98
"../../../Engine/Content/EngineFonts/Faces/RobotoRegular.uasset" 99
"../../../Engine/Content/EngineFonts/Roboto.uasset" 100
"../../../Engine/Content/EngineFonts/Faces/RobotoTiny.uasset" 101
"../../../Engine/Content/EngineFonts/RobotoTiny.uasset" 102
"../../../Engine/Content/EngineMaterials/DefaultBloomKernel.uasset" 103
"../../../Engine/Content/EngineMaterials/DefaultBokeh.uasset" 104
"../../../Engine/Content/EngineMaterials/DefaultDiffuse.uasset" 105
"../../../Engine/Content/EngineMaterials/DefaultDeferredDecalMaterial.uasset" 106
"../../../Engine/Content/EngineMaterials/DefaultLightFunctionMaterial.uasset" 107
"../../../Engine/Content/EngineMaterials/DefaultPhysicalMaterial.uasset" 108
"../../../Engine/Content/Functions/Engine_MaterialFunctions02/Utility/BreakOutFloat2Components.uasset" 109
"../../../Engine/Content/EngineMaterials/DefaultPostProcessMaterial.uasset" 110
"../../../Engine/Content/EngineFonts/RobotoDistanceField.uasset" 111
"../../../Engine/Content/EngineMaterials/DefaultTextMaterialOpaque.uasset" 112
"../../../Engine/Content/EngineMaterials/DefaultWhiteGrid.uasset" 113
"../../../Engine/Content/EngineMaterials/EditorBrushMaterial.uasset" 114
"../../../Engine/Content/EngineMaterials/Good64x64TilingNoiseHighFreq.uasset" 115
"../../../Engine/Content/EngineMaterials/MiniFont.uasset" 116
"../../../Engine/Content/EngineMaterials/InvalidLightmapSettings.uasset" 117
"../../../Engine/Content/EngineMaterials/M_InvalidLightmapSettings.uasset" 118
"../../../Engine/Content/EngineMaterials/PhAT_JointLimitMaterial.uasset" 119
"../../../Engine/Content/EngineMaterials/PreintegratedSkinBRDF.uasset" 120
"../../../Engine/Content/EngineMaterials/RemoveSurfaceMaterial.uasset" 121
"../../../Engine/Content/EngineMaterials/WeightMapPlaceholderTexture.uasset" 122
"../../../Engine/Content/EngineResources/WhiteSquareTexture.uasset" 123
"../../../Engine/Content/EngineMaterials/Widget3DPassThrough.uasset" 124
"../../../Engine/Content/EngineMaterials/Widget3DPassThrough_Masked.uasset" 125
"../../../Engine/Content/EngineMaterials/Widget3DPassThrough_Opaque.uasset" 126
"../../../Engine/Content/EngineMaterials/Widget3DPassThrough_Masked_OneSided.uasset" 127
"../../../Engine/Content/EngineMaterials/Widget3DPassThrough_Opaque_OneSided.uasset" 128
"../../../Engine/Content/EngineMaterials/Widget3DPassThrough_Translucent.uasset" 129
"../../../Engine/Content/EngineMaterials/Widget3DPassThrough_Translucent_OneSided.uasset" 130
"../../../Engine/Content/EngineMeshes/Cube.uasset" 131
"../../../Engine/Content/EngineMeshes/Cylinder.uasset" 132
"../../../Engine/Content/EngineMeshes/Sphere.uasset" 133
"../../../Engine/Content/EngineResources/Black.uasset" 134
"../../../Engine/Content/EngineResources/DefaultTexture.uasset" 135
"../../../Engine/Content/EngineResources/DefaultTextureCube.uasset" 136
"../../../Engine/Content/EngineResources/GradientTexture0.uasset" 137
"../../../Engine/Content/EngineSounds/Master.uasset" 138
"../../../Engine/Content/Functions/Engine_MaterialFunctions01/Shading/ConvertFromDiffSpec.uasset" 139
"../../../Engine/Content/Functions/Engine_MaterialFunctions01/Shading/PowerToRoughness.uasset" 140
"../../../Engine/Content/Maps/Templates/Thumbnails/Default.uasset" 141
"../../../Engine/Content/Maps/Templates/Thumbnails/VR-Basic.uasset" 142
"../../../Engine/Content/MobileResources/T_MobileControls_texture.uasset" 143
"../../../Engine/Content/MobileResources/T_MobileMenu2.uasset" 144
"../../../Engine/Content/MobileResources/HUD/AnalogHat.uasset" 145
"../../../Engine/Content/MobileResources/HUD/VirtualJoystick_Background.uasset" 146
"../../../Engine/Content/MobileResources/HUD/VirtualJoystick_Thumb.uasset" 147
"../../../Engine/Content/MobileResources/HUD/DefaultVirtualJoysticks.uasset" 148
"../../../Engine/Content/MobileResources/HUD/LeftVirtualJoystickOnly.uasset" 149
"../../../Engine/Content/MobileResources/HUD/MobileHUDButton1_off.uasset" 150
"../../../Engine/Content/MobileResources/HUD/MobileHUDButton1_on.uasset" 151
"../../../Engine/Content/MobileResources/HUD/MobileHUDButton2_off.uasset" 152
"../../../Engine/Content/MobileResources/HUD/MobileHUDButton2_on.uasset" 153
"../../../Engine/Content/MobileResources/HUD/MobileHUDButton3.uasset" 154
"../../../Engine/Content/MobileResources/HUD/MobileHUDButtonFire.uasset" 155
"../../../Engine/Content/MobileResources/HUD/MobileHUDDirectionPad.uasset" 156
"../../../Engine/Content/MobileResources/HUD/MobileHUDDirectionPad2.uasset" 157
"../../../Engine/Content/MobileResources/HUD/MobileHUDDirectionPad3.uasset" 158
"../../../Engine/Content/MobileResources/HUD/MobileHUDDirectionStick.uasset" 159
"../../../Engine/Content/MobileResources/HUD/T_Castle_ThumbstickInner.uasset" 160
"../../../Engine/Content/MobileResources/HUD/T_Castle_ThumbstickOutter.uasset" 161
"../../../Engine/Content/Tutorial/ContentIntroCurve.uasset" 162
"../../../Engine/Content/Tutorial/Basics/TutorialAssets/icon_tab_Levels_40x.uasset" 163
"../../../Engine/Content/Tutorial/BlueprintTutorials/TutorialAssets/BlueprintInterface_64x.uasset" 164
"../../../Engine/Content/Tutorial/BlueprintTutorials/TutorialAssets/BlueprintMacroLibrary_64x.uasset" 165
"../../../Engine/Content/Tutorial/BlueprintTutorials/TutorialAssets/Blueprint_64x.uasset" 166
"../../../Engine/Content/Tutorial/BlueprintTutorials/TutorialAssets/Tutorial_BP_Interface.uasset" 167
"../../../Engine/Content/Tutorial/Foliage/TutorialAssets/Foliage.uasset" 168
"../../../Engine/Content/Tutorial/Landscape/TutorialAssets/Landscape.uasset" 169
"../../../Engine/Content/Tutorial/Paper2D/TutorialAssets/Paper2DFlipbook_TutorialIcon.uasset" 170
"../../../Engine/Content/Tutorial/Paper2D/TutorialAssets/Paper2DSprite_TutorialIcon.uasset" 171
"../../../Engine/Content/Tutorial/SubEditors/TutorialAssets/icon_Editor_Preferences_General_40x.uasset" 172
"../../../Engine/Content/Tutorial/SubEditors/TutorialAssets/icon_ShowSkeletalMeshes_40x.uasset" 173
"../../../Engine/Content/Tutorial/SubEditors/TutorialAssets/TutorialMaterial.uasset" 174
"../../../Engine/Content/Tutorial/SubEditors/TutorialAssets/T_SmokeSubUV_8X8.uasset" 175
"../../../Engine/Content/Tutorial/SubEditors/TutorialAssets/T_soft_smoke.uasset" 176
"../../../Engine/Content/Tutorial/SubEditors/TutorialAssets/M_smoke_subUV_blackbody.uasset" 177
"../../../Engine/Content/Tutorial/SubEditors/TutorialAssets/TutorialParticleSystem.uasset" 178
"../../../Engine/Content/EditorMeshes/EditorCube.uasset" 179
"../../../Engine/Content/Tutorial/SubEditors/TutorialAssets/Tutorial_DM.uasset" 180
"../../../Engine/Content/VREditor/Devices/Generic/GenericHMDMaterial.uasset" 181
"../../../Engine/Content/VREditor/Devices/Generic/GenericHMD.uasset" 182
"../../../Engine/Content/VREditor/FloatingText/LineMaterial.uasset" 183
"../../../Engine/Content/VREditor/FloatingText/JointSphere.uasset" 184
"../../../Engine/Content/VREditor/FloatingText/LineSegmentCylinder.uasset" 185
"../../../Engine/Content/VREditor/Fonts/VRText_RobotoLarge.uasset" 186
"../../../Engine/Content/VREditor/Fonts/VRTextMaterial.uasset" 187
"../../../Engine/Content/VREditor/Fonts/TranslucentVRTextMaterial.uasset" 188
"../../../Engine/Content/VREditor/LaserPointer/VR_LaserPower_01.uasset" 189
"../../../Engine/Content/VREditor/TransformGizmo/TransformGizmoMaterial.uasset" 190
"../../../Engine/Content/VREditor/LaserPointer/HoverMaterial.uasset" 191
"../../../Engine/Content/VREditor/TransformGizmo/TranslucentTransformGizmoMaterial.uasset" 192
"../../../Engine/Content/VREditor/LaserPointer/TranslucentHoverMaterial.uasset" 193
"../../../Engine/Content/VREditor/LaserPointer/HoverMesh.uasset" 194
"../../../Engine/Content/VREditor/LaserPointer/LaserPointerMaterial.uasset" 195
"../../../Engine/Content/VREditor/LaserPointer/LaserPointerMaterialInst.uasset" 196
"../../../Engine/Content/VREditor/LaserPointer/TranslucentLaserPointerMaterialInst.uasset" 197
"../../../Engine/Content/VREditor/LaserPointer/LaserPointerMesh.uasset" 198
"../../../Engine/Content/VREditor/LaserPointer/LaserPointerMesh_End.uasset" 199
"../../../Engine/Content/VREditor/LaserPointer/LaserPointerMesh_Start.uasset" 200
"../../../Engine/Content/Functions/Engine_MaterialFunctions02/Utility/BreakOutFloat3Components.uasset" 201
"../../../Engine/Content/Functions/Engine_MaterialFunctions02/Math/Transform3x3Matrix.uasset" 202
"../../../Engine/Content/Functions/Engine_MaterialFunctions02/SplitComponents.uasset" 203
"../../../Engine/Content/Functions/Engine_MaterialFunctions02/Utility/MakeFloat3.uasset" 204
"../../../Engine/Content/VREditor/SnapGrid/SnapGridMaterial.uasset" 205
"../../../Engine/Content/VREditor/SnapGrid/SnapGridPlaneMesh.uasset" 206
"../../../Engine/Content/VREditor/Sounds/VR_teleport_Cue.uasset" 207
"../../../Engine/Content/VREditor/Sounds/UI/Click_on_Button_Cue.uasset" 208
"../../../Engine/Content/VREditor/Sounds/UI/Dockable_Window_Close.uasset" 209
"../../../Engine/Content/VREditor/Sounds/UI/Dockable_Window_Drop.uasset" 210
"../../../Engine/Content/VREditor/Sounds/UI/Dockable_Window_Open.uasset" 211
"../../../Engine/Content/VREditor/Sounds/UI/Dockable_Window_Pick_Up.uasset" 212
"../../../Engine/Content/VREditor/Sounds/UI/Drop_Item_From_ContentBrowser.uasset" 213
"../../../Engine/Content/VREditor/Sounds/UI/Floating_UI_Open-001.uasset" 214
"../../../Engine/Content/VREditor/Sounds/UI/Gizmo_Handle_Clicked.uasset" 215
"../../../Engine/Content/VREditor/Sounds/UI/Object_PickUp.uasset" 216
"../../../Engine/Content/VREditor/Sounds/UI/Object_Snaps_To_Another_Actor.uasset" 217
"../../../Engine/Content/VREditor/Sounds/UI/Object_Snaps_To_Grid.uasset" 218
"../../../Engine/Content/VREditor/Sounds/UI/Radial_Menu_FadeOut.uasset" 219
"../../../Engine/Content/VREditor/Sounds/UI/Scaling_Down.uasset" 220
"../../../Engine/Content/VREditor/Sounds/UI/Scaling_Up.uasset" 221
"../../../Engine/Content/VREditor/Sounds/UI/Selection_Changes.uasset" 222
"../../../Engine/Content/VREditor/Sounds/UI/Teleport_Mode_Entered.uasset" 223
"../../../Engine/Content/VREditor/Teleport/TeleportDirectionMaterial.uasset" 224
"../../../Engine/Content/VREditor/Teleport/TeleportDirectionMaterial_Inst.uasset" 225
"../../../Engine/Content/VREditor/Teleport/TeleportDirectionMesh.uasset" 226
"../../../Engine/Content/VREditor/TransformGizmo/BoundingBoxCorner.uasset" 227
"../../../Engine/Content/VREditor/TransformGizmo/BoundingBoxEdge.uasset" 228
"../../../Engine/Content/VREditor/TransformGizmo/PlaneTranslationHandle.uasset" 229
"../../../Engine/Content/VREditor/TransformGizmo/RotationHandle.uasset" 230
"../../../Engine/Content/VREditor/TransformGizmo/RotationHandleFull.uasset" 231
"../../../Engine/Content/VREditor/TransformGizmo/RotationHandleIndicator.uasset" 232
"../../../Engine/Content/VREditor/TransformGizmo/RotationHandleQuarter.uasset" 233
"../../../Engine/Content/VREditor/TransformGizmo/Main.uasset" 234
"../../../Engine/Content/VREditor/TransformGizmo/Xray.uasset" 235
"../../../Engine/Content/VREditor/TransformGizmo/SM_Dialog_Close.uasset" 236
"../../../Engine/Content/VREditor/TransformGizmo/SM_Dialog_Move.uasset" 237
"../../../Engine/Content/VREditor/TransformGizmo/SM_Sequencer_Key.uasset" 238
"../../../Engine/Content/VREditor/TransformGizmo/StartRotationHandleIndicator.uasset" 239
"../../../Engine/Content/VREditor/TransformGizmo/TransformGizmoMaterial_Inst.uasset" 240
"../../../Engine/Content/VREditor/TransformGizmo/TranslateArrowHandle.uasset" 241
"../../../Engine/Content/VREditor/TransformGizmo/TranslationHandle.uasset" 242
"../../../Engine/Content/VREditor/TransformGizmo/TranslucentTransformGizmoMaterial_Inst.uasset" 243
"../../../Engine/Content/VREditor/TransformGizmo/UniformScaleHandle.uasset" 244
"../../../Engine/Content/VREditor/UI/KeyDiskMaterial.uasset" 245
"../../../Engine/Content/VREditor/UI/DiscMaterial.uasset" 246
"../../../Engine/Content/VREditor/UI/SM_Radial_Disk.uasset" 247
"../../../Engine/Content/Functions/Engine_MaterialFunctions01/Gradient/RadialGradient.uasset" 248
"../../../Engine/Content/VREditor/WorldMovementGrid/SimpleGrid.uasset" 249
"../../../Engine/Content/VREditor/WorldMovementGrid/GridMaterial.uasset" 250
"../../../Engine/Content/Functions/Engine_MaterialFunctions01/Density/ExponentialDensity.uasset" 251
"../../../Engine/Content/VREditor/WorldMovementGrid/GridPostProcess.uasset" 252
"../../../Engine/Content/EditorLandscapeResources/FlattenHeightMat.uasset" 253
"../../../Engine/Content/VREditor/WorldMovementGrid/PlaneMesh.uasset" 254
"../../../Engine/Plugins/2D/Paper2D/Content/DummySprite.uasset" 255
"../../../Engine/Plugins/2D/Paper2D/Content/DefaultPaperTerrainMaterial.uasset" 256
"../../../Engine/Plugins/2D/Paper2D/Content/MaskedUnlitSpriteMaterial.uasset" 257
"../../../Engine/Plugins/2D/Paper2D/Content/OpaqueUnlitSpriteMaterial.uasset" 258
"../../../Engine/Plugins/Runtime/GearVR/Content/Textures/GearVRController_AO.uasset" 259
"../../../Engine/Plugins/Runtime/GearVR/Content/Textures/GearVRController_Color.uasset" 260
"../../../Engine/Plugins/Runtime/GearVR/Content/Textures/GearVRController_Normal.uasset" 261
"../../../Engine/Plugins/Runtime/GearVR/Content/Materials/GearVRControllerMaterial.uasset" 262
"../../../Engine/Plugins/Runtime/GearVR/Content/Meshes/GearVrController.uasset" 263
"../../../PeterIsTheCaptain/Content/Attempt2AtAI/AI_BRAIN/AI_BB.uasset" 264
"../../../PeterIsTheCaptain/Content/Attempt2AtAI/AI_BRAIN/AI_BT.uasset" 265
"../../../PeterIsTheCaptain/Content/Attempt2AtAI/AI_Character/AIBP.uasset" 266
"../../../PeterIsTheCaptain/Content/Attempt2AtAI/AI_Character/AI_BP.uasset" 267
"../../../PeterIsTheCaptain/Content/Blueprints/Spawn.uasset" 268
"../../../PeterIsTheCaptain/Content/Maps/Map1_BuiltData.uasset" 269
"../../../Engine/Content/EditorMaterials/AntialiasedGridFloor.uasset" 270
"../../../Engine/Content/EditorResources/TilePatine_D.uasset" 271
"../../../Engine/Content/EditorResources/TilePatine_N.uasset" 272
"../../../Engine/Content/EngineMaterials/Grid.uasset" 273
"../../../Engine/Content/EditorMaterials/PersonaFloorMat.uasset" 274
"../../../Engine/Content/MapTemplates/Materials/BasicAsset02.uasset" 275
"../../../Engine/Plugins/2D/Paper2D/Content/PlaceholderTextures/DummySpriteTexture.uasset" 276
"../../../Engine/Plugins/2D/Paper2D/Content/PlaceholderTextures/FlatNormalMap.uasset" 277
"../../../Engine/Plugins/2D/Paper2D/Content/DefaultLitSpriteMaterial.uasset" 278
"../../../Engine/Content/MapTemplates/SM_Template_Map_Floor.uasset" 279
"../../../PeterIsTheCaptain/Content/Sprites/desk.uasset" 280
"../../../PeterIsTheCaptain/Content/Sprites/deskSprite.uasset" 281
"../../../PeterIsTheCaptain/Content/Maps/Map1.umap" 282
"../../../PeterIsTheCaptain/Content/UI/Options.uasset" 283
"../../../PeterIsTheCaptain/Content/UI/MainMenu.uasset" 284
"../../../PeterIsTheCaptain/Content/Levels/MainMenu.umap" 285
"../../../PeterIsTheCaptain/Content/Pacman_minigame/Sprites-Tiles-Flipbooks/32x32.uasset" 286
"../../../PeterIsTheCaptain/Content/Pacman_minigame/Sprites-Tiles-Flipbooks/32x32_Sprite.uasset" 287
"../../../PeterIsTheCaptain/Content/Pacman_minigame/Blueprints/Edibles.uasset" 288
"../../../PeterIsTheCaptain/Content/Pacman_minigame/Sprites-Tiles-Flipbooks/Flipbook/ani_000.uasset" 289
"../../../PeterIsTheCaptain/Content/Pacman_minigame/Sprites-Tiles-Flipbooks/Flipbook/ani_000_Sprite.uasset" 290
"../../../PeterIsTheCaptain/Content/Pacman_minigame/Sprites-Tiles-Flipbooks/Flipbook/ani_001.uasset" 291
"../../../PeterIsTheCaptain/Content/Pacman_minigame/Sprites-Tiles-Flipbooks/Flipbook/ani_001_Sprite.uasset" 292
"../../../PeterIsTheCaptain/Content/Pacman_minigame/Sprites-Tiles-Flipbooks/Flipbook/ani_002.uasset" 293
"../../../PeterIsTheCaptain/Content/Pacman_minigame/Sprites-Tiles-Flipbooks/Flipbook/ani_002_Sprite.uasset" 294
"../../../PeterIsTheCaptain/Content/Pacman_minigame/Sprites-Tiles-Flipbooks/Flipbook/ani_003.uasset" 295
"../../../PeterIsTheCaptain/Content/Pacman_minigame/Sprites-Tiles-Flipbooks/Flipbook/ani_003_Sprite.uasset" 296
"../../../PeterIsTheCaptain/Content/Pacman_minigame/Sprites-Tiles-Flipbooks/Flipbook/ani_004.uasset" 297
"../../../PeterIsTheCaptain/Content/Pacman_minigame/Sprites-Tiles-Flipbooks/Flipbook/ani_004_Sprite.uasset" 298
"../../../PeterIsTheCaptain/Content/Pacman_minigame/Sprites-Tiles-Flipbooks/Flipbook/ani_005.uasset" 299
"../../../PeterIsTheCaptain/Content/Pacman_minigame/Sprites-Tiles-Flipbooks/Flipbook/ani_005_Sprite.uasset" 300
"../../../PeterIsTheCaptain/Content/Pacman_minigame/Sprites-Tiles-Flipbooks/Flipbook/ani_006.uasset" 301
"../../../PeterIsTheCaptain/Content/Pacman_minigame/Sprites-Tiles-Flipbooks/Flipbook/ani_006_Sprite.uasset" 302
"../../../PeterIsTheCaptain/Content/Pacman_minigame/Sprites-Tiles-Flipbooks/Flipbook/Virus_flipbook.uasset" 303
"../../../PeterIsTheCaptain/Content/Pacman_minigame/Blueprints/Pacman-character_minigame.uasset" 304
"../../../PeterIsTheCaptain/Content/Pacman_minigame/Blueprints/Spawner.uasset" 305
"../../../PeterIsTheCaptain/Content/Pacman_minigame/Sprites-Tiles-Flipbooks/black.uasset" 306
"../../../PeterIsTheCaptain/Content/Pacman_minigame/Sprites-Tiles-Flipbooks/black_TileSet.uasset" 307
"../../../PeterIsTheCaptain/Content/Pacman_minigame/Sprites-Tiles-Flipbooks/orange-pixilart_TileSet.uasset" 308
"../../../PeterIsTheCaptain/Content/Pacman_minigame/Sprites-Tiles-Flipbooks/wall-pixilart.uasset" 309
"../../../PeterIsTheCaptain/Content/Pacman_minigame/Sprites-Tiles-Flipbooks/wall-pixilart_TileSet.uasset" 310
"../../../PeterIsTheCaptain/Content/Pacman_minigame/Sprites-Tiles-Flipbooks/Pacman_tilemap.uasset" 311
"../../../PeterIsTheCaptain/Content/Levels/Pacman_minigame.umap" 312
"../../../Engine/Content/EditorBlueprintResources/StandardMacros.uasset" 313
"../../../PeterIsTheCaptain/Content/UI/PauseMenu.uasset" 314
"../../../PeterIsTheCaptain/Content/Blueprints/CharacterGuy.uasset" 315
"../../../Engine/Content/EngineSky/C_Sky_Cloud_Color.uasset" 316
"../../../Engine/Content/EngineSky/C_Sky_Horizon_Color.uasset" 317
"../../../Engine/Content/EngineSky/C_Sky_Zenith_Color.uasset" 318
"../../../Engine/Content/EngineSky/T_Sky_Blue.uasset" 319
"../../../Engine/Content/EngineSky/T_Sky_Clouds_M.uasset" 320
"../../../Engine/Content/EngineSky/T_Sky_Stars.uasset" 321
"../../../Engine/Content/EngineSky/M_Sky_Panning_Clouds2.uasset" 322
"../../../Engine/Content/EngineSky/SM_SkySphere.uasset" 323
"../../../Engine/Content/EngineSky/BP_Sky_Sphere.uasset" 324
"../../../PeterIsTheCaptain/Content/Levels/World.umap" 325
"../../../Engine/Content/Maps/Entry.umap" 326
